[WORKER] 2025/07/01 14:59:14 Registrazione avvenuta con successo (mapper - dc280cb9bdff:9001)
[WORKER] 2025/07/01 14:59:14 Worker in ascolto su dc280cb9bdff:9001
[WORKER] 2025/07/01 14:59:16 Mapper ha ricevuto il chunk: [22 11 49 3 1 24 38 43 45 33 5 29 22 43 32 11 42 22 3 50]
[WORKER] 2025/07/01 14:59:21 Chunk ordinato: [1 3 3 5 11 11 22 22 22 24 29 32 33 38 42 43 43 45 49 50]
[WORKER] 2025/07/01 14:59:21 Mapper ha scritto i risultati in: output/temp_dc280cb9bdff.txt
[WORKER] 2025/07/01 14:59:21 Numero 1 --> 740ed4c16919:9001 (range 1-15)
[WORKER] 2025/07/01 14:59:21 Numero 3 --> 740ed4c16919:9001 (range 1-15)
[WORKER] 2025/07/01 14:59:21 Numero 3 --> 740ed4c16919:9001 (range 1-15)
[WORKER] 2025/07/01 14:59:21 Numero 5 --> 740ed4c16919:9001 (range 1-15)
[WORKER] 2025/07/01 14:59:21 Numero 11 --> 740ed4c16919:9001 (range 1-15)
[WORKER] 2025/07/01 14:59:21 Numero 11 --> 740ed4c16919:9001 (range 1-15)
[WORKER] 2025/07/01 14:59:21 Numero 22 --> e8cada55e963:9001 (range 15-28)
[WORKER] 2025/07/01 14:59:21 Numero 22 --> e8cada55e963:9001 (range 15-28)
[WORKER] 2025/07/01 14:59:21 Numero 22 --> e8cada55e963:9001 (range 15-28)
[WORKER] 2025/07/01 14:59:21 Numero 24 --> e8cada55e963:9001 (range 15-28)
[WORKER] 2025/07/01 14:59:21 Numero 29 --> aa3bb7eb0d35:9001 (range 28-30)
[WORKER] 2025/07/01 14:59:21 Numero 32 --> 1210c99e6c6c:9001 (range 30-35)
[WORKER] 2025/07/01 14:59:21 Numero 33 --> 1210c99e6c6c:9001 (range 30-35)
[WORKER] 2025/07/01 14:59:21 Numero 38 --> 180615e3e2c4:9001 (range 35-51)
[WORKER] 2025/07/01 14:59:21 Numero 42 --> 180615e3e2c4:9001 (range 35-51)
[WORKER] 2025/07/01 14:59:21 Numero 43 --> 180615e3e2c4:9001 (range 35-51)
[WORKER] 2025/07/01 14:59:21 Numero 43 --> 180615e3e2c4:9001 (range 35-51)
[WORKER] 2025/07/01 14:59:21 Numero 45 --> 180615e3e2c4:9001 (range 35-51)
[WORKER] 2025/07/01 14:59:21 Numero 49 --> 180615e3e2c4:9001 (range 35-51)
[WORKER] 2025/07/01 14:59:21 Numero 50 --> 180615e3e2c4:9001 (range 35-51)
[WORKER] 2025/07/01 14:59:21 Invio il sotto-chunk [32 33] al reducer 1210c99e6c6c:9001 (con fallback)
[WORKER] 2025/07/01 14:59:21 Chunk inviato con successo a 1210c99e6c6c:9001 (primario 1210c99e6c6c:9001)
[WORKER] 2025/07/01 14:59:21 Invio il sotto-chunk [38 42 43 43 45 49 50] al reducer 180615e3e2c4:9001 (con fallback)
[WORKER] 2025/07/01 14:59:21 Chunk inviato con successo a 180615e3e2c4:9001 (primario 180615e3e2c4:9001)
[WORKER] 2025/07/01 14:59:21 Invio il sotto-chunk [1 3 3 5 11 11] al reducer 740ed4c16919:9001 (con fallback)
[WORKER] 2025/07/01 14:59:21 Chunk inviato con successo a 740ed4c16919:9001 (primario 740ed4c16919:9001)
[WORKER] 2025/07/01 14:59:21 Invio il sotto-chunk [22 22 22 24] al reducer e8cada55e963:9001 (con fallback)
[WORKER] 2025/07/01 14:59:21 Chunk inviato con successo a e8cada55e963:9001 (primario e8cada55e963:9001)
[WORKER] 2025/07/01 14:59:21 Invio il sotto-chunk [29] al reducer aa3bb7eb0d35:9001 (con fallback)
[WORKER] 2025/07/01 14:59:21 Chunk inviato con successo a aa3bb7eb0d35:9001 (primario aa3bb7eb0d35:9001)
