[WORKER] 2025/07/08 16:38:47 Registrazione avvenuta con successo (mapper - 8f00aae88730:9001)
[WORKER] 2025/07/08 16:38:47 Worker in ascolto su 8f00aae88730:9001
[WORKER] 2025/07/08 16:39:07 Mapper ha ricevuto il chunk: [4 23 23 23 25 26 28 32 34 36 43 13 41 17 5 9 17 24 16 27 7 26 9 44 13 30 49 31 9 10 36 31 31 36]
[WORKER] 2025/07/08 16:39:12 Chunk ordinato: [4 5 7 9 9 9 10 13 13 16 17 17 23 23 23 24 25 26 26 27 28 30 31 31 31 32 34 36 36 36 41 43 44 49]
[WORKER] 2025/07/08 16:39:12 Mapper ha scritto i risultati in: output/temp_8f00aae88730.txt
[WORKER] 2025/07/08 16:39:12 Numero 4 --> 7257aaa25a7d:9001 (range 1-23)
[WORKER] 2025/07/08 16:39:12 Numero 5 --> 7257aaa25a7d:9001 (range 1-23)
[WORKER] 2025/07/08 16:39:12 Numero 7 --> 7257aaa25a7d:9001 (range 1-23)
[WORKER] 2025/07/08 16:39:12 Numero 9 --> 7257aaa25a7d:9001 (range 1-23)
[WORKER] 2025/07/08 16:39:12 Numero 9 --> 7257aaa25a7d:9001 (range 1-23)
[WORKER] 2025/07/08 16:39:12 Numero 9 --> 7257aaa25a7d:9001 (range 1-23)
[WORKER] 2025/07/08 16:39:12 Numero 10 --> 7257aaa25a7d:9001 (range 1-23)
[WORKER] 2025/07/08 16:39:12 Numero 13 --> 7257aaa25a7d:9001 (range 1-23)
[WORKER] 2025/07/08 16:39:12 Numero 13 --> 7257aaa25a7d:9001 (range 1-23)
[WORKER] 2025/07/08 16:39:12 Numero 16 --> 7257aaa25a7d:9001 (range 1-23)
[WORKER] 2025/07/08 16:39:12 Numero 17 --> 7257aaa25a7d:9001 (range 1-23)
[WORKER] 2025/07/08 16:39:12 Numero 17 --> 7257aaa25a7d:9001 (range 1-23)
[WORKER] 2025/07/08 16:39:12 Numero 23 --> f60a9e299547:9001 (range 23-28)
[WORKER] 2025/07/08 16:39:12 Numero 23 --> f60a9e299547:9001 (range 23-28)
[WORKER] 2025/07/08 16:39:12 Numero 23 --> f60a9e299547:9001 (range 23-28)
[WORKER] 2025/07/08 16:39:12 Numero 24 --> f60a9e299547:9001 (range 23-28)
[WORKER] 2025/07/08 16:39:12 Numero 25 --> f60a9e299547:9001 (range 23-28)
[WORKER] 2025/07/08 16:39:12 Numero 26 --> f60a9e299547:9001 (range 23-28)
[WORKER] 2025/07/08 16:39:12 Numero 26 --> f60a9e299547:9001 (range 23-28)
[WORKER] 2025/07/08 16:39:12 Numero 27 --> f60a9e299547:9001 (range 23-28)
[WORKER] 2025/07/08 16:39:12 Numero 28 --> 59c5008ba88d:9001 (range 28-51)
[WORKER] 2025/07/08 16:39:12 Numero 30 --> 59c5008ba88d:9001 (range 28-51)
[WORKER] 2025/07/08 16:39:12 Numero 31 --> 59c5008ba88d:9001 (range 28-51)
[WORKER] 2025/07/08 16:39:12 Numero 31 --> 59c5008ba88d:9001 (range 28-51)
[WORKER] 2025/07/08 16:39:12 Numero 31 --> 59c5008ba88d:9001 (range 28-51)
[WORKER] 2025/07/08 16:39:12 Numero 32 --> 59c5008ba88d:9001 (range 28-51)
[WORKER] 2025/07/08 16:39:12 Numero 34 --> 59c5008ba88d:9001 (range 28-51)
[WORKER] 2025/07/08 16:39:12 Numero 36 --> 59c5008ba88d:9001 (range 28-51)
[WORKER] 2025/07/08 16:39:12 Numero 36 --> 59c5008ba88d:9001 (range 28-51)
[WORKER] 2025/07/08 16:39:12 Numero 36 --> 59c5008ba88d:9001 (range 28-51)
[WORKER] 2025/07/08 16:39:12 Numero 41 --> 59c5008ba88d:9001 (range 28-51)
[WORKER] 2025/07/08 16:39:12 Numero 43 --> 59c5008ba88d:9001 (range 28-51)
[WORKER] 2025/07/08 16:39:12 Numero 44 --> 59c5008ba88d:9001 (range 28-51)
[WORKER] 2025/07/08 16:39:12 Numero 49 --> 59c5008ba88d:9001 (range 28-51)
[WORKER] 2025/07/08 16:39:12 Invio il sotto-chunk [4 5 7 9 9 9 10 13 13 16 17 17] al reducer 7257aaa25a7d:9001 (con fallback)
[WORKER] 2025/07/08 16:39:12 Chunk inviato con successo a 7257aaa25a7d:9001 (primario 7257aaa25a7d:9001)
[WORKER] 2025/07/08 16:39:12 Invio il sotto-chunk [23 23 23 24 25 26 26 27] al reducer f60a9e299547:9001 (con fallback)
[WORKER] 2025/07/08 16:39:12 Chunk inviato con successo a f60a9e299547:9001 (primario f60a9e299547:9001)
[WORKER] 2025/07/08 16:39:12 Invio il sotto-chunk [28 30 31 31 31 32 34 36 36 36 41 43 44 49] al reducer 59c5008ba88d:9001 (con fallback)
[WORKER] 2025/07/08 16:39:12 Chunk inviato con successo a 59c5008ba88d:9001 (primario 59c5008ba88d:9001)
