[WORKER] 2025/07/08 15:07:39 Registrazione avvenuta con successo (mapper - 68d1be76754a:9001)
[WORKER] 2025/07/08 15:07:39 Worker in ascolto su 68d1be76754a:9001
[WORKER] 2025/07/08 15:07:58 Mapper ha ricevuto il chunk: [11 43 36 40 16 6 24 29 15 47 17 33 49 49 38 2 48 49 39 11 41 4 15 8 1 39 22 39 43 13 10 30]
[WORKER] 2025/07/08 15:08:03 Chunk ordinato: [1 2 4 6 8 10 11 11 13 15 15 16 17 22 24 29 30 33 36 38 39 39 39 40 41 43 43 47 48 49 49 49]
[WORKER] 2025/07/08 15:08:03 Mapper ha scritto i risultati in: output/temp_68d1be76754a.txt
[WORKER] 2025/07/08 15:08:03 Numero 1 --> e0c25a5269f3:9001 (range 1-19)
[WORKER] 2025/07/08 15:08:03 Numero 2 --> e0c25a5269f3:9001 (range 1-19)
[WORKER] 2025/07/08 15:08:03 Numero 4 --> e0c25a5269f3:9001 (range 1-19)
[WORKER] 2025/07/08 15:08:03 Numero 6 --> e0c25a5269f3:9001 (range 1-19)
[WORKER] 2025/07/08 15:08:03 Numero 8 --> e0c25a5269f3:9001 (range 1-19)
[WORKER] 2025/07/08 15:08:03 Numero 10 --> e0c25a5269f3:9001 (range 1-19)
[WORKER] 2025/07/08 15:08:03 Numero 11 --> e0c25a5269f3:9001 (range 1-19)
[WORKER] 2025/07/08 15:08:03 Numero 11 --> e0c25a5269f3:9001 (range 1-19)
[WORKER] 2025/07/08 15:08:03 Numero 13 --> e0c25a5269f3:9001 (range 1-19)
[WORKER] 2025/07/08 15:08:03 Numero 15 --> e0c25a5269f3:9001 (range 1-19)
[WORKER] 2025/07/08 15:08:03 Numero 15 --> e0c25a5269f3:9001 (range 1-19)
[WORKER] 2025/07/08 15:08:03 Numero 16 --> e0c25a5269f3:9001 (range 1-19)
[WORKER] 2025/07/08 15:08:03 Numero 17 --> e0c25a5269f3:9001 (range 1-19)
[WORKER] 2025/07/08 15:08:03 Numero 22 --> 160e642ab35d:9001 (range 19-35)
[WORKER] 2025/07/08 15:08:03 Numero 24 --> 160e642ab35d:9001 (range 19-35)
[WORKER] 2025/07/08 15:08:03 Numero 29 --> 160e642ab35d:9001 (range 19-35)
[WORKER] 2025/07/08 15:08:03 Numero 30 --> 160e642ab35d:9001 (range 19-35)
[WORKER] 2025/07/08 15:08:03 Numero 33 --> 160e642ab35d:9001 (range 19-35)
[WORKER] 2025/07/08 15:08:03 Numero 36 --> ab64e2e76f82:9001 (range 35-51)
[WORKER] 2025/07/08 15:08:03 Numero 38 --> ab64e2e76f82:9001 (range 35-51)
[WORKER] 2025/07/08 15:08:03 Numero 39 --> ab64e2e76f82:9001 (range 35-51)
[WORKER] 2025/07/08 15:08:03 Numero 39 --> ab64e2e76f82:9001 (range 35-51)
[WORKER] 2025/07/08 15:08:03 Numero 39 --> ab64e2e76f82:9001 (range 35-51)
[WORKER] 2025/07/08 15:08:03 Numero 40 --> ab64e2e76f82:9001 (range 35-51)
[WORKER] 2025/07/08 15:08:03 Numero 41 --> ab64e2e76f82:9001 (range 35-51)
[WORKER] 2025/07/08 15:08:03 Numero 43 --> ab64e2e76f82:9001 (range 35-51)
[WORKER] 2025/07/08 15:08:03 Numero 43 --> ab64e2e76f82:9001 (range 35-51)
[WORKER] 2025/07/08 15:08:03 Numero 47 --> ab64e2e76f82:9001 (range 35-51)
[WORKER] 2025/07/08 15:08:03 Numero 48 --> ab64e2e76f82:9001 (range 35-51)
[WORKER] 2025/07/08 15:08:03 Numero 49 --> ab64e2e76f82:9001 (range 35-51)
[WORKER] 2025/07/08 15:08:03 Numero 49 --> ab64e2e76f82:9001 (range 35-51)
[WORKER] 2025/07/08 15:08:03 Numero 49 --> ab64e2e76f82:9001 (range 35-51)
[WORKER] 2025/07/08 15:08:03 Invio il sotto-chunk [1 2 4 6 8 10 11 11 13 15 15 16 17] al reducer e0c25a5269f3:9001 (con fallback)
[WORKER] 2025/07/08 15:08:03 Chunk inviato con successo a e0c25a5269f3:9001 (primario e0c25a5269f3:9001)
[WORKER] 2025/07/08 15:08:03 Invio il sotto-chunk [22 24 29 30 33] al reducer 160e642ab35d:9001 (con fallback)
[WORKER] 2025/07/08 15:08:03 Chunk inviato con successo a 160e642ab35d:9001 (primario 160e642ab35d:9001)
[WORKER] 2025/07/08 15:08:03 Invio il sotto-chunk [36 38 39 39 39 40 41 43 43 47 48 49 49 49] al reducer ab64e2e76f82:9001 (con fallback)
[WORKER] 2025/07/08 15:08:03 Chunk inviato con successo a ab64e2e76f82:9001 (primario ab64e2e76f82:9001)
