[WORKER] 2025/07/01 14:20:25 Registrazione avvenuta con successo (mapper - 17d2dd4836f7:9001)
[WORKER] 2025/07/01 14:20:25 Worker in ascolto su 17d2dd4836f7:9001
[WORKER] 2025/07/01 14:20:25 Mapper ha ricevuto il chunk: [20 20 22 36 37 39 40 44 46 47 23 37 30 47 1 34 38 35 7 10 9 2 17 10 3 31 39 44 12 4 18 48 31 36]
[WORKER] 2025/07/01 14:20:30 Chunk ordinato: [1 2 3 4 7 9 10 10 12 17 18 20 20 22 23 30 31 31 34 35 36 36 37 37 38 39 39 40 44 44 46 47 47 48]
[WORKER] 2025/07/01 14:20:30 Mapper ha scritto i risultati in: output/temp_17d2dd4836f7.txt
[WORKER] 2025/07/01 14:20:30 Numero 1 --> a37d88f4d24b:9001 (range 1-20)
[WORKER] 2025/07/01 14:20:30 Numero 2 --> a37d88f4d24b:9001 (range 1-20)
[WORKER] 2025/07/01 14:20:30 Numero 3 --> a37d88f4d24b:9001 (range 1-20)
[WORKER] 2025/07/01 14:20:30 Numero 4 --> a37d88f4d24b:9001 (range 1-20)
[WORKER] 2025/07/01 14:20:30 Numero 7 --> a37d88f4d24b:9001 (range 1-20)
[WORKER] 2025/07/01 14:20:30 Numero 9 --> a37d88f4d24b:9001 (range 1-20)
[WORKER] 2025/07/01 14:20:30 Numero 10 --> a37d88f4d24b:9001 (range 1-20)
[WORKER] 2025/07/01 14:20:30 Numero 10 --> a37d88f4d24b:9001 (range 1-20)
[WORKER] 2025/07/01 14:20:30 Numero 12 --> a37d88f4d24b:9001 (range 1-20)
[WORKER] 2025/07/01 14:20:30 Numero 17 --> a37d88f4d24b:9001 (range 1-20)
[WORKER] 2025/07/01 14:20:30 Numero 18 --> a37d88f4d24b:9001 (range 1-20)
[WORKER] 2025/07/01 14:20:30 Numero 20 --> 617b5384c891:9001 (range 20-36)
[WORKER] 2025/07/01 14:20:30 Numero 20 --> 617b5384c891:9001 (range 20-36)
[WORKER] 2025/07/01 14:20:30 Numero 22 --> 617b5384c891:9001 (range 20-36)
[WORKER] 2025/07/01 14:20:30 Numero 23 --> 617b5384c891:9001 (range 20-36)
[WORKER] 2025/07/01 14:20:30 Numero 30 --> 617b5384c891:9001 (range 20-36)
[WORKER] 2025/07/01 14:20:30 Numero 31 --> 617b5384c891:9001 (range 20-36)
[WORKER] 2025/07/01 14:20:30 Numero 31 --> 617b5384c891:9001 (range 20-36)
[WORKER] 2025/07/01 14:20:30 Numero 34 --> 617b5384c891:9001 (range 20-36)
[WORKER] 2025/07/01 14:20:30 Numero 35 --> 617b5384c891:9001 (range 20-36)
[WORKER] 2025/07/01 14:20:30 Numero 36 --> 04796c383732:9001 (range 36-51)
[WORKER] 2025/07/01 14:20:30 Numero 36 --> 04796c383732:9001 (range 36-51)
[WORKER] 2025/07/01 14:20:30 Numero 37 --> 04796c383732:9001 (range 36-51)
[WORKER] 2025/07/01 14:20:30 Numero 37 --> 04796c383732:9001 (range 36-51)
[WORKER] 2025/07/01 14:20:30 Numero 38 --> 04796c383732:9001 (range 36-51)
[WORKER] 2025/07/01 14:20:30 Numero 39 --> 04796c383732:9001 (range 36-51)
[WORKER] 2025/07/01 14:20:30 Numero 39 --> 04796c383732:9001 (range 36-51)
[WORKER] 2025/07/01 14:20:30 Numero 40 --> 04796c383732:9001 (range 36-51)
[WORKER] 2025/07/01 14:20:30 Numero 44 --> 04796c383732:9001 (range 36-51)
[WORKER] 2025/07/01 14:20:30 Numero 44 --> 04796c383732:9001 (range 36-51)
[WORKER] 2025/07/01 14:20:30 Numero 46 --> 04796c383732:9001 (range 36-51)
[WORKER] 2025/07/01 14:20:30 Numero 47 --> 04796c383732:9001 (range 36-51)
[WORKER] 2025/07/01 14:20:30 Numero 47 --> 04796c383732:9001 (range 36-51)
[WORKER] 2025/07/01 14:20:30 Numero 48 --> 04796c383732:9001 (range 36-51)
[WORKER] 2025/07/01 14:20:30 Invio il sotto-chunk [1 2 3 4 7 9 10 10 12 17 18] al reducer a37d88f4d24b:9001 (con fallback)
[WORKER] 2025/07/01 14:20:30 Chunk inviato con successo a a37d88f4d24b:9001 (primario a37d88f4d24b:9001)
[WORKER] 2025/07/01 14:20:30 Invio il sotto-chunk [20 20 22 23 30 31 31 34 35] al reducer 617b5384c891:9001 (con fallback)
[WORKER] 2025/07/01 14:20:30 Chunk inviato con successo a 617b5384c891:9001 (primario 617b5384c891:9001)
[WORKER] 2025/07/01 14:20:30 Invio il sotto-chunk [36 36 37 37 38 39 39 40 44 44 46 47 47 48] al reducer 04796c383732:9001 (con fallback)
[WORKER] 2025/07/01 14:20:30 Chunk inviato con successo a 04796c383732:9001 (primario 04796c383732:9001)
