[WORKER] 2025/07/08 15:07:40 Registrazione avvenuta con successo (mapper - 781b9c5fddf6:9001)
[WORKER] 2025/07/08 15:07:40 Worker in ascolto su 781b9c5fddf6:9001
[WORKER] 2025/07/08 15:07:58 Mapper ha ricevuto il chunk: [6 8 8 19 24 31 35 37 41 47 19 11 19 47 2 5 23 27 49 25 50 39 14 10 48 14 40 14 31 36 28 20 13 47]
[WORKER] 2025/07/08 15:08:03 Chunk ordinato: [2 5 6 8 8 10 11 13 14 14 14 19 19 19 20 23 24 25 27 28 31 31 35 36 37 39 40 41 47 47 47 48 49 50]
[WORKER] 2025/07/08 15:08:03 Mapper ha scritto i risultati in: output/temp_781b9c5fddf6.txt
[WORKER] 2025/07/08 15:08:03 Numero 2 --> e0c25a5269f3:9001 (range 1-19)
[WORKER] 2025/07/08 15:08:03 Numero 5 --> e0c25a5269f3:9001 (range 1-19)
[WORKER] 2025/07/08 15:08:03 Numero 6 --> e0c25a5269f3:9001 (range 1-19)
[WORKER] 2025/07/08 15:08:03 Numero 8 --> e0c25a5269f3:9001 (range 1-19)
[WORKER] 2025/07/08 15:08:03 Numero 8 --> e0c25a5269f3:9001 (range 1-19)
[WORKER] 2025/07/08 15:08:03 Numero 10 --> e0c25a5269f3:9001 (range 1-19)
[WORKER] 2025/07/08 15:08:03 Numero 11 --> e0c25a5269f3:9001 (range 1-19)
[WORKER] 2025/07/08 15:08:03 Numero 13 --> e0c25a5269f3:9001 (range 1-19)
[WORKER] 2025/07/08 15:08:03 Numero 14 --> e0c25a5269f3:9001 (range 1-19)
[WORKER] 2025/07/08 15:08:03 Numero 14 --> e0c25a5269f3:9001 (range 1-19)
[WORKER] 2025/07/08 15:08:03 Numero 14 --> e0c25a5269f3:9001 (range 1-19)
[WORKER] 2025/07/08 15:08:03 Numero 19 --> 160e642ab35d:9001 (range 19-35)
[WORKER] 2025/07/08 15:08:03 Numero 19 --> 160e642ab35d:9001 (range 19-35)
[WORKER] 2025/07/08 15:08:03 Numero 19 --> 160e642ab35d:9001 (range 19-35)
[WORKER] 2025/07/08 15:08:03 Numero 20 --> 160e642ab35d:9001 (range 19-35)
[WORKER] 2025/07/08 15:08:03 Numero 23 --> 160e642ab35d:9001 (range 19-35)
[WORKER] 2025/07/08 15:08:03 Numero 24 --> 160e642ab35d:9001 (range 19-35)
[WORKER] 2025/07/08 15:08:03 Numero 25 --> 160e642ab35d:9001 (range 19-35)
[WORKER] 2025/07/08 15:08:03 Numero 27 --> 160e642ab35d:9001 (range 19-35)
[WORKER] 2025/07/08 15:08:03 Numero 28 --> 160e642ab35d:9001 (range 19-35)
[WORKER] 2025/07/08 15:08:03 Numero 31 --> 160e642ab35d:9001 (range 19-35)
[WORKER] 2025/07/08 15:08:03 Numero 31 --> 160e642ab35d:9001 (range 19-35)
[WORKER] 2025/07/08 15:08:03 Numero 35 --> ab64e2e76f82:9001 (range 35-51)
[WORKER] 2025/07/08 15:08:03 Numero 36 --> ab64e2e76f82:9001 (range 35-51)
[WORKER] 2025/07/08 15:08:03 Numero 37 --> ab64e2e76f82:9001 (range 35-51)
[WORKER] 2025/07/08 15:08:03 Numero 39 --> ab64e2e76f82:9001 (range 35-51)
[WORKER] 2025/07/08 15:08:03 Numero 40 --> ab64e2e76f82:9001 (range 35-51)
[WORKER] 2025/07/08 15:08:03 Numero 41 --> ab64e2e76f82:9001 (range 35-51)
[WORKER] 2025/07/08 15:08:03 Numero 47 --> ab64e2e76f82:9001 (range 35-51)
[WORKER] 2025/07/08 15:08:03 Numero 47 --> ab64e2e76f82:9001 (range 35-51)
[WORKER] 2025/07/08 15:08:03 Numero 47 --> ab64e2e76f82:9001 (range 35-51)
[WORKER] 2025/07/08 15:08:03 Numero 48 --> ab64e2e76f82:9001 (range 35-51)
[WORKER] 2025/07/08 15:08:03 Numero 49 --> ab64e2e76f82:9001 (range 35-51)
[WORKER] 2025/07/08 15:08:03 Numero 50 --> ab64e2e76f82:9001 (range 35-51)
[WORKER] 2025/07/08 15:08:03 Invio il sotto-chunk [2 5 6 8 8 10 11 13 14 14 14] al reducer e0c25a5269f3:9001 (con fallback)
[WORKER] 2025/07/08 15:08:03 Chunk inviato con successo a e0c25a5269f3:9001 (primario e0c25a5269f3:9001)
[WORKER] 2025/07/08 15:08:03 Invio il sotto-chunk [19 19 19 20 23 24 25 27 28 31 31] al reducer 160e642ab35d:9001 (con fallback)
[WORKER] 2025/07/08 15:08:03 Chunk inviato con successo a 160e642ab35d:9001 (primario 160e642ab35d:9001)
[WORKER] 2025/07/08 15:08:03 Invio il sotto-chunk [35 36 37 39 40 41 47 47 47 48 49 50] al reducer ab64e2e76f82:9001 (con fallback)
[WORKER] 2025/07/08 15:08:03 Chunk inviato con successo a ab64e2e76f82:9001 (primario ab64e2e76f82:9001)
