[WORKER] 2025/06/26 15:39:41 Worker in ascolto su mapper2:9002
[WORKER] 2025/06/26 15:39:41 Mapper ha ricevuto il chunk: [26 28 42 7 41 7 22 23 24 8 46 33 32 32 44 9 7 48 7 37 18 37 19 2 38]
[WORKER] 2025/06/26 15:39:46 Chunk ordinato: [2 7 7 7 7 8 9 18 19 22 23 24 26 28 32 32 33 37 37 38 41 42 44 46 48]
[WORKER] 2025/06/26 15:39:46 Invio il sotto-chunk [2] al reducer reducer5:9005 (con fallback)
[WORKER] 2025/06/26 15:39:46 Chunk inviato con successo a reducer5:9005 (primario reducer5:9005)
[WORKER] 2025/06/26 15:39:46 Invio il sotto-chunk [7 7 7 7 8 9] al reducer reducer6:9006 (con fallback)
[WORKER] 2025/06/26 15:39:46 Chunk inviato con successo a reducer6:9006 (primario reducer6:9006)
[WORKER] 2025/06/26 15:39:46 Invio il sotto-chunk [18 19 22 23 24] al reducer reducer7:9007 (con fallback)
[WORKER] 2025/06/26 15:39:46 Chunk inviato con successo a reducer7:9007 (primario reducer7:9007)
[WORKER] 2025/06/26 15:39:46 Invio il sotto-chunk [26 28 32 32 33 37 37 38 41 42 44 46 48] al reducer reducer8:9008 (con fallback)
[WORKER] 2025/06/26 15:39:46 Chunk inviato con successo a reducer8:9008 (primario reducer8:9008)
[WORKER] 2025/06/26 15:55:13 Worker in ascolto su mapper2:9002
[WORKER] 2025/06/26 15:55:14 Mapper ha ricevuto il chunk: [7 20 25 25 26 39 40 40 44 48 8 45 47 38 42 5 8 37 26 42 39 48 22 16 44]
[WORKER] 2025/06/26 15:55:19 Chunk ordinato: [5 7 8 8 16 20 22 25 25 26 26 37 38 39 39 40 40 42 42 44 44 45 47 48 48]
[WORKER] 2025/06/26 15:55:19 Numero 5 --> reducer5:9005 (range 1-7)
[WORKER] 2025/06/26 15:55:19 Numero 7 --> reducer6:9006 (range 7-25)
[WORKER] 2025/06/26 15:55:19 Numero 8 --> reducer6:9006 (range 7-25)
[WORKER] 2025/06/26 15:55:19 Numero 8 --> reducer6:9006 (range 7-25)
[WORKER] 2025/06/26 15:55:19 Numero 16 --> reducer6:9006 (range 7-25)
[WORKER] 2025/06/26 15:55:19 Numero 20 --> reducer6:9006 (range 7-25)
[WORKER] 2025/06/26 15:55:19 Numero 22 --> reducer6:9006 (range 7-25)
[WORKER] 2025/06/26 15:55:19 Numero 25 --> reducer7:9007 (range 25-26)
[WORKER] 2025/06/26 15:55:19 Numero 25 --> reducer7:9007 (range 25-26)
[WORKER] 2025/06/26 15:55:19 Numero 26 --> reducer8:9008 (range 26-51)
[WORKER] 2025/06/26 15:55:19 Numero 26 --> reducer8:9008 (range 26-51)
[WORKER] 2025/06/26 15:55:19 Numero 37 --> reducer8:9008 (range 26-51)
[WORKER] 2025/06/26 15:55:19 Numero 38 --> reducer8:9008 (range 26-51)
[WORKER] 2025/06/26 15:55:19 Numero 39 --> reducer8:9008 (range 26-51)
[WORKER] 2025/06/26 15:55:19 Numero 39 --> reducer8:9008 (range 26-51)
[WORKER] 2025/06/26 15:55:19 Numero 40 --> reducer8:9008 (range 26-51)
[WORKER] 2025/06/26 15:55:19 Numero 40 --> reducer8:9008 (range 26-51)
[WORKER] 2025/06/26 15:55:19 Numero 42 --> reducer8:9008 (range 26-51)
[WORKER] 2025/06/26 15:55:19 Numero 42 --> reducer8:9008 (range 26-51)
[WORKER] 2025/06/26 15:55:19 Numero 44 --> reducer8:9008 (range 26-51)
[WORKER] 2025/06/26 15:55:19 Numero 44 --> reducer8:9008 (range 26-51)
[WORKER] 2025/06/26 15:55:19 Numero 45 --> reducer8:9008 (range 26-51)
[WORKER] 2025/06/26 15:55:19 Numero 47 --> reducer8:9008 (range 26-51)
[WORKER] 2025/06/26 15:55:19 Numero 48 --> reducer8:9008 (range 26-51)
[WORKER] 2025/06/26 15:55:19 Numero 48 --> reducer8:9008 (range 26-51)
[WORKER] 2025/06/26 15:55:19 Invio il sotto-chunk [5] al reducer reducer5:9005 (con fallback)
[WORKER] 2025/06/26 15:55:19 Chunk inviato con successo a reducer5:9005 (primario reducer5:9005)
[WORKER] 2025/06/26 15:55:19 Invio il sotto-chunk [7 8 8 16 20 22] al reducer reducer6:9006 (con fallback)
[WORKER] 2025/06/26 15:55:19 Chunk inviato con successo a reducer6:9006 (primario reducer6:9006)
[WORKER] 2025/06/26 15:55:19 Invio il sotto-chunk [25 25] al reducer reducer7:9007 (con fallback)
[WORKER] 2025/06/26 15:55:19 Chunk inviato con successo a reducer7:9007 (primario reducer7:9007)
[WORKER] 2025/06/26 15:55:19 Invio il sotto-chunk [26 26 37 38 39 39 40 40 42 42 44 44 45 47 48 48] al reducer reducer8:9008 (con fallback)
[WORKER] 2025/06/26 15:55:19 Chunk inviato con successo a reducer8:9008 (primario reducer8:9008)
[WORKER] 2025/06/26 16:16:46 Worker in ascolto su mapper2:9002
[WORKER] 2025/06/26 16:16:46 Mapper ha ricevuto il chunk: [4 41 36 48 2 33 10 25 25 24 47 11 17 28 5 39 22 41 41 30 30 45 14 12 25]
[WORKER] 2025/06/26 16:16:51 Chunk ordinato: [2 4 5 10 11 12 14 17 22 24 25 25 25 28 30 30 33 36 39 41 41 41 45 47 48]
[WORKER] 2025/06/26 16:16:51 Mapper ha scritto i risultati in: output/temp_mapper2.txt
[WORKER] 2025/06/26 16:16:51 Numero 2 --> reducer5:9005 (range 1-5)
[WORKER] 2025/06/26 16:16:51 Numero 4 --> reducer5:9005 (range 1-5)
[WORKER] 2025/06/26 16:16:51 Numero 5 --> reducer6:9006 (range 5-14)
[WORKER] 2025/06/26 16:16:51 Numero 10 --> reducer6:9006 (range 5-14)
[WORKER] 2025/06/26 16:16:51 Numero 11 --> reducer6:9006 (range 5-14)
[WORKER] 2025/06/26 16:16:51 Numero 12 --> reducer6:9006 (range 5-14)
[WORKER] 2025/06/26 16:16:51 Numero 14 --> reducer7:9007 (range 14-30)
[WORKER] 2025/06/26 16:16:51 Numero 17 --> reducer7:9007 (range 14-30)
[WORKER] 2025/06/26 16:16:51 Numero 22 --> reducer7:9007 (range 14-30)
[WORKER] 2025/06/26 16:16:51 Numero 24 --> reducer7:9007 (range 14-30)
[WORKER] 2025/06/26 16:16:51 Numero 25 --> reducer7:9007 (range 14-30)
[WORKER] 2025/06/26 16:16:51 Numero 25 --> reducer7:9007 (range 14-30)
[WORKER] 2025/06/26 16:16:51 Numero 25 --> reducer7:9007 (range 14-30)
[WORKER] 2025/06/26 16:16:51 Numero 28 --> reducer7:9007 (range 14-30)
[WORKER] 2025/06/26 16:16:51 Numero 30 --> reducer8:9008 (range 30-51)
[WORKER] 2025/06/26 16:16:51 Numero 30 --> reducer8:9008 (range 30-51)
[WORKER] 2025/06/26 16:16:51 Numero 33 --> reducer8:9008 (range 30-51)
[WORKER] 2025/06/26 16:16:51 Numero 36 --> reducer8:9008 (range 30-51)
[WORKER] 2025/06/26 16:16:51 Numero 39 --> reducer8:9008 (range 30-51)
[WORKER] 2025/06/26 16:16:51 Numero 41 --> reducer8:9008 (range 30-51)
[WORKER] 2025/06/26 16:16:51 Numero 41 --> reducer8:9008 (range 30-51)
[WORKER] 2025/06/26 16:16:51 Numero 41 --> reducer8:9008 (range 30-51)
[WORKER] 2025/06/26 16:16:51 Numero 45 --> reducer8:9008 (range 30-51)
[WORKER] 2025/06/26 16:16:51 Numero 47 --> reducer8:9008 (range 30-51)
[WORKER] 2025/06/26 16:16:51 Numero 48 --> reducer8:9008 (range 30-51)
[WORKER] 2025/06/26 16:16:51 Invio il sotto-chunk [30 30 33 36 39 41 41 41 45 47 48] al reducer reducer8:9008 (con fallback)
[WORKER] 2025/06/26 16:16:51 Chunk inviato con successo a reducer8:9008 (primario reducer8:9008)
[WORKER] 2025/06/26 16:16:51 Invio il sotto-chunk [2 4] al reducer reducer5:9005 (con fallback)
[WORKER] 2025/06/26 16:16:51 Chunk inviato con successo a reducer5:9005 (primario reducer5:9005)
[WORKER] 2025/06/26 16:16:51 Invio il sotto-chunk [5 10 11 12] al reducer reducer6:9006 (con fallback)
[WORKER] 2025/06/26 16:16:51 Chunk inviato con successo a reducer6:9006 (primario reducer6:9006)
[WORKER] 2025/06/26 16:16:51 Invio il sotto-chunk [14 17 22 24 25 25 25 28] al reducer reducer7:9007 (con fallback)
[WORKER] 2025/06/26 16:16:51 Chunk inviato con successo a reducer7:9007 (primario reducer7:9007)
[WORKER] 2025/06/26 16:29:08 Worker in ascolto su mapper2:9002
[WORKER] 2025/06/26 16:29:09 Mapper ha ricevuto il chunk: [37 8 14 43 38 24 29 38 42 43 11 11 48 33 18 15 36 5 18 8 43 36 42 4 28]
[WORKER] 2025/06/26 16:29:14 Chunk ordinato: [4 5 8 8 11 11 14 15 18 18 24 28 29 33 36 36 37 38 38 42 42 43 43 43 48]
[WORKER] 2025/06/26 16:29:14 Mapper ha scritto i risultati in: output/temp_mapper2.txt
[WORKER] 2025/06/26 16:29:14 Numero 4 --> reducer5:9005 (range 1-13)
[WORKER] 2025/06/26 16:29:14 Numero 5 --> reducer5:9005 (range 1-13)
[WORKER] 2025/06/26 16:29:14 Numero 8 --> reducer5:9005 (range 1-13)
[WORKER] 2025/06/26 16:29:14 Numero 8 --> reducer5:9005 (range 1-13)
[WORKER] 2025/06/26 16:29:14 Numero 11 --> reducer5:9005 (range 1-13)
[WORKER] 2025/06/26 16:29:14 Numero 11 --> reducer5:9005 (range 1-13)
[WORKER] 2025/06/26 16:29:14 Numero 14 --> reducer7:9007 (range 14-25)
[WORKER] 2025/06/26 16:29:14 Numero 15 --> reducer7:9007 (range 14-25)
[WORKER] 2025/06/26 16:29:14 Numero 18 --> reducer7:9007 (range 14-25)
[WORKER] 2025/06/26 16:29:14 Numero 18 --> reducer7:9007 (range 14-25)
[WORKER] 2025/06/26 16:29:14 Numero 24 --> reducer7:9007 (range 14-25)
[WORKER] 2025/06/26 16:29:14 Numero 28 --> reducer8:9008 (range 25-51)
[WORKER] 2025/06/26 16:29:14 Numero 29 --> reducer8:9008 (range 25-51)
[WORKER] 2025/06/26 16:29:14 Numero 33 --> reducer8:9008 (range 25-51)
[WORKER] 2025/06/26 16:29:14 Numero 36 --> reducer8:9008 (range 25-51)
[WORKER] 2025/06/26 16:29:14 Numero 36 --> reducer8:9008 (range 25-51)
[WORKER] 2025/06/26 16:29:14 Numero 37 --> reducer8:9008 (range 25-51)
[WORKER] 2025/06/26 16:29:14 Numero 38 --> reducer8:9008 (range 25-51)
[WORKER] 2025/06/26 16:29:14 Numero 38 --> reducer8:9008 (range 25-51)
[WORKER] 2025/06/26 16:29:14 Numero 42 --> reducer8:9008 (range 25-51)
[WORKER] 2025/06/26 16:29:14 Numero 42 --> reducer8:9008 (range 25-51)
[WORKER] 2025/06/26 16:29:14 Numero 43 --> reducer8:9008 (range 25-51)
[WORKER] 2025/06/26 16:29:14 Numero 43 --> reducer8:9008 (range 25-51)
[WORKER] 2025/06/26 16:29:14 Numero 43 --> reducer8:9008 (range 25-51)
[WORKER] 2025/06/26 16:29:14 Numero 48 --> reducer8:9008 (range 25-51)
[WORKER] 2025/06/26 16:29:14 Invio il sotto-chunk [28 29 33 36 36 37 38 38 42 42 43 43 43 48] al reducer reducer8:9008 (con fallback)
[WORKER] 2025/06/26 16:29:14 Chunk inviato con successo a reducer8:9008 (primario reducer8:9008)
[WORKER] 2025/06/26 16:29:14 Invio il sotto-chunk [4 5 8 8 11 11] al reducer reducer5:9005 (con fallback)
[WORKER] 2025/06/26 16:29:14 Chunk inviato con successo a reducer5:9005 (primario reducer5:9005)
[WORKER] 2025/06/26 16:29:14 Invio il sotto-chunk [14 15 18 18 24] al reducer reducer7:9007 (con fallback)
[WORKER] 2025/06/26 16:29:14 Chunk inviato con successo a reducer7:9007 (primario reducer7:9007)
[WORKER] 2025/06/26 16:39:24 Worker in ascolto su mapper2:9002
[WORKER] 2025/06/26 16:39:25 Mapper ha ricevuto il chunk: [37 39 1 17 47 47 25 24 27 1 4 8 12 36 4 8 22 24 24 40 15 18 28 23 15]
[WORKER] 2025/06/26 16:40:05 Worker in ascolto su mapper2:9002
[WORKER] 2025/06/26 16:40:06 Mapper ha ricevuto il chunk: [22 7 21 13 22 13 7 44 25 40 12 27 41 18 50 36 8 33 10 23 26 19 12 26 21]
[WORKER] 2025/06/26 16:46:32 Worker in ascolto su mapper2:9002
[WORKER] 2025/06/26 16:46:32 Mapper ha ricevuto il chunk: [13 11 3 45 46 44 18 22 33 6 10 48 27 50 29 4 40 41 50 22 46 19 20 11 41]
[WORKER] 2025/06/26 16:46:37 Chunk ordinato: [3 4 6 10 11 11 13 18 19 20 22 22 27 29 33 40 41 41 44 45 46 46 48 50 50]
[WORKER] 2025/06/26 16:46:37 Mapper ha scritto i risultati in: output/temp_mapper2.txt
[WORKER] 2025/06/26 16:46:37 Numero 3 --> reducer5:9005 (range 1-8)
[WORKER] 2025/06/26 16:46:37 Numero 4 --> reducer5:9005 (range 1-8)
[WORKER] 2025/06/26 16:46:37 Numero 6 --> reducer5:9005 (range 1-8)
[WORKER] 2025/06/26 16:46:37 Numero 10 --> reducer6:9006 (range 8-28)
[WORKER] 2025/06/26 16:46:37 Numero 11 --> reducer6:9006 (range 8-28)
[WORKER] 2025/06/26 16:46:37 Numero 11 --> reducer6:9006 (range 8-28)
[WORKER] 2025/06/26 16:46:37 Numero 13 --> reducer6:9006 (range 8-28)
[WORKER] 2025/06/26 16:46:37 Numero 18 --> reducer6:9006 (range 8-28)
[WORKER] 2025/06/26 16:46:37 Numero 19 --> reducer6:9006 (range 8-28)
[WORKER] 2025/06/26 16:46:37 Numero 20 --> reducer6:9006 (range 8-28)
[WORKER] 2025/06/26 16:46:37 Numero 22 --> reducer6:9006 (range 8-28)
[WORKER] 2025/06/26 16:46:37 Numero 22 --> reducer6:9006 (range 8-28)
[WORKER] 2025/06/26 16:46:37 Numero 27 --> reducer6:9006 (range 8-28)
[WORKER] 2025/06/26 16:46:37 Numero 29 --> reducer7:9007 (range 28-35)
[WORKER] 2025/06/26 16:46:37 Numero 33 --> reducer7:9007 (range 28-35)
[WORKER] 2025/06/26 16:46:37 Numero 40 --> reducer8:9008 (range 35-51)
[WORKER] 2025/06/26 16:46:37 Numero 41 --> reducer8:9008 (range 35-51)
[WORKER] 2025/06/26 16:46:37 Numero 41 --> reducer8:9008 (range 35-51)
[WORKER] 2025/06/26 16:46:37 Numero 44 --> reducer8:9008 (range 35-51)
[WORKER] 2025/06/26 16:46:37 Numero 45 --> reducer8:9008 (range 35-51)
[WORKER] 2025/06/26 16:46:37 Numero 46 --> reducer8:9008 (range 35-51)
[WORKER] 2025/06/26 16:46:37 Numero 46 --> reducer8:9008 (range 35-51)
[WORKER] 2025/06/26 16:46:37 Numero 48 --> reducer8:9008 (range 35-51)
[WORKER] 2025/06/26 16:46:37 Numero 50 --> reducer8:9008 (range 35-51)
[WORKER] 2025/06/26 16:46:37 Numero 50 --> reducer8:9008 (range 35-51)
[WORKER] 2025/06/26 16:46:37 Invio il sotto-chunk [29 33] al reducer reducer7:9007 (con fallback)
[WORKER] 2025/06/26 16:46:37 Chunk inviato con successo a reducer7:9007 (primario reducer7:9007)
[WORKER] 2025/06/26 16:46:37 Invio il sotto-chunk [40 41 41 44 45 46 46 48 50 50] al reducer reducer8:9008 (con fallback)
[WORKER] 2025/06/26 16:46:37 Chunk inviato con successo a reducer8:9008 (primario reducer8:9008)
[WORKER] 2025/06/26 16:46:37 Invio il sotto-chunk [3 4 6] al reducer reducer5:9005 (con fallback)
[WORKER] 2025/06/26 16:46:37 Chunk inviato con successo a reducer5:9005 (primario reducer5:9005)
[WORKER] 2025/06/26 16:46:37 Invio il sotto-chunk [10 11 11 13 18 19 20 22 22 27] al reducer reducer6:9006 (con fallback)
[WORKER] 2025/06/26 16:46:39 Fallito verso reducer6:9006 (timeout connessione): dial tcp 127.0.0.2:9006: connect: connection refused
[WORKER] 2025/06/26 16:46:39 Chunk inviato con successo a reducer5:9005 (primario reducer6:9006)
[WORKER] 2025/06/26 16:48:25 Worker in ascolto su mapper2:9002
[WORKER] 2025/06/26 16:48:26 Mapper ha ricevuto il chunk: [11 48 18 32 44 44 36 49 18 20 23 23 30 20 21 40 12 2 45 40 41 26 41 41 40]
[WORKER] 2025/06/26 16:48:31 Chunk ordinato: [2 11 12 18 18 20 20 21 23 23 26 30 32 36 40 40 40 41 41 41 44 44 45 48 49]
[WORKER] 2025/06/26 16:48:31 Mapper ha scritto i risultati in: output/temp_mapper2.txt
[WORKER] 2025/06/26 16:48:31 Numero 2 --> reducer6:9006 (range 2-11)
[WORKER] 2025/06/26 16:48:31 Numero 11 --> reducer7:9007 (range 11-18)
[WORKER] 2025/06/26 16:48:31 Numero 12 --> reducer7:9007 (range 11-18)
[WORKER] 2025/06/26 16:48:31 Numero 18 --> reducer8:9008 (range 18-51)
[WORKER] 2025/06/26 16:48:31 Numero 18 --> reducer8:9008 (range 18-51)
[WORKER] 2025/06/26 16:48:31 Numero 20 --> reducer8:9008 (range 18-51)
[WORKER] 2025/06/26 16:48:31 Numero 20 --> reducer8:9008 (range 18-51)
[WORKER] 2025/06/26 16:48:31 Numero 21 --> reducer8:9008 (range 18-51)
[WORKER] 2025/06/26 16:48:31 Numero 23 --> reducer8:9008 (range 18-51)
[WORKER] 2025/06/26 16:48:31 Numero 23 --> reducer8:9008 (range 18-51)
[WORKER] 2025/06/26 16:48:31 Numero 26 --> reducer8:9008 (range 18-51)
[WORKER] 2025/06/26 16:48:31 Numero 30 --> reducer8:9008 (range 18-51)
[WORKER] 2025/06/26 16:48:31 Numero 32 --> reducer8:9008 (range 18-51)
[WORKER] 2025/06/26 16:48:31 Numero 36 --> reducer8:9008 (range 18-51)
[WORKER] 2025/06/26 16:48:31 Numero 40 --> reducer8:9008 (range 18-51)
[WORKER] 2025/06/26 16:48:31 Numero 40 --> reducer8:9008 (range 18-51)
[WORKER] 2025/06/26 16:48:31 Numero 40 --> reducer8:9008 (range 18-51)
[WORKER] 2025/06/26 16:48:31 Numero 41 --> reducer8:9008 (range 18-51)
[WORKER] 2025/06/26 16:48:31 Numero 41 --> reducer8:9008 (range 18-51)
[WORKER] 2025/06/26 16:48:31 Numero 41 --> reducer8:9008 (range 18-51)
[WORKER] 2025/06/26 16:48:31 Numero 44 --> reducer8:9008 (range 18-51)
[WORKER] 2025/06/26 16:48:31 Numero 44 --> reducer8:9008 (range 18-51)
[WORKER] 2025/06/26 16:48:31 Numero 45 --> reducer8:9008 (range 18-51)
[WORKER] 2025/06/26 16:48:31 Numero 48 --> reducer8:9008 (range 18-51)
[WORKER] 2025/06/26 16:48:31 Numero 49 --> reducer8:9008 (range 18-51)
[WORKER] 2025/06/26 16:48:31 Invio il sotto-chunk [2] al reducer reducer6:9006 (con fallback)
[WORKER] 2025/06/26 16:48:31 Chunk inviato con successo a reducer6:9006 (primario reducer6:9006)
[WORKER] 2025/06/26 16:48:31 Invio il sotto-chunk [11 12] al reducer reducer7:9007 (con fallback)
[WORKER] 2025/06/26 16:48:31 Chunk inviato con successo a reducer7:9007 (primario reducer7:9007)
[WORKER] 2025/06/26 16:48:31 Invio il sotto-chunk [18 18 20 20 21 23 23 26 30 32 36 40 40 40 41 41 41 44 44 45 48 49] al reducer reducer8:9008 (con fallback)
[WORKER] 2025/06/26 16:48:31 Chunk inviato con successo a reducer8:9008 (primario reducer8:9008)
[WORKER] 2025/06/26 16:57:38 Worker in ascolto su mapper2:9002
[WORKER] 2025/06/26 16:57:38 Mapper ha ricevuto il chunk: [10 2 8 49 25 28 13 27 17 47 38 30 10 14 27 2 15 2 2 44 35 30 12 42 17]
[WORKER] 2025/06/26 16:57:43 Chunk ordinato: [2 2 2 2 8 10 10 12 13 14 15 17 17 25 27 27 28 30 30 35 38 42 44 47 49]
[WORKER] 2025/06/26 16:57:43 Mapper ha scritto i risultati in: output/temp_mapper2.txt
[WORKER] 2025/06/26 16:57:43 Numero 2 --> reducer5:9005 (range 1-11)
[WORKER] 2025/06/26 16:57:43 Numero 2 --> reducer5:9005 (range 1-11)
[WORKER] 2025/06/26 16:57:43 Numero 2 --> reducer5:9005 (range 1-11)
[WORKER] 2025/06/26 16:57:43 Numero 2 --> reducer5:9005 (range 1-11)
[WORKER] 2025/06/26 16:57:43 Numero 8 --> reducer5:9005 (range 1-11)
[WORKER] 2025/06/26 16:57:43 Numero 10 --> reducer5:9005 (range 1-11)
[WORKER] 2025/06/26 16:57:43 Numero 10 --> reducer5:9005 (range 1-11)
[WORKER] 2025/06/26 16:57:43 Numero 12 --> reducer6:9006 (range 11-14)
[WORKER] 2025/06/26 16:57:43 Numero 13 --> reducer6:9006 (range 11-14)
[WORKER] 2025/06/26 16:57:43 Numero 14 --> reducer7:9007 (range 14-17)
[WORKER] 2025/06/26 16:57:43 Numero 15 --> reducer7:9007 (range 14-17)
[WORKER] 2025/06/26 16:57:43 Numero 17 --> reducer8:9008 (range 17-51)
[WORKER] 2025/06/26 16:57:43 Numero 17 --> reducer8:9008 (range 17-51)
[WORKER] 2025/06/26 16:57:43 Numero 25 --> reducer8:9008 (range 17-51)
[WORKER] 2025/06/26 16:57:43 Numero 27 --> reducer8:9008 (range 17-51)
[WORKER] 2025/06/26 16:57:43 Numero 27 --> reducer8:9008 (range 17-51)
[WORKER] 2025/06/26 16:57:43 Numero 28 --> reducer8:9008 (range 17-51)
[WORKER] 2025/06/26 16:57:43 Numero 30 --> reducer8:9008 (range 17-51)
[WORKER] 2025/06/26 16:57:43 Numero 30 --> reducer8:9008 (range 17-51)
[WORKER] 2025/06/26 16:57:43 Numero 35 --> reducer8:9008 (range 17-51)
[WORKER] 2025/06/26 16:57:43 Numero 38 --> reducer8:9008 (range 17-51)
[WORKER] 2025/06/26 16:57:43 Numero 42 --> reducer8:9008 (range 17-51)
[WORKER] 2025/06/26 16:57:43 Numero 44 --> reducer8:9008 (range 17-51)
[WORKER] 2025/06/26 16:57:43 Numero 47 --> reducer8:9008 (range 17-51)
[WORKER] 2025/06/26 16:57:43 Numero 49 --> reducer8:9008 (range 17-51)
[WORKER] 2025/06/26 16:57:43 Invio il sotto-chunk [2 2 2 2 8 10 10] al reducer reducer5:9005 (con fallback)
[WORKER] 2025/06/26 16:57:43 Chunk inviato con successo a reducer5:9005 (primario reducer5:9005)
[WORKER] 2025/06/26 16:57:43 Invio il sotto-chunk [12 13] al reducer reducer6:9006 (con fallback)
[WORKER] 2025/06/26 16:57:43 Fallito verso reducer6:9006 (timeout connessione): dial tcp 127.0.0.2:9006: connect: connection refused
[WORKER] 2025/06/26 16:57:43 Chunk inviato con successo a reducer5:9005 (primario reducer6:9006)
[WORKER] 2025/06/26 16:57:43 Invio il sotto-chunk [14 15] al reducer reducer7:9007 (con fallback)
[WORKER] 2025/06/26 16:57:43 Chunk inviato con successo a reducer7:9007 (primario reducer7:9007)
[WORKER] 2025/06/26 16:57:43 Invio il sotto-chunk [17 17 25 27 27 28 30 30 35 38 42 44 47 49] al reducer reducer8:9008 (con fallback)
[WORKER] 2025/06/26 16:57:43 Chunk inviato con successo a reducer8:9008 (primario reducer8:9008)
[WORKER] 2025/06/26 17:06:17 Worker in ascolto su mapper2:9002
[WORKER] 2025/06/26 17:06:18 Mapper ha ricevuto il chunk: [32 6 45 9 27 19 32 19 35 10 43 34 10 33 23 27 41 50 16 31 21 35 45 40 19]
[WORKER] 2025/06/26 17:06:23 Chunk ordinato: [6 9 10 10 16 19 19 19 21 23 27 27 31 32 32 33 34 35 35 40 41 43 45 45 50]
[WORKER] 2025/06/26 17:06:23 Mapper ha scritto i risultati in: output/temp_mapper2.txt
[WORKER] 2025/06/26 17:06:23 Numero 6 --> reducer6:9006 (range 6-17)
[WORKER] 2025/06/26 17:06:23 Numero 9 --> reducer6:9006 (range 6-17)
[WORKER] 2025/06/26 17:06:23 Numero 10 --> reducer6:9006 (range 6-17)
[WORKER] 2025/06/26 17:06:23 Numero 10 --> reducer6:9006 (range 6-17)
[WORKER] 2025/06/26 17:06:23 Numero 16 --> reducer6:9006 (range 6-17)
[WORKER] 2025/06/26 17:06:23 Numero 19 --> reducer7:9007 (range 17-27)
[WORKER] 2025/06/26 17:06:23 Numero 19 --> reducer7:9007 (range 17-27)
[WORKER] 2025/06/26 17:06:23 Numero 19 --> reducer7:9007 (range 17-27)
[WORKER] 2025/06/26 17:06:23 Numero 21 --> reducer7:9007 (range 17-27)
[WORKER] 2025/06/26 17:06:23 Numero 23 --> reducer7:9007 (range 17-27)
[WORKER] 2025/06/26 17:06:23 Numero 27 --> reducer8:9008 (range 27-51)
[WORKER] 2025/06/26 17:06:23 Numero 27 --> reducer8:9008 (range 27-51)
[WORKER] 2025/06/26 17:06:23 Numero 31 --> reducer8:9008 (range 27-51)
[WORKER] 2025/06/26 17:06:23 Numero 32 --> reducer8:9008 (range 27-51)
[WORKER] 2025/06/26 17:06:23 Numero 32 --> reducer8:9008 (range 27-51)
[WORKER] 2025/06/26 17:06:23 Numero 33 --> reducer8:9008 (range 27-51)
[WORKER] 2025/06/26 17:06:23 Numero 34 --> reducer8:9008 (range 27-51)
[WORKER] 2025/06/26 17:06:23 Numero 35 --> reducer8:9008 (range 27-51)
[WORKER] 2025/06/26 17:06:23 Numero 35 --> reducer8:9008 (range 27-51)
[WORKER] 2025/06/26 17:06:23 Numero 40 --> reducer8:9008 (range 27-51)
[WORKER] 2025/06/26 17:06:23 Numero 41 --> reducer8:9008 (range 27-51)
[WORKER] 2025/06/26 17:06:23 Numero 43 --> reducer8:9008 (range 27-51)
[WORKER] 2025/06/26 17:06:23 Numero 45 --> reducer8:9008 (range 27-51)
[WORKER] 2025/06/26 17:06:23 Numero 45 --> reducer8:9008 (range 27-51)
[WORKER] 2025/06/26 17:06:23 Numero 50 --> reducer8:9008 (range 27-51)
[WORKER] 2025/06/26 17:06:23 Invio il sotto-chunk [19 19 19 21 23] al reducer reducer7:9007 (con fallback)
[WORKER] 2025/06/26 17:06:23 Chunk inviato con successo a reducer7:9007 (primario reducer7:9007)
[WORKER] 2025/06/26 17:06:23 Invio il sotto-chunk [27 27 31 32 32 33 34 35 35 40 41 43 45 45 50] al reducer reducer8:9008 (con fallback)
[WORKER] 2025/06/26 17:06:23 Chunk inviato con successo a reducer8:9008 (primario reducer8:9008)
[WORKER] 2025/06/26 17:06:23 Invio il sotto-chunk [6 9 10 10 16] al reducer reducer6:9006 (con fallback)
[WORKER] 2025/06/26 17:06:23 Fallito verso reducer6:9006 (timeout connessione): dial tcp 127.0.0.2:9006: connect: connection refused
[WORKER] 2025/06/26 17:06:23 Chunk inviato con successo a reducer7:9007 (primario reducer6:9006)
[WORKER] 2025/06/26 17:08:59 Worker in ascolto su mapper2:9002
[WORKER] 2025/06/26 17:09:00 Mapper ha ricevuto il chunk: [22 13 16 12 1 20 17 43 36 29 34 49 41 30 6 39 49 45 27 9 4 47 10 37 49]
[WORKER] 2025/06/26 17:09:05 Chunk ordinato: [1 4 6 9 10 12 13 16 17 20 22 27 29 30 34 36 37 39 41 43 45 47 49 49 49]
[WORKER] 2025/06/26 17:09:05 Mapper ha scritto i risultati in: output/temp_mapper2.txt
[WORKER] 2025/06/26 17:09:05 Numero 1 --> reducer5:9005 (range 1-3)
[WORKER] 2025/06/26 17:09:05 Numero 4 --> reducer6:9006 (range 3-8)
[WORKER] 2025/06/26 17:09:05 Numero 6 --> reducer6:9006 (range 3-8)
[WORKER] 2025/06/26 17:09:05 Numero 9 --> reducer7:9007 (range 8-22)
[WORKER] 2025/06/26 17:09:05 Numero 10 --> reducer7:9007 (range 8-22)
[WORKER] 2025/06/26 17:09:05 Numero 12 --> reducer7:9007 (range 8-22)
[WORKER] 2025/06/26 17:09:05 Numero 13 --> reducer7:9007 (range 8-22)
[WORKER] 2025/06/26 17:09:05 Numero 16 --> reducer7:9007 (range 8-22)
[WORKER] 2025/06/26 17:09:05 Numero 17 --> reducer7:9007 (range 8-22)
[WORKER] 2025/06/26 17:09:05 Numero 20 --> reducer7:9007 (range 8-22)
[WORKER] 2025/06/26 17:09:05 Numero 22 --> reducer8:9008 (range 22-51)
[WORKER] 2025/06/26 17:09:05 Numero 27 --> reducer8:9008 (range 22-51)
[WORKER] 2025/06/26 17:09:05 Numero 29 --> reducer8:9008 (range 22-51)
[WORKER] 2025/06/26 17:09:05 Numero 30 --> reducer8:9008 (range 22-51)
[WORKER] 2025/06/26 17:09:05 Numero 34 --> reducer8:9008 (range 22-51)
[WORKER] 2025/06/26 17:09:05 Numero 36 --> reducer8:9008 (range 22-51)
[WORKER] 2025/06/26 17:09:05 Numero 37 --> reducer8:9008 (range 22-51)
[WORKER] 2025/06/26 17:09:05 Numero 39 --> reducer8:9008 (range 22-51)
[WORKER] 2025/06/26 17:09:05 Numero 41 --> reducer8:9008 (range 22-51)
[WORKER] 2025/06/26 17:09:05 Numero 43 --> reducer8:9008 (range 22-51)
[WORKER] 2025/06/26 17:09:05 Numero 45 --> reducer8:9008 (range 22-51)
[WORKER] 2025/06/26 17:09:05 Numero 47 --> reducer8:9008 (range 22-51)
[WORKER] 2025/06/26 17:09:05 Numero 49 --> reducer8:9008 (range 22-51)
[WORKER] 2025/06/26 17:09:05 Numero 49 --> reducer8:9008 (range 22-51)
[WORKER] 2025/06/26 17:09:05 Numero 49 --> reducer8:9008 (range 22-51)
[WORKER] 2025/06/26 17:09:05 Invio il sotto-chunk [4 6] al reducer reducer6:9006 (con fallback)
[WORKER] 2025/06/26 17:09:05 Chunk inviato con successo a reducer6:9006 (primario reducer6:9006)
[WORKER] 2025/06/26 17:09:05 Invio il sotto-chunk [9 10 12 13 16 17 20] al reducer reducer7:9007 (con fallback)
[WORKER] 2025/06/26 17:09:05 Chunk inviato con successo a reducer7:9007 (primario reducer7:9007)
[WORKER] 2025/06/26 17:09:05 Invio il sotto-chunk [22 27 29 30 34 36 37 39 41 43 45 47 49 49 49] al reducer reducer8:9008 (con fallback)
[WORKER] 2025/06/26 17:09:05 Chunk inviato con successo a reducer8:9008 (primario reducer8:9008)
[WORKER] 2025/06/26 17:09:05 Invio il sotto-chunk [1] al reducer reducer5:9005 (con fallback)
[WORKER] 2025/06/26 17:09:05 Chunk inviato con successo a reducer5:9005 (primario reducer5:9005)
[WORKER] 2025/06/26 17:10:04 Worker in ascolto su mapper2:9002
[WORKER] 2025/06/26 17:10:05 Mapper ha ricevuto il chunk: [35 39 41 37 20 28 2 9 35 35 40 24 40 30 29 41 41 25 36 3 29 6 34 38 26]
[WORKER] 2025/06/26 17:10:10 Chunk ordinato: [2 3 6 9 20 24 25 26 28 29 29 30 34 35 35 35 36 37 38 39 40 40 41 41 41]
[WORKER] 2025/06/26 17:10:10 Mapper ha scritto i risultati in: output/temp_mapper2.txt
[WORKER] 2025/06/26 17:10:10 Numero 2 --> reducer5:9005 (range 1-9)
[WORKER] 2025/06/26 17:10:10 Numero 3 --> reducer5:9005 (range 1-9)
[WORKER] 2025/06/26 17:10:10 Numero 6 --> reducer5:9005 (range 1-9)
[WORKER] 2025/06/26 17:10:10 Numero 9 --> reducer6:9006 (range 9-13)
[WORKER] 2025/06/26 17:10:10 Numero 20 --> reducer7:9007 (range 13-23)
[WORKER] 2025/06/26 17:10:10 Numero 24 --> reducer8:9008 (range 23-51)
[WORKER] 2025/06/26 17:10:10 Numero 25 --> reducer8:9008 (range 23-51)
[WORKER] 2025/06/26 17:10:10 Numero 26 --> reducer8:9008 (range 23-51)
[WORKER] 2025/06/26 17:10:10 Numero 28 --> reducer8:9008 (range 23-51)
[WORKER] 2025/06/26 17:10:10 Numero 29 --> reducer8:9008 (range 23-51)
[WORKER] 2025/06/26 17:10:10 Numero 29 --> reducer8:9008 (range 23-51)
[WORKER] 2025/06/26 17:10:10 Numero 30 --> reducer8:9008 (range 23-51)
[WORKER] 2025/06/26 17:10:10 Numero 34 --> reducer8:9008 (range 23-51)
[WORKER] 2025/06/26 17:10:10 Numero 35 --> reducer8:9008 (range 23-51)
[WORKER] 2025/06/26 17:10:10 Numero 35 --> reducer8:9008 (range 23-51)
[WORKER] 2025/06/26 17:10:10 Numero 35 --> reducer8:9008 (range 23-51)
[WORKER] 2025/06/26 17:10:10 Numero 36 --> reducer8:9008 (range 23-51)
[WORKER] 2025/06/26 17:10:10 Numero 37 --> reducer8:9008 (range 23-51)
[WORKER] 2025/06/26 17:10:10 Numero 38 --> reducer8:9008 (range 23-51)
[WORKER] 2025/06/26 17:10:10 Numero 39 --> reducer8:9008 (range 23-51)
[WORKER] 2025/06/26 17:10:10 Numero 40 --> reducer8:9008 (range 23-51)
[WORKER] 2025/06/26 17:10:10 Numero 40 --> reducer8:9008 (range 23-51)
[WORKER] 2025/06/26 17:10:10 Numero 41 --> reducer8:9008 (range 23-51)
[WORKER] 2025/06/26 17:10:10 Numero 41 --> reducer8:9008 (range 23-51)
[WORKER] 2025/06/26 17:10:10 Numero 41 --> reducer8:9008 (range 23-51)
[WORKER] 2025/06/26 17:10:10 Invio il sotto-chunk [2 3 6] al reducer reducer5:9005 (con fallback)
[WORKER] 2025/06/26 17:10:10 Chunk inviato con successo a reducer5:9005 (primario reducer5:9005)
[WORKER] 2025/06/26 17:10:10 Invio il sotto-chunk [9] al reducer reducer6:9006 (con fallback)
[WORKER] 2025/06/26 17:10:10 Fallito verso reducer6:9006 (timeout connessione): dial tcp 127.0.0.2:9006: connect: connection refused
[WORKER] 2025/06/26 17:10:10 Chunk inviato con successo a reducer8:9008 (primario reducer6:9006)
[WORKER] 2025/06/26 17:10:10 Invio il sotto-chunk [20] al reducer reducer7:9007 (con fallback)
[WORKER] 2025/06/26 17:10:10 Chunk inviato con successo a reducer7:9007 (primario reducer7:9007)
[WORKER] 2025/06/26 17:10:10 Invio il sotto-chunk [24 25 26 28 29 29 30 34 35 35 35 36 37 38 39 40 40 41 41 41] al reducer reducer8:9008 (con fallback)
[WORKER] 2025/06/26 17:10:10 Chunk inviato con successo a reducer8:9008 (primario reducer8:9008)
[WORKER] 2025/06/26 17:11:48 Worker in ascolto su mapper2:9002
[WORKER] 2025/06/26 17:11:49 Mapper ha ricevuto il chunk: [8 41 13 25 9 17 26 26 37 24 45 37 10 14 20 21 32 12 22 11 14 23 6 12 35]
[WORKER] 2025/06/26 17:11:54 Chunk ordinato: [6 8 9 10 11 12 12 13 14 14 17 20 21 22 23 24 25 26 26 32 35 37 37 41 45]
[WORKER] 2025/06/26 17:11:54 Mapper ha scritto i risultati in: output/temp_mapper2.txt
[WORKER] 2025/06/26 17:11:54 Numero 6 --> reducer5:9005 (range 1-13)
[WORKER] 2025/06/26 17:11:54 Numero 8 --> reducer5:9005 (range 1-13)
[WORKER] 2025/06/26 17:11:54 Numero 9 --> reducer5:9005 (range 1-13)
[WORKER] 2025/06/26 17:11:54 Numero 10 --> reducer5:9005 (range 1-13)
[WORKER] 2025/06/26 17:11:54 Numero 11 --> reducer5:9005 (range 1-13)
[WORKER] 2025/06/26 17:11:54 Numero 12 --> reducer5:9005 (range 1-13)
[WORKER] 2025/06/26 17:11:54 Numero 12 --> reducer5:9005 (range 1-13)
[WORKER] 2025/06/26 17:11:54 Numero 13 --> reducer6:9006 (range 13-17)
[WORKER] 2025/06/26 17:11:54 Numero 14 --> reducer6:9006 (range 13-17)
[WORKER] 2025/06/26 17:11:54 Numero 14 --> reducer6:9006 (range 13-17)
[WORKER] 2025/06/26 17:11:54 Numero 17 --> reducer7:9007 (range 17-21)
[WORKER] 2025/06/26 17:11:54 Numero 20 --> reducer7:9007 (range 17-21)
[WORKER] 2025/06/26 17:11:54 Numero 21 --> reducer8:9008 (range 21-51)
[WORKER] 2025/06/26 17:11:54 Numero 22 --> reducer8:9008 (range 21-51)
[WORKER] 2025/06/26 17:11:54 Numero 23 --> reducer8:9008 (range 21-51)
[WORKER] 2025/06/26 17:11:54 Numero 24 --> reducer8:9008 (range 21-51)
[WORKER] 2025/06/26 17:11:54 Numero 25 --> reducer8:9008 (range 21-51)
[WORKER] 2025/06/26 17:11:54 Numero 26 --> reducer8:9008 (range 21-51)
[WORKER] 2025/06/26 17:11:54 Numero 26 --> reducer8:9008 (range 21-51)
[WORKER] 2025/06/26 17:11:54 Numero 32 --> reducer8:9008 (range 21-51)
[WORKER] 2025/06/26 17:11:54 Numero 35 --> reducer8:9008 (range 21-51)
[WORKER] 2025/06/26 17:11:54 Numero 37 --> reducer8:9008 (range 21-51)
[WORKER] 2025/06/26 17:11:54 Numero 37 --> reducer8:9008 (range 21-51)
[WORKER] 2025/06/26 17:11:54 Numero 41 --> reducer8:9008 (range 21-51)
[WORKER] 2025/06/26 17:11:54 Numero 45 --> reducer8:9008 (range 21-51)
[WORKER] 2025/06/26 17:11:54 Invio il sotto-chunk [13 14 14] al reducer reducer6:9006 (con fallback)
[WORKER] 2025/06/26 17:11:54 Chunk inviato con successo a reducer6:9006 (primario reducer6:9006)
[WORKER] 2025/06/26 17:11:54 Invio il sotto-chunk [17 20] al reducer reducer7:9007 (con fallback)
[WORKER] 2025/06/26 17:11:54 Chunk inviato con successo a reducer7:9007 (primario reducer7:9007)
[WORKER] 2025/06/26 17:11:54 Invio il sotto-chunk [21 22 23 24 25 26 26 32 35 37 37 41 45] al reducer reducer8:9008 (con fallback)
[WORKER] 2025/06/26 17:11:54 Chunk inviato con successo a reducer8:9008 (primario reducer8:9008)
[WORKER] 2025/06/26 17:11:54 Invio il sotto-chunk [6 8 9 10 11 12 12] al reducer reducer5:9005 (con fallback)
[WORKER] 2025/06/26 17:11:54 Chunk inviato con successo a reducer5:9005 (primario reducer5:9005)
[WORKER] 2025/06/26 17:22:31 Worker in ascolto su mapper2:9002
[WORKER] 2025/06/26 17:22:34 Mapper ha ricevuto il chunk: [31 4 14 26 7 2 13 44 37 3 44 26 27 18 22 15 50 12 43 11 26 4 18 23 22]
[WORKER] 2025/06/26 17:22:39 Chunk ordinato: [2 3 4 4 7 11 12 13 14 15 18 18 22 22 23 26 26 26 27 31 37 43 44 44 50]
[WORKER] 2025/06/26 17:22:39 Mapper ha scritto i risultati in: output/temp_mapper2.txt
[WORKER] 2025/06/26 17:22:39 Numero 2 --> reducer6:9006 (range 1-4)
[WORKER] 2025/06/26 17:22:39 Numero 3 --> reducer6:9006 (range 1-4)
[WORKER] 2025/06/26 17:22:39 Numero 4 --> reducer7:9007 (range 4-17)
[WORKER] 2025/06/26 17:22:39 Numero 4 --> reducer7:9007 (range 4-17)
[WORKER] 2025/06/26 17:22:39 Numero 7 --> reducer7:9007 (range 4-17)
[WORKER] 2025/06/26 17:22:39 Numero 11 --> reducer7:9007 (range 4-17)
[WORKER] 2025/06/26 17:22:39 Numero 12 --> reducer7:9007 (range 4-17)
[WORKER] 2025/06/26 17:22:39 Numero 13 --> reducer7:9007 (range 4-17)
[WORKER] 2025/06/26 17:22:39 Numero 14 --> reducer7:9007 (range 4-17)
[WORKER] 2025/06/26 17:22:39 Numero 15 --> reducer7:9007 (range 4-17)
[WORKER] 2025/06/26 17:22:39 Numero 18 --> reducer8:9008 (range 17-51)
[WORKER] 2025/06/26 17:22:39 Numero 18 --> reducer8:9008 (range 17-51)
[WORKER] 2025/06/26 17:22:39 Numero 22 --> reducer8:9008 (range 17-51)
[WORKER] 2025/06/26 17:22:39 Numero 22 --> reducer8:9008 (range 17-51)
[WORKER] 2025/06/26 17:22:39 Numero 23 --> reducer8:9008 (range 17-51)
[WORKER] 2025/06/26 17:22:39 Numero 26 --> reducer8:9008 (range 17-51)
[WORKER] 2025/06/26 17:22:39 Numero 26 --> reducer8:9008 (range 17-51)
[WORKER] 2025/06/26 17:22:39 Numero 26 --> reducer8:9008 (range 17-51)
[WORKER] 2025/06/26 17:22:39 Numero 27 --> reducer8:9008 (range 17-51)
[WORKER] 2025/06/26 17:22:39 Numero 31 --> reducer8:9008 (range 17-51)
[WORKER] 2025/06/26 17:22:39 Numero 37 --> reducer8:9008 (range 17-51)
[WORKER] 2025/06/26 17:22:39 Numero 43 --> reducer8:9008 (range 17-51)
[WORKER] 2025/06/26 17:22:39 Numero 44 --> reducer8:9008 (range 17-51)
[WORKER] 2025/06/26 17:22:39 Numero 44 --> reducer8:9008 (range 17-51)
[WORKER] 2025/06/26 17:22:39 Numero 50 --> reducer8:9008 (range 17-51)
[WORKER] 2025/06/26 17:22:39 Invio il sotto-chunk [2 3] al reducer reducer6:9006 (con fallback)
[WORKER] 2025/06/26 17:22:39 Fallito verso reducer6:9006 (timeout connessione): dial tcp 127.0.0.2:9006: connect: connection refused
[WORKER] 2025/06/26 17:22:39 Chunk inviato con successo a reducer5:9005 (primario reducer6:9006)
[WORKER] 2025/06/26 17:22:39 Invio il sotto-chunk [4 4 7 11 12 13 14 15] al reducer reducer7:9007 (con fallback)
[WORKER] 2025/06/26 17:22:39 Chunk inviato con successo a reducer7:9007 (primario reducer7:9007)
[WORKER] 2025/06/26 17:22:39 Invio il sotto-chunk [18 18 22 22 23 26 26 26 27 31 37 43 44 44 50] al reducer reducer8:9008 (con fallback)
[WORKER] 2025/06/26 17:22:39 Chunk inviato con successo a reducer8:9008 (primario reducer8:9008)
[WORKER] 2025/06/26 17:24:03 Worker in ascolto su mapper2:9002
[WORKER] 2025/06/26 17:24:03 Mapper ha ricevuto il chunk: [48 31 21 34 46 30 29 43 28 31 4 18 5 50 49 31 25 17 8 49 5 19 21 12 25]
[WORKER] 2025/06/26 17:24:10 Chunk ordinato: [4 5 5 8 12 17 18 19 21 21 25 25 28 29 30 31 31 31 34 43 46 48 49 49 50]
[WORKER] 2025/06/26 17:24:10 Mapper ha scritto i risultati in: output/temp_mapper2.txt
[WORKER] 2025/06/26 17:24:10 Numero 4 --> reducer7:9007 (range 4-12)
[WORKER] 2025/06/26 17:24:10 Numero 5 --> reducer7:9007 (range 4-12)
[WORKER] 2025/06/26 17:24:10 Numero 5 --> reducer7:9007 (range 4-12)
[WORKER] 2025/06/26 17:24:10 Numero 8 --> reducer7:9007 (range 4-12)
[WORKER] 2025/06/26 17:24:10 Numero 12 --> reducer8:9008 (range 12-51)
[WORKER] 2025/06/26 17:24:10 Numero 17 --> reducer8:9008 (range 12-51)
[WORKER] 2025/06/26 17:24:10 Numero 18 --> reducer8:9008 (range 12-51)
[WORKER] 2025/06/26 17:24:10 Numero 19 --> reducer8:9008 (range 12-51)
[WORKER] 2025/06/26 17:24:10 Numero 21 --> reducer8:9008 (range 12-51)
[WORKER] 2025/06/26 17:24:10 Numero 21 --> reducer8:9008 (range 12-51)
[WORKER] 2025/06/26 17:24:10 Numero 25 --> reducer8:9008 (range 12-51)
[WORKER] 2025/06/26 17:24:10 Numero 25 --> reducer8:9008 (range 12-51)
[WORKER] 2025/06/26 17:24:10 Numero 28 --> reducer8:9008 (range 12-51)
[WORKER] 2025/06/26 17:24:10 Numero 29 --> reducer8:9008 (range 12-51)
[WORKER] 2025/06/26 17:24:10 Numero 30 --> reducer8:9008 (range 12-51)
[WORKER] 2025/06/26 17:24:10 Numero 31 --> reducer8:9008 (range 12-51)
[WORKER] 2025/06/26 17:24:10 Numero 31 --> reducer8:9008 (range 12-51)
[WORKER] 2025/06/26 17:24:10 Numero 31 --> reducer8:9008 (range 12-51)
[WORKER] 2025/06/26 17:24:10 Numero 34 --> reducer8:9008 (range 12-51)
[WORKER] 2025/06/26 17:24:10 Numero 43 --> reducer8:9008 (range 12-51)
[WORKER] 2025/06/26 17:24:10 Numero 46 --> reducer8:9008 (range 12-51)
[WORKER] 2025/06/26 17:24:10 Numero 48 --> reducer8:9008 (range 12-51)
[WORKER] 2025/06/26 17:24:10 Numero 49 --> reducer8:9008 (range 12-51)
[WORKER] 2025/06/26 17:24:10 Numero 49 --> reducer8:9008 (range 12-51)
[WORKER] 2025/06/26 17:24:10 Numero 50 --> reducer8:9008 (range 12-51)
[WORKER] 2025/06/26 17:24:10 Invio il sotto-chunk [4 5 5 8] al reducer reducer7:9007 (con fallback)
[WORKER] 2025/06/26 17:24:10 Chunk inviato con successo a reducer7:9007 (primario reducer7:9007)
[WORKER] 2025/06/26 17:24:10 Invio il sotto-chunk [12 17 18 19 21 21 25 25 28 29 30 31 31 31 34 43 46 48 49 49 50] al reducer reducer8:9008 (con fallback)
[WORKER] 2025/06/26 17:24:10 Chunk inviato con successo a reducer8:9008 (primario reducer8:9008)
[WORKER] 2025/06/26 17:30:38 Worker in ascolto su mapper2:9002
[WORKER] 2025/06/26 17:30:39 Mapper ha ricevuto il chunk: [5 10 12 13 25 26 34 34 42 48 19 20 46 40 9 9 9 14 19 8 40 29 30 23 43]
[WORKER] 2025/06/26 17:30:44 Chunk ordinato: [5 8 9 9 9 10 12 13 14 19 19 20 23 25 26 29 30 34 34 40 40 42 43 46 48]
[WORKER] 2025/06/26 17:30:44 Mapper ha scritto i risultati in: output/temp_mapper2.txt
[WORKER] 2025/06/26 17:30:44 Numero 5 --> reducer6:9006 (range 5-12)
[WORKER] 2025/06/26 17:30:44 Numero 8 --> reducer6:9006 (range 5-12)
[WORKER] 2025/06/26 17:30:44 Numero 9 --> reducer6:9006 (range 5-12)
[WORKER] 2025/06/26 17:30:44 Numero 9 --> reducer6:9006 (range 5-12)
[WORKER] 2025/06/26 17:30:44 Numero 9 --> reducer6:9006 (range 5-12)
[WORKER] 2025/06/26 17:30:44 Numero 10 --> reducer6:9006 (range 5-12)
[WORKER] 2025/06/26 17:30:44 Numero 12 --> reducer7:9007 (range 12-25)
[WORKER] 2025/06/26 17:30:44 Numero 13 --> reducer7:9007 (range 12-25)
[WORKER] 2025/06/26 17:30:44 Numero 14 --> reducer7:9007 (range 12-25)
[WORKER] 2025/06/26 17:30:44 Numero 19 --> reducer7:9007 (range 12-25)
[WORKER] 2025/06/26 17:30:44 Numero 19 --> reducer7:9007 (range 12-25)
[WORKER] 2025/06/26 17:30:44 Numero 20 --> reducer7:9007 (range 12-25)
[WORKER] 2025/06/26 17:30:44 Numero 23 --> reducer7:9007 (range 12-25)
[WORKER] 2025/06/26 17:30:44 Numero 25 --> reducer8:9008 (range 25-51)
[WORKER] 2025/06/26 17:30:44 Numero 26 --> reducer8:9008 (range 25-51)
[WORKER] 2025/06/26 17:30:44 Numero 29 --> reducer8:9008 (range 25-51)
[WORKER] 2025/06/26 17:30:44 Numero 30 --> reducer8:9008 (range 25-51)
[WORKER] 2025/06/26 17:30:44 Numero 34 --> reducer8:9008 (range 25-51)
[WORKER] 2025/06/26 17:30:44 Numero 34 --> reducer8:9008 (range 25-51)
[WORKER] 2025/06/26 17:30:44 Numero 40 --> reducer8:9008 (range 25-51)
[WORKER] 2025/06/26 17:30:44 Numero 40 --> reducer8:9008 (range 25-51)
[WORKER] 2025/06/26 17:30:44 Numero 42 --> reducer8:9008 (range 25-51)
[WORKER] 2025/06/26 17:30:44 Numero 43 --> reducer8:9008 (range 25-51)
[WORKER] 2025/06/26 17:30:44 Numero 46 --> reducer8:9008 (range 25-51)
[WORKER] 2025/06/26 17:30:44 Numero 48 --> reducer8:9008 (range 25-51)
[WORKER] 2025/06/26 17:30:44 Invio il sotto-chunk [5 8 9 9 9 10] al reducer reducer6:9006 (con fallback)
[WORKER] 2025/06/26 17:30:44 Chunk inviato con successo a reducer6:9006 (primario reducer6:9006)
[WORKER] 2025/06/26 17:30:44 Invio il sotto-chunk [12 13 14 19 19 20 23] al reducer reducer7:9007 (con fallback)
[WORKER] 2025/06/26 17:30:44 Chunk inviato con successo a reducer7:9007 (primario reducer7:9007)
[WORKER] 2025/06/26 17:30:44 Invio il sotto-chunk [25 26 29 30 34 34 40 40 42 43 46 48] al reducer reducer8:9008 (con fallback)
[WORKER] 2025/06/26 17:30:44 Chunk inviato con successo a reducer8:9008 (primario reducer8:9008)
[WORKER] 2025/06/26 17:32:09 Worker in ascolto su mapper2:9002
[WORKER] 2025/06/26 17:32:09 Mapper ha ricevuto il chunk: [40 21 41 30 15 45 33 23 9 7 32 42 21 8 33 23 25 24 23 11 2 23 24 9 42]
[WORKER] 2025/06/26 17:32:14 Chunk ordinato: [2 7 8 9 9 11 15 21 21 23 23 23 23 24 24 25 30 32 33 33 40 41 42 42 45]
[WORKER] 2025/06/26 17:32:14 Mapper ha scritto i risultati in: output/temp_mapper2.txt
[WORKER] 2025/06/26 17:32:14 Numero 2 --> reducer5:9005 (range 1-3)
[WORKER] 2025/06/26 17:32:14 Numero 7 --> reducer7:9007 (range 7-13)
[WORKER] 2025/06/26 17:32:14 Numero 8 --> reducer7:9007 (range 7-13)
[WORKER] 2025/06/26 17:32:14 Numero 9 --> reducer7:9007 (range 7-13)
[WORKER] 2025/06/26 17:32:14 Numero 9 --> reducer7:9007 (range 7-13)
[WORKER] 2025/06/26 17:32:14 Numero 11 --> reducer7:9007 (range 7-13)
[WORKER] 2025/06/26 17:32:14 Numero 15 --> reducer8:9008 (range 13-51)
[WORKER] 2025/06/26 17:32:14 Numero 21 --> reducer8:9008 (range 13-51)
[WORKER] 2025/06/26 17:32:14 Numero 21 --> reducer8:9008 (range 13-51)
[WORKER] 2025/06/26 17:32:14 Numero 23 --> reducer8:9008 (range 13-51)
[WORKER] 2025/06/26 17:32:14 Numero 23 --> reducer8:9008 (range 13-51)
[WORKER] 2025/06/26 17:32:14 Numero 23 --> reducer8:9008 (range 13-51)
[WORKER] 2025/06/26 17:32:14 Numero 23 --> reducer8:9008 (range 13-51)
[WORKER] 2025/06/26 17:32:14 Numero 24 --> reducer8:9008 (range 13-51)
[WORKER] 2025/06/26 17:32:14 Numero 24 --> reducer8:9008 (range 13-51)
[WORKER] 2025/06/26 17:32:14 Numero 25 --> reducer8:9008 (range 13-51)
[WORKER] 2025/06/26 17:32:14 Numero 30 --> reducer8:9008 (range 13-51)
[WORKER] 2025/06/26 17:32:14 Numero 32 --> reducer8:9008 (range 13-51)
[WORKER] 2025/06/26 17:32:14 Numero 33 --> reducer8:9008 (range 13-51)
[WORKER] 2025/06/26 17:32:14 Numero 33 --> reducer8:9008 (range 13-51)
[WORKER] 2025/06/26 17:32:14 Numero 40 --> reducer8:9008 (range 13-51)
[WORKER] 2025/06/26 17:32:14 Numero 41 --> reducer8:9008 (range 13-51)
[WORKER] 2025/06/26 17:32:14 Numero 42 --> reducer8:9008 (range 13-51)
[WORKER] 2025/06/26 17:32:14 Numero 42 --> reducer8:9008 (range 13-51)
[WORKER] 2025/06/26 17:32:14 Numero 45 --> reducer8:9008 (range 13-51)
[WORKER] 2025/06/26 17:32:14 Invio il sotto-chunk [2] al reducer reducer5:9005 (con fallback)
[WORKER] 2025/06/26 17:32:14 Chunk inviato con successo a reducer5:9005 (primario reducer5:9005)
[WORKER] 2025/06/26 17:32:14 Invio il sotto-chunk [7 8 9 9 11] al reducer reducer7:9007 (con fallback)
[WORKER] 2025/06/26 17:32:14 Chunk inviato con successo a reducer7:9007 (primario reducer7:9007)
[WORKER] 2025/06/26 17:32:14 Invio il sotto-chunk [15 21 21 23 23 23 23 24 24 25 30 32 33 33 40 41 42 42 45] al reducer reducer8:9008 (con fallback)
[WORKER] 2025/06/26 17:32:14 Chunk inviato con successo a reducer8:9008 (primario reducer8:9008)
