[WORKER] 2025/07/01 14:59:13 Registrazione avvenuta con successo (mapper - 2e4ca263211b:9001)
[WORKER] 2025/07/01 14:59:13 Worker in ascolto su 2e4ca263211b:9001
[WORKER] 2025/07/01 14:59:16 Mapper ha ricevuto il chunk: [31 26 47 18 21 19 18 32 44 35 32 43 47 21 30 6 40 39 41 32]
[WORKER] 2025/07/01 14:59:21 Chunk ordinato: [6 18 18 19 21 21 26 30 31 32 32 32 35 39 40 41 43 44 47 47]
[WORKER] 2025/07/01 14:59:21 Mapper ha scritto i risultati in: output/temp_2e4ca263211b.txt
[WORKER] 2025/07/01 14:59:21 Numero 6 --> 740ed4c16919:9001 (range 1-15)
[WORKER] 2025/07/01 14:59:21 Numero 18 --> e8cada55e963:9001 (range 15-28)
[WORKER] 2025/07/01 14:59:21 Numero 18 --> e8cada55e963:9001 (range 15-28)
[WORKER] 2025/07/01 14:59:21 Numero 19 --> e8cada55e963:9001 (range 15-28)
[WORKER] 2025/07/01 14:59:21 Numero 21 --> e8cada55e963:9001 (range 15-28)
[WORKER] 2025/07/01 14:59:21 Numero 21 --> e8cada55e963:9001 (range 15-28)
[WORKER] 2025/07/01 14:59:21 Numero 26 --> e8cada55e963:9001 (range 15-28)
[WORKER] 2025/07/01 14:59:21 Numero 30 --> 1210c99e6c6c:9001 (range 30-35)
[WORKER] 2025/07/01 14:59:21 Numero 31 --> 1210c99e6c6c:9001 (range 30-35)
[WORKER] 2025/07/01 14:59:21 Numero 32 --> 1210c99e6c6c:9001 (range 30-35)
[WORKER] 2025/07/01 14:59:21 Numero 32 --> 1210c99e6c6c:9001 (range 30-35)
[WORKER] 2025/07/01 14:59:21 Numero 32 --> 1210c99e6c6c:9001 (range 30-35)
[WORKER] 2025/07/01 14:59:21 Numero 35 --> 180615e3e2c4:9001 (range 35-51)
[WORKER] 2025/07/01 14:59:21 Numero 39 --> 180615e3e2c4:9001 (range 35-51)
[WORKER] 2025/07/01 14:59:21 Numero 40 --> 180615e3e2c4:9001 (range 35-51)
[WORKER] 2025/07/01 14:59:21 Numero 41 --> 180615e3e2c4:9001 (range 35-51)
[WORKER] 2025/07/01 14:59:21 Numero 43 --> 180615e3e2c4:9001 (range 35-51)
[WORKER] 2025/07/01 14:59:21 Numero 44 --> 180615e3e2c4:9001 (range 35-51)
[WORKER] 2025/07/01 14:59:21 Numero 47 --> 180615e3e2c4:9001 (range 35-51)
[WORKER] 2025/07/01 14:59:21 Numero 47 --> 180615e3e2c4:9001 (range 35-51)
[WORKER] 2025/07/01 14:59:21 Invio il sotto-chunk [35 39 40 41 43 44 47 47] al reducer 180615e3e2c4:9001 (con fallback)
[WORKER] 2025/07/01 14:59:21 Chunk inviato con successo a 180615e3e2c4:9001 (primario 180615e3e2c4:9001)
[WORKER] 2025/07/01 14:59:21 Invio il sotto-chunk [6] al reducer 740ed4c16919:9001 (con fallback)
[WORKER] 2025/07/01 14:59:21 Chunk inviato con successo a 740ed4c16919:9001 (primario 740ed4c16919:9001)
[WORKER] 2025/07/01 14:59:21 Invio il sotto-chunk [18 18 19 21 21 26] al reducer e8cada55e963:9001 (con fallback)
[WORKER] 2025/07/01 14:59:21 Chunk inviato con successo a e8cada55e963:9001 (primario e8cada55e963:9001)
[WORKER] 2025/07/01 14:59:21 Invio il sotto-chunk [30 31 32 32 32] al reducer 1210c99e6c6c:9001 (con fallback)
[WORKER] 2025/07/01 14:59:21 Chunk inviato con successo a 1210c99e6c6c:9001 (primario 1210c99e6c6c:9001)
