[WORKER] 2025/07/05 14:59:06 Registrazione avvenuta con successo (mapper - 42f3a9d619cf:9001)
[WORKER] 2025/07/05 14:59:06 Worker in ascolto su 42f3a9d619cf:9001
[WORKER] 2025/07/05 14:59:22 Mapper ha ricevuto il chunk: [33 26 4 40 10 25 15 21 21 24 9 26 27 15 27 36 48 12 14 15 39 27 9 46 11 36 3 37 3 38 33 43]
[WORKER] 2025/07/05 14:59:27 Chunk ordinato: [3 3 4 9 9 10 11 12 14 15 15 15 21 21 24 25 26 26 27 27 27 33 33 36 36 37 38 39 40 43 46 48]
[WORKER] 2025/07/05 14:59:27 Mapper ha scritto i risultati in: output/temp_42f3a9d619cf.txt
[WORKER] 2025/07/05 14:59:27 Numero 3 --> aca42862c75e:9001 (range 1-12)
[WORKER] 2025/07/05 14:59:27 Numero 3 --> aca42862c75e:9001 (range 1-12)
[WORKER] 2025/07/05 14:59:27 Numero 4 --> aca42862c75e:9001 (range 1-12)
[WORKER] 2025/07/05 14:59:27 Numero 9 --> aca42862c75e:9001 (range 1-12)
[WORKER] 2025/07/05 14:59:27 Numero 9 --> aca42862c75e:9001 (range 1-12)
[WORKER] 2025/07/05 14:59:27 Numero 10 --> aca42862c75e:9001 (range 1-12)
[WORKER] 2025/07/05 14:59:27 Numero 11 --> aca42862c75e:9001 (range 1-12)
[WORKER] 2025/07/05 14:59:27 Numero 12 --> a23e679687ef:9001 (range 12-33)
[WORKER] 2025/07/05 14:59:27 Numero 14 --> a23e679687ef:9001 (range 12-33)
[WORKER] 2025/07/05 14:59:27 Numero 15 --> a23e679687ef:9001 (range 12-33)
[WORKER] 2025/07/05 14:59:27 Numero 15 --> a23e679687ef:9001 (range 12-33)
[WORKER] 2025/07/05 14:59:27 Numero 15 --> a23e679687ef:9001 (range 12-33)
[WORKER] 2025/07/05 14:59:27 Numero 21 --> a23e679687ef:9001 (range 12-33)
[WORKER] 2025/07/05 14:59:27 Numero 21 --> a23e679687ef:9001 (range 12-33)
[WORKER] 2025/07/05 14:59:27 Numero 24 --> a23e679687ef:9001 (range 12-33)
[WORKER] 2025/07/05 14:59:27 Numero 25 --> a23e679687ef:9001 (range 12-33)
[WORKER] 2025/07/05 14:59:27 Numero 26 --> a23e679687ef:9001 (range 12-33)
[WORKER] 2025/07/05 14:59:27 Numero 26 --> a23e679687ef:9001 (range 12-33)
[WORKER] 2025/07/05 14:59:27 Numero 27 --> a23e679687ef:9001 (range 12-33)
[WORKER] 2025/07/05 14:59:27 Numero 27 --> a23e679687ef:9001 (range 12-33)
[WORKER] 2025/07/05 14:59:27 Numero 27 --> a23e679687ef:9001 (range 12-33)
[WORKER] 2025/07/05 14:59:27 Numero 33 --> 4adbe5e8def3:9001 (range 33-51)
[WORKER] 2025/07/05 14:59:27 Numero 33 --> 4adbe5e8def3:9001 (range 33-51)
[WORKER] 2025/07/05 14:59:27 Numero 36 --> 4adbe5e8def3:9001 (range 33-51)
[WORKER] 2025/07/05 14:59:27 Numero 36 --> 4adbe5e8def3:9001 (range 33-51)
[WORKER] 2025/07/05 14:59:27 Numero 37 --> 4adbe5e8def3:9001 (range 33-51)
[WORKER] 2025/07/05 14:59:27 Numero 38 --> 4adbe5e8def3:9001 (range 33-51)
[WORKER] 2025/07/05 14:59:27 Numero 39 --> 4adbe5e8def3:9001 (range 33-51)
[WORKER] 2025/07/05 14:59:27 Numero 40 --> 4adbe5e8def3:9001 (range 33-51)
[WORKER] 2025/07/05 14:59:27 Numero 43 --> 4adbe5e8def3:9001 (range 33-51)
[WORKER] 2025/07/05 14:59:27 Numero 46 --> 4adbe5e8def3:9001 (range 33-51)
[WORKER] 2025/07/05 14:59:27 Numero 48 --> 4adbe5e8def3:9001 (range 33-51)
[WORKER] 2025/07/05 14:59:27 Invio il sotto-chunk [12 14 15 15 15 21 21 24 25 26 26 27 27 27] al reducer a23e679687ef:9001 (con fallback)
[WORKER] 2025/07/05 14:59:27 Chunk inviato con successo a a23e679687ef:9001 (primario a23e679687ef:9001)
[WORKER] 2025/07/05 14:59:27 Invio il sotto-chunk [33 33 36 36 37 38 39 40 43 46 48] al reducer 4adbe5e8def3:9001 (con fallback)
[WORKER] 2025/07/05 14:59:27 Chunk inviato con successo a 4adbe5e8def3:9001 (primario 4adbe5e8def3:9001)
[WORKER] 2025/07/05 14:59:27 Invio il sotto-chunk [3 3 4 9 9 10 11] al reducer aca42862c75e:9001 (con fallback)
[WORKER] 2025/07/05 14:59:27 Chunk inviato con successo a aca42862c75e:9001 (primario aca42862c75e:9001)
