[WORKER] 2025/07/08 16:38:48 Registrazione avvenuta con successo (mapper - c31384fe4964:9001)
[WORKER] 2025/07/08 16:38:48 Worker in ascolto su c31384fe4964:9001
[WORKER] 2025/07/08 16:39:07 Mapper ha ricevuto il chunk: [6 29 38 1 20 13 44 32 33 4 1 40 44 43 44 47 48 39 40 11 22 8 6 4 45 33 44 12 20 17 29 35 15 19]
[WORKER] 2025/07/08 16:39:12 Chunk ordinato: [1 1 4 4 6 6 8 11 12 13 15 17 19 20 20 22 29 29 32 33 33 35 38 39 40 40 43 44 44 44 44 45 47 48]
[WORKER] 2025/07/08 16:39:12 Mapper ha scritto i risultati in: output/temp_c31384fe4964.txt
[WORKER] 2025/07/08 16:39:12 Numero 1 --> 7257aaa25a7d:9001 (range 1-23)
[WORKER] 2025/07/08 16:39:12 Numero 1 --> 7257aaa25a7d:9001 (range 1-23)
[WORKER] 2025/07/08 16:39:12 Numero 4 --> 7257aaa25a7d:9001 (range 1-23)
[WORKER] 2025/07/08 16:39:12 Numero 4 --> 7257aaa25a7d:9001 (range 1-23)
[WORKER] 2025/07/08 16:39:12 Numero 6 --> 7257aaa25a7d:9001 (range 1-23)
[WORKER] 2025/07/08 16:39:12 Numero 6 --> 7257aaa25a7d:9001 (range 1-23)
[WORKER] 2025/07/08 16:39:12 Numero 8 --> 7257aaa25a7d:9001 (range 1-23)
[WORKER] 2025/07/08 16:39:12 Numero 11 --> 7257aaa25a7d:9001 (range 1-23)
[WORKER] 2025/07/08 16:39:12 Numero 12 --> 7257aaa25a7d:9001 (range 1-23)
[WORKER] 2025/07/08 16:39:12 Numero 13 --> 7257aaa25a7d:9001 (range 1-23)
[WORKER] 2025/07/08 16:39:12 Numero 15 --> 7257aaa25a7d:9001 (range 1-23)
[WORKER] 2025/07/08 16:39:12 Numero 17 --> 7257aaa25a7d:9001 (range 1-23)
[WORKER] 2025/07/08 16:39:12 Numero 19 --> 7257aaa25a7d:9001 (range 1-23)
[WORKER] 2025/07/08 16:39:12 Numero 20 --> 7257aaa25a7d:9001 (range 1-23)
[WORKER] 2025/07/08 16:39:12 Numero 20 --> 7257aaa25a7d:9001 (range 1-23)
[WORKER] 2025/07/08 16:39:12 Numero 22 --> 7257aaa25a7d:9001 (range 1-23)
[WORKER] 2025/07/08 16:39:12 Numero 29 --> 59c5008ba88d:9001 (range 28-51)
[WORKER] 2025/07/08 16:39:12 Numero 29 --> 59c5008ba88d:9001 (range 28-51)
[WORKER] 2025/07/08 16:39:12 Numero 32 --> 59c5008ba88d:9001 (range 28-51)
[WORKER] 2025/07/08 16:39:12 Numero 33 --> 59c5008ba88d:9001 (range 28-51)
[WORKER] 2025/07/08 16:39:12 Numero 33 --> 59c5008ba88d:9001 (range 28-51)
[WORKER] 2025/07/08 16:39:12 Numero 35 --> 59c5008ba88d:9001 (range 28-51)
[WORKER] 2025/07/08 16:39:12 Numero 38 --> 59c5008ba88d:9001 (range 28-51)
[WORKER] 2025/07/08 16:39:12 Numero 39 --> 59c5008ba88d:9001 (range 28-51)
[WORKER] 2025/07/08 16:39:12 Numero 40 --> 59c5008ba88d:9001 (range 28-51)
[WORKER] 2025/07/08 16:39:12 Numero 40 --> 59c5008ba88d:9001 (range 28-51)
[WORKER] 2025/07/08 16:39:12 Numero 43 --> 59c5008ba88d:9001 (range 28-51)
[WORKER] 2025/07/08 16:39:12 Numero 44 --> 59c5008ba88d:9001 (range 28-51)
[WORKER] 2025/07/08 16:39:12 Numero 44 --> 59c5008ba88d:9001 (range 28-51)
[WORKER] 2025/07/08 16:39:12 Numero 44 --> 59c5008ba88d:9001 (range 28-51)
[WORKER] 2025/07/08 16:39:12 Numero 44 --> 59c5008ba88d:9001 (range 28-51)
[WORKER] 2025/07/08 16:39:12 Numero 45 --> 59c5008ba88d:9001 (range 28-51)
[WORKER] 2025/07/08 16:39:12 Numero 47 --> 59c5008ba88d:9001 (range 28-51)
[WORKER] 2025/07/08 16:39:12 Numero 48 --> 59c5008ba88d:9001 (range 28-51)
[WORKER] 2025/07/08 16:39:12 Invio il sotto-chunk [1 1 4 4 6 6 8 11 12 13 15 17 19 20 20 22] al reducer 7257aaa25a7d:9001 (con fallback)
[WORKER] 2025/07/08 16:39:12 Chunk inviato con successo a 7257aaa25a7d:9001 (primario 7257aaa25a7d:9001)
[WORKER] 2025/07/08 16:39:12 Invio il sotto-chunk [29 29 32 33 33 35 38 39 40 40 43 44 44 44 44 45 47 48] al reducer 59c5008ba88d:9001 (con fallback)
[WORKER] 2025/07/08 16:39:12 Chunk inviato con successo a 59c5008ba88d:9001 (primario 59c5008ba88d:9001)
