[WORKER] 2025/07/01 14:02:52 Registrazione avvenuta con successo (mapper - 451f7da6b987:9001)
[WORKER] 2025/07/01 14:02:52 Worker in ascolto su 451f7da6b987:9001
[WORKER] 2025/07/01 14:02:53 Mapper ha ricevuto il chunk: [9 14 21 29 32 36 36 40 43 45 46 47 40 26 13 8 46 50 24 41 31 29 46 4 45]
[WORKER] 2025/07/01 14:02:58 Chunk ordinato: [4 8 9 13 14 21 24 26 29 29 31 32 36 36 40 40 41 43 45 45 46 46 46 47 50]
[WORKER] 2025/07/01 14:02:58 Mapper ha scritto i risultati in: output/temp_451f7da6b987.txt
[WORKER] 2025/07/01 14:02:58 Numero 4 --> 6d96837b08ad:9001 (range 1-9)
[WORKER] 2025/07/01 14:02:58 Numero 8 --> 6d96837b08ad:9001 (range 1-9)
[WORKER] 2025/07/01 14:02:58 Numero 9 --> a63e9f662ad8:9001 (range 9-21)
[WORKER] 2025/07/01 14:02:58 Numero 13 --> a63e9f662ad8:9001 (range 9-21)
[WORKER] 2025/07/01 14:02:58 Numero 14 --> a63e9f662ad8:9001 (range 9-21)
[WORKER] 2025/07/01 14:02:58 Numero 21 --> ae3ddac8d7b2:9001 (range 21-32)
[WORKER] 2025/07/01 14:02:58 Numero 24 --> ae3ddac8d7b2:9001 (range 21-32)
[WORKER] 2025/07/01 14:02:58 Numero 26 --> ae3ddac8d7b2:9001 (range 21-32)
[WORKER] 2025/07/01 14:02:58 Numero 29 --> ae3ddac8d7b2:9001 (range 21-32)
[WORKER] 2025/07/01 14:02:58 Numero 29 --> ae3ddac8d7b2:9001 (range 21-32)
[WORKER] 2025/07/01 14:02:58 Numero 31 --> ae3ddac8d7b2:9001 (range 21-32)
[WORKER] 2025/07/01 14:02:58 Numero 32 --> c5a4db658fcb:9001 (range 32-51)
[WORKER] 2025/07/01 14:02:58 Numero 36 --> c5a4db658fcb:9001 (range 32-51)
[WORKER] 2025/07/01 14:02:58 Numero 36 --> c5a4db658fcb:9001 (range 32-51)
[WORKER] 2025/07/01 14:02:58 Numero 40 --> c5a4db658fcb:9001 (range 32-51)
[WORKER] 2025/07/01 14:02:58 Numero 40 --> c5a4db658fcb:9001 (range 32-51)
[WORKER] 2025/07/01 14:02:58 Numero 41 --> c5a4db658fcb:9001 (range 32-51)
[WORKER] 2025/07/01 14:02:58 Numero 43 --> c5a4db658fcb:9001 (range 32-51)
[WORKER] 2025/07/01 14:02:58 Numero 45 --> c5a4db658fcb:9001 (range 32-51)
[WORKER] 2025/07/01 14:02:58 Numero 45 --> c5a4db658fcb:9001 (range 32-51)
[WORKER] 2025/07/01 14:02:58 Numero 46 --> c5a4db658fcb:9001 (range 32-51)
[WORKER] 2025/07/01 14:02:58 Numero 46 --> c5a4db658fcb:9001 (range 32-51)
[WORKER] 2025/07/01 14:02:58 Numero 46 --> c5a4db658fcb:9001 (range 32-51)
[WORKER] 2025/07/01 14:02:58 Numero 47 --> c5a4db658fcb:9001 (range 32-51)
[WORKER] 2025/07/01 14:02:58 Numero 50 --> c5a4db658fcb:9001 (range 32-51)
[WORKER] 2025/07/01 14:02:58 Invio il sotto-chunk [4 8] al reducer 6d96837b08ad:9001 (con fallback)
[WORKER] 2025/07/01 14:02:58 Chunk inviato con successo a 6d96837b08ad:9001 (primario 6d96837b08ad:9001)
[WORKER] 2025/07/01 14:02:58 Invio il sotto-chunk [9 13 14] al reducer a63e9f662ad8:9001 (con fallback)
[WORKER] 2025/07/01 14:02:58 Chunk inviato con successo a a63e9f662ad8:9001 (primario a63e9f662ad8:9001)
[WORKER] 2025/07/01 14:02:58 Invio il sotto-chunk [21 24 26 29 29 31] al reducer ae3ddac8d7b2:9001 (con fallback)
[WORKER] 2025/07/01 14:02:58 Chunk inviato con successo a ae3ddac8d7b2:9001 (primario ae3ddac8d7b2:9001)
[WORKER] 2025/07/01 14:02:58 Invio il sotto-chunk [32 36 36 40 40 41 43 45 45 46 46 46 47 50] al reducer c5a4db658fcb:9001 (con fallback)
[WORKER] 2025/07/01 14:02:58 Chunk inviato con successo a c5a4db658fcb:9001 (primario c5a4db658fcb:9001)
