[WORKER] 2025/06/26 15:39:41 Worker in ascolto su mapper3:9003
[WORKER] 2025/06/26 15:39:41 Mapper ha ricevuto il chunk: [30 14 23 34 45 26 9 30 33 21 35 37 46 18 33 39 30 7 28 44 30 43 1 11 22]
[WORKER] 2025/06/26 15:39:46 Chunk ordinato: [1 7 9 11 14 18 21 22 23 26 28 30 30 30 30 33 33 34 35 37 39 43 44 45 46]
[WORKER] 2025/06/26 15:39:46 Invio il sotto-chunk [1] al reducer reducer5:9005 (con fallback)
[WORKER] 2025/06/26 15:39:46 Chunk inviato con successo a reducer5:9005 (primario reducer5:9005)
[WORKER] 2025/06/26 15:39:46 Invio il sotto-chunk [7 9 11] al reducer reducer6:9006 (con fallback)
[WORKER] 2025/06/26 15:39:46 Chunk inviato con successo a reducer6:9006 (primario reducer6:9006)
[WORKER] 2025/06/26 15:39:46 Invio il sotto-chunk [14 18 21 22 23] al reducer reducer7:9007 (con fallback)
[WORKER] 2025/06/26 15:39:46 Chunk inviato con successo a reducer7:9007 (primario reducer7:9007)
[WORKER] 2025/06/26 15:39:46 Invio il sotto-chunk [26 28 30 30 30 30 33 33 34 35 37 39 43 44 45 46] al reducer reducer8:9008 (con fallback)
[WORKER] 2025/06/26 15:39:46 Chunk inviato con successo a reducer8:9008 (primario reducer8:9008)
[WORKER] 2025/06/26 15:55:14 Worker in ascolto su mapper3:9003
[WORKER] 2025/06/26 15:55:14 Mapper ha ricevuto il chunk: [49 37 2 33 7 3 24 34 39 41 42 27 19 43 36 2 32 29 12 20 22 35 26 13 2]
[WORKER] 2025/06/26 15:55:19 Chunk ordinato: [2 2 2 3 7 12 13 19 20 22 24 26 27 29 32 33 34 35 36 37 39 41 42 43 49]
[WORKER] 2025/06/26 15:55:19 Numero 2 --> reducer5:9005 (range 1-7)
[WORKER] 2025/06/26 15:55:19 Numero 2 --> reducer5:9005 (range 1-7)
[WORKER] 2025/06/26 15:55:19 Numero 2 --> reducer5:9005 (range 1-7)
[WORKER] 2025/06/26 15:55:19 Numero 3 --> reducer5:9005 (range 1-7)
[WORKER] 2025/06/26 15:55:19 Numero 7 --> reducer6:9006 (range 7-25)
[WORKER] 2025/06/26 15:55:19 Numero 12 --> reducer6:9006 (range 7-25)
[WORKER] 2025/06/26 15:55:19 Numero 13 --> reducer6:9006 (range 7-25)
[WORKER] 2025/06/26 15:55:19 Numero 19 --> reducer6:9006 (range 7-25)
[WORKER] 2025/06/26 15:55:19 Numero 20 --> reducer6:9006 (range 7-25)
[WORKER] 2025/06/26 15:55:19 Numero 22 --> reducer6:9006 (range 7-25)
[WORKER] 2025/06/26 15:55:19 Numero 24 --> reducer6:9006 (range 7-25)
[WORKER] 2025/06/26 15:55:19 Numero 26 --> reducer8:9008 (range 26-51)
[WORKER] 2025/06/26 15:55:19 Numero 27 --> reducer8:9008 (range 26-51)
[WORKER] 2025/06/26 15:55:19 Numero 29 --> reducer8:9008 (range 26-51)
[WORKER] 2025/06/26 15:55:19 Numero 32 --> reducer8:9008 (range 26-51)
[WORKER] 2025/06/26 15:55:19 Numero 33 --> reducer8:9008 (range 26-51)
[WORKER] 2025/06/26 15:55:19 Numero 34 --> reducer8:9008 (range 26-51)
[WORKER] 2025/06/26 15:55:19 Numero 35 --> reducer8:9008 (range 26-51)
[WORKER] 2025/06/26 15:55:19 Numero 36 --> reducer8:9008 (range 26-51)
[WORKER] 2025/06/26 15:55:19 Numero 37 --> reducer8:9008 (range 26-51)
[WORKER] 2025/06/26 15:55:19 Numero 39 --> reducer8:9008 (range 26-51)
[WORKER] 2025/06/26 15:55:19 Numero 41 --> reducer8:9008 (range 26-51)
[WORKER] 2025/06/26 15:55:19 Numero 42 --> reducer8:9008 (range 26-51)
[WORKER] 2025/06/26 15:55:19 Numero 43 --> reducer8:9008 (range 26-51)
[WORKER] 2025/06/26 15:55:19 Numero 49 --> reducer8:9008 (range 26-51)
[WORKER] 2025/06/26 15:55:19 Invio il sotto-chunk [2 2 2 3] al reducer reducer5:9005 (con fallback)
[WORKER] 2025/06/26 15:55:19 Chunk inviato con successo a reducer5:9005 (primario reducer5:9005)
[WORKER] 2025/06/26 15:55:19 Invio il sotto-chunk [7 12 13 19 20 22 24] al reducer reducer6:9006 (con fallback)
[WORKER] 2025/06/26 15:55:19 Chunk inviato con successo a reducer6:9006 (primario reducer6:9006)
[WORKER] 2025/06/26 15:55:19 Invio il sotto-chunk [26 27 29 32 33 34 35 36 37 39 41 42 43 49] al reducer reducer8:9008 (con fallback)
[WORKER] 2025/06/26 15:55:19 Chunk inviato con successo a reducer8:9008 (primario reducer8:9008)
[WORKER] 2025/06/26 16:16:46 Worker in ascolto su mapper3:9003
[WORKER] 2025/06/26 16:16:46 Mapper ha ricevuto il chunk: [48 50 3 29 19 27 16 26 16 25 32 3 28 24 9 41 31 2 33 49 26 23 13 24 27]
[WORKER] 2025/06/26 16:16:51 Chunk ordinato: [2 3 3 9 13 16 16 19 23 24 24 25 26 26 27 27 28 29 31 32 33 41 48 49 50]
[WORKER] 2025/06/26 16:16:51 Mapper ha scritto i risultati in: output/temp_mapper3.txt
[WORKER] 2025/06/26 16:16:51 Numero 2 --> reducer5:9005 (range 1-5)
[WORKER] 2025/06/26 16:16:51 Numero 3 --> reducer5:9005 (range 1-5)
[WORKER] 2025/06/26 16:16:51 Numero 3 --> reducer5:9005 (range 1-5)
[WORKER] 2025/06/26 16:16:51 Numero 9 --> reducer6:9006 (range 5-14)
[WORKER] 2025/06/26 16:16:51 Numero 13 --> reducer6:9006 (range 5-14)
[WORKER] 2025/06/26 16:16:51 Numero 16 --> reducer7:9007 (range 14-30)
[WORKER] 2025/06/26 16:16:51 Numero 16 --> reducer7:9007 (range 14-30)
[WORKER] 2025/06/26 16:16:51 Numero 19 --> reducer7:9007 (range 14-30)
[WORKER] 2025/06/26 16:16:51 Numero 23 --> reducer7:9007 (range 14-30)
[WORKER] 2025/06/26 16:16:51 Numero 24 --> reducer7:9007 (range 14-30)
[WORKER] 2025/06/26 16:16:51 Numero 24 --> reducer7:9007 (range 14-30)
[WORKER] 2025/06/26 16:16:51 Numero 25 --> reducer7:9007 (range 14-30)
[WORKER] 2025/06/26 16:16:51 Numero 26 --> reducer7:9007 (range 14-30)
[WORKER] 2025/06/26 16:16:51 Numero 26 --> reducer7:9007 (range 14-30)
[WORKER] 2025/06/26 16:16:51 Numero 27 --> reducer7:9007 (range 14-30)
[WORKER] 2025/06/26 16:16:51 Numero 27 --> reducer7:9007 (range 14-30)
[WORKER] 2025/06/26 16:16:51 Numero 28 --> reducer7:9007 (range 14-30)
[WORKER] 2025/06/26 16:16:51 Numero 29 --> reducer7:9007 (range 14-30)
[WORKER] 2025/06/26 16:16:51 Numero 31 --> reducer8:9008 (range 30-51)
[WORKER] 2025/06/26 16:16:51 Numero 32 --> reducer8:9008 (range 30-51)
[WORKER] 2025/06/26 16:16:51 Numero 33 --> reducer8:9008 (range 30-51)
[WORKER] 2025/06/26 16:16:51 Numero 41 --> reducer8:9008 (range 30-51)
[WORKER] 2025/06/26 16:16:51 Numero 48 --> reducer8:9008 (range 30-51)
[WORKER] 2025/06/26 16:16:51 Numero 49 --> reducer8:9008 (range 30-51)
[WORKER] 2025/06/26 16:16:51 Numero 50 --> reducer8:9008 (range 30-51)
[WORKER] 2025/06/26 16:16:51 Invio il sotto-chunk [2 3 3] al reducer reducer5:9005 (con fallback)
[WORKER] 2025/06/26 16:16:51 Chunk inviato con successo a reducer5:9005 (primario reducer5:9005)
[WORKER] 2025/06/26 16:16:51 Invio il sotto-chunk [9 13] al reducer reducer6:9006 (con fallback)
[WORKER] 2025/06/26 16:16:51 Chunk inviato con successo a reducer6:9006 (primario reducer6:9006)
[WORKER] 2025/06/26 16:16:51 Invio il sotto-chunk [16 16 19 23 24 24 25 26 26 27 27 28 29] al reducer reducer7:9007 (con fallback)
[WORKER] 2025/06/26 16:16:51 Chunk inviato con successo a reducer7:9007 (primario reducer7:9007)
[WORKER] 2025/06/26 16:16:51 Invio il sotto-chunk [31 32 33 41 48 49 50] al reducer reducer8:9008 (con fallback)
[WORKER] 2025/06/26 16:16:51 Chunk inviato con successo a reducer8:9008 (primario reducer8:9008)
[WORKER] 2025/06/26 16:29:08 Worker in ascolto su mapper3:9003
[WORKER] 2025/06/26 16:29:09 Mapper ha ricevuto il chunk: [3 49 11 29 28 27 5 38 36 39 24 42 50 36 44 19 24 19 23 25 3 36 21 15 15]
[WORKER] 2025/06/26 16:29:14 Chunk ordinato: [3 3 5 11 15 15 19 19 21 23 24 24 25 27 28 29 36 36 36 38 39 42 44 49 50]
[WORKER] 2025/06/26 16:29:14 Mapper ha scritto i risultati in: output/temp_mapper3.txt
[WORKER] 2025/06/26 16:29:14 Numero 3 --> reducer5:9005 (range 1-13)
[WORKER] 2025/06/26 16:29:14 Numero 3 --> reducer5:9005 (range 1-13)
[WORKER] 2025/06/26 16:29:14 Numero 5 --> reducer5:9005 (range 1-13)
[WORKER] 2025/06/26 16:29:14 Numero 11 --> reducer5:9005 (range 1-13)
[WORKER] 2025/06/26 16:29:14 Numero 15 --> reducer7:9007 (range 14-25)
[WORKER] 2025/06/26 16:29:14 Numero 15 --> reducer7:9007 (range 14-25)
[WORKER] 2025/06/26 16:29:14 Numero 19 --> reducer7:9007 (range 14-25)
[WORKER] 2025/06/26 16:29:14 Numero 19 --> reducer7:9007 (range 14-25)
[WORKER] 2025/06/26 16:29:14 Numero 21 --> reducer7:9007 (range 14-25)
[WORKER] 2025/06/26 16:29:14 Numero 23 --> reducer7:9007 (range 14-25)
[WORKER] 2025/06/26 16:29:14 Numero 24 --> reducer7:9007 (range 14-25)
[WORKER] 2025/06/26 16:29:14 Numero 24 --> reducer7:9007 (range 14-25)
[WORKER] 2025/06/26 16:29:14 Numero 25 --> reducer8:9008 (range 25-51)
[WORKER] 2025/06/26 16:29:14 Numero 27 --> reducer8:9008 (range 25-51)
[WORKER] 2025/06/26 16:29:14 Numero 28 --> reducer8:9008 (range 25-51)
[WORKER] 2025/06/26 16:29:14 Numero 29 --> reducer8:9008 (range 25-51)
[WORKER] 2025/06/26 16:29:14 Numero 36 --> reducer8:9008 (range 25-51)
[WORKER] 2025/06/26 16:29:14 Numero 36 --> reducer8:9008 (range 25-51)
[WORKER] 2025/06/26 16:29:14 Numero 36 --> reducer8:9008 (range 25-51)
[WORKER] 2025/06/26 16:29:14 Numero 38 --> reducer8:9008 (range 25-51)
[WORKER] 2025/06/26 16:29:14 Numero 39 --> reducer8:9008 (range 25-51)
[WORKER] 2025/06/26 16:29:14 Numero 42 --> reducer8:9008 (range 25-51)
[WORKER] 2025/06/26 16:29:14 Numero 44 --> reducer8:9008 (range 25-51)
[WORKER] 2025/06/26 16:29:14 Numero 49 --> reducer8:9008 (range 25-51)
[WORKER] 2025/06/26 16:29:14 Numero 50 --> reducer8:9008 (range 25-51)
[WORKER] 2025/06/26 16:29:14 Invio il sotto-chunk [3 3 5 11] al reducer reducer5:9005 (con fallback)
[WORKER] 2025/06/26 16:29:14 Chunk inviato con successo a reducer5:9005 (primario reducer5:9005)
[WORKER] 2025/06/26 16:29:14 Invio il sotto-chunk [15 15 19 19 21 23 24 24] al reducer reducer7:9007 (con fallback)
[WORKER] 2025/06/26 16:29:14 Chunk inviato con successo a reducer7:9007 (primario reducer7:9007)
[WORKER] 2025/06/26 16:29:14 Invio il sotto-chunk [25 27 28 29 36 36 36 38 39 42 44 49 50] al reducer reducer8:9008 (con fallback)
[WORKER] 2025/06/26 16:29:14 Chunk inviato con successo a reducer8:9008 (primario reducer8:9008)
[WORKER] 2025/06/26 16:39:24 Worker in ascolto su mapper3:9003
[WORKER] 2025/06/26 16:39:25 Mapper ha ricevuto il chunk: [2 50 26 26 42 30 10 40 50 13 47 35 12 45 29 42 12 2 47 9 34 14 20 27 46]
[WORKER] 2025/06/26 16:40:05 Worker in ascolto su mapper3:9003
[WORKER] 2025/06/26 16:40:06 Mapper ha ricevuto il chunk: [11 25 40 4 21 31 36 23 6 14 16 17 15 7 13 35 11 46 28 34 29 8 46 33 17]
[WORKER] 2025/06/26 16:46:32 Worker in ascolto su mapper3:9003
[WORKER] 2025/06/26 16:46:32 Mapper ha ricevuto il chunk: [21 33 32 32 38 18 43 18 5 15 29 12 18 35 18 21 11 40 34 30 28 9 47 35 45]
[WORKER] 2025/06/26 16:46:37 Chunk ordinato: [5 9 11 12 15 18 18 18 18 21 21 28 29 30 32 32 33 34 35 35 38 40 43 45 47]
[WORKER] 2025/06/26 16:46:37 Mapper ha scritto i risultati in: output/temp_mapper3.txt
[WORKER] 2025/06/26 16:46:37 Numero 5 --> reducer5:9005 (range 1-8)
[WORKER] 2025/06/26 16:46:37 Numero 9 --> reducer6:9006 (range 8-28)
[WORKER] 2025/06/26 16:46:37 Numero 11 --> reducer6:9006 (range 8-28)
[WORKER] 2025/06/26 16:46:37 Numero 12 --> reducer6:9006 (range 8-28)
[WORKER] 2025/06/26 16:46:37 Numero 15 --> reducer6:9006 (range 8-28)
[WORKER] 2025/06/26 16:46:37 Numero 18 --> reducer6:9006 (range 8-28)
[WORKER] 2025/06/26 16:46:37 Numero 18 --> reducer6:9006 (range 8-28)
[WORKER] 2025/06/26 16:46:37 Numero 18 --> reducer6:9006 (range 8-28)
[WORKER] 2025/06/26 16:46:37 Numero 18 --> reducer6:9006 (range 8-28)
[WORKER] 2025/06/26 16:46:37 Numero 21 --> reducer6:9006 (range 8-28)
[WORKER] 2025/06/26 16:46:37 Numero 21 --> reducer6:9006 (range 8-28)
[WORKER] 2025/06/26 16:46:37 Numero 28 --> reducer7:9007 (range 28-35)
[WORKER] 2025/06/26 16:46:37 Numero 29 --> reducer7:9007 (range 28-35)
[WORKER] 2025/06/26 16:46:37 Numero 30 --> reducer7:9007 (range 28-35)
[WORKER] 2025/06/26 16:46:37 Numero 32 --> reducer7:9007 (range 28-35)
[WORKER] 2025/06/26 16:46:37 Numero 32 --> reducer7:9007 (range 28-35)
[WORKER] 2025/06/26 16:46:37 Numero 33 --> reducer7:9007 (range 28-35)
[WORKER] 2025/06/26 16:46:37 Numero 34 --> reducer7:9007 (range 28-35)
[WORKER] 2025/06/26 16:46:37 Numero 35 --> reducer8:9008 (range 35-51)
[WORKER] 2025/06/26 16:46:37 Numero 35 --> reducer8:9008 (range 35-51)
[WORKER] 2025/06/26 16:46:37 Numero 38 --> reducer8:9008 (range 35-51)
[WORKER] 2025/06/26 16:46:37 Numero 40 --> reducer8:9008 (range 35-51)
[WORKER] 2025/06/26 16:46:37 Numero 43 --> reducer8:9008 (range 35-51)
[WORKER] 2025/06/26 16:46:37 Numero 45 --> reducer8:9008 (range 35-51)
[WORKER] 2025/06/26 16:46:37 Numero 47 --> reducer8:9008 (range 35-51)
[WORKER] 2025/06/26 16:46:37 Invio il sotto-chunk [5] al reducer reducer5:9005 (con fallback)
[WORKER] 2025/06/26 16:46:37 Chunk inviato con successo a reducer5:9005 (primario reducer5:9005)
[WORKER] 2025/06/26 16:46:37 Invio il sotto-chunk [9 11 12 15 18 18 18 18 21 21] al reducer reducer6:9006 (con fallback)
[WORKER] 2025/06/26 16:46:39 Fallito verso reducer6:9006 (timeout connessione): dial tcp 127.0.0.2:9006: connect: connection refused
[WORKER] 2025/06/26 16:46:39 Chunk inviato con successo a reducer7:9007 (primario reducer6:9006)
[WORKER] 2025/06/26 16:46:39 Invio il sotto-chunk [28 29 30 32 32 33 34] al reducer reducer7:9007 (con fallback)
[WORKER] 2025/06/26 16:46:39 Chunk inviato con successo a reducer7:9007 (primario reducer7:9007)
[WORKER] 2025/06/26 16:46:39 Invio il sotto-chunk [35 35 38 40 43 45 47] al reducer reducer8:9008 (con fallback)
[WORKER] 2025/06/26 16:46:39 Chunk inviato con successo a reducer8:9008 (primario reducer8:9008)
[WORKER] 2025/06/26 16:48:25 Worker in ascolto su mapper3:9003
[WORKER] 2025/06/26 16:48:26 Mapper ha ricevuto il chunk: [7 19 50 21 50 12 11 4 20 27 8 19 44 16 8 31 6 17 34 24 40 29 24 37 46]
[WORKER] 2025/06/26 16:48:31 Chunk ordinato: [4 6 7 8 8 11 12 16 17 19 19 20 21 24 24 27 29 31 34 37 40 44 46 50 50]
[WORKER] 2025/06/26 16:48:31 Mapper ha scritto i risultati in: output/temp_mapper3.txt
[WORKER] 2025/06/26 16:48:31 Numero 4 --> reducer6:9006 (range 2-11)
[WORKER] 2025/06/26 16:48:31 Numero 6 --> reducer6:9006 (range 2-11)
[WORKER] 2025/06/26 16:48:31 Numero 7 --> reducer6:9006 (range 2-11)
[WORKER] 2025/06/26 16:48:31 Numero 8 --> reducer6:9006 (range 2-11)
[WORKER] 2025/06/26 16:48:31 Numero 8 --> reducer6:9006 (range 2-11)
[WORKER] 2025/06/26 16:48:31 Numero 11 --> reducer7:9007 (range 11-18)
[WORKER] 2025/06/26 16:48:31 Numero 12 --> reducer7:9007 (range 11-18)
[WORKER] 2025/06/26 16:48:31 Numero 16 --> reducer7:9007 (range 11-18)
[WORKER] 2025/06/26 16:48:31 Numero 17 --> reducer7:9007 (range 11-18)
[WORKER] 2025/06/26 16:48:31 Numero 19 --> reducer8:9008 (range 18-51)
[WORKER] 2025/06/26 16:48:31 Numero 19 --> reducer8:9008 (range 18-51)
[WORKER] 2025/06/26 16:48:31 Numero 20 --> reducer8:9008 (range 18-51)
[WORKER] 2025/06/26 16:48:31 Numero 21 --> reducer8:9008 (range 18-51)
[WORKER] 2025/06/26 16:48:31 Numero 24 --> reducer8:9008 (range 18-51)
[WORKER] 2025/06/26 16:48:31 Numero 24 --> reducer8:9008 (range 18-51)
[WORKER] 2025/06/26 16:48:31 Numero 27 --> reducer8:9008 (range 18-51)
[WORKER] 2025/06/26 16:48:31 Numero 29 --> reducer8:9008 (range 18-51)
[WORKER] 2025/06/26 16:48:31 Numero 31 --> reducer8:9008 (range 18-51)
[WORKER] 2025/06/26 16:48:31 Numero 34 --> reducer8:9008 (range 18-51)
[WORKER] 2025/06/26 16:48:31 Numero 37 --> reducer8:9008 (range 18-51)
[WORKER] 2025/06/26 16:48:31 Numero 40 --> reducer8:9008 (range 18-51)
[WORKER] 2025/06/26 16:48:31 Numero 44 --> reducer8:9008 (range 18-51)
[WORKER] 2025/06/26 16:48:31 Numero 46 --> reducer8:9008 (range 18-51)
[WORKER] 2025/06/26 16:48:31 Numero 50 --> reducer8:9008 (range 18-51)
[WORKER] 2025/06/26 16:48:31 Numero 50 --> reducer8:9008 (range 18-51)
[WORKER] 2025/06/26 16:48:31 Invio il sotto-chunk [4 6 7 8 8] al reducer reducer6:9006 (con fallback)
[WORKER] 2025/06/26 16:48:31 Chunk inviato con successo a reducer6:9006 (primario reducer6:9006)
[WORKER] 2025/06/26 16:48:31 Invio il sotto-chunk [11 12 16 17] al reducer reducer7:9007 (con fallback)
[WORKER] 2025/06/26 16:48:31 Chunk inviato con successo a reducer7:9007 (primario reducer7:9007)
[WORKER] 2025/06/26 16:48:31 Invio il sotto-chunk [19 19 20 21 24 24 27 29 31 34 37 40 44 46 50 50] al reducer reducer8:9008 (con fallback)
[WORKER] 2025/06/26 16:48:31 Chunk inviato con successo a reducer8:9008 (primario reducer8:9008)
[WORKER] 2025/06/26 16:57:38 Worker in ascolto su mapper3:9003
[WORKER] 2025/06/26 16:57:38 Mapper ha ricevuto il chunk: [11 12 14 16 17 19 24 25 27 35 26 16 44 45 2 31 40 21 16 41 36 16 44 4 50]
[WORKER] 2025/06/26 16:57:43 Chunk ordinato: [2 4 11 12 14 16 16 16 16 17 19 21 24 25 26 27 31 35 36 40 41 44 44 45 50]
[WORKER] 2025/06/26 16:57:43 Mapper ha scritto i risultati in: output/temp_mapper3.txt
[WORKER] 2025/06/26 16:57:43 Numero 2 --> reducer5:9005 (range 1-11)
[WORKER] 2025/06/26 16:57:43 Numero 4 --> reducer5:9005 (range 1-11)
[WORKER] 2025/06/26 16:57:43 Numero 11 --> reducer6:9006 (range 11-14)
[WORKER] 2025/06/26 16:57:43 Numero 12 --> reducer6:9006 (range 11-14)
[WORKER] 2025/06/26 16:57:43 Numero 14 --> reducer7:9007 (range 14-17)
[WORKER] 2025/06/26 16:57:43 Numero 16 --> reducer7:9007 (range 14-17)
[WORKER] 2025/06/26 16:57:43 Numero 16 --> reducer7:9007 (range 14-17)
[WORKER] 2025/06/26 16:57:43 Numero 16 --> reducer7:9007 (range 14-17)
[WORKER] 2025/06/26 16:57:43 Numero 16 --> reducer7:9007 (range 14-17)
[WORKER] 2025/06/26 16:57:43 Numero 17 --> reducer8:9008 (range 17-51)
[WORKER] 2025/06/26 16:57:43 Numero 19 --> reducer8:9008 (range 17-51)
[WORKER] 2025/06/26 16:57:43 Numero 21 --> reducer8:9008 (range 17-51)
[WORKER] 2025/06/26 16:57:43 Numero 24 --> reducer8:9008 (range 17-51)
[WORKER] 2025/06/26 16:57:43 Numero 25 --> reducer8:9008 (range 17-51)
[WORKER] 2025/06/26 16:57:43 Numero 26 --> reducer8:9008 (range 17-51)
[WORKER] 2025/06/26 16:57:43 Numero 27 --> reducer8:9008 (range 17-51)
[WORKER] 2025/06/26 16:57:43 Numero 31 --> reducer8:9008 (range 17-51)
[WORKER] 2025/06/26 16:57:43 Numero 35 --> reducer8:9008 (range 17-51)
[WORKER] 2025/06/26 16:57:43 Numero 36 --> reducer8:9008 (range 17-51)
[WORKER] 2025/06/26 16:57:43 Numero 40 --> reducer8:9008 (range 17-51)
[WORKER] 2025/06/26 16:57:43 Numero 41 --> reducer8:9008 (range 17-51)
[WORKER] 2025/06/26 16:57:43 Numero 44 --> reducer8:9008 (range 17-51)
[WORKER] 2025/06/26 16:57:43 Numero 44 --> reducer8:9008 (range 17-51)
[WORKER] 2025/06/26 16:57:43 Numero 45 --> reducer8:9008 (range 17-51)
[WORKER] 2025/06/26 16:57:43 Numero 50 --> reducer8:9008 (range 17-51)
[WORKER] 2025/06/26 16:57:43 Invio il sotto-chunk [17 19 21 24 25 26 27 31 35 36 40 41 44 44 45 50] al reducer reducer8:9008 (con fallback)
[WORKER] 2025/06/26 16:57:43 Chunk inviato con successo a reducer8:9008 (primario reducer8:9008)
[WORKER] 2025/06/26 16:57:43 Invio il sotto-chunk [2 4] al reducer reducer5:9005 (con fallback)
[WORKER] 2025/06/26 16:57:43 Chunk inviato con successo a reducer5:9005 (primario reducer5:9005)
[WORKER] 2025/06/26 16:57:43 Invio il sotto-chunk [11 12] al reducer reducer6:9006 (con fallback)
[WORKER] 2025/06/26 16:57:43 Fallito verso reducer6:9006 (timeout connessione): dial tcp 127.0.0.2:9006: connect: connection refused
[WORKER] 2025/06/26 16:57:43 Chunk inviato con successo a reducer5:9005 (primario reducer6:9006)
[WORKER] 2025/06/26 16:57:43 Invio il sotto-chunk [14 16 16 16 16] al reducer reducer7:9007 (con fallback)
[WORKER] 2025/06/26 16:57:43 Chunk inviato con successo a reducer7:9007 (primario reducer7:9007)
[WORKER] 2025/06/26 17:06:17 Worker in ascolto su mapper3:9003
[WORKER] 2025/06/26 17:06:17 Mapper ha ricevuto il chunk: [6 14 17 19 27 30 35 43 44 47 40 8 39 39 17 6 22 40 20 35 41 50 42 28 32]
[WORKER] 2025/06/26 17:06:22 Chunk ordinato: [6 6 8 14 17 17 19 20 22 27 28 30 32 35 35 39 39 40 40 41 42 43 44 47 50]
[WORKER] 2025/06/26 17:06:23 Mapper ha scritto i risultati in: output/temp_mapper3.txt
[WORKER] 2025/06/26 17:06:23 Numero 6 --> reducer6:9006 (range 6-17)
[WORKER] 2025/06/26 17:06:23 Numero 6 --> reducer6:9006 (range 6-17)
[WORKER] 2025/06/26 17:06:23 Numero 8 --> reducer6:9006 (range 6-17)
[WORKER] 2025/06/26 17:06:23 Numero 14 --> reducer6:9006 (range 6-17)
[WORKER] 2025/06/26 17:06:23 Numero 17 --> reducer7:9007 (range 17-27)
[WORKER] 2025/06/26 17:06:23 Numero 17 --> reducer7:9007 (range 17-27)
[WORKER] 2025/06/26 17:06:23 Numero 19 --> reducer7:9007 (range 17-27)
[WORKER] 2025/06/26 17:06:23 Numero 20 --> reducer7:9007 (range 17-27)
[WORKER] 2025/06/26 17:06:23 Numero 22 --> reducer7:9007 (range 17-27)
[WORKER] 2025/06/26 17:06:23 Numero 27 --> reducer8:9008 (range 27-51)
[WORKER] 2025/06/26 17:06:23 Numero 28 --> reducer8:9008 (range 27-51)
[WORKER] 2025/06/26 17:06:23 Numero 30 --> reducer8:9008 (range 27-51)
[WORKER] 2025/06/26 17:06:23 Numero 32 --> reducer8:9008 (range 27-51)
[WORKER] 2025/06/26 17:06:23 Numero 35 --> reducer8:9008 (range 27-51)
[WORKER] 2025/06/26 17:06:23 Numero 35 --> reducer8:9008 (range 27-51)
[WORKER] 2025/06/26 17:06:23 Numero 39 --> reducer8:9008 (range 27-51)
[WORKER] 2025/06/26 17:06:23 Numero 39 --> reducer8:9008 (range 27-51)
[WORKER] 2025/06/26 17:06:23 Numero 40 --> reducer8:9008 (range 27-51)
[WORKER] 2025/06/26 17:06:23 Numero 40 --> reducer8:9008 (range 27-51)
[WORKER] 2025/06/26 17:06:23 Numero 41 --> reducer8:9008 (range 27-51)
[WORKER] 2025/06/26 17:06:23 Numero 42 --> reducer8:9008 (range 27-51)
[WORKER] 2025/06/26 17:06:23 Numero 43 --> reducer8:9008 (range 27-51)
[WORKER] 2025/06/26 17:06:23 Numero 44 --> reducer8:9008 (range 27-51)
[WORKER] 2025/06/26 17:06:23 Numero 47 --> reducer8:9008 (range 27-51)
[WORKER] 2025/06/26 17:06:23 Numero 50 --> reducer8:9008 (range 27-51)
[WORKER] 2025/06/26 17:06:23 Invio il sotto-chunk [6 6 8 14] al reducer reducer6:9006 (con fallback)
[WORKER] 2025/06/26 17:06:23 Fallito verso reducer6:9006 (timeout connessione): dial tcp 127.0.0.2:9006: connect: connection refused
[WORKER] 2025/06/26 17:06:23 Chunk inviato con successo a reducer7:9007 (primario reducer6:9006)
[WORKER] 2025/06/26 17:06:23 Invio il sotto-chunk [17 17 19 20 22] al reducer reducer7:9007 (con fallback)
[WORKER] 2025/06/26 17:06:23 Chunk inviato con successo a reducer7:9007 (primario reducer7:9007)
[WORKER] 2025/06/26 17:06:23 Invio il sotto-chunk [27 28 30 32 35 35 39 39 40 40 41 42 43 44 47 50] al reducer reducer8:9008 (con fallback)
[WORKER] 2025/06/26 17:06:23 Chunk inviato con successo a reducer8:9008 (primario reducer8:9008)
[WORKER] 2025/06/26 17:08:59 Worker in ascolto su mapper3:9003
[WORKER] 2025/06/26 17:09:00 Mapper ha ricevuto il chunk: [34 29 16 20 31 30 6 47 48 50 38 10 32 31 49 38 43 48 14 11 10 34 28 15 38]
[WORKER] 2025/06/26 17:09:05 Chunk ordinato: [6 10 10 11 14 15 16 20 28 29 30 31 31 32 34 34 38 38 38 43 47 48 48 49 50]
[WORKER] 2025/06/26 17:09:05 Mapper ha scritto i risultati in: output/temp_mapper3.txt
[WORKER] 2025/06/26 17:09:05 Numero 6 --> reducer6:9006 (range 3-8)
[WORKER] 2025/06/26 17:09:05 Numero 10 --> reducer7:9007 (range 8-22)
[WORKER] 2025/06/26 17:09:05 Numero 10 --> reducer7:9007 (range 8-22)
[WORKER] 2025/06/26 17:09:05 Numero 11 --> reducer7:9007 (range 8-22)
[WORKER] 2025/06/26 17:09:05 Numero 14 --> reducer7:9007 (range 8-22)
[WORKER] 2025/06/26 17:09:05 Numero 15 --> reducer7:9007 (range 8-22)
[WORKER] 2025/06/26 17:09:05 Numero 16 --> reducer7:9007 (range 8-22)
[WORKER] 2025/06/26 17:09:05 Numero 20 --> reducer7:9007 (range 8-22)
[WORKER] 2025/06/26 17:09:05 Numero 28 --> reducer8:9008 (range 22-51)
[WORKER] 2025/06/26 17:09:05 Numero 29 --> reducer8:9008 (range 22-51)
[WORKER] 2025/06/26 17:09:05 Numero 30 --> reducer8:9008 (range 22-51)
[WORKER] 2025/06/26 17:09:05 Numero 31 --> reducer8:9008 (range 22-51)
[WORKER] 2025/06/26 17:09:05 Numero 31 --> reducer8:9008 (range 22-51)
[WORKER] 2025/06/26 17:09:05 Numero 32 --> reducer8:9008 (range 22-51)
[WORKER] 2025/06/26 17:09:05 Numero 34 --> reducer8:9008 (range 22-51)
[WORKER] 2025/06/26 17:09:05 Numero 34 --> reducer8:9008 (range 22-51)
[WORKER] 2025/06/26 17:09:05 Numero 38 --> reducer8:9008 (range 22-51)
[WORKER] 2025/06/26 17:09:05 Numero 38 --> reducer8:9008 (range 22-51)
[WORKER] 2025/06/26 17:09:05 Numero 38 --> reducer8:9008 (range 22-51)
[WORKER] 2025/06/26 17:09:05 Numero 43 --> reducer8:9008 (range 22-51)
[WORKER] 2025/06/26 17:09:05 Numero 47 --> reducer8:9008 (range 22-51)
[WORKER] 2025/06/26 17:09:05 Numero 48 --> reducer8:9008 (range 22-51)
[WORKER] 2025/06/26 17:09:05 Numero 48 --> reducer8:9008 (range 22-51)
[WORKER] 2025/06/26 17:09:05 Numero 49 --> reducer8:9008 (range 22-51)
[WORKER] 2025/06/26 17:09:05 Numero 50 --> reducer8:9008 (range 22-51)
[WORKER] 2025/06/26 17:09:05 Invio il sotto-chunk [10 10 11 14 15 16 20] al reducer reducer7:9007 (con fallback)
[WORKER] 2025/06/26 17:09:05 Chunk inviato con successo a reducer7:9007 (primario reducer7:9007)
[WORKER] 2025/06/26 17:09:05 Invio il sotto-chunk [28 29 30 31 31 32 34 34 38 38 38 43 47 48 48 49 50] al reducer reducer8:9008 (con fallback)
[WORKER] 2025/06/26 17:09:05 Chunk inviato con successo a reducer8:9008 (primario reducer8:9008)
[WORKER] 2025/06/26 17:09:05 Invio il sotto-chunk [6] al reducer reducer6:9006 (con fallback)
[WORKER] 2025/06/26 17:09:05 Chunk inviato con successo a reducer6:9006 (primario reducer6:9006)
[WORKER] 2025/06/26 17:10:04 Worker in ascolto su mapper3:9003
[WORKER] 2025/06/26 17:10:05 Mapper ha ricevuto il chunk: [32 17 27 48 12 47 7 3 5 20 27 45 7 30 16 17 39 23 45 19 45 43 30 7 28]
[WORKER] 2025/06/26 17:10:10 Chunk ordinato: [3 5 7 7 7 12 16 17 17 19 20 23 27 27 28 30 30 32 39 43 45 45 45 47 48]
[WORKER] 2025/06/26 17:10:10 Mapper ha scritto i risultati in: output/temp_mapper3.txt
[WORKER] 2025/06/26 17:10:10 Numero 3 --> reducer5:9005 (range 1-9)
[WORKER] 2025/06/26 17:10:10 Numero 5 --> reducer5:9005 (range 1-9)
[WORKER] 2025/06/26 17:10:10 Numero 7 --> reducer5:9005 (range 1-9)
[WORKER] 2025/06/26 17:10:10 Numero 7 --> reducer5:9005 (range 1-9)
[WORKER] 2025/06/26 17:10:10 Numero 7 --> reducer5:9005 (range 1-9)
[WORKER] 2025/06/26 17:10:10 Numero 12 --> reducer6:9006 (range 9-13)
[WORKER] 2025/06/26 17:10:10 Numero 16 --> reducer7:9007 (range 13-23)
[WORKER] 2025/06/26 17:10:10 Numero 17 --> reducer7:9007 (range 13-23)
[WORKER] 2025/06/26 17:10:10 Numero 17 --> reducer7:9007 (range 13-23)
[WORKER] 2025/06/26 17:10:10 Numero 19 --> reducer7:9007 (range 13-23)
[WORKER] 2025/06/26 17:10:10 Numero 20 --> reducer7:9007 (range 13-23)
[WORKER] 2025/06/26 17:10:10 Numero 23 --> reducer8:9008 (range 23-51)
[WORKER] 2025/06/26 17:10:10 Numero 27 --> reducer8:9008 (range 23-51)
[WORKER] 2025/06/26 17:10:10 Numero 27 --> reducer8:9008 (range 23-51)
[WORKER] 2025/06/26 17:10:10 Numero 28 --> reducer8:9008 (range 23-51)
[WORKER] 2025/06/26 17:10:10 Numero 30 --> reducer8:9008 (range 23-51)
[WORKER] 2025/06/26 17:10:10 Numero 30 --> reducer8:9008 (range 23-51)
[WORKER] 2025/06/26 17:10:10 Numero 32 --> reducer8:9008 (range 23-51)
[WORKER] 2025/06/26 17:10:10 Numero 39 --> reducer8:9008 (range 23-51)
[WORKER] 2025/06/26 17:10:10 Numero 43 --> reducer8:9008 (range 23-51)
[WORKER] 2025/06/26 17:10:10 Numero 45 --> reducer8:9008 (range 23-51)
[WORKER] 2025/06/26 17:10:10 Numero 45 --> reducer8:9008 (range 23-51)
[WORKER] 2025/06/26 17:10:10 Numero 45 --> reducer8:9008 (range 23-51)
[WORKER] 2025/06/26 17:10:10 Numero 47 --> reducer8:9008 (range 23-51)
[WORKER] 2025/06/26 17:10:10 Numero 48 --> reducer8:9008 (range 23-51)
[WORKER] 2025/06/26 17:10:10 Invio il sotto-chunk [3 5 7 7 7] al reducer reducer5:9005 (con fallback)
[WORKER] 2025/06/26 17:10:10 Chunk inviato con successo a reducer5:9005 (primario reducer5:9005)
[WORKER] 2025/06/26 17:10:10 Invio il sotto-chunk [12] al reducer reducer6:9006 (con fallback)
[WORKER] 2025/06/26 17:10:10 Fallito verso reducer6:9006 (timeout connessione): dial tcp 127.0.0.2:9006: connect: connection refused
[WORKER] 2025/06/26 17:10:10 Chunk inviato con successo a reducer5:9005 (primario reducer6:9006)
[WORKER] 2025/06/26 17:10:10 Invio il sotto-chunk [16 17 17 19 20] al reducer reducer7:9007 (con fallback)
[WORKER] 2025/06/26 17:10:10 Chunk inviato con successo a reducer7:9007 (primario reducer7:9007)
[WORKER] 2025/06/26 17:10:10 Invio il sotto-chunk [23 27 27 28 30 30 32 39 43 45 45 45 47 48] al reducer reducer8:9008 (con fallback)
[WORKER] 2025/06/26 17:10:10 Chunk inviato con successo a reducer8:9008 (primario reducer8:9008)
[WORKER] 2025/06/26 17:11:48 Worker in ascolto su mapper3:9003
[WORKER] 2025/06/26 17:11:49 Mapper ha ricevuto il chunk: [13 15 17 18 21 30 31 34 42 47 31 41 18 5 25 3 50 25 32 47 48 26 17 37 48]
[WORKER] 2025/06/26 17:11:54 Chunk ordinato: [3 5 13 15 17 17 18 18 21 25 25 26 30 31 31 32 34 37 41 42 47 47 48 48 50]
[WORKER] 2025/06/26 17:11:54 Mapper ha scritto i risultati in: output/temp_mapper3.txt
[WORKER] 2025/06/26 17:11:54 Numero 3 --> reducer5:9005 (range 1-13)
[WORKER] 2025/06/26 17:11:54 Numero 5 --> reducer5:9005 (range 1-13)
[WORKER] 2025/06/26 17:11:54 Numero 13 --> reducer6:9006 (range 13-17)
[WORKER] 2025/06/26 17:11:54 Numero 15 --> reducer6:9006 (range 13-17)
[WORKER] 2025/06/26 17:11:54 Numero 17 --> reducer7:9007 (range 17-21)
[WORKER] 2025/06/26 17:11:54 Numero 17 --> reducer7:9007 (range 17-21)
[WORKER] 2025/06/26 17:11:54 Numero 18 --> reducer7:9007 (range 17-21)
[WORKER] 2025/06/26 17:11:54 Numero 18 --> reducer7:9007 (range 17-21)
[WORKER] 2025/06/26 17:11:54 Numero 21 --> reducer8:9008 (range 21-51)
[WORKER] 2025/06/26 17:11:54 Numero 25 --> reducer8:9008 (range 21-51)
[WORKER] 2025/06/26 17:11:54 Numero 25 --> reducer8:9008 (range 21-51)
[WORKER] 2025/06/26 17:11:54 Numero 26 --> reducer8:9008 (range 21-51)
[WORKER] 2025/06/26 17:11:54 Numero 30 --> reducer8:9008 (range 21-51)
[WORKER] 2025/06/26 17:11:54 Numero 31 --> reducer8:9008 (range 21-51)
[WORKER] 2025/06/26 17:11:54 Numero 31 --> reducer8:9008 (range 21-51)
[WORKER] 2025/06/26 17:11:54 Numero 32 --> reducer8:9008 (range 21-51)
[WORKER] 2025/06/26 17:11:54 Numero 34 --> reducer8:9008 (range 21-51)
[WORKER] 2025/06/26 17:11:54 Numero 37 --> reducer8:9008 (range 21-51)
[WORKER] 2025/06/26 17:11:54 Numero 41 --> reducer8:9008 (range 21-51)
[WORKER] 2025/06/26 17:11:54 Numero 42 --> reducer8:9008 (range 21-51)
[WORKER] 2025/06/26 17:11:54 Numero 47 --> reducer8:9008 (range 21-51)
[WORKER] 2025/06/26 17:11:54 Numero 47 --> reducer8:9008 (range 21-51)
[WORKER] 2025/06/26 17:11:54 Numero 48 --> reducer8:9008 (range 21-51)
[WORKER] 2025/06/26 17:11:54 Numero 48 --> reducer8:9008 (range 21-51)
[WORKER] 2025/06/26 17:11:54 Numero 50 --> reducer8:9008 (range 21-51)
[WORKER] 2025/06/26 17:11:54 Invio il sotto-chunk [3 5] al reducer reducer5:9005 (con fallback)
[WORKER] 2025/06/26 17:11:54 Chunk inviato con successo a reducer5:9005 (primario reducer5:9005)
[WORKER] 2025/06/26 17:11:54 Invio il sotto-chunk [13 15] al reducer reducer6:9006 (con fallback)
[WORKER] 2025/06/26 17:11:54 Chunk inviato con successo a reducer6:9006 (primario reducer6:9006)
[WORKER] 2025/06/26 17:11:54 Invio il sotto-chunk [17 17 18 18] al reducer reducer7:9007 (con fallback)
[WORKER] 2025/06/26 17:11:54 Chunk inviato con successo a reducer7:9007 (primario reducer7:9007)
[WORKER] 2025/06/26 17:11:54 Invio il sotto-chunk [21 25 25 26 30 31 31 32 34 37 41 42 47 47 48 48 50] al reducer reducer8:9008 (con fallback)
[WORKER] 2025/06/26 17:11:54 Chunk inviato con successo a reducer8:9008 (primario reducer8:9008)
[WORKER] 2025/06/26 17:22:31 Worker in ascolto su mapper3:9003
[WORKER] 2025/06/26 17:22:34 Mapper ha ricevuto il chunk: [1 4 4 5 17 33 33 35 42 44 12 2 38 17 24 28 42 33 12 41 21 27 13 33 12]
[WORKER] 2025/06/26 17:22:39 Chunk ordinato: [1 2 4 4 5 12 12 12 13 17 17 21 24 27 28 33 33 33 33 35 38 41 42 42 44]
[WORKER] 2025/06/26 17:22:39 Mapper ha scritto i risultati in: output/temp_mapper3.txt
[WORKER] 2025/06/26 17:22:39 Numero 1 --> reducer6:9006 (range 1-4)
[WORKER] 2025/06/26 17:22:39 Numero 2 --> reducer6:9006 (range 1-4)
[WORKER] 2025/06/26 17:22:39 Numero 4 --> reducer7:9007 (range 4-17)
[WORKER] 2025/06/26 17:22:39 Numero 4 --> reducer7:9007 (range 4-17)
[WORKER] 2025/06/26 17:22:39 Numero 5 --> reducer7:9007 (range 4-17)
[WORKER] 2025/06/26 17:22:39 Numero 12 --> reducer7:9007 (range 4-17)
[WORKER] 2025/06/26 17:22:39 Numero 12 --> reducer7:9007 (range 4-17)
[WORKER] 2025/06/26 17:22:39 Numero 12 --> reducer7:9007 (range 4-17)
[WORKER] 2025/06/26 17:22:39 Numero 13 --> reducer7:9007 (range 4-17)
[WORKER] 2025/06/26 17:22:39 Numero 17 --> reducer8:9008 (range 17-51)
[WORKER] 2025/06/26 17:22:39 Numero 17 --> reducer8:9008 (range 17-51)
[WORKER] 2025/06/26 17:22:39 Numero 21 --> reducer8:9008 (range 17-51)
[WORKER] 2025/06/26 17:22:39 Numero 24 --> reducer8:9008 (range 17-51)
[WORKER] 2025/06/26 17:22:39 Numero 27 --> reducer8:9008 (range 17-51)
[WORKER] 2025/06/26 17:22:39 Numero 28 --> reducer8:9008 (range 17-51)
[WORKER] 2025/06/26 17:22:39 Numero 33 --> reducer8:9008 (range 17-51)
[WORKER] 2025/06/26 17:22:39 Numero 33 --> reducer8:9008 (range 17-51)
[WORKER] 2025/06/26 17:22:39 Numero 33 --> reducer8:9008 (range 17-51)
[WORKER] 2025/06/26 17:22:39 Numero 33 --> reducer8:9008 (range 17-51)
[WORKER] 2025/06/26 17:22:39 Numero 35 --> reducer8:9008 (range 17-51)
[WORKER] 2025/06/26 17:22:39 Numero 38 --> reducer8:9008 (range 17-51)
[WORKER] 2025/06/26 17:22:39 Numero 41 --> reducer8:9008 (range 17-51)
[WORKER] 2025/06/26 17:22:39 Numero 42 --> reducer8:9008 (range 17-51)
[WORKER] 2025/06/26 17:22:39 Numero 42 --> reducer8:9008 (range 17-51)
[WORKER] 2025/06/26 17:22:39 Numero 44 --> reducer8:9008 (range 17-51)
[WORKER] 2025/06/26 17:22:39 Invio il sotto-chunk [17 17 21 24 27 28 33 33 33 33 35 38 41 42 42 44] al reducer reducer8:9008 (con fallback)
[WORKER] 2025/06/26 17:22:39 Chunk inviato con successo a reducer8:9008 (primario reducer8:9008)
[WORKER] 2025/06/26 17:22:39 Invio il sotto-chunk [1 2] al reducer reducer6:9006 (con fallback)
[WORKER] 2025/06/26 17:22:39 Fallito verso reducer6:9006 (timeout connessione): dial tcp 127.0.0.2:9006: connect: connection refused
[WORKER] 2025/06/26 17:22:39 Chunk inviato con successo a reducer7:9007 (primario reducer6:9006)
[WORKER] 2025/06/26 17:22:39 Invio il sotto-chunk [4 4 5 12 12 12 13] al reducer reducer7:9007 (con fallback)
[WORKER] 2025/06/26 17:22:39 Chunk inviato con successo a reducer7:9007 (primario reducer7:9007)
[WORKER] 2025/06/26 17:24:03 Worker in ascolto su mapper3:9003
[WORKER] 2025/06/26 17:24:03 Mapper ha ricevuto il chunk: [43 19 12 41 41 34 9 13 47 39 10 2 37 11 37 49 10 9 12 10 49 2 46 16 20]
[WORKER] 2025/06/26 17:24:10 Chunk ordinato: [2 2 9 9 10 10 10 11 12 12 13 16 19 20 34 37 37 39 41 41 43 46 47 49 49]
[WORKER] 2025/06/26 17:24:10 Mapper ha scritto i risultati in: output/temp_mapper3.txt
[WORKER] 2025/06/26 17:24:10 Numero 2 --> reducer6:9006 (range 2-4)
[WORKER] 2025/06/26 17:24:10 Numero 2 --> reducer6:9006 (range 2-4)
[WORKER] 2025/06/26 17:24:10 Numero 9 --> reducer7:9007 (range 4-12)
[WORKER] 2025/06/26 17:24:10 Numero 9 --> reducer7:9007 (range 4-12)
[WORKER] 2025/06/26 17:24:10 Numero 10 --> reducer7:9007 (range 4-12)
[WORKER] 2025/06/26 17:24:10 Numero 10 --> reducer7:9007 (range 4-12)
[WORKER] 2025/06/26 17:24:10 Numero 10 --> reducer7:9007 (range 4-12)
[WORKER] 2025/06/26 17:24:10 Numero 11 --> reducer7:9007 (range 4-12)
[WORKER] 2025/06/26 17:24:10 Numero 12 --> reducer8:9008 (range 12-51)
[WORKER] 2025/06/26 17:24:10 Numero 12 --> reducer8:9008 (range 12-51)
[WORKER] 2025/06/26 17:24:10 Numero 13 --> reducer8:9008 (range 12-51)
[WORKER] 2025/06/26 17:24:10 Numero 16 --> reducer8:9008 (range 12-51)
[WORKER] 2025/06/26 17:24:10 Numero 19 --> reducer8:9008 (range 12-51)
[WORKER] 2025/06/26 17:24:10 Numero 20 --> reducer8:9008 (range 12-51)
[WORKER] 2025/06/26 17:24:10 Numero 34 --> reducer8:9008 (range 12-51)
[WORKER] 2025/06/26 17:24:10 Numero 37 --> reducer8:9008 (range 12-51)
[WORKER] 2025/06/26 17:24:10 Numero 37 --> reducer8:9008 (range 12-51)
[WORKER] 2025/06/26 17:24:10 Numero 39 --> reducer8:9008 (range 12-51)
[WORKER] 2025/06/26 17:24:10 Numero 41 --> reducer8:9008 (range 12-51)
[WORKER] 2025/06/26 17:24:10 Numero 41 --> reducer8:9008 (range 12-51)
[WORKER] 2025/06/26 17:24:10 Numero 43 --> reducer8:9008 (range 12-51)
[WORKER] 2025/06/26 17:24:10 Numero 46 --> reducer8:9008 (range 12-51)
[WORKER] 2025/06/26 17:24:10 Numero 47 --> reducer8:9008 (range 12-51)
[WORKER] 2025/06/26 17:24:10 Numero 49 --> reducer8:9008 (range 12-51)
[WORKER] 2025/06/26 17:24:10 Numero 49 --> reducer8:9008 (range 12-51)
[WORKER] 2025/06/26 17:24:10 Invio il sotto-chunk [12 12 13 16 19 20 34 37 37 39 41 41 43 46 47 49 49] al reducer reducer8:9008 (con fallback)
[WORKER] 2025/06/26 17:24:10 Chunk inviato con successo a reducer8:9008 (primario reducer8:9008)
[WORKER] 2025/06/26 17:24:10 Invio il sotto-chunk [2 2] al reducer reducer6:9006 (con fallback)
[WORKER] 2025/06/26 17:24:10 Fallito verso reducer6:9006 (timeout connessione): dial tcp 127.0.0.2:9006: connect: connection refused
[WORKER] 2025/06/26 17:24:10 Chunk inviato con successo a reducer5:9005 (primario reducer6:9006)
[WORKER] 2025/06/26 17:24:10 Invio il sotto-chunk [9 9 10 10 10 11] al reducer reducer7:9007 (con fallback)
[WORKER] 2025/06/26 17:24:10 Chunk inviato con successo a reducer7:9007 (primario reducer7:9007)
[WORKER] 2025/06/26 17:30:39 Worker in ascolto su mapper3:9003
[WORKER] 2025/06/26 17:30:39 Mapper ha ricevuto il chunk: [34 45 35 2 5 4 43 34 15 35 8 21 5 29 50 11 46 30 38 15 32 40 42 4 11]
[WORKER] 2025/06/26 17:30:44 Chunk ordinato: [2 4 4 5 5 8 11 11 15 15 21 29 30 32 34 34 35 35 38 40 42 43 45 46 50]
[WORKER] 2025/06/26 17:30:44 Mapper ha scritto i risultati in: output/temp_mapper3.txt
[WORKER] 2025/06/26 17:30:44 Numero 2 --> reducer5:9005 (range 1-5)
[WORKER] 2025/06/26 17:30:44 Numero 4 --> reducer5:9005 (range 1-5)
[WORKER] 2025/06/26 17:30:44 Numero 4 --> reducer5:9005 (range 1-5)
[WORKER] 2025/06/26 17:30:44 Numero 5 --> reducer6:9006 (range 5-12)
[WORKER] 2025/06/26 17:30:44 Numero 5 --> reducer6:9006 (range 5-12)
[WORKER] 2025/06/26 17:30:44 Numero 8 --> reducer6:9006 (range 5-12)
[WORKER] 2025/06/26 17:30:44 Numero 11 --> reducer6:9006 (range 5-12)
[WORKER] 2025/06/26 17:30:44 Numero 11 --> reducer6:9006 (range 5-12)
[WORKER] 2025/06/26 17:30:44 Numero 15 --> reducer7:9007 (range 12-25)
[WORKER] 2025/06/26 17:30:44 Numero 15 --> reducer7:9007 (range 12-25)
[WORKER] 2025/06/26 17:30:44 Numero 21 --> reducer7:9007 (range 12-25)
[WORKER] 2025/06/26 17:30:44 Numero 29 --> reducer8:9008 (range 25-51)
[WORKER] 2025/06/26 17:30:44 Numero 30 --> reducer8:9008 (range 25-51)
[WORKER] 2025/06/26 17:30:44 Numero 32 --> reducer8:9008 (range 25-51)
[WORKER] 2025/06/26 17:30:44 Numero 34 --> reducer8:9008 (range 25-51)
[WORKER] 2025/06/26 17:30:44 Numero 34 --> reducer8:9008 (range 25-51)
[WORKER] 2025/06/26 17:30:44 Numero 35 --> reducer8:9008 (range 25-51)
[WORKER] 2025/06/26 17:30:44 Numero 35 --> reducer8:9008 (range 25-51)
[WORKER] 2025/06/26 17:30:44 Numero 38 --> reducer8:9008 (range 25-51)
[WORKER] 2025/06/26 17:30:44 Numero 40 --> reducer8:9008 (range 25-51)
[WORKER] 2025/06/26 17:30:44 Numero 42 --> reducer8:9008 (range 25-51)
[WORKER] 2025/06/26 17:30:44 Numero 43 --> reducer8:9008 (range 25-51)
[WORKER] 2025/06/26 17:30:44 Numero 45 --> reducer8:9008 (range 25-51)
[WORKER] 2025/06/26 17:30:44 Numero 46 --> reducer8:9008 (range 25-51)
[WORKER] 2025/06/26 17:30:44 Numero 50 --> reducer8:9008 (range 25-51)
[WORKER] 2025/06/26 17:30:44 Invio il sotto-chunk [15 15 21] al reducer reducer7:9007 (con fallback)
[WORKER] 2025/06/26 17:30:44 Chunk inviato con successo a reducer7:9007 (primario reducer7:9007)
[WORKER] 2025/06/26 17:30:44 Invio il sotto-chunk [29 30 32 34 34 35 35 38 40 42 43 45 46 50] al reducer reducer8:9008 (con fallback)
[WORKER] 2025/06/26 17:30:44 Chunk inviato con successo a reducer8:9008 (primario reducer8:9008)
[WORKER] 2025/06/26 17:30:44 Invio il sotto-chunk [2 4 4] al reducer reducer5:9005 (con fallback)
[WORKER] 2025/06/26 17:30:44 Chunk inviato con successo a reducer5:9005 (primario reducer5:9005)
[WORKER] 2025/06/26 17:30:44 Invio il sotto-chunk [5 5 8 11 11] al reducer reducer6:9006 (con fallback)
[WORKER] 2025/06/26 17:30:44 Chunk inviato con successo a reducer6:9006 (primario reducer6:9006)
[WORKER] 2025/06/26 17:32:08 Worker in ascolto su mapper3:9003
[WORKER] 2025/06/26 17:32:09 Mapper ha ricevuto il chunk: [3 3 7 12 13 15 24 33 35 36 35 41 20 48 44 33 9 28 30 29 35 44 38 7 38]
[WORKER] 2025/06/26 17:32:14 Chunk ordinato: [3 3 7 7 9 12 13 15 20 24 28 29 30 33 33 35 35 35 36 38 38 41 44 44 48]
[WORKER] 2025/06/26 17:32:14 Mapper ha scritto i risultati in: output/temp_mapper3.txt
[WORKER] 2025/06/26 17:32:14 Numero 3 --> reducer6:9006 (range 3-7)
[WORKER] 2025/06/26 17:32:14 Numero 3 --> reducer6:9006 (range 3-7)
[WORKER] 2025/06/26 17:32:14 Numero 7 --> reducer7:9007 (range 7-13)
[WORKER] 2025/06/26 17:32:14 Numero 7 --> reducer7:9007 (range 7-13)
[WORKER] 2025/06/26 17:32:14 Numero 9 --> reducer7:9007 (range 7-13)
[WORKER] 2025/06/26 17:32:14 Numero 12 --> reducer7:9007 (range 7-13)
[WORKER] 2025/06/26 17:32:14 Numero 13 --> reducer8:9008 (range 13-51)
[WORKER] 2025/06/26 17:32:14 Numero 15 --> reducer8:9008 (range 13-51)
[WORKER] 2025/06/26 17:32:14 Numero 20 --> reducer8:9008 (range 13-51)
[WORKER] 2025/06/26 17:32:14 Numero 24 --> reducer8:9008 (range 13-51)
[WORKER] 2025/06/26 17:32:14 Numero 28 --> reducer8:9008 (range 13-51)
[WORKER] 2025/06/26 17:32:14 Numero 29 --> reducer8:9008 (range 13-51)
[WORKER] 2025/06/26 17:32:14 Numero 30 --> reducer8:9008 (range 13-51)
[WORKER] 2025/06/26 17:32:14 Numero 33 --> reducer8:9008 (range 13-51)
[WORKER] 2025/06/26 17:32:14 Numero 33 --> reducer8:9008 (range 13-51)
[WORKER] 2025/06/26 17:32:14 Numero 35 --> reducer8:9008 (range 13-51)
[WORKER] 2025/06/26 17:32:14 Numero 35 --> reducer8:9008 (range 13-51)
[WORKER] 2025/06/26 17:32:14 Numero 35 --> reducer8:9008 (range 13-51)
[WORKER] 2025/06/26 17:32:14 Numero 36 --> reducer8:9008 (range 13-51)
[WORKER] 2025/06/26 17:32:14 Numero 38 --> reducer8:9008 (range 13-51)
[WORKER] 2025/06/26 17:32:14 Numero 38 --> reducer8:9008 (range 13-51)
[WORKER] 2025/06/26 17:32:14 Numero 41 --> reducer8:9008 (range 13-51)
[WORKER] 2025/06/26 17:32:14 Numero 44 --> reducer8:9008 (range 13-51)
[WORKER] 2025/06/26 17:32:14 Numero 44 --> reducer8:9008 (range 13-51)
[WORKER] 2025/06/26 17:32:14 Numero 48 --> reducer8:9008 (range 13-51)
[WORKER] 2025/06/26 17:32:14 Invio il sotto-chunk [3 3] al reducer reducer6:9006 (con fallback)
[WORKER] 2025/06/26 17:32:15 Fallito verso reducer6:9006 (timeout connessione): dial tcp 127.0.0.2:9006: connect: connection refused
[WORKER] 2025/06/26 17:32:15 Chunk inviato con successo a reducer5:9005 (primario reducer6:9006)
[WORKER] 2025/06/26 17:32:15 Invio il sotto-chunk [7 7 9 12] al reducer reducer7:9007 (con fallback)
[WORKER] 2025/06/26 17:32:15 Chunk inviato con successo a reducer7:9007 (primario reducer7:9007)
[WORKER] 2025/06/26 17:32:15 Invio il sotto-chunk [13 15 20 24 28 29 30 33 33 35 35 35 36 38 38 41 44 44 48] al reducer reducer8:9008 (con fallback)
[WORKER] 2025/06/26 17:32:15 Chunk inviato con successo a reducer8:9008 (primario reducer8:9008)
