[WORKER] 2025/07/01 14:59:15 Registrazione avvenuta con successo (mapper - 0afa0a741c8a:9001)
[WORKER] 2025/07/01 14:59:15 Worker in ascolto su 0afa0a741c8a:9001
[WORKER] 2025/07/01 14:59:16 Mapper ha ricevuto il chunk: [4 3 17 11 26 23 12 39 46 4 9 42 36 24 11 19 27 16 43 8]
[WORKER] 2025/07/01 14:59:21 Chunk ordinato: [3 4 4 8 9 11 11 12 16 17 19 23 24 26 27 36 39 42 43 46]
[WORKER] 2025/07/01 14:59:21 Mapper ha scritto i risultati in: output/temp_0afa0a741c8a.txt
[WORKER] 2025/07/01 14:59:21 Numero 3 --> 740ed4c16919:9001 (range 1-15)
[WORKER] 2025/07/01 14:59:21 Numero 4 --> 740ed4c16919:9001 (range 1-15)
[WORKER] 2025/07/01 14:59:21 Numero 4 --> 740ed4c16919:9001 (range 1-15)
[WORKER] 2025/07/01 14:59:21 Numero 8 --> 740ed4c16919:9001 (range 1-15)
[WORKER] 2025/07/01 14:59:21 Numero 9 --> 740ed4c16919:9001 (range 1-15)
[WORKER] 2025/07/01 14:59:21 Numero 11 --> 740ed4c16919:9001 (range 1-15)
[WORKER] 2025/07/01 14:59:21 Numero 11 --> 740ed4c16919:9001 (range 1-15)
[WORKER] 2025/07/01 14:59:21 Numero 12 --> 740ed4c16919:9001 (range 1-15)
[WORKER] 2025/07/01 14:59:21 Numero 16 --> e8cada55e963:9001 (range 15-28)
[WORKER] 2025/07/01 14:59:21 Numero 17 --> e8cada55e963:9001 (range 15-28)
[WORKER] 2025/07/01 14:59:21 Numero 19 --> e8cada55e963:9001 (range 15-28)
[WORKER] 2025/07/01 14:59:21 Numero 23 --> e8cada55e963:9001 (range 15-28)
[WORKER] 2025/07/01 14:59:21 Numero 24 --> e8cada55e963:9001 (range 15-28)
[WORKER] 2025/07/01 14:59:21 Numero 26 --> e8cada55e963:9001 (range 15-28)
[WORKER] 2025/07/01 14:59:21 Numero 27 --> e8cada55e963:9001 (range 15-28)
[WORKER] 2025/07/01 14:59:21 Numero 36 --> 180615e3e2c4:9001 (range 35-51)
[WORKER] 2025/07/01 14:59:21 Numero 39 --> 180615e3e2c4:9001 (range 35-51)
[WORKER] 2025/07/01 14:59:21 Numero 42 --> 180615e3e2c4:9001 (range 35-51)
[WORKER] 2025/07/01 14:59:21 Numero 43 --> 180615e3e2c4:9001 (range 35-51)
[WORKER] 2025/07/01 14:59:21 Numero 46 --> 180615e3e2c4:9001 (range 35-51)
[WORKER] 2025/07/01 14:59:21 Invio il sotto-chunk [16 17 19 23 24 26 27] al reducer e8cada55e963:9001 (con fallback)
[WORKER] 2025/07/01 14:59:21 Chunk inviato con successo a e8cada55e963:9001 (primario e8cada55e963:9001)
[WORKER] 2025/07/01 14:59:21 Invio il sotto-chunk [36 39 42 43 46] al reducer 180615e3e2c4:9001 (con fallback)
[WORKER] 2025/07/01 14:59:21 Chunk inviato con successo a 180615e3e2c4:9001 (primario 180615e3e2c4:9001)
[WORKER] 2025/07/01 14:59:21 Invio il sotto-chunk [3 4 4 8 9 11 11 12] al reducer 740ed4c16919:9001 (con fallback)
[WORKER] 2025/07/01 14:59:21 Chunk inviato con successo a 740ed4c16919:9001 (primario 740ed4c16919:9001)
