[WORKER] 2025/07/08 16:55:41 Registrazione avvenuta con successo (mapper - e204d8656ec8:9001)
[WORKER] 2025/07/08 16:55:41 Worker in ascolto su e204d8656ec8:9001
[WORKER] 2025/07/08 16:56:01 Mapper ha ricevuto il chunk: [2 9 9 22 27 29 39 40 42 50 39 22 4 42 38 4 47 2 31 30 49 29 19 41 25 29 34 4 34 23 46 46 48 36]
[WORKER] 2025/07/08 16:56:06 Chunk ordinato: [2 2 4 4 4 9 9 19 22 22 23 25 27 29 29 29 30 31 34 34 36 38 39 39 40 41 42 42 46 46 47 48 49 50]
[WORKER] 2025/07/08 16:56:06 Mapper ha scritto i risultati in: output/temp_e204d8656ec8.txt
[WORKER] 2025/07/08 16:56:06 Numero 2 --> 52407d4fcb3b:9001 (range 1-22)
[WORKER] 2025/07/08 16:56:06 Numero 2 --> 52407d4fcb3b:9001 (range 1-22)
[WORKER] 2025/07/08 16:56:06 Numero 4 --> 52407d4fcb3b:9001 (range 1-22)
[WORKER] 2025/07/08 16:56:06 Numero 4 --> 52407d4fcb3b:9001 (range 1-22)
[WORKER] 2025/07/08 16:56:06 Numero 4 --> 52407d4fcb3b:9001 (range 1-22)
[WORKER] 2025/07/08 16:56:06 Numero 9 --> 52407d4fcb3b:9001 (range 1-22)
[WORKER] 2025/07/08 16:56:06 Numero 9 --> 52407d4fcb3b:9001 (range 1-22)
[WORKER] 2025/07/08 16:56:06 Numero 19 --> 52407d4fcb3b:9001 (range 1-22)
[WORKER] 2025/07/08 16:56:06 Numero 22 --> b9fd7b94e185:9001 (range 22-39)
[WORKER] 2025/07/08 16:56:06 Numero 22 --> b9fd7b94e185:9001 (range 22-39)
[WORKER] 2025/07/08 16:56:06 Numero 23 --> b9fd7b94e185:9001 (range 22-39)
[WORKER] 2025/07/08 16:56:06 Numero 25 --> b9fd7b94e185:9001 (range 22-39)
[WORKER] 2025/07/08 16:56:06 Numero 27 --> b9fd7b94e185:9001 (range 22-39)
[WORKER] 2025/07/08 16:56:06 Numero 29 --> b9fd7b94e185:9001 (range 22-39)
[WORKER] 2025/07/08 16:56:06 Numero 29 --> b9fd7b94e185:9001 (range 22-39)
[WORKER] 2025/07/08 16:56:06 Numero 29 --> b9fd7b94e185:9001 (range 22-39)
[WORKER] 2025/07/08 16:56:06 Numero 30 --> b9fd7b94e185:9001 (range 22-39)
[WORKER] 2025/07/08 16:56:06 Numero 31 --> b9fd7b94e185:9001 (range 22-39)
[WORKER] 2025/07/08 16:56:06 Numero 34 --> b9fd7b94e185:9001 (range 22-39)
[WORKER] 2025/07/08 16:56:06 Numero 34 --> b9fd7b94e185:9001 (range 22-39)
[WORKER] 2025/07/08 16:56:06 Numero 36 --> b9fd7b94e185:9001 (range 22-39)
[WORKER] 2025/07/08 16:56:06 Numero 38 --> b9fd7b94e185:9001 (range 22-39)
[WORKER] 2025/07/08 16:56:06 Numero 39 --> 1fec096e9cab:9001 (range 39-51)
[WORKER] 2025/07/08 16:56:06 Numero 39 --> 1fec096e9cab:9001 (range 39-51)
[WORKER] 2025/07/08 16:56:06 Numero 40 --> 1fec096e9cab:9001 (range 39-51)
[WORKER] 2025/07/08 16:56:06 Numero 41 --> 1fec096e9cab:9001 (range 39-51)
[WORKER] 2025/07/08 16:56:06 Numero 42 --> 1fec096e9cab:9001 (range 39-51)
[WORKER] 2025/07/08 16:56:06 Numero 42 --> 1fec096e9cab:9001 (range 39-51)
[WORKER] 2025/07/08 16:56:06 Numero 46 --> 1fec096e9cab:9001 (range 39-51)
[WORKER] 2025/07/08 16:56:06 Numero 46 --> 1fec096e9cab:9001 (range 39-51)
[WORKER] 2025/07/08 16:56:06 Numero 47 --> 1fec096e9cab:9001 (range 39-51)
[WORKER] 2025/07/08 16:56:06 Numero 48 --> 1fec096e9cab:9001 (range 39-51)
[WORKER] 2025/07/08 16:56:06 Numero 49 --> 1fec096e9cab:9001 (range 39-51)
[WORKER] 2025/07/08 16:56:06 Numero 50 --> 1fec096e9cab:9001 (range 39-51)
[WORKER] 2025/07/08 16:56:06 Invio il sotto-chunk [39 39 40 41 42 42 46 46 47 48 49 50] al reducer 1fec096e9cab:9001 (con fallback)
[WORKER] 2025/07/08 16:56:06 Chunk inviato con successo a 1fec096e9cab:9001 (primario 1fec096e9cab:9001)
[WORKER] 2025/07/08 16:56:06 Invio il sotto-chunk [2 2 4 4 4 9 9 19] al reducer 52407d4fcb3b:9001 (con fallback)
[WORKER] 2025/07/08 16:56:06 Chunk inviato con successo a 52407d4fcb3b:9001 (primario 52407d4fcb3b:9001)
[WORKER] 2025/07/08 16:56:06 Invio il sotto-chunk [22 22 23 25 27 29 29 29 30 31 34 34 36 38] al reducer b9fd7b94e185:9001 (con fallback)
[WORKER] 2025/07/08 16:56:06 Chunk inviato con successo a b9fd7b94e185:9001 (primario b9fd7b94e185:9001)
