[WORKER] 2025/07/08 15:07:41 Registrazione avvenuta con successo (mapper - b349de9e4465:9001)
[WORKER] 2025/07/08 15:07:41 Worker in ascolto su b349de9e4465:9001
[WORKER] 2025/07/08 15:07:58 Mapper ha ricevuto il chunk: [27 18 34 49 13 11 22 14 15 12 20 30 43 28 42 40 10 15 39 47 5 32 35 45 13 38 44 42 50 43 17 28 47 32]
[WORKER] 2025/07/08 15:08:03 Chunk ordinato: [5 10 11 12 13 13 14 15 15 17 18 20 22 27 28 28 30 32 32 34 35 38 39 40 42 42 43 43 44 45 47 47 49 50]
[WORKER] 2025/07/08 15:08:03 Mapper ha scritto i risultati in: output/temp_b349de9e4465.txt
[WORKER] 2025/07/08 15:08:03 Numero 5 --> e0c25a5269f3:9001 (range 1-19)
[WORKER] 2025/07/08 15:08:03 Numero 10 --> e0c25a5269f3:9001 (range 1-19)
[WORKER] 2025/07/08 15:08:03 Numero 11 --> e0c25a5269f3:9001 (range 1-19)
[WORKER] 2025/07/08 15:08:03 Numero 12 --> e0c25a5269f3:9001 (range 1-19)
[WORKER] 2025/07/08 15:08:03 Numero 13 --> e0c25a5269f3:9001 (range 1-19)
[WORKER] 2025/07/08 15:08:03 Numero 13 --> e0c25a5269f3:9001 (range 1-19)
[WORKER] 2025/07/08 15:08:03 Numero 14 --> e0c25a5269f3:9001 (range 1-19)
[WORKER] 2025/07/08 15:08:03 Numero 15 --> e0c25a5269f3:9001 (range 1-19)
[WORKER] 2025/07/08 15:08:03 Numero 15 --> e0c25a5269f3:9001 (range 1-19)
[WORKER] 2025/07/08 15:08:03 Numero 17 --> e0c25a5269f3:9001 (range 1-19)
[WORKER] 2025/07/08 15:08:03 Numero 18 --> e0c25a5269f3:9001 (range 1-19)
[WORKER] 2025/07/08 15:08:03 Numero 20 --> 160e642ab35d:9001 (range 19-35)
[WORKER] 2025/07/08 15:08:03 Numero 22 --> 160e642ab35d:9001 (range 19-35)
[WORKER] 2025/07/08 15:08:03 Numero 27 --> 160e642ab35d:9001 (range 19-35)
[WORKER] 2025/07/08 15:08:03 Numero 28 --> 160e642ab35d:9001 (range 19-35)
[WORKER] 2025/07/08 15:08:03 Numero 28 --> 160e642ab35d:9001 (range 19-35)
[WORKER] 2025/07/08 15:08:03 Numero 30 --> 160e642ab35d:9001 (range 19-35)
[WORKER] 2025/07/08 15:08:03 Numero 32 --> 160e642ab35d:9001 (range 19-35)
[WORKER] 2025/07/08 15:08:03 Numero 32 --> 160e642ab35d:9001 (range 19-35)
[WORKER] 2025/07/08 15:08:03 Numero 34 --> 160e642ab35d:9001 (range 19-35)
[WORKER] 2025/07/08 15:08:03 Numero 35 --> ab64e2e76f82:9001 (range 35-51)
[WORKER] 2025/07/08 15:08:03 Numero 38 --> ab64e2e76f82:9001 (range 35-51)
[WORKER] 2025/07/08 15:08:03 Numero 39 --> ab64e2e76f82:9001 (range 35-51)
[WORKER] 2025/07/08 15:08:03 Numero 40 --> ab64e2e76f82:9001 (range 35-51)
[WORKER] 2025/07/08 15:08:03 Numero 42 --> ab64e2e76f82:9001 (range 35-51)
[WORKER] 2025/07/08 15:08:03 Numero 42 --> ab64e2e76f82:9001 (range 35-51)
[WORKER] 2025/07/08 15:08:03 Numero 43 --> ab64e2e76f82:9001 (range 35-51)
[WORKER] 2025/07/08 15:08:03 Numero 43 --> ab64e2e76f82:9001 (range 35-51)
[WORKER] 2025/07/08 15:08:03 Numero 44 --> ab64e2e76f82:9001 (range 35-51)
[WORKER] 2025/07/08 15:08:03 Numero 45 --> ab64e2e76f82:9001 (range 35-51)
[WORKER] 2025/07/08 15:08:03 Numero 47 --> ab64e2e76f82:9001 (range 35-51)
[WORKER] 2025/07/08 15:08:03 Numero 47 --> ab64e2e76f82:9001 (range 35-51)
[WORKER] 2025/07/08 15:08:03 Numero 49 --> ab64e2e76f82:9001 (range 35-51)
[WORKER] 2025/07/08 15:08:03 Numero 50 --> ab64e2e76f82:9001 (range 35-51)
[WORKER] 2025/07/08 15:08:03 Invio il sotto-chunk [5 10 11 12 13 13 14 15 15 17 18] al reducer e0c25a5269f3:9001 (con fallback)
[WORKER] 2025/07/08 15:08:03 Chunk inviato con successo a e0c25a5269f3:9001 (primario e0c25a5269f3:9001)
[WORKER] 2025/07/08 15:08:03 Invio il sotto-chunk [20 22 27 28 28 30 32 32 34] al reducer 160e642ab35d:9001 (con fallback)
[WORKER] 2025/07/08 15:08:03 Chunk inviato con successo a 160e642ab35d:9001 (primario 160e642ab35d:9001)
[WORKER] 2025/07/08 15:08:03 Invio il sotto-chunk [35 38 39 40 42 42 43 43 44 45 47 47 49 50] al reducer ab64e2e76f82:9001 (con fallback)
[WORKER] 2025/07/08 15:08:03 Chunk inviato con successo a ab64e2e76f82:9001 (primario ab64e2e76f82:9001)
