[WORKER] 2025/07/01 14:59:15 Registrazione avvenuta con successo (mapper - 76ce374e8a1e:9001)
[WORKER] 2025/07/01 14:59:15 Worker in ascolto su 76ce374e8a1e:9001
[WORKER] 2025/07/01 14:59:16 Mapper ha ricevuto il chunk: [3 6 15 25 28 30 30 32 35 48 8 34 24 5 16 3 4 39 32 36]
[WORKER] 2025/07/01 14:59:21 Chunk ordinato: [3 3 4 5 6 8 15 16 24 25 28 30 30 32 32 34 35 36 39 48]
[WORKER] 2025/07/01 14:59:21 Mapper ha scritto i risultati in: output/temp_76ce374e8a1e.txt
[WORKER] 2025/07/01 14:59:21 Numero 3 --> 740ed4c16919:9001 (range 1-15)
[WORKER] 2025/07/01 14:59:21 Numero 3 --> 740ed4c16919:9001 (range 1-15)
[WORKER] 2025/07/01 14:59:21 Numero 4 --> 740ed4c16919:9001 (range 1-15)
[WORKER] 2025/07/01 14:59:21 Numero 5 --> 740ed4c16919:9001 (range 1-15)
[WORKER] 2025/07/01 14:59:21 Numero 6 --> 740ed4c16919:9001 (range 1-15)
[WORKER] 2025/07/01 14:59:21 Numero 8 --> 740ed4c16919:9001 (range 1-15)
[WORKER] 2025/07/01 14:59:21 Numero 15 --> e8cada55e963:9001 (range 15-28)
[WORKER] 2025/07/01 14:59:21 Numero 16 --> e8cada55e963:9001 (range 15-28)
[WORKER] 2025/07/01 14:59:21 Numero 24 --> e8cada55e963:9001 (range 15-28)
[WORKER] 2025/07/01 14:59:21 Numero 25 --> e8cada55e963:9001 (range 15-28)
[WORKER] 2025/07/01 14:59:21 Numero 28 --> aa3bb7eb0d35:9001 (range 28-30)
[WORKER] 2025/07/01 14:59:21 Numero 30 --> 1210c99e6c6c:9001 (range 30-35)
[WORKER] 2025/07/01 14:59:21 Numero 30 --> 1210c99e6c6c:9001 (range 30-35)
[WORKER] 2025/07/01 14:59:21 Numero 32 --> 1210c99e6c6c:9001 (range 30-35)
[WORKER] 2025/07/01 14:59:21 Numero 32 --> 1210c99e6c6c:9001 (range 30-35)
[WORKER] 2025/07/01 14:59:21 Numero 34 --> 1210c99e6c6c:9001 (range 30-35)
[WORKER] 2025/07/01 14:59:21 Numero 35 --> 180615e3e2c4:9001 (range 35-51)
[WORKER] 2025/07/01 14:59:21 Numero 36 --> 180615e3e2c4:9001 (range 35-51)
[WORKER] 2025/07/01 14:59:21 Numero 39 --> 180615e3e2c4:9001 (range 35-51)
[WORKER] 2025/07/01 14:59:21 Numero 48 --> 180615e3e2c4:9001 (range 35-51)
[WORKER] 2025/07/01 14:59:21 Invio il sotto-chunk [35 36 39 48] al reducer 180615e3e2c4:9001 (con fallback)
[WORKER] 2025/07/01 14:59:21 Chunk inviato con successo a 180615e3e2c4:9001 (primario 180615e3e2c4:9001)
[WORKER] 2025/07/01 14:59:21 Invio il sotto-chunk [3 3 4 5 6 8] al reducer 740ed4c16919:9001 (con fallback)
[WORKER] 2025/07/01 14:59:21 Chunk inviato con successo a 740ed4c16919:9001 (primario 740ed4c16919:9001)
[WORKER] 2025/07/01 14:59:21 Invio il sotto-chunk [15 16 24 25] al reducer e8cada55e963:9001 (con fallback)
[WORKER] 2025/07/01 14:59:21 Chunk inviato con successo a e8cada55e963:9001 (primario e8cada55e963:9001)
[WORKER] 2025/07/01 14:59:21 Invio il sotto-chunk [28] al reducer aa3bb7eb0d35:9001 (con fallback)
[WORKER] 2025/07/01 14:59:21 Chunk inviato con successo a aa3bb7eb0d35:9001 (primario aa3bb7eb0d35:9001)
[WORKER] 2025/07/01 14:59:21 Invio il sotto-chunk [30 30 32 32 34] al reducer 1210c99e6c6c:9001 (con fallback)
[WORKER] 2025/07/01 14:59:21 Chunk inviato con successo a 1210c99e6c6c:9001 (primario 1210c99e6c6c:9001)
