[WORKER] 2025/06/26 15:39:41 Worker in ascolto su reducer6:9006
[WORKER] 2025/06/26 15:39:46 
Reducer ha ricevuto i seguenti chunk: [4 4 4 5 5 10] per Owner reducer6:9006
[WORKER] 2025/06/26 15:39:46 Reducer ha scritto i risultati in: output/temp_reducer6_9006.txt
[WORKER] 2025/06/26 15:39:46 
Reducer ha ricevuto i seguenti chunk: [7 9 11] per Owner reducer6:9006
[WORKER] 2025/06/26 15:39:46 Reducer ha scritto i risultati in: output/temp_reducer6_9006.txt
[WORKER] 2025/06/26 15:39:46 
Reducer ha ricevuto i seguenti chunk: [7 7 7 7 8 9] per Owner reducer6:9006
[WORKER] 2025/06/26 15:39:46 Reducer ha scritto i risultati in: output/temp_reducer6_9006.txt
[WORKER] 2025/06/26 15:39:46 
Reducer ha ricevuto i seguenti chunk: [4 6 6] per Owner reducer6:9006
[WORKER] 2025/06/26 15:39:46 Reducer ha scritto i risultati in: output/temp_reducer6_9006.txt
[WORKER] 2025/06/26 15:55:13 Worker in ascolto su reducer6:9006
[WORKER] 2025/06/26 15:55:19 
Reducer ha ricevuto i seguenti chunk: [7 8 8 16 20 22] per Owner reducer6:9006
[WORKER] 2025/06/26 15:55:19 Reducer ha scritto i risultati in: output/temp_reducer6_9006.txt
[WORKER] 2025/06/26 15:55:19 
Reducer ha ricevuto i seguenti chunk: [12 15 19 23 24 24] per Owner reducer6:9006
[WORKER] 2025/06/26 15:55:19 Reducer ha scritto i risultati in: output/temp_reducer6_9006.txt
[WORKER] 2025/06/26 15:55:19 
Reducer ha ricevuto i seguenti chunk: [7 11 14 21 21 21 24 24] per Owner reducer6:9006
[WORKER] 2025/06/26 15:55:19 Reducer ha scritto i risultati in: output/temp_reducer6_9006.txt
[WORKER] 2025/06/26 15:55:19 
Reducer ha ricevuto i seguenti chunk: [7 12 13 19 20 22 24] per Owner reducer6:9006
[WORKER] 2025/06/26 15:55:19 Reducer ha scritto i risultati in: output/temp_reducer6_9006.txt
[WORKER] 2025/06/26 16:16:46 Worker in ascolto su reducer6:9006
[WORKER] 2025/06/26 16:16:51 
Reducer ha ricevuto i seguenti chunk: [9 13] per Owner reducer6:9006
[WORKER] 2025/06/26 16:16:51 Reducer ha scritto i risultati in: output/temp_reducer6_9006.txt
[WORKER] 2025/06/26 16:16:51 
Reducer ha ricevuto i seguenti chunk: [5 10 11 12] per Owner reducer6:9006
[WORKER] 2025/06/26 16:16:51 Reducer ha scritto i risultati in: output/temp_reducer6_9006.txt
[WORKER] 2025/06/26 16:16:51 
Reducer ha ricevuto i seguenti chunk: [8 10 11] per Owner reducer6:9006
[WORKER] 2025/06/26 16:16:51 Reducer ha scritto i risultati in: output/temp_reducer6_9006.txt
[WORKER] 2025/06/26 16:16:51 
Reducer ha ricevuto i seguenti chunk: [5 5 7 7 8] per Owner reducer6:9006
[WORKER] 2025/06/26 16:16:51 Reducer ha scritto i risultati in: output/temp_reducer6_9006.txt
[WORKER] 2025/06/26 16:29:08 Worker in ascolto su reducer6:9006
[WORKER] 2025/06/26 16:29:14 
Reducer ha ricevuto i seguenti chunk: [13 13] per Owner reducer6:9006
[WORKER] 2025/06/26 16:29:14 Reducer ha scritto i risultati in: output/temp_reducer6_9006.txt
[WORKER] 2025/06/26 16:39:24 Worker in ascolto su reducer6:9006
[WORKER] 2025/06/26 16:40:05 Worker in ascolto su reducer6:9006
[WORKER] 2025/06/26 16:46:32 Worker in ascolto su reducer6:9006
[WORKER] 2025/06/26 16:48:25 Worker in ascolto su reducer6:9006
[WORKER] 2025/06/26 16:48:31 
Reducer ha ricevuto i seguenti chunk: [4 6 7 8 8] per Owner reducer6:9006
[WORKER] 2025/06/26 16:48:31 Reducer ha scritto i risultati in: output/temp_reducer6_9006.txt
[WORKER] 2025/06/26 16:48:31 
Reducer ha ricevuto i seguenti chunk: [2] per Owner reducer6:9006
[WORKER] 2025/06/26 16:48:31 Reducer ha scritto i risultati in: output/temp_reducer6_9006.txt
[WORKER] 2025/06/26 16:48:31 
Reducer ha ricevuto i seguenti chunk: [3 6 7] per Owner reducer6:9006
[WORKER] 2025/06/26 16:48:31 Reducer ha scritto i risultati in: output/temp_reducer6_9006.txt
[WORKER] 2025/06/26 16:57:37 Worker in ascolto su reducer6:9006
[WORKER] 2025/06/26 17:06:16 Worker in ascolto su reducer6:9006
[WORKER] 2025/06/26 17:08:59 Worker in ascolto su reducer6:9006
[WORKER] 2025/06/26 17:09:05 
Reducer ha ricevuto i seguenti chunk: [3 3 7] per Owner reducer6:9006
[WORKER] 2025/06/26 17:09:05 Reducer ha scritto i risultati in: output/temp_reducer6_9006.txt
[WORKER] 2025/06/26 17:09:05 
Reducer ha ricevuto i seguenti chunk: [4 6] per Owner reducer6:9006
[WORKER] 2025/06/26 17:09:05 Reducer ha scritto i risultati in: output/temp_reducer6_9006.txt
[WORKER] 2025/06/26 17:09:05 
Reducer ha ricevuto i seguenti chunk: [4 7 7] per Owner reducer6:9006
[WORKER] 2025/06/26 17:09:05 Reducer ha scritto i risultati in: output/temp_reducer6_9006.txt
[WORKER] 2025/06/26 17:09:05 
Reducer ha ricevuto i seguenti chunk: [6] per Owner reducer6:9006
[WORKER] 2025/06/26 17:09:05 Reducer ha scritto i risultati in: output/temp_reducer6_9006.txt
[WORKER] 2025/06/26 17:10:04 Worker in ascolto su reducer6:9006
[WORKER] 2025/06/26 17:11:48 Worker in ascolto su reducer6:9006
[WORKER] 2025/06/26 17:11:54 
Reducer ha ricevuto i seguenti chunk: [13 15] per Owner reducer6:9006
[WORKER] 2025/06/26 17:11:54 Reducer ha scritto i risultati in: output/temp_reducer6_9006.txt
[WORKER] 2025/06/26 17:11:54 
Reducer ha ricevuto i seguenti chunk: [14 15 15 15] per Owner reducer6:9006
[WORKER] 2025/06/26 17:11:54 Reducer ha scritto i risultati in: output/temp_reducer6_9006.txt
[WORKER] 2025/06/26 17:11:54 
Reducer ha ricevuto i seguenti chunk: [13 14 14] per Owner reducer6:9006
[WORKER] 2025/06/26 17:11:54 Reducer ha scritto i risultati in: output/temp_reducer6_9006.txt
[WORKER] 2025/06/26 17:22:31 Worker in ascolto su reducer6:9006
[WORKER] 2025/06/26 17:24:03 Worker in ascolto su reducer6:9006
[WORKER] 2025/06/26 17:30:38 Worker in ascolto su reducer6:9006
[WORKER] 2025/06/26 17:30:44 
Reducer ha ricevuto i seguenti chunk: [5 5 8 8 10 10 11] per Owner reducer6:9006
[WORKER] 2025/06/26 17:30:44 Reducer ha scritto i risultati in: output/temp_reducer6_9006.txt
[WORKER] 2025/06/26 17:30:44 
Reducer ha ricevuto i seguenti chunk: [5 8 9 9 9 10] per Owner reducer6:9006
[WORKER] 2025/06/26 17:30:44 Reducer ha scritto i risultati in: output/temp_reducer6_9006.txt
[WORKER] 2025/06/26 17:30:44 
Reducer ha ricevuto i seguenti chunk: [10 10 11] per Owner reducer6:9006
[WORKER] 2025/06/26 17:30:44 Reducer ha scritto i risultati in: output/temp_reducer6_9006.txt
[WORKER] 2025/06/26 17:30:44 
Reducer ha ricevuto i seguenti chunk: [5 5 8 11 11] per Owner reducer6:9006
[WORKER] 2025/06/26 17:30:44 Reducer ha scritto i risultati in: output/temp_reducer6_9006.txt
[WORKER] 2025/06/26 17:32:08 Worker in ascolto su reducer6:9006
[WORKER] 2025/06/27 13:40:31 Worker in ascolto su reducer6:9006
[WORKER] 2025/06/27 13:40:37 
Reducer ha ricevuto i seguenti chunk: [6 8 10 10 11 12] per Owner reducer6:9006
[WORKER] 2025/06/27 13:40:37 Reducer ha scritto i risultati in: output/temp_reducer6_9006.txt
[WORKER] 2025/06/27 13:40:37 
Reducer ha ricevuto i seguenti chunk: [5 9] per Owner reducer6:9006
[WORKER] 2025/06/27 13:40:37 Reducer ha scritto i risultati in: output/temp_reducer6_9006.txt
[WORKER] 2025/06/27 13:40:37 
Reducer ha ricevuto i seguenti chunk: [5 6 6 7 8 11] per Owner reducer6:9006
[WORKER] 2025/06/27 13:40:37 Reducer ha scritto i risultati in: output/temp_reducer6_9006.txt
[WORKER] 2025/06/27 13:40:37 
Reducer ha ricevuto i seguenti chunk: [5 6 7 9 12 13] per Owner reducer6:9006
[WORKER] 2025/06/27 13:40:37 Reducer ha scritto i risultati in: output/temp_reducer6_9006.txt
[WORKER] 2025/06/28 15:39:17 Worker in ascolto su reducer6:9006
[WORKER] 2025/06/28 15:39:22 
Reducer ha ricevuto i seguenti chunk: [5] per Owner reducer6:9006
[WORKER] 2025/06/28 15:39:22 Reducer ha scritto i risultati in: output/temp_reducer6_9006.txt
[WORKER] 2025/06/28 15:39:22 
Reducer ha ricevuto i seguenti chunk: [3 5] per Owner reducer6:9006
[WORKER] 2025/06/28 15:39:22 Reducer ha scritto i risultati in: output/temp_reducer6_9006.txt
[WORKER] 2025/06/28 15:39:22 
Reducer ha ricevuto i seguenti chunk: [4] per Owner reducer6:9006
[WORKER] 2025/06/28 15:39:22 Reducer ha scritto i risultati in: output/temp_reducer6_9006.txt
[WORKER] 2025/06/28 15:42:16 Worker in ascolto su reducer6:9006
[WORKER] 2025/06/28 15:42:22 
Reducer ha ricevuto i seguenti chunk: [1 1 1 1 1 2 2 2 2 2 2 2 2 2 2 2 2 3 3 3 3 3 3 3 4 4 4 4 5 5 5 5 5 5 5 6 6 6 6 6 6 7 7 7 7 8 8 9 9 9 9 10 10 10 10 10 10 11 11 11 11 11 11 11 11] per Owner reducer6:9006
[WORKER] 2025/06/28 15:42:22 Reducer ha scritto i risultati in: output/temp_reducer6_9006.txt
[WORKER] 2025/06/28 15:42:22 
Reducer ha ricevuto i seguenti chunk: [1 1 1 1 1 1 1 1 2 2 2 2 3 3 3 3 3 3 3 4 4 4 5 5 5 5 5 6 6 7 7 7 7 7 7 8 8 8 8 8 9 9 9 9 10 10 10 11 11 11] per Owner reducer6:9006
[WORKER] 2025/06/28 15:42:22 Reducer ha scritto i risultati in: output/temp_reducer6_9006.txt
[WORKER] 2025/06/28 15:42:22 
Reducer ha ricevuto i seguenti chunk: [1 1 1 1 1 1 1 1 1 1 2 2 2 2 2 2 2 3 3 3 3 4 4 4 4 4 4 4 4 5 5 5 5 5 6 7 7 7 7 7 8 8 8 9 9 9 9 9 9 10 10 10 10 10 10 11 11 11 11 11 11 11 11] per Owner reducer6:9006
[WORKER] 2025/06/28 15:42:22 Reducer ha scritto i risultati in: output/temp_reducer6_9006.txt
[WORKER] 2025/06/28 15:42:22 
Reducer ha ricevuto i seguenti chunk: [1 1 1 1 1 1 1 2 2 2 2 2 2 2 2 2 3 3 3 3 3 3 4 4 4 4 4 5 6 6 6 6 6 7 7 7 7 7 8 8 9 9 9 9 9 10 10 10 10 11 11 11 11 11 11] per Owner reducer6:9006
[WORKER] 2025/06/28 15:42:22 Reducer ha scritto i risultati in: output/temp_reducer6_9006.txt
[WORKER] 2025/06/28 15:42:56 Worker in ascolto su reducer6:9006
[WORKER] 2025/06/28 16:03:20 Worker in ascolto su reducer6:9006
[WORKER] 2025/06/28 16:03:26 
Reducer ha ricevuto i seguenti chunk: [1 1 1 1 1 1 1 1 1 1 1 1 1 1 1 1 1 1 1 1 1 1 1 1 1 1 1 1 1 1 1 1 1 1 1 1 1 1 1 1 1 1 2 2 2 2 2 2 2 2 2 2 2 2 2 2 2 2 2 2 2 2 2 2 2 2 2 2 2 2 2 2 2 2 2 2 2 2 2 2 2 2 2 2 2 2 2 3 3 3 3 3 3 3 3 3 3 3 3 3 3 3 3 3 3 3 3 3 3 3 3 3 3 3 3 3 3 3 3 3 3 3 3 3 3 3 3 4 4 4 4 4 4 4 4 4 4 4 4 4 4 4 4 4 4 4 4 4 4 4 4 4 4 4 4 4 4 4 4 4 4 4 4 4 4 4 4 4 4 4 4 4 4 4 5 5 5 5 5 5 5 5 5 5 5 5 5 5 5 5 5 5 5 5 5 5 5 5 5 5 5 5 5 5 5 5 5 5 5 5 5 5 5 5 5 5 5 6 6 6 6 6 6 6 6 6 6 6 6 6 6 6 6 6 6 6 6 6 6 6 6 6 6 6 6 6 6 6 6 6 6 6 6 6 6 6 6 6 6 6 6 6 6 6 6 6 6 6 6 6 7 7 7 7 7 7 7 7 7 7 7 7 7 7 7 7 7 7 7 7 7 7 7 7 7 7 7 7 7 7 7 7 7 7 7 7 7 7 7 7 7 7 7 8 8 8 8 8 8 8 8 8 8 8 8 8 8 8 8 8 8 8 8 8 8 8 8 8 8 8 8 8 8 8 8 8 8 8 8 8 8 8 8 8 8 8 8 8 8 8 8 8 8 8 8 8 8 8 8 8 8 8 8 8 8 8 8 9 9 9 9 9 9 9 9 9 9 9 9 9 9 9 9 9 9 9 9 9 9 9 9 9 9 9 9 9 9 9 9 9 9 9 9 9 9 9 9 9 9 9 9 9 9 9 9 9 10 10 10 10 10 10 10 10 10 10 10 10 10 10 10 10 10 10 10 10 10 10 10 10 10 10 10 10 10 10 10 10 10 10 10 10 10 10 10 10 10 10 10 10 10 10 10 10 10 10 10 10 10 10 10 10 10 10 10 10 10 10 10 10 10 10 10 10 10 10 10 11 11 11 11 11 11 11 11 11 11 11 11 11 11 11 11 11 11 11 11 11 11 11 11 11 11 11 11 11 11 11 11 11 11 11 11 11 11 11 11 11 11 11 11 11 11 11 11 11 11 11 11 11 11 12 12 12 12 12 12 12 12 12 12 12 12 12 12 12 12 12 12 12 12 12 12 12 12 12 12 12 12 12 12 12 12 12 12 12 12 12 12 12 12 12 12 12 12 12 12] per Owner reducer6:9006
[WORKER] 2025/06/28 16:03:26 Reducer ha scritto i risultati in: output/temp_reducer6_9006.txt
[WORKER] 2025/06/28 16:03:26 
Reducer ha ricevuto i seguenti chunk: [1 1 1 1 1 1 1 1 1 1 1 1 1 1 1 1 1 1 1 1 1 1 1 1 1 1 1 1 1 1 1 1 1 1 1 1 1 1 1 1 1 1 1 1 1 1 1 1 2 2 2 2 2 2 2 2 2 2 2 2 2 2 2 2 2 2 2 2 2 2 2 2 2 2 2 2 2 2 2 2 2 2 2 2 2 2 2 2 3 3 3 3 3 3 3 3 3 3 3 3 3 3 3 3 3 3 3 3 3 3 3 3 3 3 3 3 3 3 3 3 3 3 3 3 3 3 3 3 3 3 3 3 3 3 3 3 3 3 3 3 3 3 3 4 4 4 4 4 4 4 4 4 4 4 4 4 4 4 4 4 4 4 4 4 4 4 4 4 4 4 4 4 4 4 4 4 4 4 4 4 4 4 4 4 4 4 4 4 5 5 5 5 5 5 5 5 5 5 5 5 5 5 5 5 5 5 5 5 5 5 5 5 5 5 5 5 5 5 5 5 5 5 5 5 5 5 5 5 5 5 5 5 5 5 6 6 6 6 6 6 6 6 6 6 6 6 6 6 6 6 6 6 6 6 6 6 6 6 6 6 6 6 6 6 6 6 6 6 6 6 6 6 6 6 6 6 6 6 6 6 6 6 6 7 7 7 7 7 7 7 7 7 7 7 7 7 7 7 7 7 7 7 7 7 7 7 7 7 7 7 7 7 7 7 7 7 7 7 7 7 7 7 7 7 7 7 7 7 7 7 7 7 7 8 8 8 8 8 8 8 8 8 8 8 8 8 8 8 8 8 8 8 8 8 8 8 8 8 8 8 8 8 8 8 8 8 8 8 8 8 8 8 8 8 8 8 8 8 8 8 8 8 9 9 9 9 9 9 9 9 9 9 9 9 9 9 9 9 9 9 9 9 9 9 9 9 9 9 9 9 9 9 9 9 9 9 9 9 9 9 9 9 9 9 9 9 9 9 9 9 9 9 9 9 9 9 10 10 10 10 10 10 10 10 10 10 10 10 10 10 10 10 10 10 10 10 10 10 10 10 10 10 10 10 10 10 10 10 10 10 10 10 10 10 10 10 10 10 10 10 10 10 10 10 10 10 10 10 10 10 11 11 11 11 11 11 11 11 11 11 11 11 11 11 11 11 11 11 11 11 11 11 11 11 11 11 11 11 11 11 11 11 11 11 11 11 11 11 11 11 11 11 11 11 11 11 11 11 12 12 12 12 12 12 12 12 12 12 12 12 12 12 12 12 12 12 12 12 12 12 12 12 12 12 12 12 12 12 12 12 12 12 12 12 12 12 12 12 12 12 12 12 12 12 12 12] per Owner reducer6:9006
[WORKER] 2025/06/28 16:03:26 Reducer ha scritto i risultati in: output/temp_reducer6_9006.txt
[WORKER] 2025/06/28 16:03:26 
Reducer ha ricevuto i seguenti chunk: [1 1 1 1 1 1 1 1 1 1 1 1 1 1 1 1 1 1 1 1 1 1 1 1 1 1 1 1 1 1 1 1 1 1 1 1 1 1 1 1 1 1 1 1 1 1 1 1 1 2 2 2 2 2 2 2 2 2 2 2 2 2 2 2 2 2 2 2 2 2 2 2 2 2 2 2 2 2 2 2 2 2 2 2 2 2 2 2 2 2 2 2 2 2 2 2 2 2 2 2 3 3 3 3 3 3 3 3 3 3 3 3 3 3 3 3 3 3 3 3 3 3 3 3 3 3 3 3 3 3 3 3 3 3 3 3 3 3 3 3 3 3 3 3 3 3 3 3 3 3 3 3 3 4 4 4 4 4 4 4 4 4 4 4 4 4 4 4 4 4 4 4 4 4 4 4 4 4 4 4 4 4 4 4 4 4 4 4 4 4 4 4 4 4 4 4 4 5 5 5 5 5 5 5 5 5 5 5 5 5 5 5 5 5 5 5 5 5 5 5 5 5 5 5 5 5 5 5 5 5 5 5 5 5 5 5 5 5 5 5 5 5 5 5 5 5 5 5 5 5 5 5 5 5 5 5 5 5 5 5 6 6 6 6 6 6 6 6 6 6 6 6 6 6 6 6 6 6 6 6 6 6 6 6 6 6 6 6 6 6 6 6 6 6 6 6 6 6 6 6 6 6 6 7 7 7 7 7 7 7 7 7 7 7 7 7 7 7 7 7 7 7 7 7 7 7 7 7 7 7 7 7 7 7 7 7 7 7 7 7 7 7 7 7 7 7 7 7 7 7 7 7 7 7 7 7 7 7 7 7 7 8 8 8 8 8 8 8 8 8 8 8 8 8 8 8 8 8 8 8 8 8 8 8 8 8 8 8 8 8 8 8 8 8 8 8 8 8 8 8 8 8 8 8 8 8 8 8 8 8 9 9 9 9 9 9 9 9 9 9 9 9 9 9 9 9 9 9 9 9 9 9 9 9 9 9 9 9 9 9 9 9 9 9 9 9 9 9 9 9 9 9 9 9 9 9 10 10 10 10 10 10 10 10 10 10 10 10 10 10 10 10 10 10 10 10 10 10 10 10 10 10 10 10 10 10 10 10 10 10 10 10 10 10 10 10 10 10 10 10 10 10 10 10 10 11 11 11 11 11 11 11 11 11 11 11 11 11 11 11 11 11 11 11 11 11 11 11 11 11 11 11 11 11 11 11 11 11 11 11 11 11 11 11 11 11 11 11 11 11 11 11 11 11 11 11 11 12 12 12 12 12 12 12 12 12 12 12 12 12 12 12 12 12 12 12 12 12 12 12 12 12 12 12 12 12 12 12 12 12 12 12 12 12 12 12 12 12 12 12 12 12 12 12 12] per Owner reducer6:9006
[WORKER] 2025/06/28 16:03:26 Reducer ha scritto i risultati in: output/temp_reducer6_9006.txt
[WORKER] 2025/06/28 16:03:26 
Reducer ha ricevuto i seguenti chunk: [1 1 1 1 1 1 1 1 1 1 1 1 1 1 1 1 1 1 1 1 1 1 1 1 1 1 1 1 1 1 1 1 1 1 1 1 1 1 1 1 1 1 1 1 2 2 2 2 2 2 2 2 2 2 2 2 2 2 2 2 2 2 2 2 2 2 2 2 2 2 2 2 2 2 2 2 2 2 2 2 2 2 2 2 3 3 3 3 3 3 3 3 3 3 3 3 3 3 3 3 3 3 3 3 3 3 3 3 3 3 3 3 3 3 3 3 3 3 3 3 3 3 3 3 3 3 3 3 3 3 3 3 3 3 3 3 3 4 4 4 4 4 4 4 4 4 4 4 4 4 4 4 4 4 4 4 4 4 4 4 4 4 4 4 4 4 4 4 4 4 4 4 4 4 4 4 4 4 4 4 4 4 4 4 4 5 5 5 5 5 5 5 5 5 5 5 5 5 5 5 5 5 5 5 5 5 5 5 5 5 5 5 5 5 5 5 5 5 5 5 5 5 5 5 5 5 5 5 5 5 5 5 5 5 5 5 5 5 6 6 6 6 6 6 6 6 6 6 6 6 6 6 6 6 6 6 6 6 6 6 6 6 6 6 6 6 6 6 6 6 6 6 6 6 6 6 6 6 6 6 6 6 6 6 6 6 6 6 6 6 6 6 7 7 7 7 7 7 7 7 7 7 7 7 7 7 7 7 7 7 7 7 7 7 7 7 7 7 7 7 7 7 7 7 7 7 7 7 7 7 7 7 7 7 7 7 7 7 7 7 7 7 7 7 7 7 7 8 8 8 8 8 8 8 8 8 8 8 8 8 8 8 8 8 8 8 8 8 8 8 8 8 8 8 8 8 8 8 8 8 8 9 9 9 9 9 9 9 9 9 9 9 9 9 9 9 9 9 9 9 9 9 9 9 9 9 9 9 9 9 9 9 9 9 9 9 9 9 9 9 9 9 9 9 9 9 9 9 9 9 10 10 10 10 10 10 10 10 10 10 10 10 10 10 10 10 10 10 10 10 10 10 10 10 10 10 10 10 10 10 10 10 10 10 10 10 10 10 10 10 10 10 10 10 10 11 11 11 11 11 11 11 11 11 11 11 11 11 11 11 11 11 11 11 11 11 11 11 11 11 11 11 11 11 11 11 11 11 11 11 11 11 11 11 11 11 11 11 11 11 11 11 11 11 11 11 12 12 12 12 12 12 12 12 12 12 12 12 12 12 12 12 12 12 12 12 12 12 12 12 12 12 12 12 12 12 12 12 12 12 12 12 12 12 12 12 12 12 12 12 12 12 12 12 12 12 12 12 12 12 12 12 12 12 12 12 12 12] per Owner reducer6:9006
[WORKER] 2025/06/28 16:03:26 Reducer ha scritto i risultati in: output/temp_reducer6_9006.txt
[WORKER] 2025/06/28 16:11:21 Worker in ascolto su reducer6:9006
[WORKER] 2025/06/28 16:11:27 
Reducer ha ricevuto i seguenti chunk: [10 11 13 13 15 18] per Owner reducer6:9006
[WORKER] 2025/06/28 16:11:27 Reducer ha scritto i risultati in: output/temp_reducer6_9006.txt
[WORKER] 2025/06/28 16:11:27 
Reducer ha ricevuto i seguenti chunk: [11 14 14 15 15 16] per Owner reducer6:9006
[WORKER] 2025/06/28 16:11:27 Reducer ha scritto i risultati in: output/temp_reducer6_9006.txt
[WORKER] 2025/06/28 16:11:27 
Reducer ha ricevuto i seguenti chunk: [7 8 9 10 10 17] per Owner reducer6:9006
[WORKER] 2025/06/28 16:11:27 Reducer ha scritto i risultati in: output/temp_reducer6_9006.txt
[WORKER] 2025/06/28 16:11:27 
Reducer ha ricevuto i seguenti chunk: [7 9 10 10 12 14 17] per Owner reducer6:9006
[WORKER] 2025/06/28 16:11:27 Reducer ha scritto i risultati in: output/temp_reducer6_9006.txt
[WORKER] 2025/06/28 16:34:14 Worker in ascolto su reducer6:9006
[WORKER] 2025/06/28 16:34:19 
Reducer ha ricevuto i seguenti chunk: [3] per Owner reducer6:9006
[WORKER] 2025/06/28 16:34:19 Reducer ha scritto i risultati in: output/temp_reducer6_9006.txt
[WORKER] 2025/06/28 16:34:19 
Reducer ha ricevuto i seguenti chunk: [4] per Owner reducer6:9006
[WORKER] 2025/06/28 16:34:19 Reducer ha scritto i risultati in: output/temp_reducer6_9006.txt
[WORKER] 2025/06/28 16:34:19 
Reducer ha ricevuto i seguenti chunk: [2 3] per Owner reducer6:9006
[WORKER] 2025/06/28 16:34:19 Reducer ha scritto i risultati in: output/temp_reducer6_9006.txt
[WORKER] 2025/06/28 16:37:40 Worker in ascolto su reducer6:9006
[WORKER] 2025/06/28 16:37:46 
Reducer ha ricevuto i seguenti chunk: [1 1 1 1 2 2 2 2 2 3 3 3 3 4 4 4 4 4 4 4 4 5 5 5 5 5 6 6 6 6 6 6 7 7 7 7 7 7 7 8 8 8 8 9 9 9 9 9 10 10 11 11 11 11 11 11 11 11 11 12 12 12 13 13 13 13] per Owner reducer6:9006
[WORKER] 2025/06/28 16:37:46 Reducer ha scritto i risultati in: output/temp_reducer6_9006.txt
[WORKER] 2025/06/28 16:37:46 
Reducer ha ricevuto i seguenti chunk: [1 1 1 1 1 1 2 2 2 2 2 3 3 3 4 4 4 4 4 5 5 5 5 5 5 5 6 6 6 6 6 6 7 7 7 8 8 8 8 8 8 8 8 8 9 9 9 10 10 10 10 10 10 11 11 11 12 12 12 12 12 12 12 13 13 13 13] per Owner reducer6:9006
[WORKER] 2025/06/28 16:37:46 Reducer ha scritto i risultati in: output/temp_reducer6_9006.txt
[WORKER] 2025/06/28 16:37:46 
Reducer ha ricevuto i seguenti chunk: [1 1 2 2 3 3 3 3 3 4 5 5 5 5 6 6 7 7 7 7 7 7 7 8 8 8 8 8 9 9 9 10 10 10 10 10 10 10 11 11 11 11 11 12 12 12 12 12 12 13 13 13 13 13] per Owner reducer6:9006
[WORKER] 2025/06/28 16:37:46 Reducer ha scritto i risultati in: output/temp_reducer6_9006.txt
[WORKER] 2025/06/28 16:37:46 
Reducer ha ricevuto i seguenti chunk: [1 1 1 1 1 1 1 1 2 2 2 2 2 3 3 3 4 4 4 4 5 5 5 5 5 5 6 6 6 6 6 7 7 7 7 7 7 8 8 8 8 9 9 9 9 9 9 10 10 10 11 11 12 12 12 12 12 13 13 13 13 13 13 13] per Owner reducer6:9006
[WORKER] 2025/06/28 16:37:46 Reducer ha scritto i risultati in: output/temp_reducer6_9006.txt
[WORKER] 2025/06/28 16:40:54 Worker in ascolto su reducer6:9006
[WORKER] 2025/06/28 16:42:08 Worker in ascolto su reducer6:9006
[WORKER] 2025/06/28 16:43:23 Worker in ascolto su reducer6:9006
[WORKER] 2025/06/28 16:44:39 Worker in ascolto su reducer6:9006
[WORKER] 2025/06/28 16:50:16 Worker in ascolto su reducer6:9006
[WORKER] 2025/06/28 16:51:29 Worker in ascolto su reducer6:9006
[WORKER] 2025/06/28 16:52:46 Worker in ascolto su reducer6:9006
[WORKER] 2025/06/28 16:54:02 Worker in ascolto su reducer6:9006
[WORKER] 2025/06/29 07:19:44 Worker in ascolto su reducer6:9006
[WORKER] 2025/06/29 07:19:50 
Reducer ha ricevuto i seguenti chunk: [2] per Owner reducer6:9006
[WORKER] 2025/06/29 07:19:50 Reducer ha scritto i risultati in: output/temp_reducer6_9006.txt
[WORKER] 2025/06/29 07:19:50 
Reducer ha ricevuto i seguenti chunk: [2 2] per Owner reducer6:9006
[WORKER] 2025/06/29 07:19:50 Reducer ha scritto i risultati in: output/temp_reducer6_9006.txt
[WORKER] 2025/06/29 07:19:50 
Reducer ha ricevuto i seguenti chunk: [5] per Owner reducer6:9006
[WORKER] 2025/06/29 07:19:50 Reducer ha scritto i risultati in: output/temp_reducer6_9006.txt
[WORKER] 2025/06/29 07:19:50 
Reducer ha ricevuto i seguenti chunk: [5] per Owner reducer6:9006
[WORKER] 2025/06/29 07:19:50 Reducer ha scritto i risultati in: output/temp_reducer6_9006.txt
[WORKER] 2025/06/29 09:34:15 Worker in ascolto su reducer6:9006
[WORKER] 2025/06/29 09:34:20 
Reducer ha ricevuto i seguenti chunk: [7 10 10] per Owner reducer6:9006
[WORKER] 2025/06/29 09:34:20 Reducer ha scritto i risultati in: output/temp_reducer6_9006.txt
[WORKER] 2025/06/29 09:34:20 
Reducer ha ricevuto i seguenti chunk: [3 3 4 9 10] per Owner reducer6:9006
[WORKER] 2025/06/29 09:34:20 Reducer ha scritto i risultati in: output/temp_reducer6_9006.txt
[WORKER] 2025/06/29 09:34:20 
Reducer ha ricevuto i seguenti chunk: [5] per Owner reducer6:9006
[WORKER] 2025/06/29 09:34:20 Reducer ha scritto i risultati in: output/temp_reducer6_9006.txt
[WORKER] 2025/06/29 09:34:20 
Reducer ha ricevuto i seguenti chunk: [6] per Owner reducer6:9006
[WORKER] 2025/06/29 09:34:20 Reducer ha scritto i risultati in: output/temp_reducer6_9006.txt
