[WORKER] 2025/07/01 14:59:14 Registrazione avvenuta con successo (mapper - 04429ac9245f:9001)
[WORKER] 2025/07/01 14:59:14 Worker in ascolto su 04429ac9245f:9001
[WORKER] 2025/07/01 14:59:16 Mapper ha ricevuto il chunk: [13 30 30 37 38 11 49 2 8 38 26 30 41 10 35 24 36 14 27 41]
[WORKER] 2025/07/01 14:59:21 Chunk ordinato: [2 8 10 11 13 14 24 26 27 30 30 30 35 36 37 38 38 41 41 49]
[WORKER] 2025/07/01 14:59:21 Mapper ha scritto i risultati in: output/temp_04429ac9245f.txt
[WORKER] 2025/07/01 14:59:21 Numero 2 --> 740ed4c16919:9001 (range 1-15)
[WORKER] 2025/07/01 14:59:21 Numero 8 --> 740ed4c16919:9001 (range 1-15)
[WORKER] 2025/07/01 14:59:21 Numero 10 --> 740ed4c16919:9001 (range 1-15)
[WORKER] 2025/07/01 14:59:21 Numero 11 --> 740ed4c16919:9001 (range 1-15)
[WORKER] 2025/07/01 14:59:21 Numero 13 --> 740ed4c16919:9001 (range 1-15)
[WORKER] 2025/07/01 14:59:21 Numero 14 --> 740ed4c16919:9001 (range 1-15)
[WORKER] 2025/07/01 14:59:21 Numero 24 --> e8cada55e963:9001 (range 15-28)
[WORKER] 2025/07/01 14:59:21 Numero 26 --> e8cada55e963:9001 (range 15-28)
[WORKER] 2025/07/01 14:59:21 Numero 27 --> e8cada55e963:9001 (range 15-28)
[WORKER] 2025/07/01 14:59:21 Numero 30 --> 1210c99e6c6c:9001 (range 30-35)
[WORKER] 2025/07/01 14:59:21 Numero 30 --> 1210c99e6c6c:9001 (range 30-35)
[WORKER] 2025/07/01 14:59:21 Numero 30 --> 1210c99e6c6c:9001 (range 30-35)
[WORKER] 2025/07/01 14:59:21 Numero 35 --> 180615e3e2c4:9001 (range 35-51)
[WORKER] 2025/07/01 14:59:21 Numero 36 --> 180615e3e2c4:9001 (range 35-51)
[WORKER] 2025/07/01 14:59:21 Numero 37 --> 180615e3e2c4:9001 (range 35-51)
[WORKER] 2025/07/01 14:59:21 Numero 38 --> 180615e3e2c4:9001 (range 35-51)
[WORKER] 2025/07/01 14:59:21 Numero 38 --> 180615e3e2c4:9001 (range 35-51)
[WORKER] 2025/07/01 14:59:21 Numero 41 --> 180615e3e2c4:9001 (range 35-51)
[WORKER] 2025/07/01 14:59:21 Numero 41 --> 180615e3e2c4:9001 (range 35-51)
[WORKER] 2025/07/01 14:59:21 Numero 49 --> 180615e3e2c4:9001 (range 35-51)
[WORKER] 2025/07/01 14:59:21 Invio il sotto-chunk [2 8 10 11 13 14] al reducer 740ed4c16919:9001 (con fallback)
[WORKER] 2025/07/01 14:59:21 Chunk inviato con successo a 740ed4c16919:9001 (primario 740ed4c16919:9001)
[WORKER] 2025/07/01 14:59:21 Invio il sotto-chunk [24 26 27] al reducer e8cada55e963:9001 (con fallback)
[WORKER] 2025/07/01 14:59:21 Chunk inviato con successo a e8cada55e963:9001 (primario e8cada55e963:9001)
[WORKER] 2025/07/01 14:59:21 Invio il sotto-chunk [30 30 30] al reducer 1210c99e6c6c:9001 (con fallback)
[WORKER] 2025/07/01 14:59:21 Chunk inviato con successo a 1210c99e6c6c:9001 (primario 1210c99e6c6c:9001)
[WORKER] 2025/07/01 14:59:21 Invio il sotto-chunk [35 36 37 38 38 41 41 49] al reducer 180615e3e2c4:9001 (con fallback)
[WORKER] 2025/07/01 14:59:21 Chunk inviato con successo a 180615e3e2c4:9001 (primario 180615e3e2c4:9001)
