[WORKER] 2025/07/05 14:59:07 Registrazione avvenuta con successo (mapper - 729bcda3887f:9001)
[WORKER] 2025/07/05 14:59:07 Worker in ascolto su 729bcda3887f:9001
[WORKER] 2025/07/05 14:59:22 Mapper ha ricevuto il chunk: [25 45 22 32 28 41 46 36 24 6 10 1 37 45 8 37 38 46 40 18 32 27 36 23 50 5 8 9 5 36 7 11 13 29]
[WORKER] 2025/07/05 14:59:27 Chunk ordinato: [1 5 5 6 7 8 8 9 10 11 13 18 22 23 24 25 27 28 29 32 32 36 36 36 37 37 38 40 41 45 45 46 46 50]
[WORKER] 2025/07/05 14:59:27 Mapper ha scritto i risultati in: output/temp_729bcda3887f.txt
[WORKER] 2025/07/05 14:59:27 Numero 1 --> aca42862c75e:9001 (range 1-12)
[WORKER] 2025/07/05 14:59:27 Numero 5 --> aca42862c75e:9001 (range 1-12)
[WORKER] 2025/07/05 14:59:27 Numero 5 --> aca42862c75e:9001 (range 1-12)
[WORKER] 2025/07/05 14:59:27 Numero 6 --> aca42862c75e:9001 (range 1-12)
[WORKER] 2025/07/05 14:59:27 Numero 7 --> aca42862c75e:9001 (range 1-12)
[WORKER] 2025/07/05 14:59:27 Numero 8 --> aca42862c75e:9001 (range 1-12)
[WORKER] 2025/07/05 14:59:27 Numero 8 --> aca42862c75e:9001 (range 1-12)
[WORKER] 2025/07/05 14:59:27 Numero 9 --> aca42862c75e:9001 (range 1-12)
[WORKER] 2025/07/05 14:59:27 Numero 10 --> aca42862c75e:9001 (range 1-12)
[WORKER] 2025/07/05 14:59:27 Numero 11 --> aca42862c75e:9001 (range 1-12)
[WORKER] 2025/07/05 14:59:27 Numero 13 --> a23e679687ef:9001 (range 12-33)
[WORKER] 2025/07/05 14:59:27 Numero 18 --> a23e679687ef:9001 (range 12-33)
[WORKER] 2025/07/05 14:59:27 Numero 22 --> a23e679687ef:9001 (range 12-33)
[WORKER] 2025/07/05 14:59:27 Numero 23 --> a23e679687ef:9001 (range 12-33)
[WORKER] 2025/07/05 14:59:27 Numero 24 --> a23e679687ef:9001 (range 12-33)
[WORKER] 2025/07/05 14:59:27 Numero 25 --> a23e679687ef:9001 (range 12-33)
[WORKER] 2025/07/05 14:59:27 Numero 27 --> a23e679687ef:9001 (range 12-33)
[WORKER] 2025/07/05 14:59:27 Numero 28 --> a23e679687ef:9001 (range 12-33)
[WORKER] 2025/07/05 14:59:27 Numero 29 --> a23e679687ef:9001 (range 12-33)
[WORKER] 2025/07/05 14:59:27 Numero 32 --> a23e679687ef:9001 (range 12-33)
[WORKER] 2025/07/05 14:59:27 Numero 32 --> a23e679687ef:9001 (range 12-33)
[WORKER] 2025/07/05 14:59:27 Numero 36 --> 4adbe5e8def3:9001 (range 33-51)
[WORKER] 2025/07/05 14:59:27 Numero 36 --> 4adbe5e8def3:9001 (range 33-51)
[WORKER] 2025/07/05 14:59:27 Numero 36 --> 4adbe5e8def3:9001 (range 33-51)
[WORKER] 2025/07/05 14:59:27 Numero 37 --> 4adbe5e8def3:9001 (range 33-51)
[WORKER] 2025/07/05 14:59:27 Numero 37 --> 4adbe5e8def3:9001 (range 33-51)
[WORKER] 2025/07/05 14:59:27 Numero 38 --> 4adbe5e8def3:9001 (range 33-51)
[WORKER] 2025/07/05 14:59:27 Numero 40 --> 4adbe5e8def3:9001 (range 33-51)
[WORKER] 2025/07/05 14:59:27 Numero 41 --> 4adbe5e8def3:9001 (range 33-51)
[WORKER] 2025/07/05 14:59:27 Numero 45 --> 4adbe5e8def3:9001 (range 33-51)
[WORKER] 2025/07/05 14:59:27 Numero 45 --> 4adbe5e8def3:9001 (range 33-51)
[WORKER] 2025/07/05 14:59:27 Numero 46 --> 4adbe5e8def3:9001 (range 33-51)
[WORKER] 2025/07/05 14:59:27 Numero 46 --> 4adbe5e8def3:9001 (range 33-51)
[WORKER] 2025/07/05 14:59:27 Numero 50 --> 4adbe5e8def3:9001 (range 33-51)
[WORKER] 2025/07/05 14:59:27 Invio il sotto-chunk [1 5 5 6 7 8 8 9 10 11] al reducer aca42862c75e:9001 (con fallback)
[WORKER] 2025/07/05 14:59:27 Chunk inviato con successo a aca42862c75e:9001 (primario aca42862c75e:9001)
[WORKER] 2025/07/05 14:59:27 Invio il sotto-chunk [13 18 22 23 24 25 27 28 29 32 32] al reducer a23e679687ef:9001 (con fallback)
[WORKER] 2025/07/05 14:59:27 Chunk inviato con successo a a23e679687ef:9001 (primario a23e679687ef:9001)
[WORKER] 2025/07/05 14:59:27 Invio il sotto-chunk [36 36 36 37 37 38 40 41 45 45 46 46 50] al reducer 4adbe5e8def3:9001 (con fallback)
[WORKER] 2025/07/05 14:59:27 Chunk inviato con successo a 4adbe5e8def3:9001 (primario 4adbe5e8def3:9001)
