[WORKER] 2025/07/08 16:38:47 Registrazione avvenuta con successo (mapper - 14abe3bd6286:9001)
[WORKER] 2025/07/08 16:38:47 Worker in ascolto su 14abe3bd6286:9001
[WORKER] 2025/07/08 16:39:07 Mapper ha ricevuto il chunk: [45 32 42 27 16 21 44 47 7 1 24 10 22 12 7 14 40 15 25 31 47 17 26 49 6 10 48 16 49 10 48 18]
[WORKER] 2025/07/08 16:39:12 Chunk ordinato: [1 6 7 7 10 10 10 12 14 15 16 16 17 18 21 22 24 25 26 27 31 32 40 42 44 45 47 47 48 48 49 49]
[WORKER] 2025/07/08 16:39:12 Mapper ha scritto i risultati in: output/temp_14abe3bd6286.txt
[WORKER] 2025/07/08 16:39:12 Numero 1 --> 7257aaa25a7d:9001 (range 1-23)
[WORKER] 2025/07/08 16:39:12 Numero 6 --> 7257aaa25a7d:9001 (range 1-23)
[WORKER] 2025/07/08 16:39:12 Numero 7 --> 7257aaa25a7d:9001 (range 1-23)
[WORKER] 2025/07/08 16:39:12 Numero 7 --> 7257aaa25a7d:9001 (range 1-23)
[WORKER] 2025/07/08 16:39:12 Numero 10 --> 7257aaa25a7d:9001 (range 1-23)
[WORKER] 2025/07/08 16:39:12 Numero 10 --> 7257aaa25a7d:9001 (range 1-23)
[WORKER] 2025/07/08 16:39:12 Numero 10 --> 7257aaa25a7d:9001 (range 1-23)
[WORKER] 2025/07/08 16:39:12 Numero 12 --> 7257aaa25a7d:9001 (range 1-23)
[WORKER] 2025/07/08 16:39:12 Numero 14 --> 7257aaa25a7d:9001 (range 1-23)
[WORKER] 2025/07/08 16:39:12 Numero 15 --> 7257aaa25a7d:9001 (range 1-23)
[WORKER] 2025/07/08 16:39:12 Numero 16 --> 7257aaa25a7d:9001 (range 1-23)
[WORKER] 2025/07/08 16:39:12 Numero 16 --> 7257aaa25a7d:9001 (range 1-23)
[WORKER] 2025/07/08 16:39:12 Numero 17 --> 7257aaa25a7d:9001 (range 1-23)
[WORKER] 2025/07/08 16:39:12 Numero 18 --> 7257aaa25a7d:9001 (range 1-23)
[WORKER] 2025/07/08 16:39:12 Numero 21 --> 7257aaa25a7d:9001 (range 1-23)
[WORKER] 2025/07/08 16:39:12 Numero 22 --> 7257aaa25a7d:9001 (range 1-23)
[WORKER] 2025/07/08 16:39:12 Numero 24 --> f60a9e299547:9001 (range 23-28)
[WORKER] 2025/07/08 16:39:12 Numero 25 --> f60a9e299547:9001 (range 23-28)
[WORKER] 2025/07/08 16:39:12 Numero 26 --> f60a9e299547:9001 (range 23-28)
[WORKER] 2025/07/08 16:39:12 Numero 27 --> f60a9e299547:9001 (range 23-28)
[WORKER] 2025/07/08 16:39:12 Numero 31 --> 59c5008ba88d:9001 (range 28-51)
[WORKER] 2025/07/08 16:39:12 Numero 32 --> 59c5008ba88d:9001 (range 28-51)
[WORKER] 2025/07/08 16:39:12 Numero 40 --> 59c5008ba88d:9001 (range 28-51)
[WORKER] 2025/07/08 16:39:12 Numero 42 --> 59c5008ba88d:9001 (range 28-51)
[WORKER] 2025/07/08 16:39:12 Numero 44 --> 59c5008ba88d:9001 (range 28-51)
[WORKER] 2025/07/08 16:39:12 Numero 45 --> 59c5008ba88d:9001 (range 28-51)
[WORKER] 2025/07/08 16:39:12 Numero 47 --> 59c5008ba88d:9001 (range 28-51)
[WORKER] 2025/07/08 16:39:12 Numero 47 --> 59c5008ba88d:9001 (range 28-51)
[WORKER] 2025/07/08 16:39:12 Numero 48 --> 59c5008ba88d:9001 (range 28-51)
[WORKER] 2025/07/08 16:39:12 Numero 48 --> 59c5008ba88d:9001 (range 28-51)
[WORKER] 2025/07/08 16:39:12 Numero 49 --> 59c5008ba88d:9001 (range 28-51)
[WORKER] 2025/07/08 16:39:12 Numero 49 --> 59c5008ba88d:9001 (range 28-51)
[WORKER] 2025/07/08 16:39:12 Invio il sotto-chunk [1 6 7 7 10 10 10 12 14 15 16 16 17 18 21 22] al reducer 7257aaa25a7d:9001 (con fallback)
[WORKER] 2025/07/08 16:39:12 Chunk inviato con successo a 7257aaa25a7d:9001 (primario 7257aaa25a7d:9001)
[WORKER] 2025/07/08 16:39:12 Invio il sotto-chunk [24 25 26 27] al reducer f60a9e299547:9001 (con fallback)
[WORKER] 2025/07/08 16:39:12 Chunk inviato con successo a f60a9e299547:9001 (primario f60a9e299547:9001)
[WORKER] 2025/07/08 16:39:12 Invio il sotto-chunk [31 32 40 42 44 45 47 47 48 48 49 49] al reducer 59c5008ba88d:9001 (con fallback)
[WORKER] 2025/07/08 16:39:12 Chunk inviato con successo a 59c5008ba88d:9001 (primario 59c5008ba88d:9001)
