[WORKER] 2025/06/26 15:39:41 Worker in ascolto su reducer5:9005
[WORKER] 2025/06/26 15:39:46 
Reducer ha ricevuto i seguenti chunk: [1 2 2 3] per Owner reducer5:9005
[WORKER] 2025/06/26 15:39:46 Reducer ha scritto i risultati in: output/temp_reducer5_9005.txt
[WORKER] 2025/06/26 15:39:46 
Reducer ha ricevuto i seguenti chunk: [2] per Owner reducer5:9005
[WORKER] 2025/06/26 15:39:46 Reducer ha scritto i risultati in: output/temp_reducer5_9005.txt
[WORKER] 2025/06/26 15:39:46 
Reducer ha ricevuto i seguenti chunk: [1] per Owner reducer5:9005
[WORKER] 2025/06/26 15:39:46 Reducer ha scritto i risultati in: output/temp_reducer5_9005.txt
[WORKER] 2025/06/26 15:55:14 Worker in ascolto su reducer5:9005
[WORKER] 2025/06/26 15:55:19 
Reducer ha ricevuto i seguenti chunk: [5] per Owner reducer5:9005
[WORKER] 2025/06/26 15:55:19 Reducer ha scritto i risultati in: output/temp_reducer5_9005.txt
[WORKER] 2025/06/26 15:55:19 
Reducer ha ricevuto i seguenti chunk: [2 2 6 6] per Owner reducer5:9005
[WORKER] 2025/06/26 15:55:19 Reducer ha scritto i risultati in: output/temp_reducer5_9005.txt
[WORKER] 2025/06/26 15:55:19 
Reducer ha ricevuto i seguenti chunk: [2 2 2 3] per Owner reducer5:9005
[WORKER] 2025/06/26 15:55:19 Reducer ha scritto i risultati in: output/temp_reducer5_9005.txt
[WORKER] 2025/06/26 15:55:19 
Reducer ha ricevuto i seguenti chunk: [1 2 3 3 3 4 6] per Owner reducer5:9005
[WORKER] 2025/06/26 15:55:19 Reducer ha scritto i risultati in: output/temp_reducer5_9005.txt
[WORKER] 2025/06/26 16:16:45 Worker in ascolto su reducer5:9005
[WORKER] 2025/06/26 16:16:51 
Reducer ha ricevuto i seguenti chunk: [2 3 3] per Owner reducer5:9005
[WORKER] 2025/06/26 16:16:51 Reducer ha scritto i risultati in: output/temp_reducer5_9005.txt
[WORKER] 2025/06/26 16:16:51 
Reducer ha ricevuto i seguenti chunk: [1 3] per Owner reducer5:9005
[WORKER] 2025/06/26 16:16:51 Reducer ha scritto i risultati in: output/temp_reducer5_9005.txt
[WORKER] 2025/06/26 16:16:51 
Reducer ha ricevuto i seguenti chunk: [2 4] per Owner reducer5:9005
[WORKER] 2025/06/26 16:16:51 Reducer ha scritto i risultati in: output/temp_reducer5_9005.txt
[WORKER] 2025/06/26 16:16:51 
Reducer ha ricevuto i seguenti chunk: [1] per Owner reducer5:9005
[WORKER] 2025/06/26 16:16:51 Reducer ha scritto i risultati in: output/temp_reducer5_9005.txt
[WORKER] 2025/06/26 16:29:08 Worker in ascolto su reducer5:9005
[WORKER] 2025/06/26 16:29:14 
Reducer ha ricevuto i seguenti chunk: [1 1 2 2 3 4 10 11] per Owner reducer5:9005
[WORKER] 2025/06/26 16:29:14 Reducer ha scritto i risultati in: output/temp_reducer5_9005.txt
[WORKER] 2025/06/26 16:29:14 
Reducer ha ricevuto i seguenti chunk: [3 3 5 11] per Owner reducer5:9005
[WORKER] 2025/06/26 16:29:14 Reducer ha scritto i risultati in: output/temp_reducer5_9005.txt
[WORKER] 2025/06/26 16:29:14 
Reducer ha ricevuto i seguenti chunk: [2 6 11] per Owner reducer5:9005
[WORKER] 2025/06/26 16:29:14 Reducer ha scritto i risultati in: output/temp_reducer5_9005.txt
[WORKER] 2025/06/26 16:29:14 
Reducer ha ricevuto i seguenti chunk: [4 5 8 8 11 11] per Owner reducer5:9005
[WORKER] 2025/06/26 16:29:14 Reducer ha scritto i risultati in: output/temp_reducer5_9005.txt
[WORKER] 2025/06/26 16:39:24 Worker in ascolto su reducer5:9005
[WORKER] 2025/06/26 16:40:05 Worker in ascolto su reducer5:9005
[WORKER] 2025/06/26 16:46:32 Worker in ascolto su reducer5:9005
[WORKER] 2025/06/26 16:46:37 
Reducer ha ricevuto i seguenti chunk: [5] per Owner reducer5:9005
[WORKER] 2025/06/26 16:46:37 Reducer ha scritto i risultati in: output/temp_reducer5_9005.txt
[WORKER] 2025/06/26 16:46:37 
Reducer ha ricevuto i seguenti chunk: [1 1 2 7] per Owner reducer5:9005
[WORKER] 2025/06/26 16:46:37 Reducer ha scritto i risultati in: output/temp_reducer5_9005.txt
[WORKER] 2025/06/26 16:46:37 
Reducer ha ricevuto i seguenti chunk: [3 4 6] per Owner reducer5:9005
[WORKER] 2025/06/26 16:46:37 Reducer ha scritto i risultati in: output/temp_reducer5_9005.txt
[WORKER] 2025/06/26 16:46:37 
Reducer ha ricevuto i seguenti chunk: [3 4 4 6] per Owner reducer5:9005
[WORKER] 2025/06/26 16:46:37 Reducer ha scritto i risultati in: output/temp_reducer5_9005.txt
[WORKER] 2025/06/26 16:46:39 
Reducer ha ricevuto i seguenti chunk: [10 11 11 13 18 19 20 22 22 27] per Owner reducer6:9006
[WORKER] 2025/06/26 16:46:39 
Reducer ha ricevuto i seguenti chunk: [9 13 14 14 16 19 20 21 22 23 25] per Owner reducer6:9006
[WORKER] 2025/06/26 16:46:39 Reducer ha scritto i risultati in: output/temp_reducer6_9006.txt
[WORKER] 2025/06/26 16:46:39 Reducer ha scritto i risultati in: output/temp_reducer6_9006.txt
[WORKER] 2025/06/26 16:48:25 Worker in ascolto su reducer5:9005
[WORKER] 2025/06/26 16:57:38 Worker in ascolto su reducer5:9005
[WORKER] 2025/06/26 16:57:43 
Reducer ha ricevuto i seguenti chunk: [2 2 2 2 8 10 10] per Owner reducer5:9005
[WORKER] 2025/06/26 16:57:43 Reducer ha scritto i risultati in: output/temp_reducer5_9005.txt
[WORKER] 2025/06/26 16:57:43 
Reducer ha ricevuto i seguenti chunk: [2 4 6 7 7 8 10] per Owner reducer5:9005
[WORKER] 2025/06/26 16:57:43 Reducer ha scritto i risultati in: output/temp_reducer5_9005.txt
[WORKER] 2025/06/26 16:57:43 
Reducer ha ricevuto i seguenti chunk: [2 4] per Owner reducer5:9005
[WORKER] 2025/06/26 16:57:43 Reducer ha scritto i risultati in: output/temp_reducer5_9005.txt
[WORKER] 2025/06/26 16:57:43 
Reducer ha ricevuto i seguenti chunk: [12 13] per Owner reducer6:9006
[WORKER] 2025/06/26 16:57:43 
Reducer ha ricevuto i seguenti chunk: [11 12] per Owner reducer6:9006
[WORKER] 2025/06/26 16:57:43 Reducer ha scritto i risultati in: output/temp_reducer6_9006.txt
[WORKER] 2025/06/26 16:57:43 Reducer ha scritto i risultati in: output/temp_reducer6_9006.txt
[WORKER] 2025/06/26 16:57:43 
Reducer ha ricevuto i seguenti chunk: [1 5 6 7 7 10 10] per Owner reducer5:9005
[WORKER] 2025/06/26 16:57:43 Reducer ha scritto i risultati in: output/temp_reducer5_9005.txt
[WORKER] 2025/06/26 17:06:17 Worker in ascolto su reducer5:9005
[WORKER] 2025/06/26 17:06:23 
Reducer ha ricevuto i seguenti chunk: [3 4] per Owner reducer5:9005
[WORKER] 2025/06/26 17:06:23 Reducer ha scritto i risultati in: output/temp_reducer5_9005.txt
[WORKER] 2025/06/26 17:06:23 
Reducer ha ricevuto i seguenti chunk: [3] per Owner reducer5:9005
[WORKER] 2025/06/26 17:06:23 Reducer ha scritto i risultati in: output/temp_reducer5_9005.txt
[WORKER] 2025/06/26 17:06:23 
Reducer ha ricevuto i seguenti chunk: [7 7 13 14 14 16] per Owner reducer6:9006
[WORKER] 2025/06/26 17:06:23 Reducer ha scritto i risultati in: output/temp_reducer6_9006.txt
[WORKER] 2025/06/26 17:08:59 Worker in ascolto su reducer5:9005
[WORKER] 2025/06/26 17:09:05 
Reducer ha ricevuto i seguenti chunk: [2] per Owner reducer5:9005
[WORKER] 2025/06/26 17:09:05 Reducer ha scritto i risultati in: output/temp_reducer5_9005.txt
[WORKER] 2025/06/26 17:09:05 
Reducer ha ricevuto i seguenti chunk: [1] per Owner reducer5:9005
[WORKER] 2025/06/26 17:09:05 Reducer ha scritto i risultati in: output/temp_reducer5_9005.txt
[WORKER] 2025/06/26 17:10:05 Worker in ascolto su reducer5:9005
[WORKER] 2025/06/26 17:10:10 
Reducer ha ricevuto i seguenti chunk: [3 5 7 7 7] per Owner reducer5:9005
[WORKER] 2025/06/26 17:10:10 Reducer ha scritto i risultati in: output/temp_reducer5_9005.txt
[WORKER] 2025/06/26 17:10:10 
Reducer ha ricevuto i seguenti chunk: [2 3 6] per Owner reducer5:9005
[WORKER] 2025/06/26 17:10:10 Reducer ha scritto i risultati in: output/temp_reducer5_9005.txt
[WORKER] 2025/06/26 17:10:10 
Reducer ha ricevuto i seguenti chunk: [1 2 4 5 5] per Owner reducer5:9005
[WORKER] 2025/06/26 17:10:10 Reducer ha scritto i risultati in: output/temp_reducer5_9005.txt
[WORKER] 2025/06/26 17:10:10 
Reducer ha ricevuto i seguenti chunk: [6 7] per Owner reducer5:9005
[WORKER] 2025/06/26 17:10:10 Reducer ha scritto i risultati in: output/temp_reducer5_9005.txt
[WORKER] 2025/06/26 17:10:10 
Reducer ha ricevuto i seguenti chunk: [9 11 12] per Owner reducer6:9006
[WORKER] 2025/06/26 17:10:10 Reducer ha scritto i risultati in: output/temp_reducer6_9006.txt
[WORKER] 2025/06/26 17:10:10 
Reducer ha ricevuto i seguenti chunk: [12] per Owner reducer6:9006
[WORKER] 2025/06/26 17:10:10 Reducer ha scritto i risultati in: output/temp_reducer6_9006.txt
[WORKER] 2025/06/26 17:11:48 Worker in ascolto su reducer5:9005
[WORKER] 2025/06/26 17:11:54 
Reducer ha ricevuto i seguenti chunk: [3 5] per Owner reducer5:9005
[WORKER] 2025/06/26 17:11:54 Reducer ha scritto i risultati in: output/temp_reducer5_9005.txt
[WORKER] 2025/06/26 17:11:54 
Reducer ha ricevuto i seguenti chunk: [1 1 2 4 11 11 11 12] per Owner reducer5:9005
[WORKER] 2025/06/26 17:11:54 Reducer ha scritto i risultati in: output/temp_reducer5_9005.txt
[WORKER] 2025/06/26 17:11:54 
Reducer ha ricevuto i seguenti chunk: [6 8 9 10 11 12 12] per Owner reducer5:9005
[WORKER] 2025/06/26 17:11:54 Reducer ha scritto i risultati in: output/temp_reducer5_9005.txt
[WORKER] 2025/06/26 17:22:31 Worker in ascolto su reducer5:9005
[WORKER] 2025/06/26 17:22:39 
Reducer ha ricevuto i seguenti chunk: [3] per Owner reducer6:9006
[WORKER] 2025/06/26 17:22:39 Reducer ha scritto i risultati in: output/temp_reducer6_9006.txt
[WORKER] 2025/06/26 17:22:39 
Reducer ha ricevuto i seguenti chunk: [2 3] per Owner reducer6:9006
[WORKER] 2025/06/26 17:22:39 Reducer ha scritto i risultati in: output/temp_reducer6_9006.txt
[WORKER] 2025/06/26 17:24:03 Worker in ascolto su reducer5:9005
[WORKER] 2025/06/26 17:24:10 
Reducer ha ricevuto i seguenti chunk: [2 2] per Owner reducer6:9006
[WORKER] 2025/06/26 17:24:10 Reducer ha scritto i risultati in: output/temp_reducer6_9006.txt
[WORKER] 2025/06/26 17:30:38 Worker in ascolto su reducer5:9005
[WORKER] 2025/06/26 17:30:44 
Reducer ha ricevuto i seguenti chunk: [1] per Owner reducer5:9005
[WORKER] 2025/06/26 17:30:44 Reducer ha scritto i risultati in: output/temp_reducer5_9005.txt
[WORKER] 2025/06/26 17:30:44 
Reducer ha ricevuto i seguenti chunk: [2 4 4] per Owner reducer5:9005
[WORKER] 2025/06/26 17:30:44 Reducer ha scritto i risultati in: output/temp_reducer5_9005.txt
[WORKER] 2025/06/26 17:32:09 Worker in ascolto su reducer5:9005
[WORKER] 2025/06/26 17:32:14 
Reducer ha ricevuto i seguenti chunk: [1] per Owner reducer5:9005
[WORKER] 2025/06/26 17:32:14 Reducer ha scritto i risultati in: output/temp_reducer5_9005.txt
[WORKER] 2025/06/26 17:32:14 
Reducer ha ricevuto i seguenti chunk: [2] per Owner reducer5:9005
[WORKER] 2025/06/26 17:32:14 Reducer ha scritto i risultati in: output/temp_reducer5_9005.txt
[WORKER] 2025/06/26 17:32:15 
Reducer ha ricevuto i seguenti chunk: [3 3 4 5 5 5 6 6] per Owner reducer6:9006
[WORKER] 2025/06/26 17:32:15 Reducer ha scritto i risultati in: output/temp_reducer6_9006.txt
[WORKER] 2025/06/26 17:32:15 
Reducer ha ricevuto i seguenti chunk: [3 3] per Owner reducer6:9006
[WORKER] 2025/06/26 17:32:15 Reducer ha scritto i risultati in: output/temp_reducer6_9006.txt
