[WORKER] 2025/07/05 14:59:07 Registrazione avvenuta con successo (mapper - b7f802f81cf2:9001)
[WORKER] 2025/07/05 14:59:07 Worker in ascolto su b7f802f81cf2:9001
[WORKER] 2025/07/05 14:59:22 Mapper ha ricevuto il chunk: [1 3 9 12 26 31 33 36 48 50 25 44 19 24 50 16 18 37 48 2 48 31 30 15 43 20 16 45 35 41 13 32 23 17]
[WORKER] 2025/07/05 14:59:27 Chunk ordinato: [1 2 3 9 12 13 15 16 16 17 18 19 20 23 24 25 26 30 31 31 32 33 35 36 37 41 43 44 45 48 48 48 50 50]
[WORKER] 2025/07/05 14:59:27 Mapper ha scritto i risultati in: output/temp_b7f802f81cf2.txt
[WORKER] 2025/07/05 14:59:27 Numero 1 --> aca42862c75e:9001 (range 1-12)
[WORKER] 2025/07/05 14:59:27 Numero 2 --> aca42862c75e:9001 (range 1-12)
[WORKER] 2025/07/05 14:59:27 Numero 3 --> aca42862c75e:9001 (range 1-12)
[WORKER] 2025/07/05 14:59:27 Numero 9 --> aca42862c75e:9001 (range 1-12)
[WORKER] 2025/07/05 14:59:27 Numero 12 --> a23e679687ef:9001 (range 12-33)
[WORKER] 2025/07/05 14:59:27 Numero 13 --> a23e679687ef:9001 (range 12-33)
[WORKER] 2025/07/05 14:59:27 Numero 15 --> a23e679687ef:9001 (range 12-33)
[WORKER] 2025/07/05 14:59:27 Numero 16 --> a23e679687ef:9001 (range 12-33)
[WORKER] 2025/07/05 14:59:27 Numero 16 --> a23e679687ef:9001 (range 12-33)
[WORKER] 2025/07/05 14:59:27 Numero 17 --> a23e679687ef:9001 (range 12-33)
[WORKER] 2025/07/05 14:59:27 Numero 18 --> a23e679687ef:9001 (range 12-33)
[WORKER] 2025/07/05 14:59:27 Numero 19 --> a23e679687ef:9001 (range 12-33)
[WORKER] 2025/07/05 14:59:27 Numero 20 --> a23e679687ef:9001 (range 12-33)
[WORKER] 2025/07/05 14:59:27 Numero 23 --> a23e679687ef:9001 (range 12-33)
[WORKER] 2025/07/05 14:59:27 Numero 24 --> a23e679687ef:9001 (range 12-33)
[WORKER] 2025/07/05 14:59:27 Numero 25 --> a23e679687ef:9001 (range 12-33)
[WORKER] 2025/07/05 14:59:27 Numero 26 --> a23e679687ef:9001 (range 12-33)
[WORKER] 2025/07/05 14:59:27 Numero 30 --> a23e679687ef:9001 (range 12-33)
[WORKER] 2025/07/05 14:59:27 Numero 31 --> a23e679687ef:9001 (range 12-33)
[WORKER] 2025/07/05 14:59:27 Numero 31 --> a23e679687ef:9001 (range 12-33)
[WORKER] 2025/07/05 14:59:27 Numero 32 --> a23e679687ef:9001 (range 12-33)
[WORKER] 2025/07/05 14:59:27 Numero 33 --> 4adbe5e8def3:9001 (range 33-51)
[WORKER] 2025/07/05 14:59:27 Numero 35 --> 4adbe5e8def3:9001 (range 33-51)
[WORKER] 2025/07/05 14:59:27 Numero 36 --> 4adbe5e8def3:9001 (range 33-51)
[WORKER] 2025/07/05 14:59:27 Numero 37 --> 4adbe5e8def3:9001 (range 33-51)
[WORKER] 2025/07/05 14:59:27 Numero 41 --> 4adbe5e8def3:9001 (range 33-51)
[WORKER] 2025/07/05 14:59:27 Numero 43 --> 4adbe5e8def3:9001 (range 33-51)
[WORKER] 2025/07/05 14:59:27 Numero 44 --> 4adbe5e8def3:9001 (range 33-51)
[WORKER] 2025/07/05 14:59:27 Numero 45 --> 4adbe5e8def3:9001 (range 33-51)
[WORKER] 2025/07/05 14:59:27 Numero 48 --> 4adbe5e8def3:9001 (range 33-51)
[WORKER] 2025/07/05 14:59:27 Numero 48 --> 4adbe5e8def3:9001 (range 33-51)
[WORKER] 2025/07/05 14:59:27 Numero 48 --> 4adbe5e8def3:9001 (range 33-51)
[WORKER] 2025/07/05 14:59:27 Numero 50 --> 4adbe5e8def3:9001 (range 33-51)
[WORKER] 2025/07/05 14:59:27 Numero 50 --> 4adbe5e8def3:9001 (range 33-51)
[WORKER] 2025/07/05 14:59:27 Invio il sotto-chunk [1 2 3 9] al reducer aca42862c75e:9001 (con fallback)
[WORKER] 2025/07/05 14:59:27 Chunk inviato con successo a aca42862c75e:9001 (primario aca42862c75e:9001)
[WORKER] 2025/07/05 14:59:27 Invio il sotto-chunk [12 13 15 16 16 17 18 19 20 23 24 25 26 30 31 31 32] al reducer a23e679687ef:9001 (con fallback)
[WORKER] 2025/07/05 14:59:27 Chunk inviato con successo a a23e679687ef:9001 (primario a23e679687ef:9001)
[WORKER] 2025/07/05 14:59:27 Invio il sotto-chunk [33 35 36 37 41 43 44 45 48 48 48 50 50] al reducer 4adbe5e8def3:9001 (con fallback)
[WORKER] 2025/07/05 14:59:27 Chunk inviato con successo a 4adbe5e8def3:9001 (primario 4adbe5e8def3:9001)
