[WORKER] 2025/07/01 14:02:51 Registrazione avvenuta con successo (mapper - 49ba0a5ae5a6:9001)
[WORKER] 2025/07/01 14:02:51 Worker in ascolto su 49ba0a5ae5a6:9001
[WORKER] 2025/07/01 14:02:53 Mapper ha ricevuto il chunk: [2 36 48 14 49 13 28 19 8 6 25 8 35 48 23 37 29 18 4 26 39 1 8 12 36]
[WORKER] 2025/07/01 14:02:58 Chunk ordinato: [1 2 4 6 8 8 8 12 13 14 18 19 23 25 26 28 29 35 36 36 37 39 48 48 49]
[WORKER] 2025/07/01 14:02:58 Mapper ha scritto i risultati in: output/temp_49ba0a5ae5a6.txt
[WORKER] 2025/07/01 14:02:58 Numero 1 --> 6d96837b08ad:9001 (range 1-9)
[WORKER] 2025/07/01 14:02:58 Numero 2 --> 6d96837b08ad:9001 (range 1-9)
[WORKER] 2025/07/01 14:02:58 Numero 4 --> 6d96837b08ad:9001 (range 1-9)
[WORKER] 2025/07/01 14:02:58 Numero 6 --> 6d96837b08ad:9001 (range 1-9)
[WORKER] 2025/07/01 14:02:58 Numero 8 --> 6d96837b08ad:9001 (range 1-9)
[WORKER] 2025/07/01 14:02:58 Numero 8 --> 6d96837b08ad:9001 (range 1-9)
[WORKER] 2025/07/01 14:02:58 Numero 8 --> 6d96837b08ad:9001 (range 1-9)
[WORKER] 2025/07/01 14:02:58 Numero 12 --> a63e9f662ad8:9001 (range 9-21)
[WORKER] 2025/07/01 14:02:58 Numero 13 --> a63e9f662ad8:9001 (range 9-21)
[WORKER] 2025/07/01 14:02:58 Numero 14 --> a63e9f662ad8:9001 (range 9-21)
[WORKER] 2025/07/01 14:02:58 Numero 18 --> a63e9f662ad8:9001 (range 9-21)
[WORKER] 2025/07/01 14:02:58 Numero 19 --> a63e9f662ad8:9001 (range 9-21)
[WORKER] 2025/07/01 14:02:58 Numero 23 --> ae3ddac8d7b2:9001 (range 21-32)
[WORKER] 2025/07/01 14:02:58 Numero 25 --> ae3ddac8d7b2:9001 (range 21-32)
[WORKER] 2025/07/01 14:02:58 Numero 26 --> ae3ddac8d7b2:9001 (range 21-32)
[WORKER] 2025/07/01 14:02:58 Numero 28 --> ae3ddac8d7b2:9001 (range 21-32)
[WORKER] 2025/07/01 14:02:58 Numero 29 --> ae3ddac8d7b2:9001 (range 21-32)
[WORKER] 2025/07/01 14:02:58 Numero 35 --> c5a4db658fcb:9001 (range 32-51)
[WORKER] 2025/07/01 14:02:58 Numero 36 --> c5a4db658fcb:9001 (range 32-51)
[WORKER] 2025/07/01 14:02:58 Numero 36 --> c5a4db658fcb:9001 (range 32-51)
[WORKER] 2025/07/01 14:02:58 Numero 37 --> c5a4db658fcb:9001 (range 32-51)
[WORKER] 2025/07/01 14:02:58 Numero 39 --> c5a4db658fcb:9001 (range 32-51)
[WORKER] 2025/07/01 14:02:58 Numero 48 --> c5a4db658fcb:9001 (range 32-51)
[WORKER] 2025/07/01 14:02:58 Numero 48 --> c5a4db658fcb:9001 (range 32-51)
[WORKER] 2025/07/01 14:02:58 Numero 49 --> c5a4db658fcb:9001 (range 32-51)
[WORKER] 2025/07/01 14:02:58 Invio il sotto-chunk [1 2 4 6 8 8 8] al reducer 6d96837b08ad:9001 (con fallback)
[WORKER] 2025/07/01 14:02:58 Chunk inviato con successo a 6d96837b08ad:9001 (primario 6d96837b08ad:9001)
[WORKER] 2025/07/01 14:02:58 Invio il sotto-chunk [12 13 14 18 19] al reducer a63e9f662ad8:9001 (con fallback)
[WORKER] 2025/07/01 14:02:58 Chunk inviato con successo a a63e9f662ad8:9001 (primario a63e9f662ad8:9001)
[WORKER] 2025/07/01 14:02:58 Invio il sotto-chunk [23 25 26 28 29] al reducer ae3ddac8d7b2:9001 (con fallback)
[WORKER] 2025/07/01 14:02:58 Chunk inviato con successo a ae3ddac8d7b2:9001 (primario ae3ddac8d7b2:9001)
[WORKER] 2025/07/01 14:02:58 Invio il sotto-chunk [35 36 36 37 39 48 48 49] al reducer c5a4db658fcb:9001 (con fallback)
[WORKER] 2025/07/01 14:02:58 Chunk inviato con successo a c5a4db658fcb:9001 (primario c5a4db658fcb:9001)
