[WORKER] 2025/07/01 14:02:51 Registrazione avvenuta con successo (mapper - 9fdfa9e46503:9001)
[WORKER] 2025/07/01 14:02:51 Worker in ascolto su 9fdfa9e46503:9001
[WORKER] 2025/07/01 14:02:53 Mapper ha ricevuto il chunk: [15 20 6 47 46 22 1 8 11 29 31 45 42 6 29 14 32 46 11 28 47 2 25 50 27]
[WORKER] 2025/07/01 14:02:58 Chunk ordinato: [1 2 6 6 8 11 11 14 15 20 22 25 27 28 29 29 31 32 42 45 46 46 47 47 50]
[WORKER] 2025/07/01 14:02:58 Mapper ha scritto i risultati in: output/temp_9fdfa9e46503.txt
[WORKER] 2025/07/01 14:02:58 Numero 1 --> 6d96837b08ad:9001 (range 1-9)
[WORKER] 2025/07/01 14:02:58 Numero 2 --> 6d96837b08ad:9001 (range 1-9)
[WORKER] 2025/07/01 14:02:58 Numero 6 --> 6d96837b08ad:9001 (range 1-9)
[WORKER] 2025/07/01 14:02:58 Numero 6 --> 6d96837b08ad:9001 (range 1-9)
[WORKER] 2025/07/01 14:02:58 Numero 8 --> 6d96837b08ad:9001 (range 1-9)
[WORKER] 2025/07/01 14:02:58 Numero 11 --> a63e9f662ad8:9001 (range 9-21)
[WORKER] 2025/07/01 14:02:58 Numero 11 --> a63e9f662ad8:9001 (range 9-21)
[WORKER] 2025/07/01 14:02:58 Numero 14 --> a63e9f662ad8:9001 (range 9-21)
[WORKER] 2025/07/01 14:02:58 Numero 15 --> a63e9f662ad8:9001 (range 9-21)
[WORKER] 2025/07/01 14:02:58 Numero 20 --> a63e9f662ad8:9001 (range 9-21)
[WORKER] 2025/07/01 14:02:58 Numero 22 --> ae3ddac8d7b2:9001 (range 21-32)
[WORKER] 2025/07/01 14:02:58 Numero 25 --> ae3ddac8d7b2:9001 (range 21-32)
[WORKER] 2025/07/01 14:02:58 Numero 27 --> ae3ddac8d7b2:9001 (range 21-32)
[WORKER] 2025/07/01 14:02:58 Numero 28 --> ae3ddac8d7b2:9001 (range 21-32)
[WORKER] 2025/07/01 14:02:58 Numero 29 --> ae3ddac8d7b2:9001 (range 21-32)
[WORKER] 2025/07/01 14:02:58 Numero 29 --> ae3ddac8d7b2:9001 (range 21-32)
[WORKER] 2025/07/01 14:02:58 Numero 31 --> ae3ddac8d7b2:9001 (range 21-32)
[WORKER] 2025/07/01 14:02:58 Numero 32 --> c5a4db658fcb:9001 (range 32-51)
[WORKER] 2025/07/01 14:02:58 Numero 42 --> c5a4db658fcb:9001 (range 32-51)
[WORKER] 2025/07/01 14:02:58 Numero 45 --> c5a4db658fcb:9001 (range 32-51)
[WORKER] 2025/07/01 14:02:58 Numero 46 --> c5a4db658fcb:9001 (range 32-51)
[WORKER] 2025/07/01 14:02:58 Numero 46 --> c5a4db658fcb:9001 (range 32-51)
[WORKER] 2025/07/01 14:02:58 Numero 47 --> c5a4db658fcb:9001 (range 32-51)
[WORKER] 2025/07/01 14:02:58 Numero 47 --> c5a4db658fcb:9001 (range 32-51)
[WORKER] 2025/07/01 14:02:58 Numero 50 --> c5a4db658fcb:9001 (range 32-51)
[WORKER] 2025/07/01 14:02:58 Invio il sotto-chunk [32 42 45 46 46 47 47 50] al reducer c5a4db658fcb:9001 (con fallback)
[WORKER] 2025/07/01 14:02:58 Chunk inviato con successo a c5a4db658fcb:9001 (primario c5a4db658fcb:9001)
[WORKER] 2025/07/01 14:02:58 Invio il sotto-chunk [1 2 6 6 8] al reducer 6d96837b08ad:9001 (con fallback)
[WORKER] 2025/07/01 14:02:58 Chunk inviato con successo a 6d96837b08ad:9001 (primario 6d96837b08ad:9001)
[WORKER] 2025/07/01 14:02:58 Invio il sotto-chunk [11 11 14 15 20] al reducer a63e9f662ad8:9001 (con fallback)
[WORKER] 2025/07/01 14:02:58 Chunk inviato con successo a a63e9f662ad8:9001 (primario a63e9f662ad8:9001)
[WORKER] 2025/07/01 14:02:58 Invio il sotto-chunk [22 25 27 28 29 29 31] al reducer ae3ddac8d7b2:9001 (con fallback)
[WORKER] 2025/07/01 14:02:58 Chunk inviato con successo a ae3ddac8d7b2:9001 (primario ae3ddac8d7b2:9001)
