[WORKER] 2025/07/01 14:20:24 Registrazione avvenuta con successo (mapper - 2d0736230d1f:9001)
[WORKER] 2025/07/01 14:20:24 Worker in ascolto su 2d0736230d1f:9001
[WORKER] 2025/07/01 14:20:25 Mapper ha ricevuto il chunk: [5 44 21 38 14 24 38 7 34 29 18 20 18 3 23 34 47 33 26 46 24 32 16 7 33 20 27 43 38 5 27 2]
[WORKER] 2025/07/01 14:20:30 Chunk ordinato: [2 3 5 5 7 7 14 16 18 18 20 20 21 23 24 24 26 27 27 29 32 33 33 34 34 38 38 38 43 44 46 47]
[WORKER] 2025/07/01 14:20:30 Mapper ha scritto i risultati in: output/temp_2d0736230d1f.txt
[WORKER] 2025/07/01 14:20:30 Numero 2 --> a37d88f4d24b:9001 (range 1-20)
[WORKER] 2025/07/01 14:20:30 Numero 3 --> a37d88f4d24b:9001 (range 1-20)
[WORKER] 2025/07/01 14:20:30 Numero 5 --> a37d88f4d24b:9001 (range 1-20)
[WORKER] 2025/07/01 14:20:30 Numero 5 --> a37d88f4d24b:9001 (range 1-20)
[WORKER] 2025/07/01 14:20:30 Numero 7 --> a37d88f4d24b:9001 (range 1-20)
[WORKER] 2025/07/01 14:20:30 Numero 7 --> a37d88f4d24b:9001 (range 1-20)
[WORKER] 2025/07/01 14:20:30 Numero 14 --> a37d88f4d24b:9001 (range 1-20)
[WORKER] 2025/07/01 14:20:30 Numero 16 --> a37d88f4d24b:9001 (range 1-20)
[WORKER] 2025/07/01 14:20:30 Numero 18 --> a37d88f4d24b:9001 (range 1-20)
[WORKER] 2025/07/01 14:20:30 Numero 18 --> a37d88f4d24b:9001 (range 1-20)
[WORKER] 2025/07/01 14:20:30 Numero 20 --> 617b5384c891:9001 (range 20-36)
[WORKER] 2025/07/01 14:20:30 Numero 20 --> 617b5384c891:9001 (range 20-36)
[WORKER] 2025/07/01 14:20:30 Numero 21 --> 617b5384c891:9001 (range 20-36)
[WORKER] 2025/07/01 14:20:30 Numero 23 --> 617b5384c891:9001 (range 20-36)
[WORKER] 2025/07/01 14:20:30 Numero 24 --> 617b5384c891:9001 (range 20-36)
[WORKER] 2025/07/01 14:20:30 Numero 24 --> 617b5384c891:9001 (range 20-36)
[WORKER] 2025/07/01 14:20:30 Numero 26 --> 617b5384c891:9001 (range 20-36)
[WORKER] 2025/07/01 14:20:30 Numero 27 --> 617b5384c891:9001 (range 20-36)
[WORKER] 2025/07/01 14:20:30 Numero 27 --> 617b5384c891:9001 (range 20-36)
[WORKER] 2025/07/01 14:20:30 Numero 29 --> 617b5384c891:9001 (range 20-36)
[WORKER] 2025/07/01 14:20:30 Numero 32 --> 617b5384c891:9001 (range 20-36)
[WORKER] 2025/07/01 14:20:30 Numero 33 --> 617b5384c891:9001 (range 20-36)
[WORKER] 2025/07/01 14:20:30 Numero 33 --> 617b5384c891:9001 (range 20-36)
[WORKER] 2025/07/01 14:20:30 Numero 34 --> 617b5384c891:9001 (range 20-36)
[WORKER] 2025/07/01 14:20:30 Numero 34 --> 617b5384c891:9001 (range 20-36)
[WORKER] 2025/07/01 14:20:30 Numero 38 --> 04796c383732:9001 (range 36-51)
[WORKER] 2025/07/01 14:20:30 Numero 38 --> 04796c383732:9001 (range 36-51)
[WORKER] 2025/07/01 14:20:30 Numero 38 --> 04796c383732:9001 (range 36-51)
[WORKER] 2025/07/01 14:20:30 Numero 43 --> 04796c383732:9001 (range 36-51)
[WORKER] 2025/07/01 14:20:30 Numero 44 --> 04796c383732:9001 (range 36-51)
[WORKER] 2025/07/01 14:20:30 Numero 46 --> 04796c383732:9001 (range 36-51)
[WORKER] 2025/07/01 14:20:30 Numero 47 --> 04796c383732:9001 (range 36-51)
[WORKER] 2025/07/01 14:20:30 Invio il sotto-chunk [38 38 38 43 44 46 47] al reducer 04796c383732:9001 (con fallback)
[WORKER] 2025/07/01 14:20:30 Chunk inviato con successo a 04796c383732:9001 (primario 04796c383732:9001)
[WORKER] 2025/07/01 14:20:30 Invio il sotto-chunk [2 3 5 5 7 7 14 16 18 18] al reducer a37d88f4d24b:9001 (con fallback)
[WORKER] 2025/07/01 14:20:30 Chunk inviato con successo a a37d88f4d24b:9001 (primario a37d88f4d24b:9001)
[WORKER] 2025/07/01 14:20:30 Invio il sotto-chunk [20 20 21 23 24 24 26 27 27 29 32 33 33 34 34] al reducer 617b5384c891:9001 (con fallback)
[WORKER] 2025/07/01 14:20:30 Chunk inviato con successo a 617b5384c891:9001 (primario 617b5384c891:9001)
