[WORKER] 2025/06/26 15:39:41 Worker in ascolto su mapper4:9004
[WORKER] 2025/06/26 15:39:41 Mapper ha ricevuto il chunk: [4 6 13 22 26 28 28 30 34 40 26 50 26 6 20 24 24 16 46 29 43 24 16 40 43]
[WORKER] 2025/06/26 15:39:46 Chunk ordinato: [4 6 6 13 16 16 20 22 24 24 24 26 26 26 28 28 29 30 34 40 40 43 43 46 50]
[WORKER] 2025/06/26 15:39:46 Invio il sotto-chunk [4 6 6] al reducer reducer6:9006 (con fallback)
[WORKER] 2025/06/26 15:39:46 Chunk inviato con successo a reducer6:9006 (primario reducer6:9006)
[WORKER] 2025/06/26 15:39:46 Invio il sotto-chunk [13 16 16 20 22 24 24 24] al reducer reducer7:9007 (con fallback)
[WORKER] 2025/06/26 15:39:46 Chunk inviato con successo a reducer7:9007 (primario reducer7:9007)
[WORKER] 2025/06/26 15:39:46 Invio il sotto-chunk [26 26 26 28 28 29 30 34 40 40 43 43 46 50] al reducer reducer8:9008 (con fallback)
[WORKER] 2025/06/26 15:39:46 Chunk inviato con successo a reducer8:9008 (primario reducer8:9008)
[WORKER] 2025/06/26 15:55:13 Worker in ascolto su mapper4:9004
[WORKER] 2025/06/26 15:55:14 Mapper ha ricevuto il chunk: [1 23 41 2 39 40 24 38 49 3 27 48 15 49 49 3 41 45 32 3 24 4 6 19 12]
[WORKER] 2025/06/26 15:55:19 Chunk ordinato: [1 2 3 3 3 4 6 12 15 19 23 24 24 27 32 38 39 40 41 41 45 48 49 49 49]
[WORKER] 2025/06/26 15:55:19 Numero 1 --> reducer5:9005 (range 1-7)
[WORKER] 2025/06/26 15:55:19 Numero 2 --> reducer5:9005 (range 1-7)
[WORKER] 2025/06/26 15:55:19 Numero 3 --> reducer5:9005 (range 1-7)
[WORKER] 2025/06/26 15:55:19 Numero 3 --> reducer5:9005 (range 1-7)
[WORKER] 2025/06/26 15:55:19 Numero 3 --> reducer5:9005 (range 1-7)
[WORKER] 2025/06/26 15:55:19 Numero 4 --> reducer5:9005 (range 1-7)
[WORKER] 2025/06/26 15:55:19 Numero 6 --> reducer5:9005 (range 1-7)
[WORKER] 2025/06/26 15:55:19 Numero 12 --> reducer6:9006 (range 7-25)
[WORKER] 2025/06/26 15:55:19 Numero 15 --> reducer6:9006 (range 7-25)
[WORKER] 2025/06/26 15:55:19 Numero 19 --> reducer6:9006 (range 7-25)
[WORKER] 2025/06/26 15:55:19 Numero 23 --> reducer6:9006 (range 7-25)
[WORKER] 2025/06/26 15:55:19 Numero 24 --> reducer6:9006 (range 7-25)
[WORKER] 2025/06/26 15:55:19 Numero 24 --> reducer6:9006 (range 7-25)
[WORKER] 2025/06/26 15:55:19 Numero 27 --> reducer8:9008 (range 26-51)
[WORKER] 2025/06/26 15:55:19 Numero 32 --> reducer8:9008 (range 26-51)
[WORKER] 2025/06/26 15:55:19 Numero 38 --> reducer8:9008 (range 26-51)
[WORKER] 2025/06/26 15:55:19 Numero 39 --> reducer8:9008 (range 26-51)
[WORKER] 2025/06/26 15:55:19 Numero 40 --> reducer8:9008 (range 26-51)
[WORKER] 2025/06/26 15:55:19 Numero 41 --> reducer8:9008 (range 26-51)
[WORKER] 2025/06/26 15:55:19 Numero 41 --> reducer8:9008 (range 26-51)
[WORKER] 2025/06/26 15:55:19 Numero 45 --> reducer8:9008 (range 26-51)
[WORKER] 2025/06/26 15:55:19 Numero 48 --> reducer8:9008 (range 26-51)
[WORKER] 2025/06/26 15:55:19 Numero 49 --> reducer8:9008 (range 26-51)
[WORKER] 2025/06/26 15:55:19 Numero 49 --> reducer8:9008 (range 26-51)
[WORKER] 2025/06/26 15:55:19 Numero 49 --> reducer8:9008 (range 26-51)
[WORKER] 2025/06/26 15:55:19 Invio il sotto-chunk [12 15 19 23 24 24] al reducer reducer6:9006 (con fallback)
[WORKER] 2025/06/26 15:55:19 Chunk inviato con successo a reducer6:9006 (primario reducer6:9006)
[WORKER] 2025/06/26 15:55:19 Invio il sotto-chunk [27 32 38 39 40 41 41 45 48 49 49 49] al reducer reducer8:9008 (con fallback)
[WORKER] 2025/06/26 15:55:19 Chunk inviato con successo a reducer8:9008 (primario reducer8:9008)
[WORKER] 2025/06/26 15:55:19 Invio il sotto-chunk [1 2 3 3 3 4 6] al reducer reducer5:9005 (con fallback)
[WORKER] 2025/06/26 15:55:19 Chunk inviato con successo a reducer5:9005 (primario reducer5:9005)
[WORKER] 2025/06/26 16:16:45 Worker in ascolto su mapper4:9004
[WORKER] 2025/06/26 16:16:46 Mapper ha ricevuto il chunk: [5 7 14 15 30 32 36 38 47 49 27 36 40 29 8 41 21 7 42 27 19 39 1 5 31]
[WORKER] 2025/06/26 16:16:51 Chunk ordinato: [1 5 5 7 7 8 14 15 19 21 27 27 29 30 31 32 36 36 38 39 40 41 42 47 49]
[WORKER] 2025/06/26 16:16:51 Mapper ha scritto i risultati in: output/temp_mapper4.txt
[WORKER] 2025/06/26 16:16:51 Numero 1 --> reducer5:9005 (range 1-5)
[WORKER] 2025/06/26 16:16:51 Numero 5 --> reducer6:9006 (range 5-14)
[WORKER] 2025/06/26 16:16:51 Numero 5 --> reducer6:9006 (range 5-14)
[WORKER] 2025/06/26 16:16:51 Numero 7 --> reducer6:9006 (range 5-14)
[WORKER] 2025/06/26 16:16:51 Numero 7 --> reducer6:9006 (range 5-14)
[WORKER] 2025/06/26 16:16:51 Numero 8 --> reducer6:9006 (range 5-14)
[WORKER] 2025/06/26 16:16:51 Numero 14 --> reducer7:9007 (range 14-30)
[WORKER] 2025/06/26 16:16:51 Numero 15 --> reducer7:9007 (range 14-30)
[WORKER] 2025/06/26 16:16:51 Numero 19 --> reducer7:9007 (range 14-30)
[WORKER] 2025/06/26 16:16:51 Numero 21 --> reducer7:9007 (range 14-30)
[WORKER] 2025/06/26 16:16:51 Numero 27 --> reducer7:9007 (range 14-30)
[WORKER] 2025/06/26 16:16:51 Numero 27 --> reducer7:9007 (range 14-30)
[WORKER] 2025/06/26 16:16:51 Numero 29 --> reducer7:9007 (range 14-30)
[WORKER] 2025/06/26 16:16:51 Numero 30 --> reducer8:9008 (range 30-51)
[WORKER] 2025/06/26 16:16:51 Numero 31 --> reducer8:9008 (range 30-51)
[WORKER] 2025/06/26 16:16:51 Numero 32 --> reducer8:9008 (range 30-51)
[WORKER] 2025/06/26 16:16:51 Numero 36 --> reducer8:9008 (range 30-51)
[WORKER] 2025/06/26 16:16:51 Numero 36 --> reducer8:9008 (range 30-51)
[WORKER] 2025/06/26 16:16:51 Numero 38 --> reducer8:9008 (range 30-51)
[WORKER] 2025/06/26 16:16:51 Numero 39 --> reducer8:9008 (range 30-51)
[WORKER] 2025/06/26 16:16:51 Numero 40 --> reducer8:9008 (range 30-51)
[WORKER] 2025/06/26 16:16:51 Numero 41 --> reducer8:9008 (range 30-51)
[WORKER] 2025/06/26 16:16:51 Numero 42 --> reducer8:9008 (range 30-51)
[WORKER] 2025/06/26 16:16:51 Numero 47 --> reducer8:9008 (range 30-51)
[WORKER] 2025/06/26 16:16:51 Numero 49 --> reducer8:9008 (range 30-51)
[WORKER] 2025/06/26 16:16:51 Invio il sotto-chunk [14 15 19 21 27 27 29] al reducer reducer7:9007 (con fallback)
[WORKER] 2025/06/26 16:16:51 Chunk inviato con successo a reducer7:9007 (primario reducer7:9007)
[WORKER] 2025/06/26 16:16:51 Invio il sotto-chunk [30 31 32 36 36 38 39 40 41 42 47 49] al reducer reducer8:9008 (con fallback)
[WORKER] 2025/06/26 16:16:51 Chunk inviato con successo a reducer8:9008 (primario reducer8:9008)
[WORKER] 2025/06/26 16:16:51 Invio il sotto-chunk [1] al reducer reducer5:9005 (con fallback)
[WORKER] 2025/06/26 16:16:51 Chunk inviato con successo a reducer5:9005 (primario reducer5:9005)
[WORKER] 2025/06/26 16:16:51 Invio il sotto-chunk [5 5 7 7 8] al reducer reducer6:9006 (con fallback)
[WORKER] 2025/06/26 16:16:51 Chunk inviato con successo a reducer6:9006 (primario reducer6:9006)
[WORKER] 2025/06/26 16:29:08 Worker in ascolto su mapper4:9004
[WORKER] 2025/06/26 16:29:09 Mapper ha ricevuto il chunk: [13 13 14 16 25 28 44 45 47 47 26 6 50 15 11 50 23 2 35 14 18 32 38 40 39]
[WORKER] 2025/06/26 16:29:14 Chunk ordinato: [2 6 11 13 13 14 14 15 16 18 23 25 26 28 32 35 38 39 40 44 45 47 47 50 50]
[WORKER] 2025/06/26 16:29:14 Mapper ha scritto i risultati in: output/temp_mapper4.txt
[WORKER] 2025/06/26 16:29:14 Numero 2 --> reducer5:9005 (range 1-13)
[WORKER] 2025/06/26 16:29:14 Numero 6 --> reducer5:9005 (range 1-13)
[WORKER] 2025/06/26 16:29:14 Numero 11 --> reducer5:9005 (range 1-13)
[WORKER] 2025/06/26 16:29:14 Numero 13 --> reducer6:9006 (range 13-14)
[WORKER] 2025/06/26 16:29:14 Numero 13 --> reducer6:9006 (range 13-14)
[WORKER] 2025/06/26 16:29:14 Numero 14 --> reducer7:9007 (range 14-25)
[WORKER] 2025/06/26 16:29:14 Numero 14 --> reducer7:9007 (range 14-25)
[WORKER] 2025/06/26 16:29:14 Numero 15 --> reducer7:9007 (range 14-25)
[WORKER] 2025/06/26 16:29:14 Numero 16 --> reducer7:9007 (range 14-25)
[WORKER] 2025/06/26 16:29:14 Numero 18 --> reducer7:9007 (range 14-25)
[WORKER] 2025/06/26 16:29:14 Numero 23 --> reducer7:9007 (range 14-25)
[WORKER] 2025/06/26 16:29:14 Numero 25 --> reducer8:9008 (range 25-51)
[WORKER] 2025/06/26 16:29:14 Numero 26 --> reducer8:9008 (range 25-51)
[WORKER] 2025/06/26 16:29:14 Numero 28 --> reducer8:9008 (range 25-51)
[WORKER] 2025/06/26 16:29:14 Numero 32 --> reducer8:9008 (range 25-51)
[WORKER] 2025/06/26 16:29:14 Numero 35 --> reducer8:9008 (range 25-51)
[WORKER] 2025/06/26 16:29:14 Numero 38 --> reducer8:9008 (range 25-51)
[WORKER] 2025/06/26 16:29:14 Numero 39 --> reducer8:9008 (range 25-51)
[WORKER] 2025/06/26 16:29:14 Numero 40 --> reducer8:9008 (range 25-51)
[WORKER] 2025/06/26 16:29:14 Numero 44 --> reducer8:9008 (range 25-51)
[WORKER] 2025/06/26 16:29:14 Numero 45 --> reducer8:9008 (range 25-51)
[WORKER] 2025/06/26 16:29:14 Numero 47 --> reducer8:9008 (range 25-51)
[WORKER] 2025/06/26 16:29:14 Numero 47 --> reducer8:9008 (range 25-51)
[WORKER] 2025/06/26 16:29:14 Numero 50 --> reducer8:9008 (range 25-51)
[WORKER] 2025/06/26 16:29:14 Numero 50 --> reducer8:9008 (range 25-51)
[WORKER] 2025/06/26 16:29:14 Invio il sotto-chunk [2 6 11] al reducer reducer5:9005 (con fallback)
[WORKER] 2025/06/26 16:29:14 Chunk inviato con successo a reducer5:9005 (primario reducer5:9005)
[WORKER] 2025/06/26 16:29:14 Invio il sotto-chunk [13 13] al reducer reducer6:9006 (con fallback)
[WORKER] 2025/06/26 16:29:14 Chunk inviato con successo a reducer6:9006 (primario reducer6:9006)
[WORKER] 2025/06/26 16:29:14 Invio il sotto-chunk [14 14 15 16 18 23] al reducer reducer7:9007 (con fallback)
[WORKER] 2025/06/26 16:29:14 Chunk inviato con successo a reducer7:9007 (primario reducer7:9007)
[WORKER] 2025/06/26 16:29:14 Invio il sotto-chunk [25 26 28 32 35 38 39 40 44 45 47 47 50 50] al reducer reducer8:9008 (con fallback)
[WORKER] 2025/06/26 16:29:14 Chunk inviato con successo a reducer8:9008 (primario reducer8:9008)
[WORKER] 2025/06/26 16:39:24 Worker in ascolto su mapper4:9004
[WORKER] 2025/06/26 16:39:25 Mapper ha ricevuto il chunk: [4 6 7 7 11 17 39 40 46 46 21 28 46 12 28 46 35 45 49 12 31 17 31 31 16]
[WORKER] 2025/06/26 16:40:05 Worker in ascolto su mapper4:9004
[WORKER] 2025/06/26 16:40:06 Mapper ha ricevuto il chunk: [2 18 22 29 36 37 38 43 45 49 12 48 37 49 13 34 19 46 7 3 40 40 18 17 4]
[WORKER] 2025/06/26 16:46:31 Worker in ascolto su mapper4:9004
[WORKER] 2025/06/26 16:46:32 Mapper ha ricevuto il chunk: [8 15 28 30 35 35 36 36 43 44 32 17 4 10 6 21 21 26 47 26 18 45 3 21 4]
[WORKER] 2025/06/26 16:46:37 Chunk ordinato: [3 4 4 6 8 10 15 17 18 21 21 21 26 26 28 30 32 35 35 36 36 43 44 45 47]
[WORKER] 2025/06/26 16:46:37 Mapper ha scritto i risultati in: output/temp_mapper4.txt
[WORKER] 2025/06/26 16:46:37 Numero 3 --> reducer5:9005 (range 1-8)
[WORKER] 2025/06/26 16:46:37 Numero 4 --> reducer5:9005 (range 1-8)
[WORKER] 2025/06/26 16:46:37 Numero 4 --> reducer5:9005 (range 1-8)
[WORKER] 2025/06/26 16:46:37 Numero 6 --> reducer5:9005 (range 1-8)
[WORKER] 2025/06/26 16:46:37 Numero 8 --> reducer6:9006 (range 8-28)
[WORKER] 2025/06/26 16:46:37 Numero 10 --> reducer6:9006 (range 8-28)
[WORKER] 2025/06/26 16:46:37 Numero 15 --> reducer6:9006 (range 8-28)
[WORKER] 2025/06/26 16:46:37 Numero 17 --> reducer6:9006 (range 8-28)
[WORKER] 2025/06/26 16:46:37 Numero 18 --> reducer6:9006 (range 8-28)
[WORKER] 2025/06/26 16:46:37 Numero 21 --> reducer6:9006 (range 8-28)
[WORKER] 2025/06/26 16:46:37 Numero 21 --> reducer6:9006 (range 8-28)
[WORKER] 2025/06/26 16:46:37 Numero 21 --> reducer6:9006 (range 8-28)
[WORKER] 2025/06/26 16:46:37 Numero 26 --> reducer6:9006 (range 8-28)
[WORKER] 2025/06/26 16:46:37 Numero 26 --> reducer6:9006 (range 8-28)
[WORKER] 2025/06/26 16:46:37 Numero 28 --> reducer7:9007 (range 28-35)
[WORKER] 2025/06/26 16:46:37 Numero 30 --> reducer7:9007 (range 28-35)
[WORKER] 2025/06/26 16:46:37 Numero 32 --> reducer7:9007 (range 28-35)
[WORKER] 2025/06/26 16:46:37 Numero 35 --> reducer8:9008 (range 35-51)
[WORKER] 2025/06/26 16:46:37 Numero 35 --> reducer8:9008 (range 35-51)
[WORKER] 2025/06/26 16:46:37 Numero 36 --> reducer8:9008 (range 35-51)
[WORKER] 2025/06/26 16:46:37 Numero 36 --> reducer8:9008 (range 35-51)
[WORKER] 2025/06/26 16:46:37 Numero 43 --> reducer8:9008 (range 35-51)
[WORKER] 2025/06/26 16:46:37 Numero 44 --> reducer8:9008 (range 35-51)
[WORKER] 2025/06/26 16:46:37 Numero 45 --> reducer8:9008 (range 35-51)
[WORKER] 2025/06/26 16:46:37 Numero 47 --> reducer8:9008 (range 35-51)
[WORKER] 2025/06/26 16:46:37 Invio il sotto-chunk [3 4 4 6] al reducer reducer5:9005 (con fallback)
[WORKER] 2025/06/26 16:46:37 Chunk inviato con successo a reducer5:9005 (primario reducer5:9005)
[WORKER] 2025/06/26 16:46:37 Invio il sotto-chunk [8 10 15 17 18 21 21 21 26 26] al reducer reducer6:9006 (con fallback)
[WORKER] 2025/06/26 16:46:39 Fallito verso reducer6:9006 (timeout connessione): dial tcp 127.0.0.2:9006: connect: connection refused
[WORKER] 2025/06/26 16:46:39 Chunk inviato con successo a reducer7:9007 (primario reducer6:9006)
[WORKER] 2025/06/26 16:46:39 Invio il sotto-chunk [28 30 32] al reducer reducer7:9007 (con fallback)
[WORKER] 2025/06/26 16:46:39 Chunk inviato con successo a reducer7:9007 (primario reducer7:9007)
[WORKER] 2025/06/26 16:46:39 Invio il sotto-chunk [35 35 36 36 43 44 45 47] al reducer reducer8:9008 (con fallback)
[WORKER] 2025/06/26 16:46:39 Chunk inviato con successo a reducer8:9008 (primario reducer8:9008)
[WORKER] 2025/06/26 16:48:25 Worker in ascolto su mapper4:9004
[WORKER] 2025/06/26 16:57:38 Worker in ascolto su mapper4:9004
[WORKER] 2025/06/26 16:57:38 Mapper ha ricevuto il chunk: [15 50 35 18 11 11 10 1 33 7 43 49 34 44 33 10 50 5 16 42 27 28 6 7 41]
[WORKER] 2025/06/26 16:57:43 Chunk ordinato: [1 5 6 7 7 10 10 11 11 15 16 18 27 28 33 33 34 35 41 42 43 44 49 50 50]
[WORKER] 2025/06/26 16:57:43 Mapper ha scritto i risultati in: output/temp_mapper4.txt
[WORKER] 2025/06/26 16:57:43 Numero 1 --> reducer5:9005 (range 1-11)
[WORKER] 2025/06/26 16:57:43 Numero 5 --> reducer5:9005 (range 1-11)
[WORKER] 2025/06/26 16:57:43 Numero 6 --> reducer5:9005 (range 1-11)
[WORKER] 2025/06/26 16:57:43 Numero 7 --> reducer5:9005 (range 1-11)
[WORKER] 2025/06/26 16:57:43 Numero 7 --> reducer5:9005 (range 1-11)
[WORKER] 2025/06/26 16:57:43 Numero 10 --> reducer5:9005 (range 1-11)
[WORKER] 2025/06/26 16:57:43 Numero 10 --> reducer5:9005 (range 1-11)
[WORKER] 2025/06/26 16:57:43 Numero 11 --> reducer6:9006 (range 11-14)
[WORKER] 2025/06/26 16:57:43 Numero 11 --> reducer6:9006 (range 11-14)
[WORKER] 2025/06/26 16:57:43 Numero 15 --> reducer7:9007 (range 14-17)
[WORKER] 2025/06/26 16:57:43 Numero 16 --> reducer7:9007 (range 14-17)
[WORKER] 2025/06/26 16:57:43 Numero 18 --> reducer8:9008 (range 17-51)
[WORKER] 2025/06/26 16:57:43 Numero 27 --> reducer8:9008 (range 17-51)
[WORKER] 2025/06/26 16:57:43 Numero 28 --> reducer8:9008 (range 17-51)
[WORKER] 2025/06/26 16:57:43 Numero 33 --> reducer8:9008 (range 17-51)
[WORKER] 2025/06/26 16:57:43 Numero 33 --> reducer8:9008 (range 17-51)
[WORKER] 2025/06/26 16:57:43 Numero 34 --> reducer8:9008 (range 17-51)
[WORKER] 2025/06/26 16:57:43 Numero 35 --> reducer8:9008 (range 17-51)
[WORKER] 2025/06/26 16:57:43 Numero 41 --> reducer8:9008 (range 17-51)
[WORKER] 2025/06/26 16:57:43 Numero 42 --> reducer8:9008 (range 17-51)
[WORKER] 2025/06/26 16:57:43 Numero 43 --> reducer8:9008 (range 17-51)
[WORKER] 2025/06/26 16:57:43 Numero 44 --> reducer8:9008 (range 17-51)
[WORKER] 2025/06/26 16:57:43 Numero 49 --> reducer8:9008 (range 17-51)
[WORKER] 2025/06/26 16:57:43 Numero 50 --> reducer8:9008 (range 17-51)
[WORKER] 2025/06/26 16:57:43 Numero 50 --> reducer8:9008 (range 17-51)
[WORKER] 2025/06/26 16:57:43 Invio il sotto-chunk [11 11] al reducer reducer6:9006 (con fallback)
[WORKER] 2025/06/26 16:57:43 Fallito verso reducer6:9006 (timeout connessione): dial tcp 127.0.0.2:9006: connect: connection refused
[WORKER] 2025/06/26 16:57:43 Chunk inviato con successo a reducer8:9008 (primario reducer6:9006)
[WORKER] 2025/06/26 16:57:43 Invio il sotto-chunk [15 16] al reducer reducer7:9007 (con fallback)
[WORKER] 2025/06/26 16:57:43 Chunk inviato con successo a reducer7:9007 (primario reducer7:9007)
[WORKER] 2025/06/26 16:57:43 Invio il sotto-chunk [18 27 28 33 33 34 35 41 42 43 44 49 50 50] al reducer reducer8:9008 (con fallback)
[WORKER] 2025/06/26 16:57:43 Chunk inviato con successo a reducer8:9008 (primario reducer8:9008)
[WORKER] 2025/06/26 16:57:43 Invio il sotto-chunk [1 5 6 7 7 10 10] al reducer reducer5:9005 (con fallback)
[WORKER] 2025/06/26 16:57:43 Chunk inviato con successo a reducer5:9005 (primario reducer5:9005)
[WORKER] 2025/06/26 17:06:17 Worker in ascolto su mapper4:9004
[WORKER] 2025/06/26 17:06:17 Mapper ha ricevuto il chunk: [33 42 4 24 21 13 48 3 27 22 7 14 14 7 36 47 28 27 26 38 49 33 33 16 25]
[WORKER] 2025/06/26 17:06:23 Chunk ordinato: [3 4 7 7 13 14 14 16 21 22 24 25 26 27 27 28 33 33 33 36 38 42 47 48 49]
[WORKER] 2025/06/26 17:06:23 Mapper ha scritto i risultati in: output/temp_mapper4.txt
[WORKER] 2025/06/26 17:06:23 Numero 3 --> reducer5:9005 (range 1-6)
[WORKER] 2025/06/26 17:06:23 Numero 4 --> reducer5:9005 (range 1-6)
[WORKER] 2025/06/26 17:06:23 Numero 7 --> reducer6:9006 (range 6-17)
[WORKER] 2025/06/26 17:06:23 Numero 7 --> reducer6:9006 (range 6-17)
[WORKER] 2025/06/26 17:06:23 Numero 13 --> reducer6:9006 (range 6-17)
[WORKER] 2025/06/26 17:06:23 Numero 14 --> reducer6:9006 (range 6-17)
[WORKER] 2025/06/26 17:06:23 Numero 14 --> reducer6:9006 (range 6-17)
[WORKER] 2025/06/26 17:06:23 Numero 16 --> reducer6:9006 (range 6-17)
[WORKER] 2025/06/26 17:06:23 Numero 21 --> reducer7:9007 (range 17-27)
[WORKER] 2025/06/26 17:06:23 Numero 22 --> reducer7:9007 (range 17-27)
[WORKER] 2025/06/26 17:06:23 Numero 24 --> reducer7:9007 (range 17-27)
[WORKER] 2025/06/26 17:06:23 Numero 25 --> reducer7:9007 (range 17-27)
[WORKER] 2025/06/26 17:06:23 Numero 26 --> reducer7:9007 (range 17-27)
[WORKER] 2025/06/26 17:06:23 Numero 27 --> reducer8:9008 (range 27-51)
[WORKER] 2025/06/26 17:06:23 Numero 27 --> reducer8:9008 (range 27-51)
[WORKER] 2025/06/26 17:06:23 Numero 28 --> reducer8:9008 (range 27-51)
[WORKER] 2025/06/26 17:06:23 Numero 33 --> reducer8:9008 (range 27-51)
[WORKER] 2025/06/26 17:06:23 Numero 33 --> reducer8:9008 (range 27-51)
[WORKER] 2025/06/26 17:06:23 Numero 33 --> reducer8:9008 (range 27-51)
[WORKER] 2025/06/26 17:06:23 Numero 36 --> reducer8:9008 (range 27-51)
[WORKER] 2025/06/26 17:06:23 Numero 38 --> reducer8:9008 (range 27-51)
[WORKER] 2025/06/26 17:06:23 Numero 42 --> reducer8:9008 (range 27-51)
[WORKER] 2025/06/26 17:06:23 Numero 47 --> reducer8:9008 (range 27-51)
[WORKER] 2025/06/26 17:06:23 Numero 48 --> reducer8:9008 (range 27-51)
[WORKER] 2025/06/26 17:06:23 Numero 49 --> reducer8:9008 (range 27-51)
[WORKER] 2025/06/26 17:06:23 Invio il sotto-chunk [3 4] al reducer reducer5:9005 (con fallback)
[WORKER] 2025/06/26 17:06:23 Chunk inviato con successo a reducer5:9005 (primario reducer5:9005)
[WORKER] 2025/06/26 17:06:23 Invio il sotto-chunk [7 7 13 14 14 16] al reducer reducer6:9006 (con fallback)
[WORKER] 2025/06/26 17:06:23 Fallito verso reducer6:9006 (timeout connessione): dial tcp 127.0.0.2:9006: connect: connection refused
[WORKER] 2025/06/26 17:06:23 Chunk inviato con successo a reducer5:9005 (primario reducer6:9006)
[WORKER] 2025/06/26 17:06:23 Invio il sotto-chunk [21 22 24 25 26] al reducer reducer7:9007 (con fallback)
[WORKER] 2025/06/26 17:06:23 Chunk inviato con successo a reducer7:9007 (primario reducer7:9007)
[WORKER] 2025/06/26 17:06:23 Invio il sotto-chunk [27 27 28 33 33 33 36 38 42 47 48 49] al reducer reducer8:9008 (con fallback)
[WORKER] 2025/06/26 17:06:23 Chunk inviato con successo a reducer8:9008 (primario reducer8:9008)
[WORKER] 2025/06/26 17:08:59 Worker in ascolto su mapper4:9004
[WORKER] 2025/06/26 17:09:00 Mapper ha ricevuto il chunk: [3 7 8 19 22 26 34 36 42 46 12 12 27 50 24 3 30 40 2 20 47 16 21 23 8]
[WORKER] 2025/06/26 17:09:05 Chunk ordinato: [2 3 3 7 8 8 12 12 16 19 20 21 22 23 24 26 27 30 34 36 40 42 46 47 50]
[WORKER] 2025/06/26 17:09:05 Mapper ha scritto i risultati in: output/temp_mapper4.txt
[WORKER] 2025/06/26 17:09:05 Numero 2 --> reducer5:9005 (range 1-3)
[WORKER] 2025/06/26 17:09:05 Numero 3 --> reducer6:9006 (range 3-8)
[WORKER] 2025/06/26 17:09:05 Numero 3 --> reducer6:9006 (range 3-8)
[WORKER] 2025/06/26 17:09:05 Numero 7 --> reducer6:9006 (range 3-8)
[WORKER] 2025/06/26 17:09:05 Numero 8 --> reducer7:9007 (range 8-22)
[WORKER] 2025/06/26 17:09:05 Numero 8 --> reducer7:9007 (range 8-22)
[WORKER] 2025/06/26 17:09:05 Numero 12 --> reducer7:9007 (range 8-22)
[WORKER] 2025/06/26 17:09:05 Numero 12 --> reducer7:9007 (range 8-22)
[WORKER] 2025/06/26 17:09:05 Numero 16 --> reducer7:9007 (range 8-22)
[WORKER] 2025/06/26 17:09:05 Numero 19 --> reducer7:9007 (range 8-22)
[WORKER] 2025/06/26 17:09:05 Numero 20 --> reducer7:9007 (range 8-22)
[WORKER] 2025/06/26 17:09:05 Numero 21 --> reducer7:9007 (range 8-22)
[WORKER] 2025/06/26 17:09:05 Numero 22 --> reducer8:9008 (range 22-51)
[WORKER] 2025/06/26 17:09:05 Numero 23 --> reducer8:9008 (range 22-51)
[WORKER] 2025/06/26 17:09:05 Numero 24 --> reducer8:9008 (range 22-51)
[WORKER] 2025/06/26 17:09:05 Numero 26 --> reducer8:9008 (range 22-51)
[WORKER] 2025/06/26 17:09:05 Numero 27 --> reducer8:9008 (range 22-51)
[WORKER] 2025/06/26 17:09:05 Numero 30 --> reducer8:9008 (range 22-51)
[WORKER] 2025/06/26 17:09:05 Numero 34 --> reducer8:9008 (range 22-51)
[WORKER] 2025/06/26 17:09:05 Numero 36 --> reducer8:9008 (range 22-51)
[WORKER] 2025/06/26 17:09:05 Numero 40 --> reducer8:9008 (range 22-51)
[WORKER] 2025/06/26 17:09:05 Numero 42 --> reducer8:9008 (range 22-51)
[WORKER] 2025/06/26 17:09:05 Numero 46 --> reducer8:9008 (range 22-51)
[WORKER] 2025/06/26 17:09:05 Numero 47 --> reducer8:9008 (range 22-51)
[WORKER] 2025/06/26 17:09:05 Numero 50 --> reducer8:9008 (range 22-51)
[WORKER] 2025/06/26 17:09:05 Invio il sotto-chunk [3 3 7] al reducer reducer6:9006 (con fallback)
[WORKER] 2025/06/26 17:09:05 Chunk inviato con successo a reducer6:9006 (primario reducer6:9006)
[WORKER] 2025/06/26 17:09:05 Invio il sotto-chunk [8 8 12 12 16 19 20 21] al reducer reducer7:9007 (con fallback)
[WORKER] 2025/06/26 17:09:05 Chunk inviato con successo a reducer7:9007 (primario reducer7:9007)
[WORKER] 2025/06/26 17:09:05 Invio il sotto-chunk [22 23 24 26 27 30 34 36 40 42 46 47 50] al reducer reducer8:9008 (con fallback)
[WORKER] 2025/06/26 17:09:05 Chunk inviato con successo a reducer8:9008 (primario reducer8:9008)
[WORKER] 2025/06/26 17:09:05 Invio il sotto-chunk [2] al reducer reducer5:9005 (con fallback)
[WORKER] 2025/06/26 17:09:05 Chunk inviato con successo a reducer5:9005 (primario reducer5:9005)
[WORKER] 2025/06/26 17:10:04 Worker in ascolto su mapper4:9004
[WORKER] 2025/06/26 17:10:05 Mapper ha ricevuto il chunk: [9 11 13 17 23 25 28 29 30 39 17 23 49 50 24 48 12 22 6 15 34 7 29 24 39]
[WORKER] 2025/06/26 17:10:10 Chunk ordinato: [6 7 9 11 12 13 15 17 17 22 23 23 24 24 25 28 29 29 30 34 39 39 48 49 50]
[WORKER] 2025/06/26 17:10:10 Mapper ha scritto i risultati in: output/temp_mapper4.txt
[WORKER] 2025/06/26 17:10:10 Numero 6 --> reducer5:9005 (range 1-9)
[WORKER] 2025/06/26 17:10:10 Numero 7 --> reducer5:9005 (range 1-9)
[WORKER] 2025/06/26 17:10:10 Numero 9 --> reducer6:9006 (range 9-13)
[WORKER] 2025/06/26 17:10:10 Numero 11 --> reducer6:9006 (range 9-13)
[WORKER] 2025/06/26 17:10:10 Numero 12 --> reducer6:9006 (range 9-13)
[WORKER] 2025/06/26 17:10:10 Numero 13 --> reducer7:9007 (range 13-23)
[WORKER] 2025/06/26 17:10:10 Numero 15 --> reducer7:9007 (range 13-23)
[WORKER] 2025/06/26 17:10:10 Numero 17 --> reducer7:9007 (range 13-23)
[WORKER] 2025/06/26 17:10:10 Numero 17 --> reducer7:9007 (range 13-23)
[WORKER] 2025/06/26 17:10:10 Numero 22 --> reducer7:9007 (range 13-23)
[WORKER] 2025/06/26 17:10:10 Numero 23 --> reducer8:9008 (range 23-51)
[WORKER] 2025/06/26 17:10:10 Numero 23 --> reducer8:9008 (range 23-51)
[WORKER] 2025/06/26 17:10:10 Numero 24 --> reducer8:9008 (range 23-51)
[WORKER] 2025/06/26 17:10:10 Numero 24 --> reducer8:9008 (range 23-51)
[WORKER] 2025/06/26 17:10:10 Numero 25 --> reducer8:9008 (range 23-51)
[WORKER] 2025/06/26 17:10:10 Numero 28 --> reducer8:9008 (range 23-51)
[WORKER] 2025/06/26 17:10:10 Numero 29 --> reducer8:9008 (range 23-51)
[WORKER] 2025/06/26 17:10:10 Numero 29 --> reducer8:9008 (range 23-51)
[WORKER] 2025/06/26 17:10:10 Numero 30 --> reducer8:9008 (range 23-51)
[WORKER] 2025/06/26 17:10:10 Numero 34 --> reducer8:9008 (range 23-51)
[WORKER] 2025/06/26 17:10:10 Numero 39 --> reducer8:9008 (range 23-51)
[WORKER] 2025/06/26 17:10:10 Numero 39 --> reducer8:9008 (range 23-51)
[WORKER] 2025/06/26 17:10:10 Numero 48 --> reducer8:9008 (range 23-51)
[WORKER] 2025/06/26 17:10:10 Numero 49 --> reducer8:9008 (range 23-51)
[WORKER] 2025/06/26 17:10:10 Numero 50 --> reducer8:9008 (range 23-51)
[WORKER] 2025/06/26 17:10:10 Invio il sotto-chunk [13 15 17 17 22] al reducer reducer7:9007 (con fallback)
[WORKER] 2025/06/26 17:10:10 Chunk inviato con successo a reducer7:9007 (primario reducer7:9007)
[WORKER] 2025/06/26 17:10:10 Invio il sotto-chunk [23 23 24 24 25 28 29 29 30 34 39 39 48 49 50] al reducer reducer8:9008 (con fallback)
[WORKER] 2025/06/26 17:10:10 Chunk inviato con successo a reducer8:9008 (primario reducer8:9008)
[WORKER] 2025/06/26 17:10:10 Invio il sotto-chunk [6 7] al reducer reducer5:9005 (con fallback)
[WORKER] 2025/06/26 17:10:10 Chunk inviato con successo a reducer5:9005 (primario reducer5:9005)
[WORKER] 2025/06/26 17:10:10 Invio il sotto-chunk [9 11 12] al reducer reducer6:9006 (con fallback)
[WORKER] 2025/06/26 17:10:10 Fallito verso reducer6:9006 (timeout connessione): dial tcp 127.0.0.2:9006: connect: connection refused
[WORKER] 2025/06/26 17:10:10 Chunk inviato con successo a reducer5:9005 (primario reducer6:9006)
[WORKER] 2025/06/26 17:11:48 Worker in ascolto su mapper4:9004
[WORKER] 2025/06/26 17:22:31 Worker in ascolto su mapper4:9004
[WORKER] 2025/06/26 17:22:34 Mapper ha ricevuto il chunk: [37 42 46 18 45 29 48 44 39 15 24 41 48 6 28 19 50 30 10 43 10 40 13 11 37]
[WORKER] 2025/06/26 17:22:39 Chunk ordinato: [6 10 10 11 13 15 18 19 24 28 29 30 37 37 39 40 41 42 43 44 45 46 48 48 50]
[WORKER] 2025/06/26 17:22:39 Mapper ha scritto i risultati in: output/temp_mapper4.txt
[WORKER] 2025/06/26 17:22:39 Numero 6 --> reducer7:9007 (range 4-17)
[WORKER] 2025/06/26 17:22:39 Numero 10 --> reducer7:9007 (range 4-17)
[WORKER] 2025/06/26 17:22:39 Numero 10 --> reducer7:9007 (range 4-17)
[WORKER] 2025/06/26 17:22:39 Numero 11 --> reducer7:9007 (range 4-17)
[WORKER] 2025/06/26 17:22:39 Numero 13 --> reducer7:9007 (range 4-17)
[WORKER] 2025/06/26 17:22:39 Numero 15 --> reducer7:9007 (range 4-17)
[WORKER] 2025/06/26 17:22:39 Numero 18 --> reducer8:9008 (range 17-51)
[WORKER] 2025/06/26 17:22:39 Numero 19 --> reducer8:9008 (range 17-51)
[WORKER] 2025/06/26 17:22:39 Numero 24 --> reducer8:9008 (range 17-51)
[WORKER] 2025/06/26 17:22:39 Numero 28 --> reducer8:9008 (range 17-51)
[WORKER] 2025/06/26 17:22:39 Numero 29 --> reducer8:9008 (range 17-51)
[WORKER] 2025/06/26 17:22:39 Numero 30 --> reducer8:9008 (range 17-51)
[WORKER] 2025/06/26 17:22:39 Numero 37 --> reducer8:9008 (range 17-51)
[WORKER] 2025/06/26 17:22:39 Numero 37 --> reducer8:9008 (range 17-51)
[WORKER] 2025/06/26 17:22:39 Numero 39 --> reducer8:9008 (range 17-51)
[WORKER] 2025/06/26 17:22:39 Numero 40 --> reducer8:9008 (range 17-51)
[WORKER] 2025/06/26 17:22:39 Numero 41 --> reducer8:9008 (range 17-51)
[WORKER] 2025/06/26 17:22:39 Numero 42 --> reducer8:9008 (range 17-51)
[WORKER] 2025/06/26 17:22:39 Numero 43 --> reducer8:9008 (range 17-51)
[WORKER] 2025/06/26 17:22:39 Numero 44 --> reducer8:9008 (range 17-51)
[WORKER] 2025/06/26 17:22:39 Numero 45 --> reducer8:9008 (range 17-51)
[WORKER] 2025/06/26 17:22:39 Numero 46 --> reducer8:9008 (range 17-51)
[WORKER] 2025/06/26 17:22:39 Numero 48 --> reducer8:9008 (range 17-51)
[WORKER] 2025/06/26 17:22:39 Numero 48 --> reducer8:9008 (range 17-51)
[WORKER] 2025/06/26 17:22:39 Numero 50 --> reducer8:9008 (range 17-51)
[WORKER] 2025/06/26 17:22:39 Invio il sotto-chunk [18 19 24 28 29 30 37 37 39 40 41 42 43 44 45 46 48 48 50] al reducer reducer8:9008 (con fallback)
[WORKER] 2025/06/26 17:22:39 Chunk inviato con successo a reducer8:9008 (primario reducer8:9008)
[WORKER] 2025/06/26 17:22:39 Invio il sotto-chunk [6 10 10 11 13 15] al reducer reducer7:9007 (con fallback)
[WORKER] 2025/06/26 17:22:39 Chunk inviato con successo a reducer7:9007 (primario reducer7:9007)
[WORKER] 2025/06/26 17:24:03 Worker in ascolto su mapper4:9004
[WORKER] 2025/06/26 17:24:03 Mapper ha ricevuto il chunk: [2 3 4 7 12 24 25 32 42 43 11 48 10 5 16 12 49 45 25 37 36 41 46 3 32]
[WORKER] 2025/06/26 17:24:10 Chunk ordinato: [2 3 3 4 5 7 10 11 12 12 16 24 25 25 32 32 36 37 41 42 43 45 46 48 49]
[WORKER] 2025/06/26 17:24:10 Mapper ha scritto i risultati in: output/temp_mapper4.txt
[WORKER] 2025/06/26 17:24:10 Numero 2 --> reducer6:9006 (range 2-4)
[WORKER] 2025/06/26 17:24:10 Numero 3 --> reducer6:9006 (range 2-4)
[WORKER] 2025/06/26 17:24:10 Numero 3 --> reducer6:9006 (range 2-4)
[WORKER] 2025/06/26 17:24:10 Numero 4 --> reducer7:9007 (range 4-12)
[WORKER] 2025/06/26 17:24:10 Numero 5 --> reducer7:9007 (range 4-12)
[WORKER] 2025/06/26 17:24:10 Numero 7 --> reducer7:9007 (range 4-12)
[WORKER] 2025/06/26 17:24:10 Numero 10 --> reducer7:9007 (range 4-12)
[WORKER] 2025/06/26 17:24:10 Numero 11 --> reducer7:9007 (range 4-12)
[WORKER] 2025/06/26 17:24:10 Numero 12 --> reducer8:9008 (range 12-51)
[WORKER] 2025/06/26 17:24:10 Numero 12 --> reducer8:9008 (range 12-51)
[WORKER] 2025/06/26 17:24:10 Numero 16 --> reducer8:9008 (range 12-51)
[WORKER] 2025/06/26 17:24:10 Numero 24 --> reducer8:9008 (range 12-51)
[WORKER] 2025/06/26 17:24:10 Numero 25 --> reducer8:9008 (range 12-51)
[WORKER] 2025/06/26 17:24:10 Numero 25 --> reducer8:9008 (range 12-51)
[WORKER] 2025/06/26 17:24:10 Numero 32 --> reducer8:9008 (range 12-51)
[WORKER] 2025/06/26 17:24:10 Numero 32 --> reducer8:9008 (range 12-51)
[WORKER] 2025/06/26 17:24:10 Numero 36 --> reducer8:9008 (range 12-51)
[WORKER] 2025/06/26 17:24:10 Numero 37 --> reducer8:9008 (range 12-51)
[WORKER] 2025/06/26 17:24:10 Numero 41 --> reducer8:9008 (range 12-51)
[WORKER] 2025/06/26 17:24:10 Numero 42 --> reducer8:9008 (range 12-51)
[WORKER] 2025/06/26 17:24:10 Numero 43 --> reducer8:9008 (range 12-51)
[WORKER] 2025/06/26 17:24:10 Numero 45 --> reducer8:9008 (range 12-51)
[WORKER] 2025/06/26 17:24:10 Numero 46 --> reducer8:9008 (range 12-51)
[WORKER] 2025/06/26 17:24:10 Numero 48 --> reducer8:9008 (range 12-51)
[WORKER] 2025/06/26 17:24:10 Numero 49 --> reducer8:9008 (range 12-51)
[WORKER] 2025/06/26 17:24:10 Invio il sotto-chunk [2 3 3] al reducer reducer6:9006 (con fallback)
[WORKER] 2025/06/26 17:24:10 Fallito verso reducer6:9006 (timeout connessione): dial tcp 127.0.0.2:9006: connect: connection refused
[WORKER] 2025/06/26 17:24:10 Chunk inviato con successo a reducer7:9007 (primario reducer6:9006)
[WORKER] 2025/06/26 17:24:10 Invio il sotto-chunk [4 5 7 10 11] al reducer reducer7:9007 (con fallback)
[WORKER] 2025/06/26 17:24:10 Chunk inviato con successo a reducer7:9007 (primario reducer7:9007)
[WORKER] 2025/06/26 17:24:10 Invio il sotto-chunk [12 12 16 24 25 25 32 32 36 37 41 42 43 45 46 48 49] al reducer reducer8:9008 (con fallback)
[WORKER] 2025/06/26 17:24:10 Chunk inviato con successo a reducer8:9008 (primario reducer8:9008)
[WORKER] 2025/06/26 17:30:38 Worker in ascolto su mapper4:9004
[WORKER] 2025/06/26 17:30:39 Mapper ha ricevuto il chunk: [28 36 20 29 41 22 48 1 11 10 32 41 24 31 31 46 35 24 17 38 39 12 16 10 28]
[WORKER] 2025/06/26 17:30:44 Chunk ordinato: [1 10 10 11 12 16 17 20 22 24 24 28 28 29 31 31 32 35 36 38 39 41 41 46 48]
[WORKER] 2025/06/26 17:30:44 Mapper ha scritto i risultati in: output/temp_mapper4.txt
[WORKER] 2025/06/26 17:30:44 Numero 1 --> reducer5:9005 (range 1-5)
[WORKER] 2025/06/26 17:30:44 Numero 10 --> reducer6:9006 (range 5-12)
[WORKER] 2025/06/26 17:30:44 Numero 10 --> reducer6:9006 (range 5-12)
[WORKER] 2025/06/26 17:30:44 Numero 11 --> reducer6:9006 (range 5-12)
[WORKER] 2025/06/26 17:30:44 Numero 12 --> reducer7:9007 (range 12-25)
[WORKER] 2025/06/26 17:30:44 Numero 16 --> reducer7:9007 (range 12-25)
[WORKER] 2025/06/26 17:30:44 Numero 17 --> reducer7:9007 (range 12-25)
[WORKER] 2025/06/26 17:30:44 Numero 20 --> reducer7:9007 (range 12-25)
[WORKER] 2025/06/26 17:30:44 Numero 22 --> reducer7:9007 (range 12-25)
[WORKER] 2025/06/26 17:30:44 Numero 24 --> reducer7:9007 (range 12-25)
[WORKER] 2025/06/26 17:30:44 Numero 24 --> reducer7:9007 (range 12-25)
[WORKER] 2025/06/26 17:30:44 Numero 28 --> reducer8:9008 (range 25-51)
[WORKER] 2025/06/26 17:30:44 Numero 28 --> reducer8:9008 (range 25-51)
[WORKER] 2025/06/26 17:30:44 Numero 29 --> reducer8:9008 (range 25-51)
[WORKER] 2025/06/26 17:30:44 Numero 31 --> reducer8:9008 (range 25-51)
[WORKER] 2025/06/26 17:30:44 Numero 31 --> reducer8:9008 (range 25-51)
[WORKER] 2025/06/26 17:30:44 Numero 32 --> reducer8:9008 (range 25-51)
[WORKER] 2025/06/26 17:30:44 Numero 35 --> reducer8:9008 (range 25-51)
[WORKER] 2025/06/26 17:30:44 Numero 36 --> reducer8:9008 (range 25-51)
[WORKER] 2025/06/26 17:30:44 Numero 38 --> reducer8:9008 (range 25-51)
[WORKER] 2025/06/26 17:30:44 Numero 39 --> reducer8:9008 (range 25-51)
[WORKER] 2025/06/26 17:30:44 Numero 41 --> reducer8:9008 (range 25-51)
[WORKER] 2025/06/26 17:30:44 Numero 41 --> reducer8:9008 (range 25-51)
[WORKER] 2025/06/26 17:30:44 Numero 46 --> reducer8:9008 (range 25-51)
[WORKER] 2025/06/26 17:30:44 Numero 48 --> reducer8:9008 (range 25-51)
[WORKER] 2025/06/26 17:30:44 Invio il sotto-chunk [12 16 17 20 22 24 24] al reducer reducer7:9007 (con fallback)
[WORKER] 2025/06/26 17:30:44 Chunk inviato con successo a reducer7:9007 (primario reducer7:9007)
[WORKER] 2025/06/26 17:30:44 Invio il sotto-chunk [28 28 29 31 31 32 35 36 38 39 41 41 46 48] al reducer reducer8:9008 (con fallback)
[WORKER] 2025/06/26 17:30:44 Chunk inviato con successo a reducer8:9008 (primario reducer8:9008)
[WORKER] 2025/06/26 17:30:44 Invio il sotto-chunk [1] al reducer reducer5:9005 (con fallback)
[WORKER] 2025/06/26 17:30:44 Chunk inviato con successo a reducer5:9005 (primario reducer5:9005)
[WORKER] 2025/06/26 17:30:44 Invio il sotto-chunk [10 10 11] al reducer reducer6:9006 (con fallback)
[WORKER] 2025/06/26 17:30:44 Chunk inviato con successo a reducer6:9006 (primario reducer6:9006)
[WORKER] 2025/06/26 17:32:09 Worker in ascolto su mapper4:9004
[WORKER] 2025/06/26 17:32:09 Mapper ha ricevuto il chunk: [6 43 45 41 19 26 50 4 34 36 46 19 16 8 13 20 40 27 5 16 26 31 34 20 8]
[WORKER] 2025/06/26 17:32:14 Chunk ordinato: [4 5 6 8 8 13 16 16 19 19 20 20 26 26 27 31 34 34 36 40 41 43 45 46 50]
[WORKER] 2025/06/26 17:32:14 Mapper ha scritto i risultati in: output/temp_mapper4.txt
[WORKER] 2025/06/26 17:32:14 Numero 4 --> reducer6:9006 (range 3-7)
[WORKER] 2025/06/26 17:32:14 Numero 5 --> reducer6:9006 (range 3-7)
[WORKER] 2025/06/26 17:32:14 Numero 6 --> reducer6:9006 (range 3-7)
[WORKER] 2025/06/26 17:32:14 Numero 8 --> reducer7:9007 (range 7-13)
[WORKER] 2025/06/26 17:32:14 Numero 8 --> reducer7:9007 (range 7-13)
[WORKER] 2025/06/26 17:32:14 Numero 13 --> reducer8:9008 (range 13-51)
[WORKER] 2025/06/26 17:32:14 Numero 16 --> reducer8:9008 (range 13-51)
[WORKER] 2025/06/26 17:32:14 Numero 16 --> reducer8:9008 (range 13-51)
[WORKER] 2025/06/26 17:32:14 Numero 19 --> reducer8:9008 (range 13-51)
[WORKER] 2025/06/26 17:32:14 Numero 19 --> reducer8:9008 (range 13-51)
[WORKER] 2025/06/26 17:32:14 Numero 20 --> reducer8:9008 (range 13-51)
[WORKER] 2025/06/26 17:32:14 Numero 20 --> reducer8:9008 (range 13-51)
[WORKER] 2025/06/26 17:32:14 Numero 26 --> reducer8:9008 (range 13-51)
[WORKER] 2025/06/26 17:32:14 Numero 26 --> reducer8:9008 (range 13-51)
[WORKER] 2025/06/26 17:32:14 Numero 27 --> reducer8:9008 (range 13-51)
[WORKER] 2025/06/26 17:32:14 Numero 31 --> reducer8:9008 (range 13-51)
[WORKER] 2025/06/26 17:32:14 Numero 34 --> reducer8:9008 (range 13-51)
[WORKER] 2025/06/26 17:32:14 Numero 34 --> reducer8:9008 (range 13-51)
[WORKER] 2025/06/26 17:32:14 Numero 36 --> reducer8:9008 (range 13-51)
[WORKER] 2025/06/26 17:32:14 Numero 40 --> reducer8:9008 (range 13-51)
[WORKER] 2025/06/26 17:32:14 Numero 41 --> reducer8:9008 (range 13-51)
[WORKER] 2025/06/26 17:32:14 Numero 43 --> reducer8:9008 (range 13-51)
[WORKER] 2025/06/26 17:32:14 Numero 45 --> reducer8:9008 (range 13-51)
[WORKER] 2025/06/26 17:32:14 Numero 46 --> reducer8:9008 (range 13-51)
[WORKER] 2025/06/26 17:32:14 Numero 50 --> reducer8:9008 (range 13-51)
[WORKER] 2025/06/26 17:32:14 Invio il sotto-chunk [4 5 6] al reducer reducer6:9006 (con fallback)
[WORKER] 2025/06/26 17:32:15 Fallito verso reducer6:9006 (timeout connessione): dial tcp 127.0.0.2:9006: connect: connection refused
[WORKER] 2025/06/26 17:32:15 Chunk inviato con successo a reducer7:9007 (primario reducer6:9006)
[WORKER] 2025/06/26 17:32:15 Invio il sotto-chunk [8 8] al reducer reducer7:9007 (con fallback)
[WORKER] 2025/06/26 17:32:15 Chunk inviato con successo a reducer7:9007 (primario reducer7:9007)
[WORKER] 2025/06/26 17:32:15 Invio il sotto-chunk [13 16 16 19 19 20 20 26 26 27 31 34 34 36 40 41 43 45 46 50] al reducer reducer8:9008 (con fallback)
[WORKER] 2025/06/26 17:32:15 Chunk inviato con successo a reducer8:9008 (primario reducer8:9008)
