[WORKER] 2025/07/01 14:02:52 Registrazione avvenuta con successo (mapper - a2787132f92c:9001)
[WORKER] 2025/07/01 14:02:52 Worker in ascolto su a2787132f92c:9001
[WORKER] 2025/07/01 14:02:53 Mapper ha ricevuto il chunk: [40 37 6 6 10 11 27 16 14 31 3 47 38 3 46 35 30 12 12 34 6 45 40 21 9]
[WORKER] 2025/07/01 14:02:58 Chunk ordinato: [3 3 6 6 6 9 10 11 12 12 14 16 21 27 30 31 34 35 37 38 40 40 45 46 47]
[WORKER] 2025/07/01 14:02:58 Mapper ha scritto i risultati in: output/temp_a2787132f92c.txt
[WORKER] 2025/07/01 14:02:58 Numero 3 --> 6d96837b08ad:9001 (range 1-9)
[WORKER] 2025/07/01 14:02:58 Numero 3 --> 6d96837b08ad:9001 (range 1-9)
[WORKER] 2025/07/01 14:02:58 Numero 6 --> 6d96837b08ad:9001 (range 1-9)
[WORKER] 2025/07/01 14:02:58 Numero 6 --> 6d96837b08ad:9001 (range 1-9)
[WORKER] 2025/07/01 14:02:58 Numero 6 --> 6d96837b08ad:9001 (range 1-9)
[WORKER] 2025/07/01 14:02:58 Numero 9 --> a63e9f662ad8:9001 (range 9-21)
[WORKER] 2025/07/01 14:02:58 Numero 10 --> a63e9f662ad8:9001 (range 9-21)
[WORKER] 2025/07/01 14:02:58 Numero 11 --> a63e9f662ad8:9001 (range 9-21)
[WORKER] 2025/07/01 14:02:58 Numero 12 --> a63e9f662ad8:9001 (range 9-21)
[WORKER] 2025/07/01 14:02:58 Numero 12 --> a63e9f662ad8:9001 (range 9-21)
[WORKER] 2025/07/01 14:02:58 Numero 14 --> a63e9f662ad8:9001 (range 9-21)
[WORKER] 2025/07/01 14:02:58 Numero 16 --> a63e9f662ad8:9001 (range 9-21)
[WORKER] 2025/07/01 14:02:58 Numero 21 --> ae3ddac8d7b2:9001 (range 21-32)
[WORKER] 2025/07/01 14:02:58 Numero 27 --> ae3ddac8d7b2:9001 (range 21-32)
[WORKER] 2025/07/01 14:02:58 Numero 30 --> ae3ddac8d7b2:9001 (range 21-32)
[WORKER] 2025/07/01 14:02:58 Numero 31 --> ae3ddac8d7b2:9001 (range 21-32)
[WORKER] 2025/07/01 14:02:58 Numero 34 --> c5a4db658fcb:9001 (range 32-51)
[WORKER] 2025/07/01 14:02:58 Numero 35 --> c5a4db658fcb:9001 (range 32-51)
[WORKER] 2025/07/01 14:02:58 Numero 37 --> c5a4db658fcb:9001 (range 32-51)
[WORKER] 2025/07/01 14:02:58 Numero 38 --> c5a4db658fcb:9001 (range 32-51)
[WORKER] 2025/07/01 14:02:58 Numero 40 --> c5a4db658fcb:9001 (range 32-51)
[WORKER] 2025/07/01 14:02:58 Numero 40 --> c5a4db658fcb:9001 (range 32-51)
[WORKER] 2025/07/01 14:02:58 Numero 45 --> c5a4db658fcb:9001 (range 32-51)
[WORKER] 2025/07/01 14:02:58 Numero 46 --> c5a4db658fcb:9001 (range 32-51)
[WORKER] 2025/07/01 14:02:58 Numero 47 --> c5a4db658fcb:9001 (range 32-51)
[WORKER] 2025/07/01 14:02:58 Invio il sotto-chunk [21 27 30 31] al reducer ae3ddac8d7b2:9001 (con fallback)
[WORKER] 2025/07/01 14:02:58 Chunk inviato con successo a ae3ddac8d7b2:9001 (primario ae3ddac8d7b2:9001)
[WORKER] 2025/07/01 14:02:58 Invio il sotto-chunk [34 35 37 38 40 40 45 46 47] al reducer c5a4db658fcb:9001 (con fallback)
[WORKER] 2025/07/01 14:02:58 Chunk inviato con successo a c5a4db658fcb:9001 (primario c5a4db658fcb:9001)
[WORKER] 2025/07/01 14:02:58 Invio il sotto-chunk [3 3 6 6 6] al reducer 6d96837b08ad:9001 (con fallback)
[WORKER] 2025/07/01 14:02:58 Chunk inviato con successo a 6d96837b08ad:9001 (primario 6d96837b08ad:9001)
[WORKER] 2025/07/01 14:02:58 Invio il sotto-chunk [9 10 11 12 12 14 16] al reducer a63e9f662ad8:9001 (con fallback)
[WORKER] 2025/07/01 14:02:58 Chunk inviato con successo a a63e9f662ad8:9001 (primario a63e9f662ad8:9001)
