[WORKER] 2025/06/26 15:39:41 Worker in ascolto su mapper1:9001
[WORKER] 2025/06/26 15:39:41 Mapper ha ricevuto il chunk: [36 5 4 28 16 1 4 50 16 30 29 43 33 2 47 28 17 43 10 4 5 41 3 2 24]
[WORKER] 2025/06/26 15:39:46 Chunk ordinato: [1 2 2 3 4 4 4 5 5 10 16 16 17 24 28 28 29 30 33 36 41 43 43 47 50]
[WORKER] 2025/06/26 15:39:46 Invio il sotto-chunk [1 2 2 3] al reducer reducer5:9005 (con fallback)
[WORKER] 2025/06/26 15:39:46 Chunk inviato con successo a reducer5:9005 (primario reducer5:9005)
[WORKER] 2025/06/26 15:39:46 Invio il sotto-chunk [4 4 4 5 5 10] al reducer reducer6:9006 (con fallback)
[WORKER] 2025/06/26 15:39:46 Chunk inviato con successo a reducer6:9006 (primario reducer6:9006)
[WORKER] 2025/06/26 15:39:46 Invio il sotto-chunk [16 16 17 24] al reducer reducer7:9007 (con fallback)
[WORKER] 2025/06/26 15:39:46 Chunk inviato con successo a reducer7:9007 (primario reducer7:9007)
[WORKER] 2025/06/26 15:39:46 Invio il sotto-chunk [28 28 29 30 33 36 41 43 43 47 50] al reducer reducer8:9008 (con fallback)
[WORKER] 2025/06/26 15:39:46 Chunk inviato con successo a reducer8:9008 (primario reducer8:9008)
[WORKER] 2025/06/26 15:55:14 Worker in ascolto su mapper1:9001
[WORKER] 2025/06/26 15:55:14 Mapper ha ricevuto il chunk: [21 6 29 21 21 27 14 38 31 7 41 2 33 42 44 11 2 24 37 38 40 24 31 6 46]
[WORKER] 2025/06/26 15:55:19 Chunk ordinato: [2 2 6 6 7 11 14 21 21 21 24 24 27 29 31 31 33 37 38 38 40 41 42 44 46]
[WORKER] 2025/06/26 15:55:19 Numero 2 --> reducer5:9005 (range 1-7)
[WORKER] 2025/06/26 15:55:19 Numero 2 --> reducer5:9005 (range 1-7)
[WORKER] 2025/06/26 15:55:19 Numero 6 --> reducer5:9005 (range 1-7)
[WORKER] 2025/06/26 15:55:19 Numero 6 --> reducer5:9005 (range 1-7)
[WORKER] 2025/06/26 15:55:19 Numero 7 --> reducer6:9006 (range 7-25)
[WORKER] 2025/06/26 15:55:19 Numero 11 --> reducer6:9006 (range 7-25)
[WORKER] 2025/06/26 15:55:19 Numero 14 --> reducer6:9006 (range 7-25)
[WORKER] 2025/06/26 15:55:19 Numero 21 --> reducer6:9006 (range 7-25)
[WORKER] 2025/06/26 15:55:19 Numero 21 --> reducer6:9006 (range 7-25)
[WORKER] 2025/06/26 15:55:19 Numero 21 --> reducer6:9006 (range 7-25)
[WORKER] 2025/06/26 15:55:19 Numero 24 --> reducer6:9006 (range 7-25)
[WORKER] 2025/06/26 15:55:19 Numero 24 --> reducer6:9006 (range 7-25)
[WORKER] 2025/06/26 15:55:19 Numero 27 --> reducer8:9008 (range 26-51)
[WORKER] 2025/06/26 15:55:19 Numero 29 --> reducer8:9008 (range 26-51)
[WORKER] 2025/06/26 15:55:19 Numero 31 --> reducer8:9008 (range 26-51)
[WORKER] 2025/06/26 15:55:19 Numero 31 --> reducer8:9008 (range 26-51)
[WORKER] 2025/06/26 15:55:19 Numero 33 --> reducer8:9008 (range 26-51)
[WORKER] 2025/06/26 15:55:19 Numero 37 --> reducer8:9008 (range 26-51)
[WORKER] 2025/06/26 15:55:19 Numero 38 --> reducer8:9008 (range 26-51)
[WORKER] 2025/06/26 15:55:19 Numero 38 --> reducer8:9008 (range 26-51)
[WORKER] 2025/06/26 15:55:19 Numero 40 --> reducer8:9008 (range 26-51)
[WORKER] 2025/06/26 15:55:19 Numero 41 --> reducer8:9008 (range 26-51)
[WORKER] 2025/06/26 15:55:19 Numero 42 --> reducer8:9008 (range 26-51)
[WORKER] 2025/06/26 15:55:19 Numero 44 --> reducer8:9008 (range 26-51)
[WORKER] 2025/06/26 15:55:19 Numero 46 --> reducer8:9008 (range 26-51)
[WORKER] 2025/06/26 15:55:19 Invio il sotto-chunk [2 2 6 6] al reducer reducer5:9005 (con fallback)
[WORKER] 2025/06/26 15:55:19 Chunk inviato con successo a reducer5:9005 (primario reducer5:9005)
[WORKER] 2025/06/26 15:55:19 Invio il sotto-chunk [7 11 14 21 21 21 24 24] al reducer reducer6:9006 (con fallback)
[WORKER] 2025/06/26 15:55:19 Chunk inviato con successo a reducer6:9006 (primario reducer6:9006)
[WORKER] 2025/06/26 15:55:19 Invio il sotto-chunk [27 29 31 31 33 37 38 38 40 41 42 44 46] al reducer reducer8:9008 (con fallback)
[WORKER] 2025/06/26 15:55:19 Chunk inviato con successo a reducer8:9008 (primario reducer8:9008)
[WORKER] 2025/06/26 16:16:46 Worker in ascolto su mapper1:9001
[WORKER] 2025/06/26 16:16:46 Mapper ha ricevuto il chunk: [11 32 10 19 30 38 37 44 31 3 31 44 45 48 34 8 38 26 47 42 23 45 1 14 35]
[WORKER] 2025/06/26 16:16:51 Chunk ordinato: [1 3 8 10 11 14 19 23 26 30 31 31 32 34 35 37 38 38 42 44 44 45 45 47 48]
[WORKER] 2025/06/26 16:16:51 Mapper ha scritto i risultati in: output/temp_mapper1.txt
[WORKER] 2025/06/26 16:16:51 Numero 1 --> reducer5:9005 (range 1-5)
[WORKER] 2025/06/26 16:16:51 Numero 3 --> reducer5:9005 (range 1-5)
[WORKER] 2025/06/26 16:16:51 Numero 8 --> reducer6:9006 (range 5-14)
[WORKER] 2025/06/26 16:16:51 Numero 10 --> reducer6:9006 (range 5-14)
[WORKER] 2025/06/26 16:16:51 Numero 11 --> reducer6:9006 (range 5-14)
[WORKER] 2025/06/26 16:16:51 Numero 14 --> reducer7:9007 (range 14-30)
[WORKER] 2025/06/26 16:16:51 Numero 19 --> reducer7:9007 (range 14-30)
[WORKER] 2025/06/26 16:16:51 Numero 23 --> reducer7:9007 (range 14-30)
[WORKER] 2025/06/26 16:16:51 Numero 26 --> reducer7:9007 (range 14-30)
[WORKER] 2025/06/26 16:16:51 Numero 30 --> reducer8:9008 (range 30-51)
[WORKER] 2025/06/26 16:16:51 Numero 31 --> reducer8:9008 (range 30-51)
[WORKER] 2025/06/26 16:16:51 Numero 31 --> reducer8:9008 (range 30-51)
[WORKER] 2025/06/26 16:16:51 Numero 32 --> reducer8:9008 (range 30-51)
[WORKER] 2025/06/26 16:16:51 Numero 34 --> reducer8:9008 (range 30-51)
[WORKER] 2025/06/26 16:16:51 Numero 35 --> reducer8:9008 (range 30-51)
[WORKER] 2025/06/26 16:16:51 Numero 37 --> reducer8:9008 (range 30-51)
[WORKER] 2025/06/26 16:16:51 Numero 38 --> reducer8:9008 (range 30-51)
[WORKER] 2025/06/26 16:16:51 Numero 38 --> reducer8:9008 (range 30-51)
[WORKER] 2025/06/26 16:16:51 Numero 42 --> reducer8:9008 (range 30-51)
[WORKER] 2025/06/26 16:16:51 Numero 44 --> reducer8:9008 (range 30-51)
[WORKER] 2025/06/26 16:16:51 Numero 44 --> reducer8:9008 (range 30-51)
[WORKER] 2025/06/26 16:16:51 Numero 45 --> reducer8:9008 (range 30-51)
[WORKER] 2025/06/26 16:16:51 Numero 45 --> reducer8:9008 (range 30-51)
[WORKER] 2025/06/26 16:16:51 Numero 47 --> reducer8:9008 (range 30-51)
[WORKER] 2025/06/26 16:16:51 Numero 48 --> reducer8:9008 (range 30-51)
[WORKER] 2025/06/26 16:16:51 Invio il sotto-chunk [1 3] al reducer reducer5:9005 (con fallback)
[WORKER] 2025/06/26 16:16:51 Chunk inviato con successo a reducer5:9005 (primario reducer5:9005)
[WORKER] 2025/06/26 16:16:51 Invio il sotto-chunk [8 10 11] al reducer reducer6:9006 (con fallback)
[WORKER] 2025/06/26 16:16:51 Chunk inviato con successo a reducer6:9006 (primario reducer6:9006)
[WORKER] 2025/06/26 16:16:51 Invio il sotto-chunk [14 19 23 26] al reducer reducer7:9007 (con fallback)
[WORKER] 2025/06/26 16:16:51 Chunk inviato con successo a reducer7:9007 (primario reducer7:9007)
[WORKER] 2025/06/26 16:16:51 Invio il sotto-chunk [30 31 31 32 34 35 37 38 38 42 44 44 45 45 47 48] al reducer reducer8:9008 (con fallback)
[WORKER] 2025/06/26 16:16:51 Chunk inviato con successo a reducer8:9008 (primario reducer8:9008)
[WORKER] 2025/06/26 16:29:08 Worker in ascolto su mapper1:9001
[WORKER] 2025/06/26 16:29:09 Mapper ha ricevuto il chunk: [23 35 44 41 49 2 2 38 3 45 44 22 36 34 45 11 31 1 10 40 32 23 15 1 4]
[WORKER] 2025/06/26 16:29:14 Chunk ordinato: [1 1 2 2 3 4 10 11 15 22 23 23 31 32 34 35 36 38 40 41 44 44 45 45 49]
[WORKER] 2025/06/26 16:29:14 Mapper ha scritto i risultati in: output/temp_mapper1.txt
[WORKER] 2025/06/26 16:29:14 Numero 1 --> reducer5:9005 (range 1-13)
[WORKER] 2025/06/26 16:29:14 Numero 1 --> reducer5:9005 (range 1-13)
[WORKER] 2025/06/26 16:29:14 Numero 2 --> reducer5:9005 (range 1-13)
[WORKER] 2025/06/26 16:29:14 Numero 2 --> reducer5:9005 (range 1-13)
[WORKER] 2025/06/26 16:29:14 Numero 3 --> reducer5:9005 (range 1-13)
[WORKER] 2025/06/26 16:29:14 Numero 4 --> reducer5:9005 (range 1-13)
[WORKER] 2025/06/26 16:29:14 Numero 10 --> reducer5:9005 (range 1-13)
[WORKER] 2025/06/26 16:29:14 Numero 11 --> reducer5:9005 (range 1-13)
[WORKER] 2025/06/26 16:29:14 Numero 15 --> reducer7:9007 (range 14-25)
[WORKER] 2025/06/26 16:29:14 Numero 22 --> reducer7:9007 (range 14-25)
[WORKER] 2025/06/26 16:29:14 Numero 23 --> reducer7:9007 (range 14-25)
[WORKER] 2025/06/26 16:29:14 Numero 23 --> reducer7:9007 (range 14-25)
[WORKER] 2025/06/26 16:29:14 Numero 31 --> reducer8:9008 (range 25-51)
[WORKER] 2025/06/26 16:29:14 Numero 32 --> reducer8:9008 (range 25-51)
[WORKER] 2025/06/26 16:29:14 Numero 34 --> reducer8:9008 (range 25-51)
[WORKER] 2025/06/26 16:29:14 Numero 35 --> reducer8:9008 (range 25-51)
[WORKER] 2025/06/26 16:29:14 Numero 36 --> reducer8:9008 (range 25-51)
[WORKER] 2025/06/26 16:29:14 Numero 38 --> reducer8:9008 (range 25-51)
[WORKER] 2025/06/26 16:29:14 Numero 40 --> reducer8:9008 (range 25-51)
[WORKER] 2025/06/26 16:29:14 Numero 41 --> reducer8:9008 (range 25-51)
[WORKER] 2025/06/26 16:29:14 Numero 44 --> reducer8:9008 (range 25-51)
[WORKER] 2025/06/26 16:29:14 Numero 44 --> reducer8:9008 (range 25-51)
[WORKER] 2025/06/26 16:29:14 Numero 45 --> reducer8:9008 (range 25-51)
[WORKER] 2025/06/26 16:29:14 Numero 45 --> reducer8:9008 (range 25-51)
[WORKER] 2025/06/26 16:29:14 Numero 49 --> reducer8:9008 (range 25-51)
[WORKER] 2025/06/26 16:29:14 Invio il sotto-chunk [1 1 2 2 3 4 10 11] al reducer reducer5:9005 (con fallback)
[WORKER] 2025/06/26 16:29:14 Chunk inviato con successo a reducer5:9005 (primario reducer5:9005)
[WORKER] 2025/06/26 16:29:14 Invio il sotto-chunk [15 22 23 23] al reducer reducer7:9007 (con fallback)
[WORKER] 2025/06/26 16:29:14 Chunk inviato con successo a reducer7:9007 (primario reducer7:9007)
[WORKER] 2025/06/26 16:29:14 Invio il sotto-chunk [31 32 34 35 36 38 40 41 44 44 45 45 49] al reducer reducer8:9008 (con fallback)
[WORKER] 2025/06/26 16:29:14 Chunk inviato con successo a reducer8:9008 (primario reducer8:9008)
[WORKER] 2025/06/26 16:39:24 Worker in ascolto su mapper1:9001
[WORKER] 2025/06/26 16:39:25 Mapper ha ricevuto il chunk: [5 6 15 36 2 30 38 7 30 36 25 31 50 29 23 18 49 21 8 12 31 32 5 5 34]
[WORKER] 2025/06/26 16:40:05 Worker in ascolto su mapper1:9001
[WORKER] 2025/06/26 16:40:06 Mapper ha ricevuto il chunk: [19 13 21 37 40 11 19 41 36 14 19 13 44 2 28 20 42 39 6 32 21 35 13 18 24]
[WORKER] 2025/06/26 16:46:31 Worker in ascolto su mapper1:9001
[WORKER] 2025/06/26 16:46:32 Mapper ha ricevuto il chunk: [31 2 46 22 25 43 45 30 41 39 16 1 14 19 13 23 21 44 34 1 34 7 14 9 20]
[WORKER] 2025/06/26 16:46:37 Chunk ordinato: [1 1 2 7 9 13 14 14 16 19 20 21 22 23 25 30 31 34 34 39 41 43 44 45 46]
[WORKER] 2025/06/26 16:46:37 Mapper ha scritto i risultati in: output/temp_mapper1.txt
[WORKER] 2025/06/26 16:46:37 Numero 1 --> reducer5:9005 (range 1-8)
[WORKER] 2025/06/26 16:46:37 Numero 1 --> reducer5:9005 (range 1-8)
[WORKER] 2025/06/26 16:46:37 Numero 2 --> reducer5:9005 (range 1-8)
[WORKER] 2025/06/26 16:46:37 Numero 7 --> reducer5:9005 (range 1-8)
[WORKER] 2025/06/26 16:46:37 Numero 9 --> reducer6:9006 (range 8-28)
[WORKER] 2025/06/26 16:46:37 Numero 13 --> reducer6:9006 (range 8-28)
[WORKER] 2025/06/26 16:46:37 Numero 14 --> reducer6:9006 (range 8-28)
[WORKER] 2025/06/26 16:46:37 Numero 14 --> reducer6:9006 (range 8-28)
[WORKER] 2025/06/26 16:46:37 Numero 16 --> reducer6:9006 (range 8-28)
[WORKER] 2025/06/26 16:46:37 Numero 19 --> reducer6:9006 (range 8-28)
[WORKER] 2025/06/26 16:46:37 Numero 20 --> reducer6:9006 (range 8-28)
[WORKER] 2025/06/26 16:46:37 Numero 21 --> reducer6:9006 (range 8-28)
[WORKER] 2025/06/26 16:46:37 Numero 22 --> reducer6:9006 (range 8-28)
[WORKER] 2025/06/26 16:46:37 Numero 23 --> reducer6:9006 (range 8-28)
[WORKER] 2025/06/26 16:46:37 Numero 25 --> reducer6:9006 (range 8-28)
[WORKER] 2025/06/26 16:46:37 Numero 30 --> reducer7:9007 (range 28-35)
[WORKER] 2025/06/26 16:46:37 Numero 31 --> reducer7:9007 (range 28-35)
[WORKER] 2025/06/26 16:46:37 Numero 34 --> reducer7:9007 (range 28-35)
[WORKER] 2025/06/26 16:46:37 Numero 34 --> reducer7:9007 (range 28-35)
[WORKER] 2025/06/26 16:46:37 Numero 39 --> reducer8:9008 (range 35-51)
[WORKER] 2025/06/26 16:46:37 Numero 41 --> reducer8:9008 (range 35-51)
[WORKER] 2025/06/26 16:46:37 Numero 43 --> reducer8:9008 (range 35-51)
[WORKER] 2025/06/26 16:46:37 Numero 44 --> reducer8:9008 (range 35-51)
[WORKER] 2025/06/26 16:46:37 Numero 45 --> reducer8:9008 (range 35-51)
[WORKER] 2025/06/26 16:46:37 Numero 46 --> reducer8:9008 (range 35-51)
[WORKER] 2025/06/26 16:46:37 Invio il sotto-chunk [1 1 2 7] al reducer reducer5:9005 (con fallback)
[WORKER] 2025/06/26 16:46:37 Chunk inviato con successo a reducer5:9005 (primario reducer5:9005)
[WORKER] 2025/06/26 16:46:37 Invio il sotto-chunk [9 13 14 14 16 19 20 21 22 23 25] al reducer reducer6:9006 (con fallback)
[WORKER] 2025/06/26 16:46:39 Fallito verso reducer6:9006 (timeout connessione): dial tcp 127.0.0.2:9006: connect: connection refused
[WORKER] 2025/06/26 16:46:39 Chunk inviato con successo a reducer5:9005 (primario reducer6:9006)
[WORKER] 2025/06/26 16:46:39 Invio il sotto-chunk [30 31 34 34] al reducer reducer7:9007 (con fallback)
[WORKER] 2025/06/26 16:46:39 Chunk inviato con successo a reducer7:9007 (primario reducer7:9007)
[WORKER] 2025/06/26 16:46:39 Invio il sotto-chunk [39 41 43 44 45 46] al reducer reducer8:9008 (con fallback)
[WORKER] 2025/06/26 16:46:39 Chunk inviato con successo a reducer8:9008 (primario reducer8:9008)
[WORKER] 2025/06/26 16:48:25 Worker in ascolto su mapper1:9001
[WORKER] 2025/06/26 16:48:26 Mapper ha ricevuto il chunk: [3 22 35 18 44 27 49 25 48 33 36 27 15 14 11 37 24 23 13 26 6 37 46 25 7]
[WORKER] 2025/06/26 16:48:31 Chunk ordinato: [3 6 7 11 13 14 15 18 22 23 24 25 25 26 27 27 33 35 36 37 37 44 46 48 49]
[WORKER] 2025/06/26 16:48:31 Mapper ha scritto i risultati in: output/temp_mapper1.txt
[WORKER] 2025/06/26 16:48:31 Numero 3 --> reducer6:9006 (range 2-11)
[WORKER] 2025/06/26 16:48:31 Numero 6 --> reducer6:9006 (range 2-11)
[WORKER] 2025/06/26 16:48:31 Numero 7 --> reducer6:9006 (range 2-11)
[WORKER] 2025/06/26 16:48:31 Numero 11 --> reducer7:9007 (range 11-18)
[WORKER] 2025/06/26 16:48:31 Numero 13 --> reducer7:9007 (range 11-18)
[WORKER] 2025/06/26 16:48:31 Numero 14 --> reducer7:9007 (range 11-18)
[WORKER] 2025/06/26 16:48:31 Numero 15 --> reducer7:9007 (range 11-18)
[WORKER] 2025/06/26 16:48:31 Numero 18 --> reducer8:9008 (range 18-51)
[WORKER] 2025/06/26 16:48:31 Numero 22 --> reducer8:9008 (range 18-51)
[WORKER] 2025/06/26 16:48:31 Numero 23 --> reducer8:9008 (range 18-51)
[WORKER] 2025/06/26 16:48:31 Numero 24 --> reducer8:9008 (range 18-51)
[WORKER] 2025/06/26 16:48:31 Numero 25 --> reducer8:9008 (range 18-51)
[WORKER] 2025/06/26 16:48:31 Numero 25 --> reducer8:9008 (range 18-51)
[WORKER] 2025/06/26 16:48:31 Numero 26 --> reducer8:9008 (range 18-51)
[WORKER] 2025/06/26 16:48:31 Numero 27 --> reducer8:9008 (range 18-51)
[WORKER] 2025/06/26 16:48:31 Numero 27 --> reducer8:9008 (range 18-51)
[WORKER] 2025/06/26 16:48:31 Numero 33 --> reducer8:9008 (range 18-51)
[WORKER] 2025/06/26 16:48:31 Numero 35 --> reducer8:9008 (range 18-51)
[WORKER] 2025/06/26 16:48:31 Numero 36 --> reducer8:9008 (range 18-51)
[WORKER] 2025/06/26 16:48:31 Numero 37 --> reducer8:9008 (range 18-51)
[WORKER] 2025/06/26 16:48:31 Numero 37 --> reducer8:9008 (range 18-51)
[WORKER] 2025/06/26 16:48:31 Numero 44 --> reducer8:9008 (range 18-51)
[WORKER] 2025/06/26 16:48:31 Numero 46 --> reducer8:9008 (range 18-51)
[WORKER] 2025/06/26 16:48:31 Numero 48 --> reducer8:9008 (range 18-51)
[WORKER] 2025/06/26 16:48:31 Numero 49 --> reducer8:9008 (range 18-51)
[WORKER] 2025/06/26 16:48:31 Invio il sotto-chunk [3 6 7] al reducer reducer6:9006 (con fallback)
[WORKER] 2025/06/26 16:48:31 Chunk inviato con successo a reducer6:9006 (primario reducer6:9006)
[WORKER] 2025/06/26 16:48:31 Invio il sotto-chunk [11 13 14 15] al reducer reducer7:9007 (con fallback)
[WORKER] 2025/06/26 16:48:31 Chunk inviato con successo a reducer7:9007 (primario reducer7:9007)
[WORKER] 2025/06/26 16:48:31 Invio il sotto-chunk [18 22 23 24 25 25 26 27 27 33 35 36 37 37 44 46 48 49] al reducer reducer8:9008 (con fallback)
[WORKER] 2025/06/26 16:48:31 Chunk inviato con successo a reducer8:9008 (primario reducer8:9008)
[WORKER] 2025/06/26 16:57:38 Worker in ascolto su mapper1:9001
[WORKER] 2025/06/26 16:57:38 Mapper ha ricevuto il chunk: [6 10 8 48 2 49 31 7 44 14 22 48 34 4 27 49 37 42 23 28 30 25 41 27 7]
[WORKER] 2025/06/26 16:57:43 Chunk ordinato: [2 4 6 7 7 8 10 14 22 23 25 27 27 28 30 31 34 37 41 42 44 48 48 49 49]
[WORKER] 2025/06/26 16:57:43 Mapper ha scritto i risultati in: output/temp_mapper1.txt
[WORKER] 2025/06/26 16:57:43 Numero 2 --> reducer5:9005 (range 1-11)
[WORKER] 2025/06/26 16:57:43 Numero 4 --> reducer5:9005 (range 1-11)
[WORKER] 2025/06/26 16:57:43 Numero 6 --> reducer5:9005 (range 1-11)
[WORKER] 2025/06/26 16:57:43 Numero 7 --> reducer5:9005 (range 1-11)
[WORKER] 2025/06/26 16:57:43 Numero 7 --> reducer5:9005 (range 1-11)
[WORKER] 2025/06/26 16:57:43 Numero 8 --> reducer5:9005 (range 1-11)
[WORKER] 2025/06/26 16:57:43 Numero 10 --> reducer5:9005 (range 1-11)
[WORKER] 2025/06/26 16:57:43 Numero 14 --> reducer7:9007 (range 14-17)
[WORKER] 2025/06/26 16:57:43 Numero 22 --> reducer8:9008 (range 17-51)
[WORKER] 2025/06/26 16:57:43 Numero 23 --> reducer8:9008 (range 17-51)
[WORKER] 2025/06/26 16:57:43 Numero 25 --> reducer8:9008 (range 17-51)
[WORKER] 2025/06/26 16:57:43 Numero 27 --> reducer8:9008 (range 17-51)
[WORKER] 2025/06/26 16:57:43 Numero 27 --> reducer8:9008 (range 17-51)
[WORKER] 2025/06/26 16:57:43 Numero 28 --> reducer8:9008 (range 17-51)
[WORKER] 2025/06/26 16:57:43 Numero 30 --> reducer8:9008 (range 17-51)
[WORKER] 2025/06/26 16:57:43 Numero 31 --> reducer8:9008 (range 17-51)
[WORKER] 2025/06/26 16:57:43 Numero 34 --> reducer8:9008 (range 17-51)
[WORKER] 2025/06/26 16:57:43 Numero 37 --> reducer8:9008 (range 17-51)
[WORKER] 2025/06/26 16:57:43 Numero 41 --> reducer8:9008 (range 17-51)
[WORKER] 2025/06/26 16:57:43 Numero 42 --> reducer8:9008 (range 17-51)
[WORKER] 2025/06/26 16:57:43 Numero 44 --> reducer8:9008 (range 17-51)
[WORKER] 2025/06/26 16:57:43 Numero 48 --> reducer8:9008 (range 17-51)
[WORKER] 2025/06/26 16:57:43 Numero 48 --> reducer8:9008 (range 17-51)
[WORKER] 2025/06/26 16:57:43 Numero 49 --> reducer8:9008 (range 17-51)
[WORKER] 2025/06/26 16:57:43 Numero 49 --> reducer8:9008 (range 17-51)
[WORKER] 2025/06/26 16:57:43 Invio il sotto-chunk [2 4 6 7 7 8 10] al reducer reducer5:9005 (con fallback)
[WORKER] 2025/06/26 16:57:43 Chunk inviato con successo a reducer5:9005 (primario reducer5:9005)
[WORKER] 2025/06/26 16:57:43 Invio il sotto-chunk [14] al reducer reducer7:9007 (con fallback)
[WORKER] 2025/06/26 16:57:43 Chunk inviato con successo a reducer7:9007 (primario reducer7:9007)
[WORKER] 2025/06/26 16:57:43 Invio il sotto-chunk [22 23 25 27 27 28 30 31 34 37 41 42 44 48 48 49 49] al reducer reducer8:9008 (con fallback)
[WORKER] 2025/06/26 16:57:43 Chunk inviato con successo a reducer8:9008 (primario reducer8:9008)
[WORKER] 2025/06/26 17:06:17 Worker in ascolto su mapper1:9001
[WORKER] 2025/06/26 17:06:17 Mapper ha ricevuto il chunk: [31 47 30 10 7 16 3 31 10 29 30 30 49 21 9 46 47 21 24 42 37 39 13 33 26]
[WORKER] 2025/06/26 17:06:23 Chunk ordinato: [3 7 9 10 10 13 16 21 21 24 26 29 30 30 30 31 31 33 37 39 42 46 47 47 49]
[WORKER] 2025/06/26 17:06:23 Mapper ha scritto i risultati in: output/temp_mapper1.txt
[WORKER] 2025/06/26 17:06:23 Numero 3 --> reducer5:9005 (range 1-6)
[WORKER] 2025/06/26 17:06:23 Numero 7 --> reducer6:9006 (range 6-17)
[WORKER] 2025/06/26 17:06:23 Numero 9 --> reducer6:9006 (range 6-17)
[WORKER] 2025/06/26 17:06:23 Numero 10 --> reducer6:9006 (range 6-17)
[WORKER] 2025/06/26 17:06:23 Numero 10 --> reducer6:9006 (range 6-17)
[WORKER] 2025/06/26 17:06:23 Numero 13 --> reducer6:9006 (range 6-17)
[WORKER] 2025/06/26 17:06:23 Numero 16 --> reducer6:9006 (range 6-17)
[WORKER] 2025/06/26 17:06:23 Numero 21 --> reducer7:9007 (range 17-27)
[WORKER] 2025/06/26 17:06:23 Numero 21 --> reducer7:9007 (range 17-27)
[WORKER] 2025/06/26 17:06:23 Numero 24 --> reducer7:9007 (range 17-27)
[WORKER] 2025/06/26 17:06:23 Numero 26 --> reducer7:9007 (range 17-27)
[WORKER] 2025/06/26 17:06:23 Numero 29 --> reducer8:9008 (range 27-51)
[WORKER] 2025/06/26 17:06:23 Numero 30 --> reducer8:9008 (range 27-51)
[WORKER] 2025/06/26 17:06:23 Numero 30 --> reducer8:9008 (range 27-51)
[WORKER] 2025/06/26 17:06:23 Numero 30 --> reducer8:9008 (range 27-51)
[WORKER] 2025/06/26 17:06:23 Numero 31 --> reducer8:9008 (range 27-51)
[WORKER] 2025/06/26 17:06:23 Numero 31 --> reducer8:9008 (range 27-51)
[WORKER] 2025/06/26 17:06:23 Numero 33 --> reducer8:9008 (range 27-51)
[WORKER] 2025/06/26 17:06:23 Numero 37 --> reducer8:9008 (range 27-51)
[WORKER] 2025/06/26 17:06:23 Numero 39 --> reducer8:9008 (range 27-51)
[WORKER] 2025/06/26 17:06:23 Numero 42 --> reducer8:9008 (range 27-51)
[WORKER] 2025/06/26 17:06:23 Numero 46 --> reducer8:9008 (range 27-51)
[WORKER] 2025/06/26 17:06:23 Numero 47 --> reducer8:9008 (range 27-51)
[WORKER] 2025/06/26 17:06:23 Numero 47 --> reducer8:9008 (range 27-51)
[WORKER] 2025/06/26 17:06:23 Numero 49 --> reducer8:9008 (range 27-51)
[WORKER] 2025/06/26 17:06:23 Invio il sotto-chunk [3] al reducer reducer5:9005 (con fallback)
[WORKER] 2025/06/26 17:06:23 Chunk inviato con successo a reducer5:9005 (primario reducer5:9005)
[WORKER] 2025/06/26 17:06:23 Invio il sotto-chunk [7 9 10 10 13 16] al reducer reducer6:9006 (con fallback)
[WORKER] 2025/06/26 17:06:23 Fallito verso reducer6:9006 (timeout connessione): dial tcp 127.0.0.2:9006: connect: connection refused
[WORKER] 2025/06/26 17:06:23 Chunk inviato con successo a reducer8:9008 (primario reducer6:9006)
[WORKER] 2025/06/26 17:06:23 Invio il sotto-chunk [21 21 24 26] al reducer reducer7:9007 (con fallback)
[WORKER] 2025/06/26 17:06:23 Chunk inviato con successo a reducer7:9007 (primario reducer7:9007)
[WORKER] 2025/06/26 17:06:23 Invio il sotto-chunk [29 30 30 30 31 31 33 37 39 42 46 47 47 49] al reducer reducer8:9008 (con fallback)
[WORKER] 2025/06/26 17:06:23 Chunk inviato con successo a reducer8:9008 (primario reducer8:9008)
[WORKER] 2025/06/26 17:08:59 Worker in ascolto su mapper1:9001
[WORKER] 2025/06/26 17:09:00 Mapper ha ricevuto il chunk: [20 9 9 11 26 9 10 15 41 32 17 47 18 4 10 7 34 17 7 18 23 22 33 16 27]
[WORKER] 2025/06/26 17:09:05 Chunk ordinato: [4 7 7 9 9 9 10 10 11 15 16 17 17 18 18 20 22 23 26 27 32 33 34 41 47]
[WORKER] 2025/06/26 17:09:05 Mapper ha scritto i risultati in: output/temp_mapper1.txt
[WORKER] 2025/06/26 17:09:05 Numero 4 --> reducer6:9006 (range 3-8)
[WORKER] 2025/06/26 17:09:05 Numero 7 --> reducer6:9006 (range 3-8)
[WORKER] 2025/06/26 17:09:05 Numero 7 --> reducer6:9006 (range 3-8)
[WORKER] 2025/06/26 17:09:05 Numero 9 --> reducer7:9007 (range 8-22)
[WORKER] 2025/06/26 17:09:05 Numero 9 --> reducer7:9007 (range 8-22)
[WORKER] 2025/06/26 17:09:05 Numero 9 --> reducer7:9007 (range 8-22)
[WORKER] 2025/06/26 17:09:05 Numero 10 --> reducer7:9007 (range 8-22)
[WORKER] 2025/06/26 17:09:05 Numero 10 --> reducer7:9007 (range 8-22)
[WORKER] 2025/06/26 17:09:05 Numero 11 --> reducer7:9007 (range 8-22)
[WORKER] 2025/06/26 17:09:05 Numero 15 --> reducer7:9007 (range 8-22)
[WORKER] 2025/06/26 17:09:05 Numero 16 --> reducer7:9007 (range 8-22)
[WORKER] 2025/06/26 17:09:05 Numero 17 --> reducer7:9007 (range 8-22)
[WORKER] 2025/06/26 17:09:05 Numero 17 --> reducer7:9007 (range 8-22)
[WORKER] 2025/06/26 17:09:05 Numero 18 --> reducer7:9007 (range 8-22)
[WORKER] 2025/06/26 17:09:05 Numero 18 --> reducer7:9007 (range 8-22)
[WORKER] 2025/06/26 17:09:05 Numero 20 --> reducer7:9007 (range 8-22)
[WORKER] 2025/06/26 17:09:05 Numero 22 --> reducer8:9008 (range 22-51)
[WORKER] 2025/06/26 17:09:05 Numero 23 --> reducer8:9008 (range 22-51)
[WORKER] 2025/06/26 17:09:05 Numero 26 --> reducer8:9008 (range 22-51)
[WORKER] 2025/06/26 17:09:05 Numero 27 --> reducer8:9008 (range 22-51)
[WORKER] 2025/06/26 17:09:05 Numero 32 --> reducer8:9008 (range 22-51)
[WORKER] 2025/06/26 17:09:05 Numero 33 --> reducer8:9008 (range 22-51)
[WORKER] 2025/06/26 17:09:05 Numero 34 --> reducer8:9008 (range 22-51)
[WORKER] 2025/06/26 17:09:05 Numero 41 --> reducer8:9008 (range 22-51)
[WORKER] 2025/06/26 17:09:05 Numero 47 --> reducer8:9008 (range 22-51)
[WORKER] 2025/06/26 17:09:05 Invio il sotto-chunk [4 7 7] al reducer reducer6:9006 (con fallback)
[WORKER] 2025/06/26 17:09:05 Chunk inviato con successo a reducer6:9006 (primario reducer6:9006)
[WORKER] 2025/06/26 17:09:05 Invio il sotto-chunk [9 9 9 10 10 11 15 16 17 17 18 18 20] al reducer reducer7:9007 (con fallback)
[WORKER] 2025/06/26 17:09:05 Chunk inviato con successo a reducer7:9007 (primario reducer7:9007)
[WORKER] 2025/06/26 17:09:05 Invio il sotto-chunk [22 23 26 27 32 33 34 41 47] al reducer reducer8:9008 (con fallback)
[WORKER] 2025/06/26 17:09:05 Chunk inviato con successo a reducer8:9008 (primario reducer8:9008)
[WORKER] 2025/06/26 17:10:04 Worker in ascolto su mapper1:9001
[WORKER] 2025/06/26 17:10:05 Mapper ha ricevuto il chunk: [46 32 23 22 35 23 43 4 30 2 16 1 45 13 49 46 5 5 40 49 20 39 35 35 38]
[WORKER] 2025/06/26 17:10:10 Chunk ordinato: [1 2 4 5 5 13 16 20 22 23 23 30 32 35 35 35 38 39 40 43 45 46 46 49 49]
[WORKER] 2025/06/26 17:10:10 Mapper ha scritto i risultati in: output/temp_mapper1.txt
[WORKER] 2025/06/26 17:10:10 Numero 1 --> reducer5:9005 (range 1-9)
[WORKER] 2025/06/26 17:10:10 Numero 2 --> reducer5:9005 (range 1-9)
[WORKER] 2025/06/26 17:10:10 Numero 4 --> reducer5:9005 (range 1-9)
[WORKER] 2025/06/26 17:10:10 Numero 5 --> reducer5:9005 (range 1-9)
[WORKER] 2025/06/26 17:10:10 Numero 5 --> reducer5:9005 (range 1-9)
[WORKER] 2025/06/26 17:10:10 Numero 13 --> reducer7:9007 (range 13-23)
[WORKER] 2025/06/26 17:10:10 Numero 16 --> reducer7:9007 (range 13-23)
[WORKER] 2025/06/26 17:10:10 Numero 20 --> reducer7:9007 (range 13-23)
[WORKER] 2025/06/26 17:10:10 Numero 22 --> reducer7:9007 (range 13-23)
[WORKER] 2025/06/26 17:10:10 Numero 23 --> reducer8:9008 (range 23-51)
[WORKER] 2025/06/26 17:10:10 Numero 23 --> reducer8:9008 (range 23-51)
[WORKER] 2025/06/26 17:10:10 Numero 30 --> reducer8:9008 (range 23-51)
[WORKER] 2025/06/26 17:10:10 Numero 32 --> reducer8:9008 (range 23-51)
[WORKER] 2025/06/26 17:10:10 Numero 35 --> reducer8:9008 (range 23-51)
[WORKER] 2025/06/26 17:10:10 Numero 35 --> reducer8:9008 (range 23-51)
[WORKER] 2025/06/26 17:10:10 Numero 35 --> reducer8:9008 (range 23-51)
[WORKER] 2025/06/26 17:10:10 Numero 38 --> reducer8:9008 (range 23-51)
[WORKER] 2025/06/26 17:10:10 Numero 39 --> reducer8:9008 (range 23-51)
[WORKER] 2025/06/26 17:10:10 Numero 40 --> reducer8:9008 (range 23-51)
[WORKER] 2025/06/26 17:10:10 Numero 43 --> reducer8:9008 (range 23-51)
[WORKER] 2025/06/26 17:10:10 Numero 45 --> reducer8:9008 (range 23-51)
[WORKER] 2025/06/26 17:10:10 Numero 46 --> reducer8:9008 (range 23-51)
[WORKER] 2025/06/26 17:10:10 Numero 46 --> reducer8:9008 (range 23-51)
[WORKER] 2025/06/26 17:10:10 Numero 49 --> reducer8:9008 (range 23-51)
[WORKER] 2025/06/26 17:10:10 Numero 49 --> reducer8:9008 (range 23-51)
[WORKER] 2025/06/26 17:10:10 Invio il sotto-chunk [1 2 4 5 5] al reducer reducer5:9005 (con fallback)
[WORKER] 2025/06/26 17:10:10 Chunk inviato con successo a reducer5:9005 (primario reducer5:9005)
[WORKER] 2025/06/26 17:10:10 Invio il sotto-chunk [13 16 20 22] al reducer reducer7:9007 (con fallback)
[WORKER] 2025/06/26 17:10:10 Chunk inviato con successo a reducer7:9007 (primario reducer7:9007)
[WORKER] 2025/06/26 17:10:10 Invio il sotto-chunk [23 23 30 32 35 35 35 38 39 40 43 45 46 46 49 49] al reducer reducer8:9008 (con fallback)
[WORKER] 2025/06/26 17:10:10 Chunk inviato con successo a reducer8:9008 (primario reducer8:9008)
[WORKER] 2025/06/26 17:11:48 Worker in ascolto su mapper1:9001
[WORKER] 2025/06/26 17:11:49 Mapper ha ricevuto il chunk: [1 35 48 12 15 15 34 11 32 43 1 33 21 49 29 2 37 15 29 14 11 22 11 35 4]
[WORKER] 2025/06/26 17:11:54 Chunk ordinato: [1 1 2 4 11 11 11 12 14 15 15 15 21 22 29 29 32 33 34 35 35 37 43 48 49]
[WORKER] 2025/06/26 17:11:54 Mapper ha scritto i risultati in: output/temp_mapper1.txt
[WORKER] 2025/06/26 17:11:54 Numero 1 --> reducer5:9005 (range 1-13)
[WORKER] 2025/06/26 17:11:54 Numero 1 --> reducer5:9005 (range 1-13)
[WORKER] 2025/06/26 17:11:54 Numero 2 --> reducer5:9005 (range 1-13)
[WORKER] 2025/06/26 17:11:54 Numero 4 --> reducer5:9005 (range 1-13)
[WORKER] 2025/06/26 17:11:54 Numero 11 --> reducer5:9005 (range 1-13)
[WORKER] 2025/06/26 17:11:54 Numero 11 --> reducer5:9005 (range 1-13)
[WORKER] 2025/06/26 17:11:54 Numero 11 --> reducer5:9005 (range 1-13)
[WORKER] 2025/06/26 17:11:54 Numero 12 --> reducer5:9005 (range 1-13)
[WORKER] 2025/06/26 17:11:54 Numero 14 --> reducer6:9006 (range 13-17)
[WORKER] 2025/06/26 17:11:54 Numero 15 --> reducer6:9006 (range 13-17)
[WORKER] 2025/06/26 17:11:54 Numero 15 --> reducer6:9006 (range 13-17)
[WORKER] 2025/06/26 17:11:54 Numero 15 --> reducer6:9006 (range 13-17)
[WORKER] 2025/06/26 17:11:54 Numero 21 --> reducer8:9008 (range 21-51)
[WORKER] 2025/06/26 17:11:54 Numero 22 --> reducer8:9008 (range 21-51)
[WORKER] 2025/06/26 17:11:54 Numero 29 --> reducer8:9008 (range 21-51)
[WORKER] 2025/06/26 17:11:54 Numero 29 --> reducer8:9008 (range 21-51)
[WORKER] 2025/06/26 17:11:54 Numero 32 --> reducer8:9008 (range 21-51)
[WORKER] 2025/06/26 17:11:54 Numero 33 --> reducer8:9008 (range 21-51)
[WORKER] 2025/06/26 17:11:54 Numero 34 --> reducer8:9008 (range 21-51)
[WORKER] 2025/06/26 17:11:54 Numero 35 --> reducer8:9008 (range 21-51)
[WORKER] 2025/06/26 17:11:54 Numero 35 --> reducer8:9008 (range 21-51)
[WORKER] 2025/06/26 17:11:54 Numero 37 --> reducer8:9008 (range 21-51)
[WORKER] 2025/06/26 17:11:54 Numero 43 --> reducer8:9008 (range 21-51)
[WORKER] 2025/06/26 17:11:54 Numero 48 --> reducer8:9008 (range 21-51)
[WORKER] 2025/06/26 17:11:54 Numero 49 --> reducer8:9008 (range 21-51)
[WORKER] 2025/06/26 17:11:54 Invio il sotto-chunk [1 1 2 4 11 11 11 12] al reducer reducer5:9005 (con fallback)
[WORKER] 2025/06/26 17:11:54 Chunk inviato con successo a reducer5:9005 (primario reducer5:9005)
[WORKER] 2025/06/26 17:11:54 Invio il sotto-chunk [14 15 15 15] al reducer reducer6:9006 (con fallback)
[WORKER] 2025/06/26 17:11:54 Chunk inviato con successo a reducer6:9006 (primario reducer6:9006)
[WORKER] 2025/06/26 17:11:54 Invio il sotto-chunk [21 22 29 29 32 33 34 35 35 37 43 48 49] al reducer reducer8:9008 (con fallback)
[WORKER] 2025/06/26 17:11:54 Chunk inviato con successo a reducer8:9008 (primario reducer8:9008)
[WORKER] 2025/06/26 17:22:31 Worker in ascolto su mapper1:9001
[WORKER] 2025/06/26 17:22:34 Mapper ha ricevuto il chunk: [36 42 23 13 49 21 18 7 19 27 23 50 9 37 34 13 43 27 3 32 42 4 38 33 30]
[WORKER] 2025/06/26 17:22:39 Chunk ordinato: [3 4 7 9 13 13 18 19 21 23 23 27 27 30 32 33 34 36 37 38 42 42 43 49 50]
[WORKER] 2025/06/26 17:22:39 Mapper ha scritto i risultati in: output/temp_mapper1.txt
[WORKER] 2025/06/26 17:22:39 Numero 3 --> reducer6:9006 (range 1-4)
[WORKER] 2025/06/26 17:22:39 Numero 4 --> reducer7:9007 (range 4-17)
[WORKER] 2025/06/26 17:22:39 Numero 7 --> reducer7:9007 (range 4-17)
[WORKER] 2025/06/26 17:22:39 Numero 9 --> reducer7:9007 (range 4-17)
[WORKER] 2025/06/26 17:22:39 Numero 13 --> reducer7:9007 (range 4-17)
[WORKER] 2025/06/26 17:22:39 Numero 13 --> reducer7:9007 (range 4-17)
[WORKER] 2025/06/26 17:22:39 Numero 18 --> reducer8:9008 (range 17-51)
[WORKER] 2025/06/26 17:22:39 Numero 19 --> reducer8:9008 (range 17-51)
[WORKER] 2025/06/26 17:22:39 Numero 21 --> reducer8:9008 (range 17-51)
[WORKER] 2025/06/26 17:22:39 Numero 23 --> reducer8:9008 (range 17-51)
[WORKER] 2025/06/26 17:22:39 Numero 23 --> reducer8:9008 (range 17-51)
[WORKER] 2025/06/26 17:22:39 Numero 27 --> reducer8:9008 (range 17-51)
[WORKER] 2025/06/26 17:22:39 Numero 27 --> reducer8:9008 (range 17-51)
[WORKER] 2025/06/26 17:22:39 Numero 30 --> reducer8:9008 (range 17-51)
[WORKER] 2025/06/26 17:22:39 Numero 32 --> reducer8:9008 (range 17-51)
[WORKER] 2025/06/26 17:22:39 Numero 33 --> reducer8:9008 (range 17-51)
[WORKER] 2025/06/26 17:22:39 Numero 34 --> reducer8:9008 (range 17-51)
[WORKER] 2025/06/26 17:22:39 Numero 36 --> reducer8:9008 (range 17-51)
[WORKER] 2025/06/26 17:22:39 Numero 37 --> reducer8:9008 (range 17-51)
[WORKER] 2025/06/26 17:22:39 Numero 38 --> reducer8:9008 (range 17-51)
[WORKER] 2025/06/26 17:22:39 Numero 42 --> reducer8:9008 (range 17-51)
[WORKER] 2025/06/26 17:22:39 Numero 42 --> reducer8:9008 (range 17-51)
[WORKER] 2025/06/26 17:22:39 Numero 43 --> reducer8:9008 (range 17-51)
[WORKER] 2025/06/26 17:22:39 Numero 49 --> reducer8:9008 (range 17-51)
[WORKER] 2025/06/26 17:22:39 Numero 50 --> reducer8:9008 (range 17-51)
[WORKER] 2025/06/26 17:22:39 Invio il sotto-chunk [3] al reducer reducer6:9006 (con fallback)
[WORKER] 2025/06/26 17:22:39 Fallito verso reducer6:9006 (timeout connessione): dial tcp 127.0.0.2:9006: connect: connection refused
[WORKER] 2025/06/26 17:22:39 Chunk inviato con successo a reducer5:9005 (primario reducer6:9006)
[WORKER] 2025/06/26 17:22:39 Invio il sotto-chunk [4 7 9 13 13] al reducer reducer7:9007 (con fallback)
[WORKER] 2025/06/26 17:22:39 Chunk inviato con successo a reducer7:9007 (primario reducer7:9007)
[WORKER] 2025/06/26 17:22:39 Invio il sotto-chunk [18 19 21 23 23 27 27 30 32 33 34 36 37 38 42 42 43 49 50] al reducer reducer8:9008 (con fallback)
[WORKER] 2025/06/26 17:22:39 Chunk inviato con successo a reducer8:9008 (primario reducer8:9008)
[WORKER] 2025/06/26 17:24:02 Worker in ascolto su mapper1:9001
[WORKER] 2025/06/26 17:24:03 Mapper ha ricevuto il chunk: [18 10 13 13 34 23 26 46 28 32 38 30 9 39 40 20 46 14 15 7 5 33 38 43 31]
[WORKER] 2025/06/26 17:24:10 Chunk ordinato: [5 7 9 10 13 13 14 15 18 20 23 26 28 30 31 32 33 34 38 38 39 40 43 46 46]
[WORKER] 2025/06/26 17:24:10 Mapper ha scritto i risultati in: output/temp_mapper1.txt
[WORKER] 2025/06/26 17:24:10 Numero 5 --> reducer7:9007 (range 4-12)
[WORKER] 2025/06/26 17:24:10 Numero 7 --> reducer7:9007 (range 4-12)
[WORKER] 2025/06/26 17:24:10 Numero 9 --> reducer7:9007 (range 4-12)
[WORKER] 2025/06/26 17:24:10 Numero 10 --> reducer7:9007 (range 4-12)
[WORKER] 2025/06/26 17:24:10 Numero 13 --> reducer8:9008 (range 12-51)
[WORKER] 2025/06/26 17:24:10 Numero 13 --> reducer8:9008 (range 12-51)
[WORKER] 2025/06/26 17:24:10 Numero 14 --> reducer8:9008 (range 12-51)
[WORKER] 2025/06/26 17:24:10 Numero 15 --> reducer8:9008 (range 12-51)
[WORKER] 2025/06/26 17:24:10 Numero 18 --> reducer8:9008 (range 12-51)
[WORKER] 2025/06/26 17:24:10 Numero 20 --> reducer8:9008 (range 12-51)
[WORKER] 2025/06/26 17:24:10 Numero 23 --> reducer8:9008 (range 12-51)
[WORKER] 2025/06/26 17:24:10 Numero 26 --> reducer8:9008 (range 12-51)
[WORKER] 2025/06/26 17:24:10 Numero 28 --> reducer8:9008 (range 12-51)
[WORKER] 2025/06/26 17:24:10 Numero 30 --> reducer8:9008 (range 12-51)
[WORKER] 2025/06/26 17:24:10 Numero 31 --> reducer8:9008 (range 12-51)
[WORKER] 2025/06/26 17:24:10 Numero 32 --> reducer8:9008 (range 12-51)
[WORKER] 2025/06/26 17:24:10 Numero 33 --> reducer8:9008 (range 12-51)
[WORKER] 2025/06/26 17:24:10 Numero 34 --> reducer8:9008 (range 12-51)
[WORKER] 2025/06/26 17:24:10 Numero 38 --> reducer8:9008 (range 12-51)
[WORKER] 2025/06/26 17:24:10 Numero 38 --> reducer8:9008 (range 12-51)
[WORKER] 2025/06/26 17:24:10 Numero 39 --> reducer8:9008 (range 12-51)
[WORKER] 2025/06/26 17:24:10 Numero 40 --> reducer8:9008 (range 12-51)
[WORKER] 2025/06/26 17:24:10 Numero 43 --> reducer8:9008 (range 12-51)
[WORKER] 2025/06/26 17:24:10 Numero 46 --> reducer8:9008 (range 12-51)
[WORKER] 2025/06/26 17:24:10 Numero 46 --> reducer8:9008 (range 12-51)
[WORKER] 2025/06/26 17:24:10 Invio il sotto-chunk [5 7 9 10] al reducer reducer7:9007 (con fallback)
[WORKER] 2025/06/26 17:24:10 Chunk inviato con successo a reducer7:9007 (primario reducer7:9007)
[WORKER] 2025/06/26 17:24:10 Invio il sotto-chunk [13 13 14 15 18 20 23 26 28 30 31 32 33 34 38 38 39 40 43 46 46] al reducer reducer8:9008 (con fallback)
[WORKER] 2025/06/26 17:24:10 Chunk inviato con successo a reducer8:9008 (primario reducer8:9008)
[WORKER] 2025/06/26 17:30:38 Worker in ascolto su mapper1:9001
[WORKER] 2025/06/26 17:30:39 Mapper ha ricevuto il chunk: [8 41 21 5 48 33 30 11 29 36 42 35 43 40 8 47 10 10 32 33 19 45 18 5 27]
[WORKER] 2025/06/26 17:30:44 Chunk ordinato: [5 5 8 8 10 10 11 18 19 21 27 29 30 32 33 33 35 36 40 41 42 43 45 47 48]
[WORKER] 2025/06/26 17:30:44 Mapper ha scritto i risultati in: output/temp_mapper1.txt
[WORKER] 2025/06/26 17:30:44 Numero 5 --> reducer6:9006 (range 5-12)
[WORKER] 2025/06/26 17:30:44 Numero 5 --> reducer6:9006 (range 5-12)
[WORKER] 2025/06/26 17:30:44 Numero 8 --> reducer6:9006 (range 5-12)
[WORKER] 2025/06/26 17:30:44 Numero 8 --> reducer6:9006 (range 5-12)
[WORKER] 2025/06/26 17:30:44 Numero 10 --> reducer6:9006 (range 5-12)
[WORKER] 2025/06/26 17:30:44 Numero 10 --> reducer6:9006 (range 5-12)
[WORKER] 2025/06/26 17:30:44 Numero 11 --> reducer6:9006 (range 5-12)
[WORKER] 2025/06/26 17:30:44 Numero 18 --> reducer7:9007 (range 12-25)
[WORKER] 2025/06/26 17:30:44 Numero 19 --> reducer7:9007 (range 12-25)
[WORKER] 2025/06/26 17:30:44 Numero 21 --> reducer7:9007 (range 12-25)
[WORKER] 2025/06/26 17:30:44 Numero 27 --> reducer8:9008 (range 25-51)
[WORKER] 2025/06/26 17:30:44 Numero 29 --> reducer8:9008 (range 25-51)
[WORKER] 2025/06/26 17:30:44 Numero 30 --> reducer8:9008 (range 25-51)
[WORKER] 2025/06/26 17:30:44 Numero 32 --> reducer8:9008 (range 25-51)
[WORKER] 2025/06/26 17:30:44 Numero 33 --> reducer8:9008 (range 25-51)
[WORKER] 2025/06/26 17:30:44 Numero 33 --> reducer8:9008 (range 25-51)
[WORKER] 2025/06/26 17:30:44 Numero 35 --> reducer8:9008 (range 25-51)
[WORKER] 2025/06/26 17:30:44 Numero 36 --> reducer8:9008 (range 25-51)
[WORKER] 2025/06/26 17:30:44 Numero 40 --> reducer8:9008 (range 25-51)
[WORKER] 2025/06/26 17:30:44 Numero 41 --> reducer8:9008 (range 25-51)
[WORKER] 2025/06/26 17:30:44 Numero 42 --> reducer8:9008 (range 25-51)
[WORKER] 2025/06/26 17:30:44 Numero 43 --> reducer8:9008 (range 25-51)
[WORKER] 2025/06/26 17:30:44 Numero 45 --> reducer8:9008 (range 25-51)
[WORKER] 2025/06/26 17:30:44 Numero 47 --> reducer8:9008 (range 25-51)
[WORKER] 2025/06/26 17:30:44 Numero 48 --> reducer8:9008 (range 25-51)
[WORKER] 2025/06/26 17:30:44 Invio il sotto-chunk [5 5 8 8 10 10 11] al reducer reducer6:9006 (con fallback)
[WORKER] 2025/06/26 17:30:44 Chunk inviato con successo a reducer6:9006 (primario reducer6:9006)
[WORKER] 2025/06/26 17:30:44 Invio il sotto-chunk [18 19 21] al reducer reducer7:9007 (con fallback)
[WORKER] 2025/06/26 17:30:44 Chunk inviato con successo a reducer7:9007 (primario reducer7:9007)
[WORKER] 2025/06/26 17:30:44 Invio il sotto-chunk [27 29 30 32 33 33 35 36 40 41 42 43 45 47 48] al reducer reducer8:9008 (con fallback)
[WORKER] 2025/06/26 17:30:44 Chunk inviato con successo a reducer8:9008 (primario reducer8:9008)
[WORKER] 2025/06/26 17:32:09 Worker in ascolto su mapper1:9001
[WORKER] 2025/06/26 17:32:09 Mapper ha ricevuto il chunk: [5 3 49 3 42 40 6 43 23 36 1 45 41 8 42 25 42 43 25 27 5 4 44 5 6]
[WORKER] 2025/06/26 17:32:14 Chunk ordinato: [1 3 3 4 5 5 5 6 6 8 23 25 25 27 36 40 41 42 42 42 43 43 44 45 49]
[WORKER] 2025/06/26 17:32:14 Mapper ha scritto i risultati in: output/temp_mapper1.txt
[WORKER] 2025/06/26 17:32:14 Numero 1 --> reducer5:9005 (range 1-3)
[WORKER] 2025/06/26 17:32:14 Numero 3 --> reducer6:9006 (range 3-7)
[WORKER] 2025/06/26 17:32:14 Numero 3 --> reducer6:9006 (range 3-7)
[WORKER] 2025/06/26 17:32:14 Numero 4 --> reducer6:9006 (range 3-7)
[WORKER] 2025/06/26 17:32:14 Numero 5 --> reducer6:9006 (range 3-7)
[WORKER] 2025/06/26 17:32:14 Numero 5 --> reducer6:9006 (range 3-7)
[WORKER] 2025/06/26 17:32:14 Numero 5 --> reducer6:9006 (range 3-7)
[WORKER] 2025/06/26 17:32:14 Numero 6 --> reducer6:9006 (range 3-7)
[WORKER] 2025/06/26 17:32:14 Numero 6 --> reducer6:9006 (range 3-7)
[WORKER] 2025/06/26 17:32:14 Numero 8 --> reducer7:9007 (range 7-13)
[WORKER] 2025/06/26 17:32:14 Numero 23 --> reducer8:9008 (range 13-51)
[WORKER] 2025/06/26 17:32:14 Numero 25 --> reducer8:9008 (range 13-51)
[WORKER] 2025/06/26 17:32:14 Numero 25 --> reducer8:9008 (range 13-51)
[WORKER] 2025/06/26 17:32:14 Numero 27 --> reducer8:9008 (range 13-51)
[WORKER] 2025/06/26 17:32:14 Numero 36 --> reducer8:9008 (range 13-51)
[WORKER] 2025/06/26 17:32:14 Numero 40 --> reducer8:9008 (range 13-51)
[WORKER] 2025/06/26 17:32:14 Numero 41 --> reducer8:9008 (range 13-51)
[WORKER] 2025/06/26 17:32:14 Numero 42 --> reducer8:9008 (range 13-51)
[WORKER] 2025/06/26 17:32:14 Numero 42 --> reducer8:9008 (range 13-51)
[WORKER] 2025/06/26 17:32:14 Numero 42 --> reducer8:9008 (range 13-51)
[WORKER] 2025/06/26 17:32:14 Numero 43 --> reducer8:9008 (range 13-51)
[WORKER] 2025/06/26 17:32:14 Numero 43 --> reducer8:9008 (range 13-51)
[WORKER] 2025/06/26 17:32:14 Numero 44 --> reducer8:9008 (range 13-51)
[WORKER] 2025/06/26 17:32:14 Numero 45 --> reducer8:9008 (range 13-51)
[WORKER] 2025/06/26 17:32:14 Numero 49 --> reducer8:9008 (range 13-51)
[WORKER] 2025/06/26 17:32:14 Invio il sotto-chunk [1] al reducer reducer5:9005 (con fallback)
[WORKER] 2025/06/26 17:32:14 Chunk inviato con successo a reducer5:9005 (primario reducer5:9005)
[WORKER] 2025/06/26 17:32:14 Invio il sotto-chunk [3 3 4 5 5 5 6 6] al reducer reducer6:9006 (con fallback)
[WORKER] 2025/06/26 17:32:15 Fallito verso reducer6:9006 (timeout connessione): dial tcp 127.0.0.2:9006: connect: connection refused
[WORKER] 2025/06/26 17:32:15 Chunk inviato con successo a reducer5:9005 (primario reducer6:9006)
[WORKER] 2025/06/26 17:32:15 Invio il sotto-chunk [8] al reducer reducer7:9007 (con fallback)
[WORKER] 2025/06/26 17:32:15 Chunk inviato con successo a reducer7:9007 (primario reducer7:9007)
[WORKER] 2025/06/26 17:32:15 Invio il sotto-chunk [23 25 25 27 36 40 41 42 42 42 43 43 44 45 49] al reducer reducer8:9008 (con fallback)
[WORKER] 2025/06/26 17:32:15 Chunk inviato con successo a reducer8:9008 (primario reducer8:9008)
