[WORKER] 2025/07/01 14:20:25 Registrazione avvenuta con successo (mapper - 7ec52930cc04:9001)
[WORKER] 2025/07/01 14:20:25 Worker in ascolto su 7ec52930cc04:9001
[WORKER] 2025/07/01 14:20:25 Mapper ha ricevuto il chunk: [34 30 16 17 4 49 30 41 17 21 33 26 1 23 4 24 47 34 36 20 46 47 35 50 33 32 12 34 38 35 32 16 15 10]
[WORKER] 2025/07/01 14:20:30 Chunk ordinato: [1 4 4 10 12 15 16 16 17 17 20 21 23 24 26 30 30 32 32 33 33 34 34 34 35 35 36 38 41 46 47 47 49 50]
[WORKER] 2025/07/01 14:20:30 Mapper ha scritto i risultati in: output/temp_7ec52930cc04.txt
[WORKER] 2025/07/01 14:20:30 Numero 1 --> a37d88f4d24b:9001 (range 1-20)
[WORKER] 2025/07/01 14:20:30 Numero 4 --> a37d88f4d24b:9001 (range 1-20)
[WORKER] 2025/07/01 14:20:30 Numero 4 --> a37d88f4d24b:9001 (range 1-20)
[WORKER] 2025/07/01 14:20:30 Numero 10 --> a37d88f4d24b:9001 (range 1-20)
[WORKER] 2025/07/01 14:20:30 Numero 12 --> a37d88f4d24b:9001 (range 1-20)
[WORKER] 2025/07/01 14:20:30 Numero 15 --> a37d88f4d24b:9001 (range 1-20)
[WORKER] 2025/07/01 14:20:30 Numero 16 --> a37d88f4d24b:9001 (range 1-20)
[WORKER] 2025/07/01 14:20:30 Numero 16 --> a37d88f4d24b:9001 (range 1-20)
[WORKER] 2025/07/01 14:20:30 Numero 17 --> a37d88f4d24b:9001 (range 1-20)
[WORKER] 2025/07/01 14:20:30 Numero 17 --> a37d88f4d24b:9001 (range 1-20)
[WORKER] 2025/07/01 14:20:30 Numero 20 --> 617b5384c891:9001 (range 20-36)
[WORKER] 2025/07/01 14:20:30 Numero 21 --> 617b5384c891:9001 (range 20-36)
[WORKER] 2025/07/01 14:20:30 Numero 23 --> 617b5384c891:9001 (range 20-36)
[WORKER] 2025/07/01 14:20:30 Numero 24 --> 617b5384c891:9001 (range 20-36)
[WORKER] 2025/07/01 14:20:30 Numero 26 --> 617b5384c891:9001 (range 20-36)
[WORKER] 2025/07/01 14:20:30 Numero 30 --> 617b5384c891:9001 (range 20-36)
[WORKER] 2025/07/01 14:20:30 Numero 30 --> 617b5384c891:9001 (range 20-36)
[WORKER] 2025/07/01 14:20:30 Numero 32 --> 617b5384c891:9001 (range 20-36)
[WORKER] 2025/07/01 14:20:30 Numero 32 --> 617b5384c891:9001 (range 20-36)
[WORKER] 2025/07/01 14:20:30 Numero 33 --> 617b5384c891:9001 (range 20-36)
[WORKER] 2025/07/01 14:20:30 Numero 33 --> 617b5384c891:9001 (range 20-36)
[WORKER] 2025/07/01 14:20:30 Numero 34 --> 617b5384c891:9001 (range 20-36)
[WORKER] 2025/07/01 14:20:30 Numero 34 --> 617b5384c891:9001 (range 20-36)
[WORKER] 2025/07/01 14:20:30 Numero 34 --> 617b5384c891:9001 (range 20-36)
[WORKER] 2025/07/01 14:20:30 Numero 35 --> 617b5384c891:9001 (range 20-36)
[WORKER] 2025/07/01 14:20:30 Numero 35 --> 617b5384c891:9001 (range 20-36)
[WORKER] 2025/07/01 14:20:30 Numero 36 --> 04796c383732:9001 (range 36-51)
[WORKER] 2025/07/01 14:20:30 Numero 38 --> 04796c383732:9001 (range 36-51)
[WORKER] 2025/07/01 14:20:30 Numero 41 --> 04796c383732:9001 (range 36-51)
[WORKER] 2025/07/01 14:20:30 Numero 46 --> 04796c383732:9001 (range 36-51)
[WORKER] 2025/07/01 14:20:30 Numero 47 --> 04796c383732:9001 (range 36-51)
[WORKER] 2025/07/01 14:20:30 Numero 47 --> 04796c383732:9001 (range 36-51)
[WORKER] 2025/07/01 14:20:30 Numero 49 --> 04796c383732:9001 (range 36-51)
[WORKER] 2025/07/01 14:20:30 Numero 50 --> 04796c383732:9001 (range 36-51)
[WORKER] 2025/07/01 14:20:30 Invio il sotto-chunk [1 4 4 10 12 15 16 16 17 17] al reducer a37d88f4d24b:9001 (con fallback)
[WORKER] 2025/07/01 14:20:30 Chunk inviato con successo a a37d88f4d24b:9001 (primario a37d88f4d24b:9001)
[WORKER] 2025/07/01 14:20:30 Invio il sotto-chunk [20 21 23 24 26 30 30 32 32 33 33 34 34 34 35 35] al reducer 617b5384c891:9001 (con fallback)
[WORKER] 2025/07/01 14:20:30 Chunk inviato con successo a 617b5384c891:9001 (primario 617b5384c891:9001)
[WORKER] 2025/07/01 14:20:30 Invio il sotto-chunk [36 38 41 46 47 47 49 50] al reducer 04796c383732:9001 (con fallback)
[WORKER] 2025/07/01 14:20:30 Chunk inviato con successo a 04796c383732:9001 (primario 04796c383732:9001)
