[WORKER] 2025/07/08 16:55:41 Registrazione avvenuta con successo (mapper - 27380ec6870e:9001)
[WORKER] 2025/07/08 16:55:41 Worker in ascolto su 27380ec6870e:9001
[WORKER] 2025/07/08 16:56:01 Mapper ha ricevuto il chunk: [29 30 18 1 26 48 5 22 13 29 18 39 20 49 39 41 11 19 22 46 43 27 36 9 42 31 1 40 24 50 26 29]
[WORKER] 2025/07/08 16:56:06 Chunk ordinato: [1 1 5 9 11 13 18 18 19 20 22 22 24 26 26 27 29 29 29 30 31 36 39 39 40 41 42 43 46 48 49 50]
[WORKER] 2025/07/08 16:56:06 Mapper ha scritto i risultati in: output/temp_27380ec6870e.txt
[WORKER] 2025/07/08 16:56:06 Numero 1 --> 52407d4fcb3b:9001 (range 1-22)
[WORKER] 2025/07/08 16:56:06 Numero 1 --> 52407d4fcb3b:9001 (range 1-22)
[WORKER] 2025/07/08 16:56:06 Numero 5 --> 52407d4fcb3b:9001 (range 1-22)
[WORKER] 2025/07/08 16:56:06 Numero 9 --> 52407d4fcb3b:9001 (range 1-22)
[WORKER] 2025/07/08 16:56:06 Numero 11 --> 52407d4fcb3b:9001 (range 1-22)
[WORKER] 2025/07/08 16:56:06 Numero 13 --> 52407d4fcb3b:9001 (range 1-22)
[WORKER] 2025/07/08 16:56:06 Numero 18 --> 52407d4fcb3b:9001 (range 1-22)
[WORKER] 2025/07/08 16:56:06 Numero 18 --> 52407d4fcb3b:9001 (range 1-22)
[WORKER] 2025/07/08 16:56:06 Numero 19 --> 52407d4fcb3b:9001 (range 1-22)
[WORKER] 2025/07/08 16:56:06 Numero 20 --> 52407d4fcb3b:9001 (range 1-22)
[WORKER] 2025/07/08 16:56:06 Numero 22 --> b9fd7b94e185:9001 (range 22-39)
[WORKER] 2025/07/08 16:56:06 Numero 22 --> b9fd7b94e185:9001 (range 22-39)
[WORKER] 2025/07/08 16:56:06 Numero 24 --> b9fd7b94e185:9001 (range 22-39)
[WORKER] 2025/07/08 16:56:06 Numero 26 --> b9fd7b94e185:9001 (range 22-39)
[WORKER] 2025/07/08 16:56:06 Numero 26 --> b9fd7b94e185:9001 (range 22-39)
[WORKER] 2025/07/08 16:56:06 Numero 27 --> b9fd7b94e185:9001 (range 22-39)
[WORKER] 2025/07/08 16:56:06 Numero 29 --> b9fd7b94e185:9001 (range 22-39)
[WORKER] 2025/07/08 16:56:06 Numero 29 --> b9fd7b94e185:9001 (range 22-39)
[WORKER] 2025/07/08 16:56:06 Numero 29 --> b9fd7b94e185:9001 (range 22-39)
[WORKER] 2025/07/08 16:56:06 Numero 30 --> b9fd7b94e185:9001 (range 22-39)
[WORKER] 2025/07/08 16:56:06 Numero 31 --> b9fd7b94e185:9001 (range 22-39)
[WORKER] 2025/07/08 16:56:06 Numero 36 --> b9fd7b94e185:9001 (range 22-39)
[WORKER] 2025/07/08 16:56:06 Numero 39 --> 1fec096e9cab:9001 (range 39-51)
[WORKER] 2025/07/08 16:56:06 Numero 39 --> 1fec096e9cab:9001 (range 39-51)
[WORKER] 2025/07/08 16:56:06 Numero 40 --> 1fec096e9cab:9001 (range 39-51)
[WORKER] 2025/07/08 16:56:06 Numero 41 --> 1fec096e9cab:9001 (range 39-51)
[WORKER] 2025/07/08 16:56:06 Numero 42 --> 1fec096e9cab:9001 (range 39-51)
[WORKER] 2025/07/08 16:56:06 Numero 43 --> 1fec096e9cab:9001 (range 39-51)
[WORKER] 2025/07/08 16:56:06 Numero 46 --> 1fec096e9cab:9001 (range 39-51)
[WORKER] 2025/07/08 16:56:06 Numero 48 --> 1fec096e9cab:9001 (range 39-51)
[WORKER] 2025/07/08 16:56:06 Numero 49 --> 1fec096e9cab:9001 (range 39-51)
[WORKER] 2025/07/08 16:56:06 Numero 50 --> 1fec096e9cab:9001 (range 39-51)
[WORKER] 2025/07/08 16:56:06 Invio il sotto-chunk [1 1 5 9 11 13 18 18 19 20] al reducer 52407d4fcb3b:9001 (con fallback)
[WORKER] 2025/07/08 16:56:06 Chunk inviato con successo a 52407d4fcb3b:9001 (primario 52407d4fcb3b:9001)
[WORKER] 2025/07/08 16:56:06 Invio il sotto-chunk [22 22 24 26 26 27 29 29 29 30 31 36] al reducer b9fd7b94e185:9001 (con fallback)
[WORKER] 2025/07/08 16:56:06 Chunk inviato con successo a b9fd7b94e185:9001 (primario b9fd7b94e185:9001)
[WORKER] 2025/07/08 16:56:06 Invio il sotto-chunk [39 39 40 41 42 43 46 48 49 50] al reducer 1fec096e9cab:9001 (con fallback)
[WORKER] 2025/07/08 16:56:06 Chunk inviato con successo a 1fec096e9cab:9001 (primario 1fec096e9cab:9001)
