[WORKER] 2025/07/08 16:55:41 Registrazione avvenuta con successo (mapper - f1c10ca695d8:9001)
[WORKER] 2025/07/08 16:55:41 Worker in ascolto su f1c10ca695d8:9001
[WORKER] 2025/07/08 16:56:01 Mapper ha ricevuto il chunk: [41 20 7 46 2 42 27 8 39 20 37 5 8 43 40 20 3 7 13 9 32 2 31 29 49 26 38 27 7 23 17 25 47 2]
[WORKER] 2025/07/08 16:56:06 Chunk ordinato: [2 2 2 3 5 7 7 7 8 8 9 13 17 20 20 20 23 25 26 27 27 29 31 32 37 38 39 40 41 42 43 46 47 49]
[WORKER] 2025/07/08 16:56:06 Mapper ha scritto i risultati in: output/temp_f1c10ca695d8.txt
[WORKER] 2025/07/08 16:56:06 Numero 2 --> 52407d4fcb3b:9001 (range 1-22)
[WORKER] 2025/07/08 16:56:06 Numero 2 --> 52407d4fcb3b:9001 (range 1-22)
[WORKER] 2025/07/08 16:56:06 Numero 2 --> 52407d4fcb3b:9001 (range 1-22)
[WORKER] 2025/07/08 16:56:06 Numero 3 --> 52407d4fcb3b:9001 (range 1-22)
[WORKER] 2025/07/08 16:56:06 Numero 5 --> 52407d4fcb3b:9001 (range 1-22)
[WORKER] 2025/07/08 16:56:06 Numero 7 --> 52407d4fcb3b:9001 (range 1-22)
[WORKER] 2025/07/08 16:56:06 Numero 7 --> 52407d4fcb3b:9001 (range 1-22)
[WORKER] 2025/07/08 16:56:06 Numero 7 --> 52407d4fcb3b:9001 (range 1-22)
[WORKER] 2025/07/08 16:56:06 Numero 8 --> 52407d4fcb3b:9001 (range 1-22)
[WORKER] 2025/07/08 16:56:06 Numero 8 --> 52407d4fcb3b:9001 (range 1-22)
[WORKER] 2025/07/08 16:56:06 Numero 9 --> 52407d4fcb3b:9001 (range 1-22)
[WORKER] 2025/07/08 16:56:06 Numero 13 --> 52407d4fcb3b:9001 (range 1-22)
[WORKER] 2025/07/08 16:56:06 Numero 17 --> 52407d4fcb3b:9001 (range 1-22)
[WORKER] 2025/07/08 16:56:06 Numero 20 --> 52407d4fcb3b:9001 (range 1-22)
[WORKER] 2025/07/08 16:56:06 Numero 20 --> 52407d4fcb3b:9001 (range 1-22)
[WORKER] 2025/07/08 16:56:06 Numero 20 --> 52407d4fcb3b:9001 (range 1-22)
[WORKER] 2025/07/08 16:56:06 Numero 23 --> b9fd7b94e185:9001 (range 22-39)
[WORKER] 2025/07/08 16:56:06 Numero 25 --> b9fd7b94e185:9001 (range 22-39)
[WORKER] 2025/07/08 16:56:06 Numero 26 --> b9fd7b94e185:9001 (range 22-39)
[WORKER] 2025/07/08 16:56:06 Numero 27 --> b9fd7b94e185:9001 (range 22-39)
[WORKER] 2025/07/08 16:56:06 Numero 27 --> b9fd7b94e185:9001 (range 22-39)
[WORKER] 2025/07/08 16:56:06 Numero 29 --> b9fd7b94e185:9001 (range 22-39)
[WORKER] 2025/07/08 16:56:06 Numero 31 --> b9fd7b94e185:9001 (range 22-39)
[WORKER] 2025/07/08 16:56:06 Numero 32 --> b9fd7b94e185:9001 (range 22-39)
[WORKER] 2025/07/08 16:56:06 Numero 37 --> b9fd7b94e185:9001 (range 22-39)
[WORKER] 2025/07/08 16:56:06 Numero 38 --> b9fd7b94e185:9001 (range 22-39)
[WORKER] 2025/07/08 16:56:06 Numero 39 --> 1fec096e9cab:9001 (range 39-51)
[WORKER] 2025/07/08 16:56:06 Numero 40 --> 1fec096e9cab:9001 (range 39-51)
[WORKER] 2025/07/08 16:56:06 Numero 41 --> 1fec096e9cab:9001 (range 39-51)
[WORKER] 2025/07/08 16:56:06 Numero 42 --> 1fec096e9cab:9001 (range 39-51)
[WORKER] 2025/07/08 16:56:06 Numero 43 --> 1fec096e9cab:9001 (range 39-51)
[WORKER] 2025/07/08 16:56:06 Numero 46 --> 1fec096e9cab:9001 (range 39-51)
[WORKER] 2025/07/08 16:56:06 Numero 47 --> 1fec096e9cab:9001 (range 39-51)
[WORKER] 2025/07/08 16:56:06 Numero 49 --> 1fec096e9cab:9001 (range 39-51)
[WORKER] 2025/07/08 16:56:06 Invio il sotto-chunk [2 2 2 3 5 7 7 7 8 8 9 13 17 20 20 20] al reducer 52407d4fcb3b:9001 (con fallback)
[WORKER] 2025/07/08 16:56:06 Chunk inviato con successo a 52407d4fcb3b:9001 (primario 52407d4fcb3b:9001)
[WORKER] 2025/07/08 16:56:06 Invio il sotto-chunk [23 25 26 27 27 29 31 32 37 38] al reducer b9fd7b94e185:9001 (con fallback)
[WORKER] 2025/07/08 16:56:06 Chunk inviato con successo a b9fd7b94e185:9001 (primario b9fd7b94e185:9001)
[WORKER] 2025/07/08 16:56:06 Invio il sotto-chunk [39 40 41 42 43 46 47 49] al reducer 1fec096e9cab:9001 (con fallback)
[WORKER] 2025/07/08 16:56:06 Chunk inviato con successo a 1fec096e9cab:9001 (primario 1fec096e9cab:9001)
