[WORKER] 2025/06/26 15:39:41 Worker in ascolto su reducer8:9008
[WORKER] 2025/06/26 15:39:46 
Reducer ha ricevuto i seguenti chunk: [28 28 29 30 33 36 41 43 43 47 50] per Owner reducer8:9008
[WORKER] 2025/06/26 15:39:46 Reducer ha scritto i risultati in: output/temp_reducer8_9008.txt
[WORKER] 2025/06/26 15:39:46 
Reducer ha ricevuto i seguenti chunk: [26 28 32 32 33 37 37 38 41 42 44 46 48] per Owner reducer8:9008
[WORKER] 2025/06/26 15:39:46 Reducer ha scritto i risultati in: output/temp_reducer8_9008.txt
[WORKER] 2025/06/26 15:39:46 
Reducer ha ricevuto i seguenti chunk: [26 28 30 30 30 30 33 33 34 35 37 39 43 44 45 46] per Owner reducer8:9008
[WORKER] 2025/06/26 15:39:46 Reducer ha scritto i risultati in: output/temp_reducer8_9008.txt
[WORKER] 2025/06/26 15:39:46 
Reducer ha ricevuto i seguenti chunk: [26 26 26 28 28 29 30 34 40 40 43 43 46 50] per Owner reducer8:9008
[WORKER] 2025/06/26 15:39:46 Reducer ha scritto i risultati in: output/temp_reducer8_9008.txt
[WORKER] 2025/06/26 15:55:13 Worker in ascolto su reducer8:9008
[WORKER] 2025/06/26 15:55:19 
Reducer ha ricevuto i seguenti chunk: [26 26 37 38 39 39 40 40 42 42 44 44 45 47 48 48] per Owner reducer8:9008
[WORKER] 2025/06/26 15:55:19 Reducer ha scritto i risultati in: output/temp_reducer8_9008.txt
[WORKER] 2025/06/26 15:55:19 
Reducer ha ricevuto i seguenti chunk: [27 32 38 39 40 41 41 45 48 49 49 49] per Owner reducer8:9008
[WORKER] 2025/06/26 15:55:19 Reducer ha scritto i risultati in: output/temp_reducer8_9008.txt
[WORKER] 2025/06/26 15:55:19 
Reducer ha ricevuto i seguenti chunk: [27 29 31 31 33 37 38 38 40 41 42 44 46] per Owner reducer8:9008
[WORKER] 2025/06/26 15:55:19 Reducer ha scritto i risultati in: output/temp_reducer8_9008.txt
[WORKER] 2025/06/26 15:55:19 
Reducer ha ricevuto i seguenti chunk: [26 27 29 32 33 34 35 36 37 39 41 42 43 49] per Owner reducer8:9008
[WORKER] 2025/06/26 15:55:19 Reducer ha scritto i risultati in: output/temp_reducer8_9008.txt
[WORKER] 2025/06/26 16:16:46 Worker in ascolto su reducer8:9008
[WORKER] 2025/06/26 16:16:51 
Reducer ha ricevuto i seguenti chunk: [30 30 33 36 39 41 41 41 45 47 48] per Owner reducer8:9008
[WORKER] 2025/06/26 16:16:51 Reducer ha scritto i risultati in: output/temp_reducer8_9008.txt
[WORKER] 2025/06/26 16:16:51 
Reducer ha ricevuto i seguenti chunk: [31 32 33 41 48 49 50] per Owner reducer8:9008
[WORKER] 2025/06/26 16:16:51 Reducer ha scritto i risultati in: output/temp_reducer8_9008.txt
[WORKER] 2025/06/26 16:16:51 
Reducer ha ricevuto i seguenti chunk: [30 31 31 32 34 35 37 38 38 42 44 44 45 45 47 48] per Owner reducer8:9008
[WORKER] 2025/06/26 16:16:51 Reducer ha scritto i risultati in: output/temp_reducer8_9008.txt
[WORKER] 2025/06/26 16:16:51 
Reducer ha ricevuto i seguenti chunk: [30 31 32 36 36 38 39 40 41 42 47 49] per Owner reducer8:9008
[WORKER] 2025/06/26 16:16:51 Reducer ha scritto i risultati in: output/temp_reducer8_9008.txt
[WORKER] 2025/06/26 16:29:08 Worker in ascolto su reducer8:9008
[WORKER] 2025/06/26 16:29:14 
Reducer ha ricevuto i seguenti chunk: [28 29 33 36 36 37 38 38 42 42 43 43 43 48] per Owner reducer8:9008
[WORKER] 2025/06/26 16:29:14 Reducer ha scritto i risultati in: output/temp_reducer8_9008.txt
[WORKER] 2025/06/26 16:29:14 
Reducer ha ricevuto i seguenti chunk: [31 32 34 35 36 38 40 41 44 44 45 45 49] per Owner reducer8:9008
[WORKER] 2025/06/26 16:29:14 Reducer ha scritto i risultati in: output/temp_reducer8_9008.txt
[WORKER] 2025/06/26 16:29:14 
Reducer ha ricevuto i seguenti chunk: [25 26 28 32 35 38 39 40 44 45 47 47 50 50] per Owner reducer8:9008
[WORKER] 2025/06/26 16:29:14 Reducer ha scritto i risultati in: output/temp_reducer8_9008.txt
[WORKER] 2025/06/26 16:29:14 
Reducer ha ricevuto i seguenti chunk: [25 27 28 29 36 36 36 38 39 42 44 49 50] per Owner reducer8:9008
[WORKER] 2025/06/26 16:29:14 Reducer ha scritto i risultati in: output/temp_reducer8_9008.txt
[WORKER] 2025/06/26 16:39:24 Worker in ascolto su reducer8:9008
[WORKER] 2025/06/26 16:40:05 Worker in ascolto su reducer8:9008
[WORKER] 2025/06/26 16:46:32 Worker in ascolto su reducer8:9008
[WORKER] 2025/06/26 16:46:37 
Reducer ha ricevuto i seguenti chunk: [40 41 41 44 45 46 46 48 50 50] per Owner reducer8:9008
[WORKER] 2025/06/26 16:46:37 Reducer ha scritto i risultati in: output/temp_reducer8_9008.txt
[WORKER] 2025/06/26 16:46:39 
Reducer ha ricevuto i seguenti chunk: [35 35 36 36 43 44 45 47] per Owner reducer8:9008
[WORKER] 2025/06/26 16:46:39 Reducer ha scritto i risultati in: output/temp_reducer8_9008.txt
[WORKER] 2025/06/26 16:46:39 
Reducer ha ricevuto i seguenti chunk: [35 35 38 40 43 45 47] per Owner reducer8:9008
[WORKER] 2025/06/26 16:46:39 Reducer ha scritto i risultati in: output/temp_reducer8_9008.txt
[WORKER] 2025/06/26 16:46:39 
Reducer ha ricevuto i seguenti chunk: [39 41 43 44 45 46] per Owner reducer8:9008
[WORKER] 2025/06/26 16:46:39 Reducer ha scritto i risultati in: output/temp_reducer8_9008.txt
[WORKER] 2025/06/26 16:48:26 Worker in ascolto su reducer8:9008
[WORKER] 2025/06/26 16:48:31 
Reducer ha ricevuto i seguenti chunk: [19 19 20 21 24 24 27 29 31 34 37 40 44 46 50 50] per Owner reducer8:9008
[WORKER] 2025/06/26 16:48:31 Reducer ha scritto i risultati in: output/temp_reducer8_9008.txt
[WORKER] 2025/06/26 16:48:31 
Reducer ha ricevuto i seguenti chunk: [18 18 20 20 21 23 23 26 30 32 36 40 40 40 41 41 41 44 44 45 48 49] per Owner reducer8:9008
[WORKER] 2025/06/26 16:48:31 Reducer ha scritto i risultati in: output/temp_reducer8_9008.txt
[WORKER] 2025/06/26 16:48:31 
Reducer ha ricevuto i seguenti chunk: [18 22 23 24 25 25 26 27 27 33 35 36 37 37 44 46 48 49] per Owner reducer8:9008
[WORKER] 2025/06/26 16:48:31 Reducer ha scritto i risultati in: output/temp_reducer8_9008.txt
[WORKER] 2025/06/26 16:57:38 Worker in ascolto su reducer8:9008
[WORKER] 2025/06/26 16:57:43 
Reducer ha ricevuto i seguenti chunk: [17 19 21 24 25 26 27 31 35 36 40 41 44 44 45 50] per Owner reducer8:9008
[WORKER] 2025/06/26 16:57:43 Reducer ha scritto i risultati in: output/temp_reducer8_9008.txt
[WORKER] 2025/06/26 16:57:43 
Reducer ha ricevuto i seguenti chunk: [22 23 25 27 27 28 30 31 34 37 41 42 44 48 48 49 49] per Owner reducer8:9008
[WORKER] 2025/06/26 16:57:43 Reducer ha scritto i risultati in: output/temp_reducer8_9008.txt
[WORKER] 2025/06/26 16:57:43 
Reducer ha ricevuto i seguenti chunk: [11 11] per Owner reducer6:9006
[WORKER] 2025/06/26 16:57:43 Reducer ha scritto i risultati in: output/temp_reducer6_9006.txt
[WORKER] 2025/06/26 16:57:43 
Reducer ha ricevuto i seguenti chunk: [17 17 25 27 27 28 30 30 35 38 42 44 47 49] per Owner reducer8:9008
[WORKER] 2025/06/26 16:57:43 Reducer ha scritto i risultati in: output/temp_reducer8_9008.txt
[WORKER] 2025/06/26 16:57:43 
Reducer ha ricevuto i seguenti chunk: [18 27 28 33 33 34 35 41 42 43 44 49 50 50] per Owner reducer8:9008
[WORKER] 2025/06/26 16:57:43 Reducer ha scritto i risultati in: output/temp_reducer8_9008.txt
[WORKER] 2025/06/26 17:06:16 Worker in ascolto su reducer8:9008
[WORKER] 2025/06/26 17:06:23 
Reducer ha ricevuto i seguenti chunk: [27 27 31 32 32 33 34 35 35 40 41 43 45 45 50] per Owner reducer8:9008
[WORKER] 2025/06/26 17:06:23 Reducer ha scritto i risultati in: output/temp_reducer8_9008.txt
[WORKER] 2025/06/26 17:06:23 
Reducer ha ricevuto i seguenti chunk: [7 9 10 10 13 16] per Owner reducer6:9006
[WORKER] 2025/06/26 17:06:23 Reducer ha scritto i risultati in: output/temp_reducer6_9006.txt
[WORKER] 2025/06/26 17:06:23 
Reducer ha ricevuto i seguenti chunk: [29 30 30 30 31 31 33 37 39 42 46 47 47 49] per Owner reducer8:9008
[WORKER] 2025/06/26 17:06:23 Reducer ha scritto i risultati in: output/temp_reducer8_9008.txt
[WORKER] 2025/06/26 17:06:23 
Reducer ha ricevuto i seguenti chunk: [27 27 28 33 33 33 36 38 42 47 48 49] per Owner reducer8:9008
[WORKER] 2025/06/26 17:06:23 Reducer ha scritto i risultati in: output/temp_reducer8_9008.txt
[WORKER] 2025/06/26 17:06:23 
Reducer ha ricevuto i seguenti chunk: [27 28 30 32 35 35 39 39 40 40 41 42 43 44 47 50] per Owner reducer8:9008
[WORKER] 2025/06/26 17:06:23 Reducer ha scritto i risultati in: output/temp_reducer8_9008.txt
[WORKER] 2025/06/26 17:08:59 Worker in ascolto su reducer8:9008
[WORKER] 2025/06/26 17:09:05 
Reducer ha ricevuto i seguenti chunk: [28 29 30 31 31 32 34 34 38 38 38 43 47 48 48 49 50] per Owner reducer8:9008
[WORKER] 2025/06/26 17:09:05 Reducer ha scritto i risultati in: output/temp_reducer8_9008.txt
[WORKER] 2025/06/26 17:09:05 
Reducer ha ricevuto i seguenti chunk: [22 27 29 30 34 36 37 39 41 43 45 47 49 49 49] per Owner reducer8:9008
[WORKER] 2025/06/26 17:09:05 Reducer ha scritto i risultati in: output/temp_reducer8_9008.txt
[WORKER] 2025/06/26 17:09:05 
Reducer ha ricevuto i seguenti chunk: [22 23 24 26 27 30 34 36 40 42 46 47 50] per Owner reducer8:9008
[WORKER] 2025/06/26 17:09:05 Reducer ha scritto i risultati in: output/temp_reducer8_9008.txt
[WORKER] 2025/06/26 17:09:05 
Reducer ha ricevuto i seguenti chunk: [22 23 26 27 32 33 34 41 47] per Owner reducer8:9008
[WORKER] 2025/06/26 17:09:05 Reducer ha scritto i risultati in: output/temp_reducer8_9008.txt
[WORKER] 2025/06/26 17:10:04 Worker in ascolto su reducer8:9008
[WORKER] 2025/06/26 17:10:10 
Reducer ha ricevuto i seguenti chunk: [23 23 24 24 25 28 29 29 30 34 39 39 48 49 50] per Owner reducer8:9008
[WORKER] 2025/06/26 17:10:10 Reducer ha scritto i risultati in: output/temp_reducer8_9008.txt
[WORKER] 2025/06/26 17:10:10 
Reducer ha ricevuto i seguenti chunk: [23 23 30 32 35 35 35 38 39 40 43 45 46 46 49 49] per Owner reducer8:9008
[WORKER] 2025/06/26 17:10:10 Reducer ha scritto i risultati in: output/temp_reducer8_9008.txt
[WORKER] 2025/06/26 17:10:10 
Reducer ha ricevuto i seguenti chunk: [9] per Owner reducer6:9006
[WORKER] 2025/06/26 17:10:10 Reducer ha scritto i risultati in: output/temp_reducer6_9006.txt
[WORKER] 2025/06/26 17:10:10 
Reducer ha ricevuto i seguenti chunk: [24 25 26 28 29 29 30 34 35 35 35 36 37 38 39 40 40 41 41 41] per Owner reducer8:9008
[WORKER] 2025/06/26 17:10:10 Reducer ha scritto i risultati in: output/temp_reducer8_9008.txt
[WORKER] 2025/06/26 17:10:10 
Reducer ha ricevuto i seguenti chunk: [23 27 27 28 30 30 32 39 43 45 45 45 47 48] per Owner reducer8:9008
[WORKER] 2025/06/26 17:10:10 Reducer ha scritto i risultati in: output/temp_reducer8_9008.txt
[WORKER] 2025/06/26 17:11:48 Worker in ascolto su reducer8:9008
[WORKER] 2025/06/26 17:11:54 
Reducer ha ricevuto i seguenti chunk: [21 22 29 29 32 33 34 35 35 37 43 48 49] per Owner reducer8:9008
[WORKER] 2025/06/26 17:11:54 Reducer ha scritto i risultati in: output/temp_reducer8_9008.txt
[WORKER] 2025/06/26 17:11:54 
Reducer ha ricevuto i seguenti chunk: [21 25 25 26 30 31 31 32 34 37 41 42 47 47 48 48 50] per Owner reducer8:9008
[WORKER] 2025/06/26 17:11:54 Reducer ha scritto i risultati in: output/temp_reducer8_9008.txt
[WORKER] 2025/06/26 17:11:54 
Reducer ha ricevuto i seguenti chunk: [21 22 23 24 25 26 26 32 35 37 37 41 45] per Owner reducer8:9008
[WORKER] 2025/06/26 17:11:54 Reducer ha scritto i risultati in: output/temp_reducer8_9008.txt
[WORKER] 2025/06/26 17:22:31 Worker in ascolto su reducer8:9008
[WORKER] 2025/06/26 17:22:39 
Reducer ha ricevuto i seguenti chunk: [17 17 21 24 27 28 33 33 33 33 35 38 41 42 42 44] per Owner reducer8:9008
[WORKER] 2025/06/26 17:22:39 Reducer ha scritto i risultati in: output/temp_reducer8_9008.txt
[WORKER] 2025/06/26 17:22:39 
Reducer ha ricevuto i seguenti chunk: [18 19 24 28 29 30 37 37 39 40 41 42 43 44 45 46 48 48 50] per Owner reducer8:9008
[WORKER] 2025/06/26 17:22:39 Reducer ha scritto i risultati in: output/temp_reducer8_9008.txt
[WORKER] 2025/06/26 17:22:39 
Reducer ha ricevuto i seguenti chunk: [18 19 21 23 23 27 27 30 32 33 34 36 37 38 42 42 43 49 50] per Owner reducer8:9008
[WORKER] 2025/06/26 17:22:39 Reducer ha scritto i risultati in: output/temp_reducer8_9008.txt
[WORKER] 2025/06/26 17:22:39 
Reducer ha ricevuto i seguenti chunk: [18 18 22 22 23 26 26 26 27 31 37 43 44 44 50] per Owner reducer8:9008
[WORKER] 2025/06/26 17:22:39 Reducer ha scritto i risultati in: output/temp_reducer8_9008.txt
[WORKER] 2025/06/26 17:24:02 Worker in ascolto su reducer8:9008
[WORKER] 2025/06/26 17:24:10 
Reducer ha ricevuto i seguenti chunk: [12 12 13 16 19 20 34 37 37 39 41 41 43 46 47 49 49] per Owner reducer8:9008
[WORKER] 2025/06/26 17:24:10 Reducer ha scritto i risultati in: output/temp_reducer8_9008.txt
[WORKER] 2025/06/26 17:24:10 
Reducer ha ricevuto i seguenti chunk: [13 13 14 15 18 20 23 26 28 30 31 32 33 34 38 38 39 40 43 46 46] per Owner reducer8:9008
[WORKER] 2025/06/26 17:24:10 Reducer ha scritto i risultati in: output/temp_reducer8_9008.txt
[WORKER] 2025/06/26 17:24:10 
Reducer ha ricevuto i seguenti chunk: [12 17 18 19 21 21 25 25 28 29 30 31 31 31 34 43 46 48 49 49 50] per Owner reducer8:9008
[WORKER] 2025/06/26 17:24:10 Reducer ha scritto i risultati in: output/temp_reducer8_9008.txt
[WORKER] 2025/06/26 17:24:10 
Reducer ha ricevuto i seguenti chunk: [12 12 16 24 25 25 32 32 36 37 41 42 43 45 46 48 49] per Owner reducer8:9008
[WORKER] 2025/06/26 17:24:10 Reducer ha scritto i risultati in: output/temp_reducer8_9008.txt
[WORKER] 2025/06/26 17:30:38 Worker in ascolto su reducer8:9008
[WORKER] 2025/06/26 17:30:44 
Reducer ha ricevuto i seguenti chunk: [28 28 29 31 31 32 35 36 38 39 41 41 46 48] per Owner reducer8:9008
[WORKER] 2025/06/26 17:30:44 Reducer ha scritto i risultati in: output/temp_reducer8_9008.txt
[WORKER] 2025/06/26 17:30:44 
Reducer ha ricevuto i seguenti chunk: [27 29 30 32 33 33 35 36 40 41 42 43 45 47 48] per Owner reducer8:9008
[WORKER] 2025/06/26 17:30:44 Reducer ha scritto i risultati in: output/temp_reducer8_9008.txt
[WORKER] 2025/06/26 17:30:44 
Reducer ha ricevuto i seguenti chunk: [29 30 32 34 34 35 35 38 40 42 43 45 46 50] per Owner reducer8:9008
[WORKER] 2025/06/26 17:30:44 Reducer ha scritto i risultati in: output/temp_reducer8_9008.txt
[WORKER] 2025/06/26 17:30:44 
Reducer ha ricevuto i seguenti chunk: [25 26 29 30 34 34 40 40 42 43 46 48] per Owner reducer8:9008
[WORKER] 2025/06/26 17:30:44 Reducer ha scritto i risultati in: output/temp_reducer8_9008.txt
[WORKER] 2025/06/26 17:32:09 Worker in ascolto su reducer8:9008
[WORKER] 2025/06/26 17:32:14 
Reducer ha ricevuto i seguenti chunk: [15 21 21 23 23 23 23 24 24 25 30 32 33 33 40 41 42 42 45] per Owner reducer8:9008
[WORKER] 2025/06/26 17:32:14 Reducer ha scritto i risultati in: output/temp_reducer8_9008.txt
[WORKER] 2025/06/26 17:32:15 
Reducer ha ricevuto i seguenti chunk: [13 16 16 19 19 20 20 26 26 27 31 34 34 36 40 41 43 45 46 50] per Owner reducer8:9008
[WORKER] 2025/06/26 17:32:15 Reducer ha scritto i risultati in: output/temp_reducer8_9008.txt
[WORKER] 2025/06/26 17:32:15 
Reducer ha ricevuto i seguenti chunk: [23 25 25 27 36 40 41 42 42 42 43 43 44 45 49] per Owner reducer8:9008
[WORKER] 2025/06/26 17:32:15 Reducer ha scritto i risultati in: output/temp_reducer8_9008.txt
[WORKER] 2025/06/26 17:32:15 
Reducer ha ricevuto i seguenti chunk: [13 15 20 24 28 29 30 33 33 35 35 35 36 38 38 41 44 44 48] per Owner reducer8:9008
[WORKER] 2025/06/26 17:32:15 Reducer ha scritto i risultati in: output/temp_reducer8_9008.txt
